#
# There is insufficient memory for the Java Runtime Environment to continue.
# Native memory allocation (mmap) failed to map 266338304 bytes for G1 virtual space
# Possible reasons:
#   The system is out of physical RAM or swap space
#   The process is running with CompressedOops enabled, and the Java Heap may be blocking the growth of the native heap
# Possible solutions:
#   Reduce memory load on the system
#   Increase physical memory or swap space
#   Check if swap backing store is full
#   Decrease Java heap size (-Xmx/-Xms)
#   Decrease number of Java threads
#   Decrease Java thread stack sizes (-Xss)
#   Set larger code cache with -XX:ReservedCodeCacheSize=
#   JVM is running with Zero Based Compressed Oops mode in which the Java heap is
#     placed in the first 32GB address space. The Java Heap base address is the
#     maximum limit for the native heap growth. Please use -XX:HeapBaseMinAddress
#     to set the Java Heap base and to place the Java Heap above 32GB virtual address.
# This output file may be truncated or incomplete.
#
#  Out of Memory Error (os_windows.cpp:3548), pid=24400, tid=26868
#
# JRE version:  (17.0.12+8) (build )
# Java VM: Java HotSpot(TM) 64-Bit Server VM (17.0.12+8-LTS-jvmci-23.0-b41, mixed mode, sharing, tiered, jvmci, jvmci compiler, compressed oops, compressed class ptrs, g1 gc, windows-amd64)
# No core dump will be written. Minidumps are not enabled by default on client versions of Windows
#

---------------  S U M M A R Y ------------

Command Line: -XX:ThreadPriorityPolicy=1 -XX:+UnlockExperimentalVMOptions -XX:+EnableJVMCIProduct -XX:-UnlockExperimentalVMOptions -Dfile.encoding=UTF-8 -Duser.country=IN -Duser.language=en -Duser.variant com.ecommerce.api_gateway_service.ApiGatewayServiceApplication

Host: AMD Ryzen 7 7435HS                             , 16 cores, 15G,  Windows 11 , 64 bit Build 26100 (10.0.26100.7309)
Time: Tue Dec 23 20:56:54 2025 India Standard Time elapsed time: 1.123065 seconds (0d 0h 0m 1s)

---------------  T H R E A D  ---------------

Current thread (0x000001dbf7b1a6a0):  JavaThread "Unknown thread" [_thread_in_vm, id=26868, stack(0x0000002252d00000,0x0000002252e00000)]

Stack: [0x0000002252d00000,0x0000002252e00000]
Native frames: (J=compiled Java code, j=interpreted, Vv=VM code, C=native code)
V  [jvm.dll+0x66f82a]
V  [jvm.dll+0x7cf82e]
V  [jvm.dll+0x7d11b3]
V  [jvm.dll+0x7d1873]
V  [jvm.dll+0x24541f]
V  [jvm.dll+0x66c869]
V  [jvm.dll+0x661512]
V  [jvm.dll+0x302576]
V  [jvm.dll+0x309b16]
V  [jvm.dll+0x35a2fe]
V  [jvm.dll+0x35a52f]
V  [jvm.dll+0x2d9648]
V  [jvm.dll+0x2da5b4]
V  [jvm.dll+0x7a22a1]
V  [jvm.dll+0x367b61]
V  [jvm.dll+0x7811c9]
V  [jvm.dll+0x3ece0f]
V  [jvm.dll+0x3eea41]
C  [jli.dll+0x5297]
C  [ucrtbase.dll+0x37b0]
C  [KERNEL32.DLL+0x2e8d7]
C  [ntdll.dll+0x8c53c]


---------------  P R O C E S S  ---------------

Threads class SMR info:
_java_thread_list=0x00007ff8d7f0ead8, length=0, elements={
}

Java Threads: ( => current thread )

Other Threads:
  0x000001dbf7b890f0 GCTaskThread "GC Thread#0" [stack: 0x0000002252e00000,0x0000002252f00000] [id=34768]
  0x000001dbf7b9a6f0 ConcurrentGCThread "G1 Main Marker" [stack: 0x0000002252f00000,0x0000002253000000] [id=15896]
  0x000001dbf7b9db30 ConcurrentGCThread "G1 Conc#0" [stack: 0x0000002253000000,0x0000002253100000] [id=26336]

[error occurred during error reporting (printing all threads), id 0xc0000005, EXCEPTION_ACCESS_VIOLATION (0xc0000005) at pc=0x00007ff8d774a137]

VM state: not at safepoint (not fully initialized)

VM Mutex/Monitor currently owned by a thread:  ([mutex/lock_event])
[0x000001dbf7b15370] Heap_lock - owner thread: 0x000001dbf7b1a6a0

Heap address: 0x0000000702c00000, size: 4052 MB, Compressed Oops mode: Zero based, Oop shift amount: 3

CDS archive(s) mapped at: [0x0000000000000000-0x0000000000000000-0x0000000000000000), size 0, SharedBaseAddress: 0x0000000800000000, ArchiveRelocationMode: 1.
Narrow klass base: 0x0000000000000000, Narrow klass shift: 0, Narrow klass range: 0x0

GC Precious Log:
<Empty>

Heap:
 garbage-first heap   total 0K, used 0K [0x0000000702c00000, 0x0000000800000000)
  region size 2048K, 0 young (0K), 0 survivors (0K)

[error occurred during error reporting (printing heap information), id 0xc0000005, EXCEPTION_ACCESS_VIOLATION (0xc0000005) at pc=0x00007ff8d7b29079]

GC Heap History (0 events):
No events

Deoptimization events (0 events):
No events

Classes unloaded (0 events):
No events

Classes redefined (0 events):
No events

Internal exceptions (0 events):
No events

VM Operations (0 events):
No events

Events (1 events):
Event: 0.007 Loaded shared library C:\Users\Sanjay\.jdks\graalvm-jdk-17.0.12\bin\java.dll


Dynamic libraries:
0x00007ff701e30000 - 0x00007ff701e40000 	C:\Users\Sanjay\.jdks\graalvm-jdk-17.0.12\bin\java.exe
0x00007ff944560000 - 0x00007ff9447c7000 	C:\Windows\SYSTEM32\ntdll.dll
0x00007ff943160000 - 0x00007ff943229000 	C:\Windows\System32\KERNEL32.DLL
0x00007ff941970000 - 0x00007ff941d5f000 	C:\Windows\System32\KERNELBASE.dll
0x00007ff941f10000 - 0x00007ff94205b000 	C:\Windows\System32\ucrtbase.dll
0x00007ff928bd0000 - 0x00007ff928be9000 	C:\Users\Sanjay\.jdks\graalvm-jdk-17.0.12\bin\jli.dll
0x00007ff92dec0000 - 0x00007ff92dedb000 	C:\Users\Sanjay\.jdks\graalvm-jdk-17.0.12\bin\VCRUNTIME140.dll
0x00007ff9430a0000 - 0x00007ff943154000 	C:\Windows\System32\ADVAPI32.dll
0x00007ff943230000 - 0x00007ff9432d9000 	C:\Windows\System32\msvcrt.dll
0x00007ff943b40000 - 0x00007ff943be6000 	C:\Windows\System32\sechost.dll
0x00007ff942cb0000 - 0x00007ff942dc8000 	C:\Windows\System32\RPCRT4.dll
0x00007ff942dd0000 - 0x00007ff942f95000 	C:\Windows\System32\USER32.dll
0x00007ff928130000 - 0x00007ff9283c3000 	C:\Windows\WinSxS\amd64_microsoft.windows.common-controls_6595b64144ccf1df_6.0.26100.7309_none_3e05feeae336a044\COMCTL32.dll
0x00007ff941d70000 - 0x00007ff941d97000 	C:\Windows\System32\win32u.dll
0x00007ff942490000 - 0x00007ff9424bb000 	C:\Windows\System32\GDI32.dll
0x00007ff9421d0000 - 0x00007ff9422fc000 	C:\Windows\System32\gdi32full.dll
0x00007ff941da0000 - 0x00007ff941e43000 	C:\Windows\System32\msvcp_win.dll
0x00007ff93aad0000 - 0x00007ff93aadb000 	C:\Windows\SYSTEM32\VERSION.dll
0x00007ff943b00000 - 0x00007ff943b31000 	C:\Windows\System32\IMM32.DLL
0x00007ff9283f0000 - 0x00007ff9283fc000 	C:\Users\Sanjay\.jdks\graalvm-jdk-17.0.12\bin\vcruntime140_1.dll
0x00007ff922b80000 - 0x00007ff922c0e000 	C:\Users\Sanjay\.jdks\graalvm-jdk-17.0.12\bin\msvcp140.dll
0x00007ff8d7460000 - 0x00007ff8d8037000 	C:\Users\Sanjay\.jdks\graalvm-jdk-17.0.12\bin\server\jvm.dll
0x00007ff9425e0000 - 0x00007ff9425e8000 	C:\Windows\System32\PSAPI.DLL
0x00007ff92d9d0000 - 0x00007ff92d9da000 	C:\Windows\SYSTEM32\WSOCK32.dll
0x00007ff9302c0000 - 0x00007ff9302f5000 	C:\Windows\SYSTEM32\WINMM.dll
0x00007ff942300000 - 0x00007ff942374000 	C:\Windows\System32\WS2_32.dll
0x00007ff940460000 - 0x00007ff94047b000 	C:\Windows\SYSTEM32\kernel.appcore.dll
0x00007ff9283e0000 - 0x00007ff9283ea000 	C:\Users\Sanjay\.jdks\graalvm-jdk-17.0.12\bin\jimage.dll
0x00007ff92b570000 - 0x00007ff92b7b2000 	C:\Windows\SYSTEM32\DBGHELP.DLL
0x00007ff9432e0000 - 0x00007ff943665000 	C:\Windows\System32\combase.dll
0x00007ff9424d0000 - 0x00007ff9425a6000 	C:\Windows\System32\OLEAUT32.dll
0x00007ff917480000 - 0x00007ff9174bc000 	C:\Windows\SYSTEM32\dbgcore.DLL
0x00007ff941830000 - 0x00007ff9418d5000 	C:\Windows\System32\bcryptPrimitives.dll
0x00007ff922b50000 - 0x00007ff922b75000 	C:\Users\Sanjay\.jdks\graalvm-jdk-17.0.12\bin\java.dll

dbghelp: loaded successfully - version: 4.0.5 - missing functions: none
symbol engine: initialized successfully - sym options: 0x614 - pdb path: .;C:\Users\Sanjay\.jdks\graalvm-jdk-17.0.12\bin;C:\Windows\SYSTEM32;C:\Windows\WinSxS\amd64_microsoft.windows.common-controls_6595b64144ccf1df_6.0.26100.7309_none_3e05feeae336a044;C:\Users\Sanjay\.jdks\graalvm-jdk-17.0.12\bin\server

VM Arguments:
jvm_args: -XX:ThreadPriorityPolicy=1 -XX:+UnlockExperimentalVMOptions -XX:+EnableJVMCIProduct -XX:-UnlockExperimentalVMOptions -Dfile.encoding=UTF-8 -Duser.country=IN -Duser.language=en -Duser.variant 
java_command: com.ecommerce.api_gateway_service.ApiGatewayServiceApplication
java_class_path (initial): S:\E-Com Project\api-gateway-service\build\classes\java\main;S:\E-Com Project\api-gateway-service\build\resources\main;C:\Users\Sanjay\.gradle\caches\modules-2\files-2.1\org.springframework.cloud\spring-cloud-starter-gateway\4.2.1\89cf7f4ffa6cba01cea82778db1149501db9c1c\spring-cloud-starter-gateway-4.2.1.jar;C:\Users\Sanjay\.gradle\caches\modules-2\files-2.1\org.springframework.boot\spring-boot-starter-webflux\3.4.1\9d5a081abed454d604c2bbf2ba603f74882e1443\spring-boot-starter-webflux-3.4.1.jar;C:\Users\Sanjay\.gradle\caches\modules-2\files-2.1\org.springframework.cloud\spring-cloud-starter-netflix-eureka-client\4.2.1\b5092d360b53005ac13a94e663dfe7604b5b6df8\spring-cloud-starter-netflix-eureka-client-4.2.1.jar;C:\Users\Sanjay\.gradle\caches\modules-2\files-2.1\org.springframework.cloud\spring-cloud-starter-loadbalancer\4.2.1\e371c3a181687c3adfc665e156b3790a585cd011\spring-cloud-starter-loadbalancer-4.2.1.jar;C:\Users\Sanjay\.gradle\caches\modules-2\files-2.1\org.springframework.cloud\spring-cloud-starter\4.2.1\9a4fe0a24dbe02fb31c404dea8b3b85fdd07220f\spring-cloud-starter-4.2.1.jar;C:\Users\Sanjay\.gradle\caches\modules-2\files-2.1\org.springframework.cloud\spring-cloud-gateway-server\4.2.1\d00758ece09f18cc69c417609ea4dffb13cfb06d\spring-cloud-gateway-server-4.2.1.jar;C:\Users\Sanjay\.gradle\caches\modules-2\files-2.1\org.springframework.boot\spring-boot-starter-json\3.4.1\c1d084f65d8d9f2de9daccab47c4f452fb0464de\spring-boot-starter-json-3.4.1.jar;C:\Users\Sanjay\.gradle\caches\modules-2\files-2.1\org.springframework.boot\spring-boot-starter-validation\3.4.1\7b9baa79c886e362dc14764fc3b0983b607be1f5\spring-boot-starter-validation-3.4.1.jar;C:\Users\Sanjay\.gradle\caches\modules-2\files-2.1\org.springframework.boot\spring-boot-starter-cache\3.4.1\d3e0a357c187de005f3d30f2a43dd6d884a77196\spring-boot-starter-cache-3.4.1.jar;C:\Users\Sanjay\.gradle\caches\modules-2\files-2.1\org.springframework.boot\spring-boot-starter\3.4.1\2c97b6fdc451ea69cd0
Launcher Type: SUN_STANDARD

[Global flags]
     intx CICompilerCount                          = 12                                        {product} {ergonomic}
     uint ConcGCThreads                            = 3                                         {product} {ergonomic}
     bool EnableJVMCIProduct                       = true                                {JVMCI product} {jimage}
     uint G1ConcRefinementThreads                  = 13                                        {product} {ergonomic}
   size_t G1HeapRegionSize                         = 2097152                                   {product} {ergonomic}
    uintx GCDrainStackTargetSize                   = 64                                        {product} {ergonomic}
   size_t InitialHeapSize                          = 266338304                                 {product} {ergonomic}
   size_t MarkStackSize                            = 4194304                                   {product} {ergonomic}
   size_t MaxHeapSize                              = 4248829952                                {product} {ergonomic}
   size_t MinHeapDeltaBytes                        = 2097152                                   {product} {ergonomic}
   size_t MinHeapSize                              = 8388608                                   {product} {ergonomic}
    uintx NonNMethodCodeHeapSize                   = 10453100                               {pd product} {ergonomic}
    uintx NonProfiledCodeHeapSize                  = 120602570                              {pd product} {ergonomic}
    uintx ProfiledCodeHeapSize                     = 120602570                              {pd product} {ergonomic}
    uintx ReservedCodeCacheSize                    = 251658240                              {pd product} {ergonomic}
     bool SegmentedCodeCache                       = true                                      {product} {ergonomic}
   size_t SoftMaxHeapSize                          = 4248829952                             {manageable} {ergonomic}
     intx ThreadPriorityPolicy                     = 1                                         {product} {jimage}
     bool UseCompressedClassPointers               = true                           {product lp64_product} {ergonomic}
     bool UseCompressedOops                        = true                           {product lp64_product} {ergonomic}
     bool UseG1GC                                  = true                                      {product} {ergonomic}
     bool UseLargePagesIndividualAllocation        = false                                  {pd product} {ergonomic}

Logging:
Log output configuration:
 #0: stdout all=warning uptime,level,tags
 #1: stderr all=off uptime,level,tags

Environment Variables:
PATH=C:\Program Files\Common Files\Oracle\Java\javapath;C:\Windows\system32;C:\Windows;C:\Windows\System32\Wbem;C:\Windows\System32\WindowsPowerShell\v1.0\;C:\Windows\System32\OpenSSH\;C:\Program Files (x86)\NVIDIA Corporation\PhysX\Common;C:\Program Files\NVIDIA Corporation\NVIDIA NvDLISR;C:\Program Files\dotnet\;C:\Program Files\Java\jdk-24\bin;C:\Program Files\Git\cmd;C:\Users\Sanjay\AppData\Local\Microsoft\WindowsApps;C:\Users\Sanjay\AppData\Local\Programs\Microsoft VS Code\bin
USERNAME=Sanjay
OS=Windows_NT
PROCESSOR_IDENTIFIER=AMD64 Family 25 Model 68 Stepping 1, AuthenticAMD



---------------  S Y S T E M  ---------------

OS:
 Windows 11 , 64 bit Build 26100 (10.0.26100.7309)
OS uptime: 6 days 0:43 hours
Hyper-V role detected

CPU: total 16 (initial active 16) (16 cores per cpu, 2 threads per core) family 25 model 68 stepping 1 microcode 0xa404107, cx8, cmov, fxsr, ht, mmx, 3dnowpref, sse, sse2, sse3, ssse3, sse4a, sse4.1, sse4.2, popcnt, lzcnt, tsc, tscinvbit, avx, avx2, aes, erms, clmul, bmi1, bmi2, adx, sha, fma, vzeroupper, clflush, clflushopt, hv

Memory: 4k page, system-wide physical 16202M (2313M free)
TotalPageFile size 35402M (AvailPageFile size 20M)
current process WorkingSet (physical memory assigned to process): 12M, peak: 12M
current process commit charge ("private bytes"): 71M, peak: 325M

vm_info: Java HotSpot(TM) 64-Bit Server VM (17.0.12+8-LTS-jvmci-23.0-b41) for windows-amd64 JRE (17.0.12+8-LTS-jvmci-23.0-b41), built on Jun 11 2024 06:13:34 by "" with MS VC++ 17.6 (VS2022)

END.
