#
# There is insufficient memory for the Java Runtime Environment to continue.
# Native memory allocation (malloc) failed to allocate 3158296 bytes. Error detail: Chunk::new
# Possible reasons:
#   The system is out of physical RAM or swap space
#   This process is running with CompressedOops enabled, and the Java Heap may be blocking the growth of the native heap
# Possible solutions:
#   Reduce memory load on the system
#   Increase physical memory or swap space
#   Check if swap backing store is full
#   Decrease Java heap size (-Xmx/-Xms)
#   Decrease number of Java threads
#   Decrease Java thread stack sizes (-Xss)
#   Set larger code cache with -XX:ReservedCodeCacheSize=
#   JVM is running with Unscaled Compressed Oops mode in which the Java heap is
#     placed in the first 4GB address space. The Java Heap base address is the
#     maximum limit for the native heap growth. Please use -XX:HeapBaseMinAddress
#     to set the Java Heap base and to place the Java Heap above 4GB virtual address.
# This output file may be truncated or incomplete.
#
#  Out of Memory Error (arena.cpp:186), pid=28292, tid=2992
#
# JRE version: Java(TM) SE Runtime Environment (25.0+37) (build 25+37-LTS-3491)
# Java VM: Java HotSpot(TM) 64-Bit Server VM (25+37-LTS-3491, mixed mode, sharing, tiered, compressed oops, compressed class ptrs, g1 gc, windows-amd64)
# No core dump will be written. Minidumps are not enabled by default on client versions of Windows
#

---------------  S U M M A R Y ------------

Command Line: --add-opens=java.base/java.lang=ALL-UNNAMED --add-opens=java.base/java.lang.invoke=ALL-UNNAMED --add-opens=java.base/java.util=ALL-UNNAMED --add-opens=java.prefs/java.util.prefs=ALL-UNNAMED --add-exports=jdk.compiler/com.sun.tools.javac.api=ALL-UNNAMED --add-exports=jdk.compiler/com.sun.tools.javac.util=ALL-UNNAMED --add-opens=java.base/java.util=ALL-UNNAMED --add-opens=java.prefs/java.util.prefs=ALL-UNNAMED --add-opens=java.base/java.nio.charset=ALL-UNNAMED --add-opens=java.base/java.net=ALL-UNNAMED --add-opens=java.base/java.util.concurrent=ALL-UNNAMED --add-opens=java.base/java.util.concurrent.atomic=ALL-UNNAMED --add-opens=java.xml/javax.xml.namespace=ALL-UNNAMED --add-opens=java.base/java.time=ALL-UNNAMED --enable-native-access=ALL-UNNAMED -XX:MaxMetaspaceSize=384m -XX:+HeapDumpOnOutOfMemoryError -Xms256m -Xmx512m -Dfile.encoding=UTF-8 -Duser.country=IN -Duser.language=en -Duser.variant -javaagent:C:\Users\Sanjay\.gradle\wrapper\dists\gradle-9.2.1-bin\2t0n5ozlw9xmuyvbp7dnzaxug\gradle-9.2.1\lib\agents\gradle-instrumentation-agent-9.2.1.jar org.gradle.launcher.daemon.bootstrap.GradleDaemon 9.2.1

Host: AMD Ryzen 7 7435HS                             , 16 cores, 15G,  Windows 11 , 64 bit Build 26100 (10.0.26100.7309)
Time: Tue Dec 23 20:56:14 2025 India Standard Time elapsed time: 2.565199 seconds (0d 0h 0m 2s)

---------------  T H R E A D  ---------------

Current thread (0x000001804fe0b3e0):  JavaThread "C2 CompilerThread0" daemon [_thread_in_native, id=2992, stack(0x0000007bb7e00000,0x0000007bb7f00000) (1024K)]


Current CompileTask:
C2:2565 3336       4       java.lang.invoke.InvokerBytecodeGenerator::emitImplicitConversion (166 bytes)

Stack: [0x0000007bb7e00000,0x0000007bb7f00000]
Native frames: (J=compiled Java code, j=interpreted, Vv=VM code, C=native code)
V  [jvm.dll+0x7a6a39]  (no source info available)
V  [jvm.dll+0x7727ed]  (no source info available)
V  [jvm.dll+0x965f33]  (no source info available)
V  [jvm.dll+0x968531]  (no source info available)
V  [jvm.dll+0x968c33]  (no source info available)
V  [jvm.dll+0x2fc756]  (no source info available)
V  [jvm.dll+0x111b26]  (no source info available)
V  [jvm.dll+0x111e4e]  (no source info available)
V  [jvm.dll+0x1a0a22]  (no source info available)
V  [jvm.dll+0x3b53c2]  (no source info available)
V  [jvm.dll+0x7ac3cf]  (no source info available)
V  [jvm.dll+0x2c0ac7]  (no source info available)
V  [jvm.dll+0x2bfa8f]  (no source info available)
V  [jvm.dll+0x237b60]  (no source info available)
V  [jvm.dll+0x2cfb56]  (no source info available)
V  [jvm.dll+0x2cddd5]  (no source info available)
V  [jvm.dll+0x48e671]  (no source info available)
V  [jvm.dll+0x90681d]  (no source info available)
V  [jvm.dll+0x7a5015]  (no source info available)
C  [ucrtbase.dll+0x37b0]  (no source info available)
C  [KERNEL32.DLL+0x2e8d7]  (no source info available)
C  [ntdll.dll+0x8c53c]  (no source info available)

Lock stack of current Java thread (top to bottom):


---------------  P R O C E S S  ---------------

Threads class SMR info:
_java_thread_list=0x00000180566daaf0, length=29, elements={
0x000001803428cb50, 0x000001804fdf8720, 0x000001804fdf8ee0, 0x000001804fdfb910,
0x000001804fdfcb50, 0x000001804fdfd840, 0x000001804fdfe680, 0x000001804fe0b3e0,
0x000001804fe13160, 0x00000180540388e0, 0x000001805403a920, 0x00000180541ad790,
0x000001805423aef0, 0x00000180540390f0, 0x000001805403e190, 0x0000018055bb8420,
0x000001805403c960, 0x0000018055fcc5d0, 0x0000018055ff3230, 0x0000018055cbb460,
0x0000018055ccc880, 0x0000018055237fc0, 0x0000018055234910, 0x0000018055239730,
0x0000018055238f60, 0x000001804fe08170, 0x0000018055e43970, 0x0000018055e44910,
0x0000018055e46080
}

Java Threads: ( => current thread )
  0x000001803428cb50 JavaThread "main"                              [_thread_blocked, id=1812, stack(0x0000007bb7000000,0x0000007bb7100000) (1024K)]
  0x000001804fdf8720 JavaThread "Reference Handler"          daemon [_thread_blocked, id=31368, stack(0x0000007bb7800000,0x0000007bb7900000) (1024K)]
  0x000001804fdf8ee0 JavaThread "Finalizer"                  daemon [_thread_blocked, id=31500, stack(0x0000007bb7900000,0x0000007bb7a00000) (1024K)]
  0x000001804fdfb910 JavaThread "Signal Dispatcher"          daemon [_thread_blocked, id=30800, stack(0x0000007bb7a00000,0x0000007bb7b00000) (1024K)]
  0x000001804fdfcb50 JavaThread "Attach Listener"            daemon [_thread_blocked, id=10572, stack(0x0000007bb7b00000,0x0000007bb7c00000) (1024K)]
  0x000001804fdfd840 JavaThread "Service Thread"             daemon [_thread_blocked, id=17096, stack(0x0000007bb7c00000,0x0000007bb7d00000) (1024K)]
  0x000001804fdfe680 JavaThread "Monitor Deflation Thread"   daemon [_thread_blocked, id=20572, stack(0x0000007bb7d00000,0x0000007bb7e00000) (1024K)]
=>0x000001804fe0b3e0 JavaThread "C2 CompilerThread0"         daemon [_thread_in_native, id=2992, stack(0x0000007bb7e00000,0x0000007bb7f00000) (1024K)]
  0x000001804fe13160 JavaThread "C1 CompilerThread0"         daemon [_thread_blocked, id=16600, stack(0x0000007bb7f00000,0x0000007bb8000000) (1024K)]
  0x00000180540388e0 JavaThread "C1 CompilerThread1"         daemon [_thread_blocked, id=24072, stack(0x0000007bb8000000,0x0000007bb8100000) (1024K)]
  0x000001805403a920 JavaThread "C1 CompilerThread2"         daemon [_thread_blocked, id=25880, stack(0x0000007bb8100000,0x0000007bb8200000) (1024K)]
  0x00000180541ad790 JavaThread "Common-Cleaner"             daemon [_thread_blocked, id=13900, stack(0x0000007bb8300000,0x0000007bb8400000) (1024K)]
  0x000001805423aef0 JavaThread "Notification Thread"        daemon [_thread_blocked, id=12964, stack(0x0000007bb8400000,0x0000007bb8500000) (1024K)]
  0x00000180540390f0 JavaThread "C1 CompilerThread3"         daemon [_thread_blocked, id=33320, stack(0x0000007bb8700000,0x0000007bb8800000) (1024K)]
  0x000001805403e190 JavaThread "C2 CompilerThread1"         daemon [_thread_in_native, id=4404, stack(0x0000007bb8200000,0x0000007bb8300000) (1024K)]
  0x0000018055bb8420 JavaThread "Daemon health stats"               [_thread_blocked, id=20036, stack(0x0000007bb8500000,0x0000007bb8600000) (1024K)]
  0x000001805403c960 JavaThread "C2 CompilerThread2"         daemon [_thread_in_native, id=2304, stack(0x0000007bb8c00000,0x0000007bb8d00000) (1024K)]
  0x0000018055fcc5d0 JavaThread "Incoming local TCP Connector on port 58722"        [_thread_in_native, id=30568, stack(0x0000007bb8d00000,0x0000007bb8e00000) (1024K)]
  0x0000018055ff3230 JavaThread "Daemon periodic checks"            [_thread_blocked, id=23608, stack(0x0000007bb8e00000,0x0000007bb8f00000) (1024K)]
  0x0000018055cbb460 JavaThread "Daemon"                            [_thread_blocked, id=10052, stack(0x0000007bb8f00000,0x0000007bb9000000) (1024K)]
  0x0000018055ccc880 JavaThread "Handler for socket connection from /127.0.0.1:58722 to /127.0.0.1:58723"        [_thread_in_native, id=24876, stack(0x0000007bb9000000,0x0000007bb9100000) (1024K)]
  0x0000018055237fc0 JavaThread "Cancel handler"                    [_thread_blocked, id=16532, stack(0x0000007bb9100000,0x0000007bb9200000) (1024K)]
  0x0000018055234910 JavaThread "Daemon worker"                     [_thread_in_native, id=27628, stack(0x0000007bb9200000,0x0000007bb9300000) (1024K)]
  0x0000018055239730 JavaThread "Asynchronous log dispatcher for DefaultDaemonConnection: socket connection from /127.0.0.1:58722 to /127.0.0.1:58723"        [_thread_blocked, id=16168, stack(0x0000007bb9300000,0x0000007bb9400000) (1024K)]
  0x0000018055238f60 JavaThread "Stdin handler"                     [_thread_blocked, id=19036, stack(0x0000007bb9400000,0x0000007bb9500000) (1024K)]
  0x000001804fe08170 JavaThread "Daemon client event forwarder"        [_thread_blocked, id=10472, stack(0x0000007bb9500000,0x0000007bb9600000) (1024K)]
  0x0000018055e43970 JavaThread "Cache worker for journal cache (C:\Users\Sanjay\.gradle\caches\journal-1)"        [_thread_blocked, id=18708, stack(0x0000007bb9d00000,0x0000007bb9e00000) (1024K)]
  0x0000018055e44910 JavaThread "File lock request listener"        [_thread_in_native, id=36772, stack(0x0000007bb9e00000,0x0000007bb9f00000) (1024K)]
  0x0000018055e46080 JavaThread "Cache worker for file hash cache (C:\Users\Sanjay\.gradle\caches\9.2.1\fileHashes)"        [_thread_blocked, id=13156, stack(0x0000007bb9f00000,0x0000007bba000000) (1024K)]
Total: 29

Other Threads:
  0x000001804fde5e90 VMThread "VM Thread"                           [id=18320, stack(0x0000007bb7700000,0x0000007bb7800000) (1024K)]
  0x000001804fc97770 WatcherThread "VM Periodic Task Thread"        [id=36032, stack(0x0000007bb7600000,0x0000007bb7700000) (1024K)]
  0x00000180342ba110 WorkerThread "GC Thread#0"                     [id=3856, stack(0x0000007bb7100000,0x0000007bb7200000) (1024K)]
  0x00000180551b9980 WorkerThread "GC Thread#1"                     [id=15688, stack(0x0000007bb8600000,0x0000007bb8700000) (1024K)]
  0x00000180551d4420 WorkerThread "GC Thread#2"                     [id=21672, stack(0x0000007bb8800000,0x0000007bb8900000) (1024K)]
  0x00000180551d4c60 WorkerThread "GC Thread#3"                     [id=23992, stack(0x0000007bb8900000,0x0000007bb8a00000) (1024K)]
  0x00000180551d74b0 WorkerThread "GC Thread#4"                     [id=3444, stack(0x0000007bb8a00000,0x0000007bb8b00000) (1024K)]
  0x0000018055219ce0 WorkerThread "GC Thread#5"                     [id=16380, stack(0x0000007bb8b00000,0x0000007bb8c00000) (1024K)]
  0x0000018055f6b210 WorkerThread "GC Thread#6"                     [id=23720, stack(0x0000007bb9600000,0x0000007bb9700000) (1024K)]
  0x0000018055f6cbf0 WorkerThread "GC Thread#7"                     [id=19268, stack(0x0000007bb9700000,0x0000007bb9800000) (1024K)]
  0x0000018055f6c350 WorkerThread "GC Thread#8"                     [id=34516, stack(0x0000007bb9800000,0x0000007bb9900000) (1024K)]
  0x0000018055f6c7a0 WorkerThread "GC Thread#9"                     [id=32188, stack(0x0000007bb9900000,0x0000007bb9a00000) (1024K)]
  0x0000018055f6e180 WorkerThread "GC Thread#10"                    [id=2988, stack(0x0000007bb9a00000,0x0000007bb9b00000) (1024K)]
  0x0000018055f6d040 WorkerThread "GC Thread#11"                    [id=5740, stack(0x0000007bb9b00000,0x0000007bb9c00000) (1024K)]
  0x0000018055f6ea20 WorkerThread "GC Thread#12"                    [id=11584, stack(0x0000007bb9c00000,0x0000007bb9d00000) (1024K)]
  0x00000180342c15e0 ConcurrentGCThread "G1 Main Marker"            [id=19008, stack(0x0000007bb7200000,0x0000007bb7300000) (1024K)]
  0x00000180342c2cf0 WorkerThread "G1 Conc#0"                       [id=26840, stack(0x0000007bb7300000,0x0000007bb7400000) (1024K)]
  0x000001803434eaa0 ConcurrentGCThread "G1 Refine#0"               [id=1060, stack(0x0000007bb7400000,0x0000007bb7500000) (1024K)]
  0x000001804fc8b630 ConcurrentGCThread "G1 Service"                [id=27192, stack(0x0000007bb7500000,0x0000007bb7600000) (1024K)]
Total: 19

Threads with active compile tasks:
C2 CompilerThread0  3625 3336       4       java.lang.invoke.InvokerBytecodeGenerator::emitImplicitConversion (166 bytes)
C2 CompilerThread1  3625 3381       4       java.util.HashMap::getNode (150 bytes)
C2 CompilerThread2  3625 3257       4       java.lang.invoke.MethodType::makeImpl (109 bytes)
Total: 3

VM state: not at safepoint (normal execution)

VM Mutex/Monitor currently owned by a thread: None

Heap address: 0x00000000e0000000, size: 512 MB, Compressed Oops mode: 32-bit

CDS archive(s) mapped at: [0x0000000026000000-0x0000000026dd0000-0x0000000026dd0000), size 14483456, SharedBaseAddress: 0x0000000026000000, ArchiveRelocationMode: 1.
Compressed class space mapped at: 0x0000000027000000-0x000000003b000000, reserved size: 335544320
UseCompressedClassPointers 1, UseCompactObjectHeaders 0
Narrow klass pointer bits 32, Max shift 3
Narrow klass base: 0x0000000026000000, Narrow klass shift: 0
Encoding Range: [0x0000000026000000 - 0x0000000126000000), (4294967296 bytes)
Klass Range:    [0x0000000026010000 - 0x000000003b000000), (352256000 bytes)
Klass ID Range:  [65536 - 352321529) (352255993)
Protection zone: [0x0000000026000000 - 0x0000000026010000), (65536 bytes)

GC Precious Log:
 CardTable entry size: 512
 Card Set container configuration: InlinePtr #cards 5 size 8 Array Of Cards #cards 10 size 36 Howl #buckets 4 coarsen threshold 1843 Howl Bitmap #cards 512 size 80 coarsen threshold 460 Card regions per heap region 1 cards per card region 2048
 CPUs: 16 total, 16 available
 Memory: 16202M
 Large Page Support: Disabled
 NUMA Support: Disabled
 Compressed Oops: Enabled (32-bit)
 Heap Region Size: 1M
 Heap Min Capacity: 256M
 Heap Initial Capacity: 256M
 Heap Max Capacity: 512M
 Pre-touch: Disabled
 Parallel Workers: 13
 Concurrent Workers: 3
 Concurrent Refinement Workers: 13
 Periodic GC: Disabled

Heap:
 garbage-first heap   total reserved 524288K, committed 264192K, used 50821K [0x00000000e0000000, 0x0000000100000000)
  region size 1024K, 42 young (43008K), 14 survivors (14336K)

Heap Regions: E=young(eden), S=young(survivor), O=old, HS=humongous(starts), HC=humongous(continues), CS=collection set, F=free, TAMS=top-at-mark-start, PB=parsable bottom
|   0|0x00000000e0000000, 0x00000000e0100000, 0x00000000e0100000|100%|HS|  |TAMS 0x00000000e0000000| PB 0x00000000e0000000| Complete |  0
|   1|0x00000000e0100000, 0x00000000e0200000, 0x00000000e0200000|100%|HC|  |TAMS 0x00000000e0100000| PB 0x00000000e0100000| Complete |  0
|   2|0x00000000e0200000, 0x00000000e0300000, 0x00000000e0300000|100%|HC|  |TAMS 0x00000000e0200000| PB 0x00000000e0200000| Complete |  0
|   3|0x00000000e0300000, 0x00000000e0400000, 0x00000000e0400000|100%|HC|  |TAMS 0x00000000e0300000| PB 0x00000000e0300000| Complete |  0
|   4|0x00000000e0400000, 0x00000000e0500000, 0x00000000e0500000|100%| O|  |TAMS 0x00000000e0400000| PB 0x00000000e0400000| Untracked |  0
|   5|0x00000000e0500000, 0x00000000e0600000, 0x00000000e0600000|100%|HS|  |TAMS 0x00000000e0500000| PB 0x00000000e0500000| Complete |  0
|   6|0x00000000e0600000, 0x00000000e0700000, 0x00000000e0700000|100%|HS|  |TAMS 0x00000000e0600000| PB 0x00000000e0600000| Complete |  0
|   7|0x00000000e0700000, 0x00000000e077c048, 0x00000000e0800000| 48%| O|  |TAMS 0x00000000e0700000| PB 0x00000000e0700000| Untracked |  0
|   8|0x00000000e0800000, 0x00000000e0900000, 0x00000000e0900000|100%|HS|  |TAMS 0x00000000e0800000| PB 0x00000000e0800000| Complete |  0
|   9|0x00000000e0900000, 0x00000000e0900000, 0x00000000e0a00000|  0%| F|  |TAMS 0x00000000e0900000| PB 0x00000000e0900000| Untracked |  0
|  10|0x00000000e0a00000, 0x00000000e0a00000, 0x00000000e0b00000|  0%| F|  |TAMS 0x00000000e0a00000| PB 0x00000000e0a00000| Untracked |  0
|  11|0x00000000e0b00000, 0x00000000e0b00000, 0x00000000e0c00000|  0%| F|  |TAMS 0x00000000e0b00000| PB 0x00000000e0b00000| Untracked |  0
|  12|0x00000000e0c00000, 0x00000000e0c00000, 0x00000000e0d00000|  0%| F|  |TAMS 0x00000000e0c00000| PB 0x00000000e0c00000| Untracked |  0
|  13|0x00000000e0d00000, 0x00000000e0d00000, 0x00000000e0e00000|  0%| F|  |TAMS 0x00000000e0d00000| PB 0x00000000e0d00000| Untracked |  0
|  14|0x00000000e0e00000, 0x00000000e0e00000, 0x00000000e0f00000|  0%| F|  |TAMS 0x00000000e0e00000| PB 0x00000000e0e00000| Untracked |  0
|  15|0x00000000e0f00000, 0x00000000e0f00000, 0x00000000e1000000|  0%| F|  |TAMS 0x00000000e0f00000| PB 0x00000000e0f00000| Untracked |  0
|  16|0x00000000e1000000, 0x00000000e1000000, 0x00000000e1100000|  0%| F|  |TAMS 0x00000000e1000000| PB 0x00000000e1000000| Untracked |  0
|  17|0x00000000e1100000, 0x00000000e1100000, 0x00000000e1200000|  0%| F|  |TAMS 0x00000000e1100000| PB 0x00000000e1100000| Untracked |  0
|  18|0x00000000e1200000, 0x00000000e1200000, 0x00000000e1300000|  0%| F|  |TAMS 0x00000000e1200000| PB 0x00000000e1200000| Untracked |  0
|  19|0x00000000e1300000, 0x00000000e1300000, 0x00000000e1400000|  0%| F|  |TAMS 0x00000000e1300000| PB 0x00000000e1300000| Untracked |  0
|  20|0x00000000e1400000, 0x00000000e1400000, 0x00000000e1500000|  0%| F|  |TAMS 0x00000000e1400000| PB 0x00000000e1400000| Untracked |  0
|  21|0x00000000e1500000, 0x00000000e1500000, 0x00000000e1600000|  0%| F|  |TAMS 0x00000000e1500000| PB 0x00000000e1500000| Untracked |  0
|  22|0x00000000e1600000, 0x00000000e1600000, 0x00000000e1700000|  0%| F|  |TAMS 0x00000000e1600000| PB 0x00000000e1600000| Untracked |  0
|  23|0x00000000e1700000, 0x00000000e1700000, 0x00000000e1800000|  0%| F|  |TAMS 0x00000000e1700000| PB 0x00000000e1700000| Untracked |  0
|  24|0x00000000e1800000, 0x00000000e1800000, 0x00000000e1900000|  0%| F|  |TAMS 0x00000000e1800000| PB 0x00000000e1800000| Untracked |  0
|  25|0x00000000e1900000, 0x00000000e1900000, 0x00000000e1a00000|  0%| F|  |TAMS 0x00000000e1900000| PB 0x00000000e1900000| Untracked |  0
|  26|0x00000000e1a00000, 0x00000000e1a00000, 0x00000000e1b00000|  0%| F|  |TAMS 0x00000000e1a00000| PB 0x00000000e1a00000| Untracked |  0
|  27|0x00000000e1b00000, 0x00000000e1b00000, 0x00000000e1c00000|  0%| F|  |TAMS 0x00000000e1b00000| PB 0x00000000e1b00000| Untracked |  0
|  28|0x00000000e1c00000, 0x00000000e1c00000, 0x00000000e1d00000|  0%| F|  |TAMS 0x00000000e1c00000| PB 0x00000000e1c00000| Untracked |  0
|  29|0x00000000e1d00000, 0x00000000e1d00000, 0x00000000e1e00000|  0%| F|  |TAMS 0x00000000e1d00000| PB 0x00000000e1d00000| Untracked |  0
|  30|0x00000000e1e00000, 0x00000000e1e00000, 0x00000000e1f00000|  0%| F|  |TAMS 0x00000000e1e00000| PB 0x00000000e1e00000| Untracked |  0
|  31|0x00000000e1f00000, 0x00000000e1f00000, 0x00000000e2000000|  0%| F|  |TAMS 0x00000000e1f00000| PB 0x00000000e1f00000| Untracked |  0
|  32|0x00000000e2000000, 0x00000000e2000000, 0x00000000e2100000|  0%| F|  |TAMS 0x00000000e2000000| PB 0x00000000e2000000| Untracked |  0
|  33|0x00000000e2100000, 0x00000000e2100000, 0x00000000e2200000|  0%| F|  |TAMS 0x00000000e2100000| PB 0x00000000e2100000| Untracked |  0
|  34|0x00000000e2200000, 0x00000000e2200000, 0x00000000e2300000|  0%| F|  |TAMS 0x00000000e2200000| PB 0x00000000e2200000| Untracked |  0
|  35|0x00000000e2300000, 0x00000000e2300000, 0x00000000e2400000|  0%| F|  |TAMS 0x00000000e2300000| PB 0x00000000e2300000| Untracked |  0
|  36|0x00000000e2400000, 0x00000000e2400000, 0x00000000e2500000|  0%| F|  |TAMS 0x00000000e2400000| PB 0x00000000e2400000| Untracked |  0
|  37|0x00000000e2500000, 0x00000000e2500000, 0x00000000e2600000|  0%| F|  |TAMS 0x00000000e2500000| PB 0x00000000e2500000| Untracked |  0
|  38|0x00000000e2600000, 0x00000000e2600000, 0x00000000e2700000|  0%| F|  |TAMS 0x00000000e2600000| PB 0x00000000e2600000| Untracked |  0
|  39|0x00000000e2700000, 0x00000000e2700000, 0x00000000e2800000|  0%| F|  |TAMS 0x00000000e2700000| PB 0x00000000e2700000| Untracked |  0
|  40|0x00000000e2800000, 0x00000000e2800000, 0x00000000e2900000|  0%| F|  |TAMS 0x00000000e2800000| PB 0x00000000e2800000| Untracked |  0
|  41|0x00000000e2900000, 0x00000000e2900000, 0x00000000e2a00000|  0%| F|  |TAMS 0x00000000e2900000| PB 0x00000000e2900000| Untracked |  0
|  42|0x00000000e2a00000, 0x00000000e2a00000, 0x00000000e2b00000|  0%| F|  |TAMS 0x00000000e2a00000| PB 0x00000000e2a00000| Untracked |  0
|  43|0x00000000e2b00000, 0x00000000e2b00000, 0x00000000e2c00000|  0%| F|  |TAMS 0x00000000e2b00000| PB 0x00000000e2b00000| Untracked |  0
|  44|0x00000000e2c00000, 0x00000000e2c00000, 0x00000000e2d00000|  0%| F|  |TAMS 0x00000000e2c00000| PB 0x00000000e2c00000| Untracked |  0
|  45|0x00000000e2d00000, 0x00000000e2d00000, 0x00000000e2e00000|  0%| F|  |TAMS 0x00000000e2d00000| PB 0x00000000e2d00000| Untracked |  0
|  46|0x00000000e2e00000, 0x00000000e2e00000, 0x00000000e2f00000|  0%| F|  |TAMS 0x00000000e2e00000| PB 0x00000000e2e00000| Untracked |  0
|  47|0x00000000e2f00000, 0x00000000e2f00000, 0x00000000e3000000|  0%| F|  |TAMS 0x00000000e2f00000| PB 0x00000000e2f00000| Untracked |  0
|  48|0x00000000e3000000, 0x00000000e3000000, 0x00000000e3100000|  0%| F|  |TAMS 0x00000000e3000000| PB 0x00000000e3000000| Untracked |  0
|  49|0x00000000e3100000, 0x00000000e3100000, 0x00000000e3200000|  0%| F|  |TAMS 0x00000000e3100000| PB 0x00000000e3100000| Untracked |  0
|  50|0x00000000e3200000, 0x00000000e3200000, 0x00000000e3300000|  0%| F|  |TAMS 0x00000000e3200000| PB 0x00000000e3200000| Untracked |  0
|  51|0x00000000e3300000, 0x00000000e3300000, 0x00000000e3400000|  0%| F|  |TAMS 0x00000000e3300000| PB 0x00000000e3300000| Untracked |  0
|  52|0x00000000e3400000, 0x00000000e3400000, 0x00000000e3500000|  0%| F|  |TAMS 0x00000000e3400000| PB 0x00000000e3400000| Untracked |  0
|  53|0x00000000e3500000, 0x00000000e3500000, 0x00000000e3600000|  0%| F|  |TAMS 0x00000000e3500000| PB 0x00000000e3500000| Untracked |  0
|  54|0x00000000e3600000, 0x00000000e3600000, 0x00000000e3700000|  0%| F|  |TAMS 0x00000000e3600000| PB 0x00000000e3600000| Untracked |  0
|  55|0x00000000e3700000, 0x00000000e3700000, 0x00000000e3800000|  0%| F|  |TAMS 0x00000000e3700000| PB 0x00000000e3700000| Untracked |  0
|  56|0x00000000e3800000, 0x00000000e3800000, 0x00000000e3900000|  0%| F|  |TAMS 0x00000000e3800000| PB 0x00000000e3800000| Untracked |  0
|  57|0x00000000e3900000, 0x00000000e3900000, 0x00000000e3a00000|  0%| F|  |TAMS 0x00000000e3900000| PB 0x00000000e3900000| Untracked |  0
|  58|0x00000000e3a00000, 0x00000000e3a00000, 0x00000000e3b00000|  0%| F|  |TAMS 0x00000000e3a00000| PB 0x00000000e3a00000| Untracked |  0
|  59|0x00000000e3b00000, 0x00000000e3b00000, 0x00000000e3c00000|  0%| F|  |TAMS 0x00000000e3b00000| PB 0x00000000e3b00000| Untracked |  0
|  60|0x00000000e3c00000, 0x00000000e3c00000, 0x00000000e3d00000|  0%| F|  |TAMS 0x00000000e3c00000| PB 0x00000000e3c00000| Untracked |  0
|  61|0x00000000e3d00000, 0x00000000e3d00000, 0x00000000e3e00000|  0%| F|  |TAMS 0x00000000e3d00000| PB 0x00000000e3d00000| Untracked |  0
|  62|0x00000000e3e00000, 0x00000000e3e00000, 0x00000000e3f00000|  0%| F|  |TAMS 0x00000000e3e00000| PB 0x00000000e3e00000| Untracked |  0
|  63|0x00000000e3f00000, 0x00000000e3f00000, 0x00000000e4000000|  0%| F|  |TAMS 0x00000000e3f00000| PB 0x00000000e3f00000| Untracked |  0
|  64|0x00000000e4000000, 0x00000000e4000000, 0x00000000e4100000|  0%| F|  |TAMS 0x00000000e4000000| PB 0x00000000e4000000| Untracked |  0
|  65|0x00000000e4100000, 0x00000000e4100000, 0x00000000e4200000|  0%| F|  |TAMS 0x00000000e4100000| PB 0x00000000e4100000| Untracked |  0
|  66|0x00000000e4200000, 0x00000000e4200000, 0x00000000e4300000|  0%| F|  |TAMS 0x00000000e4200000| PB 0x00000000e4200000| Untracked |  0
|  67|0x00000000e4300000, 0x00000000e4300000, 0x00000000e4400000|  0%| F|  |TAMS 0x00000000e4300000| PB 0x00000000e4300000| Untracked |  0
|  68|0x00000000e4400000, 0x00000000e4400000, 0x00000000e4500000|  0%| F|  |TAMS 0x00000000e4400000| PB 0x00000000e4400000| Untracked |  0
|  69|0x00000000e4500000, 0x00000000e4500000, 0x00000000e4600000|  0%| F|  |TAMS 0x00000000e4500000| PB 0x00000000e4500000| Untracked |  0
|  70|0x00000000e4600000, 0x00000000e4600000, 0x00000000e4700000|  0%| F|  |TAMS 0x00000000e4600000| PB 0x00000000e4600000| Untracked |  0
|  71|0x00000000e4700000, 0x00000000e4700000, 0x00000000e4800000|  0%| F|  |TAMS 0x00000000e4700000| PB 0x00000000e4700000| Untracked |  0
|  72|0x00000000e4800000, 0x00000000e4800000, 0x00000000e4900000|  0%| F|  |TAMS 0x00000000e4800000| PB 0x00000000e4800000| Untracked |  0
|  73|0x00000000e4900000, 0x00000000e4900000, 0x00000000e4a00000|  0%| F|  |TAMS 0x00000000e4900000| PB 0x00000000e4900000| Untracked |  0
|  74|0x00000000e4a00000, 0x00000000e4a00000, 0x00000000e4b00000|  0%| F|  |TAMS 0x00000000e4a00000| PB 0x00000000e4a00000| Untracked |  0
|  75|0x00000000e4b00000, 0x00000000e4b00000, 0x00000000e4c00000|  0%| F|  |TAMS 0x00000000e4b00000| PB 0x00000000e4b00000| Untracked |  0
|  76|0x00000000e4c00000, 0x00000000e4c00000, 0x00000000e4d00000|  0%| F|  |TAMS 0x00000000e4c00000| PB 0x00000000e4c00000| Untracked |  0
|  77|0x00000000e4d00000, 0x00000000e4d00000, 0x00000000e4e00000|  0%| F|  |TAMS 0x00000000e4d00000| PB 0x00000000e4d00000| Untracked |  0
|  78|0x00000000e4e00000, 0x00000000e4e00000, 0x00000000e4f00000|  0%| F|  |TAMS 0x00000000e4e00000| PB 0x00000000e4e00000| Untracked |  0
|  79|0x00000000e4f00000, 0x00000000e4f00000, 0x00000000e5000000|  0%| F|  |TAMS 0x00000000e4f00000| PB 0x00000000e4f00000| Untracked |  0
|  80|0x00000000e5000000, 0x00000000e5000000, 0x00000000e5100000|  0%| F|  |TAMS 0x00000000e5000000| PB 0x00000000e5000000| Untracked |  0
|  81|0x00000000e5100000, 0x00000000e5100000, 0x00000000e5200000|  0%| F|  |TAMS 0x00000000e5100000| PB 0x00000000e5100000| Untracked |  0
|  82|0x00000000e5200000, 0x00000000e5200000, 0x00000000e5300000|  0%| F|  |TAMS 0x00000000e5200000| PB 0x00000000e5200000| Untracked |  0
|  83|0x00000000e5300000, 0x00000000e5300000, 0x00000000e5400000|  0%| F|  |TAMS 0x00000000e5300000| PB 0x00000000e5300000| Untracked |  0
|  84|0x00000000e5400000, 0x00000000e5400000, 0x00000000e5500000|  0%| F|  |TAMS 0x00000000e5400000| PB 0x00000000e5400000| Untracked |  0
|  85|0x00000000e5500000, 0x00000000e5500000, 0x00000000e5600000|  0%| F|  |TAMS 0x00000000e5500000| PB 0x00000000e5500000| Untracked |  0
|  86|0x00000000e5600000, 0x00000000e5600000, 0x00000000e5700000|  0%| F|  |TAMS 0x00000000e5600000| PB 0x00000000e5600000| Untracked |  0
|  87|0x00000000e5700000, 0x00000000e5700000, 0x00000000e5800000|  0%| F|  |TAMS 0x00000000e5700000| PB 0x00000000e5700000| Untracked |  0
|  88|0x00000000e5800000, 0x00000000e5800000, 0x00000000e5900000|  0%| F|  |TAMS 0x00000000e5800000| PB 0x00000000e5800000| Untracked |  0
|  89|0x00000000e5900000, 0x00000000e5900000, 0x00000000e5a00000|  0%| F|  |TAMS 0x00000000e5900000| PB 0x00000000e5900000| Untracked |  0
|  90|0x00000000e5a00000, 0x00000000e5a00000, 0x00000000e5b00000|  0%| F|  |TAMS 0x00000000e5a00000| PB 0x00000000e5a00000| Untracked |  0
|  91|0x00000000e5b00000, 0x00000000e5b00000, 0x00000000e5c00000|  0%| F|  |TAMS 0x00000000e5b00000| PB 0x00000000e5b00000| Untracked |  0
|  92|0x00000000e5c00000, 0x00000000e5c00000, 0x00000000e5d00000|  0%| F|  |TAMS 0x00000000e5c00000| PB 0x00000000e5c00000| Untracked |  0
|  93|0x00000000e5d00000, 0x00000000e5d00000, 0x00000000e5e00000|  0%| F|  |TAMS 0x00000000e5d00000| PB 0x00000000e5d00000| Untracked |  0
|  94|0x00000000e5e00000, 0x00000000e5e00000, 0x00000000e5f00000|  0%| F|  |TAMS 0x00000000e5e00000| PB 0x00000000e5e00000| Untracked |  0
|  95|0x00000000e5f00000, 0x00000000e5f00000, 0x00000000e6000000|  0%| F|  |TAMS 0x00000000e5f00000| PB 0x00000000e5f00000| Untracked |  0
|  96|0x00000000e6000000, 0x00000000e6000000, 0x00000000e6100000|  0%| F|  |TAMS 0x00000000e6000000| PB 0x00000000e6000000| Untracked |  0
|  97|0x00000000e6100000, 0x00000000e6100000, 0x00000000e6200000|  0%| F|  |TAMS 0x00000000e6100000| PB 0x00000000e6100000| Untracked |  0
|  98|0x00000000e6200000, 0x00000000e6200000, 0x00000000e6300000|  0%| F|  |TAMS 0x00000000e6200000| PB 0x00000000e6200000| Untracked |  0
|  99|0x00000000e6300000, 0x00000000e6300000, 0x00000000e6400000|  0%| F|  |TAMS 0x00000000e6300000| PB 0x00000000e6300000| Untracked |  0
| 100|0x00000000e6400000, 0x00000000e6400000, 0x00000000e6500000|  0%| F|  |TAMS 0x00000000e6400000| PB 0x00000000e6400000| Untracked |  0
| 101|0x00000000e6500000, 0x00000000e6500000, 0x00000000e6600000|  0%| F|  |TAMS 0x00000000e6500000| PB 0x00000000e6500000| Untracked |  0
| 102|0x00000000e6600000, 0x00000000e6600000, 0x00000000e6700000|  0%| F|  |TAMS 0x00000000e6600000| PB 0x00000000e6600000| Untracked |  0
| 103|0x00000000e6700000, 0x00000000e6700000, 0x00000000e6800000|  0%| F|  |TAMS 0x00000000e6700000| PB 0x00000000e6700000| Untracked |  0
| 104|0x00000000e6800000, 0x00000000e6800000, 0x00000000e6900000|  0%| F|  |TAMS 0x00000000e6800000| PB 0x00000000e6800000| Untracked |  0
| 105|0x00000000e6900000, 0x00000000e6900000, 0x00000000e6a00000|  0%| F|  |TAMS 0x00000000e6900000| PB 0x00000000e6900000| Untracked |  0
| 106|0x00000000e6a00000, 0x00000000e6a00000, 0x00000000e6b00000|  0%| F|  |TAMS 0x00000000e6a00000| PB 0x00000000e6a00000| Untracked |  0
| 107|0x00000000e6b00000, 0x00000000e6b00000, 0x00000000e6c00000|  0%| F|  |TAMS 0x00000000e6b00000| PB 0x00000000e6b00000| Untracked |  0
| 108|0x00000000e6c00000, 0x00000000e6c00000, 0x00000000e6d00000|  0%| F|  |TAMS 0x00000000e6c00000| PB 0x00000000e6c00000| Untracked |  0
| 109|0x00000000e6d00000, 0x00000000e6d00000, 0x00000000e6e00000|  0%| F|  |TAMS 0x00000000e6d00000| PB 0x00000000e6d00000| Untracked |  0
| 110|0x00000000e6e00000, 0x00000000e6e00000, 0x00000000e6f00000|  0%| F|  |TAMS 0x00000000e6e00000| PB 0x00000000e6e00000| Untracked |  0
| 111|0x00000000e6f00000, 0x00000000e6f00000, 0x00000000e7000000|  0%| F|  |TAMS 0x00000000e6f00000| PB 0x00000000e6f00000| Untracked |  0
| 112|0x00000000e7000000, 0x00000000e7000000, 0x00000000e7100000|  0%| F|  |TAMS 0x00000000e7000000| PB 0x00000000e7000000| Untracked |  0
| 113|0x00000000e7100000, 0x00000000e7100000, 0x00000000e7200000|  0%| F|  |TAMS 0x00000000e7100000| PB 0x00000000e7100000| Untracked |  0
| 114|0x00000000e7200000, 0x00000000e7200000, 0x00000000e7300000|  0%| F|  |TAMS 0x00000000e7200000| PB 0x00000000e7200000| Untracked |  0
| 115|0x00000000e7300000, 0x00000000e7300000, 0x00000000e7400000|  0%| F|  |TAMS 0x00000000e7300000| PB 0x00000000e7300000| Untracked |  0
| 116|0x00000000e7400000, 0x00000000e7400000, 0x00000000e7500000|  0%| F|  |TAMS 0x00000000e7400000| PB 0x00000000e7400000| Untracked |  0
| 117|0x00000000e7500000, 0x00000000e7500000, 0x00000000e7600000|  0%| F|  |TAMS 0x00000000e7500000| PB 0x00000000e7500000| Untracked |  0
| 118|0x00000000e7600000, 0x00000000e7600000, 0x00000000e7700000|  0%| F|  |TAMS 0x00000000e7600000| PB 0x00000000e7600000| Untracked |  0
| 119|0x00000000e7700000, 0x00000000e7700000, 0x00000000e7800000|  0%| F|  |TAMS 0x00000000e7700000| PB 0x00000000e7700000| Untracked |  0
| 120|0x00000000e7800000, 0x00000000e7800000, 0x00000000e7900000|  0%| F|  |TAMS 0x00000000e7800000| PB 0x00000000e7800000| Untracked |  0
| 121|0x00000000e7900000, 0x00000000e7900000, 0x00000000e7a00000|  0%| F|  |TAMS 0x00000000e7900000| PB 0x00000000e7900000| Untracked |  0
| 122|0x00000000e7a00000, 0x00000000e7a00000, 0x00000000e7b00000|  0%| F|  |TAMS 0x00000000e7a00000| PB 0x00000000e7a00000| Untracked |  0
| 123|0x00000000e7b00000, 0x00000000e7b00000, 0x00000000e7c00000|  0%| F|  |TAMS 0x00000000e7b00000| PB 0x00000000e7b00000| Untracked |  0
| 124|0x00000000e7c00000, 0x00000000e7c00000, 0x00000000e7d00000|  0%| F|  |TAMS 0x00000000e7c00000| PB 0x00000000e7c00000| Untracked |  0
| 125|0x00000000e7d00000, 0x00000000e7d00000, 0x00000000e7e00000|  0%| F|  |TAMS 0x00000000e7d00000| PB 0x00000000e7d00000| Untracked |  0
| 126|0x00000000e7e00000, 0x00000000e7e00000, 0x00000000e7f00000|  0%| F|  |TAMS 0x00000000e7e00000| PB 0x00000000e7e00000| Untracked |  0
| 127|0x00000000e7f00000, 0x00000000e7f00000, 0x00000000e8000000|  0%| F|  |TAMS 0x00000000e7f00000| PB 0x00000000e7f00000| Untracked |  0
| 128|0x00000000e8000000, 0x00000000e8000000, 0x00000000e8100000|  0%| F|  |TAMS 0x00000000e8000000| PB 0x00000000e8000000| Untracked |  0
| 129|0x00000000e8100000, 0x00000000e8100000, 0x00000000e8200000|  0%| F|  |TAMS 0x00000000e8100000| PB 0x00000000e8100000| Untracked |  0
| 130|0x00000000e8200000, 0x00000000e8300000, 0x00000000e8300000|100%| S|CS|TAMS 0x00000000e8200000| PB 0x00000000e8200000| Complete |  0
| 131|0x00000000e8300000, 0x00000000e8400000, 0x00000000e8400000|100%| S|CS|TAMS 0x00000000e8300000| PB 0x00000000e8300000| Complete |  0
| 132|0x00000000e8400000, 0x00000000e8500000, 0x00000000e8500000|100%| S|CS|TAMS 0x00000000e8400000| PB 0x00000000e8400000| Complete |  0
| 133|0x00000000e8500000, 0x00000000e8600000, 0x00000000e8600000|100%| S|CS|TAMS 0x00000000e8500000| PB 0x00000000e8500000| Complete |  0
| 134|0x00000000e8600000, 0x00000000e8700000, 0x00000000e8700000|100%| S|CS|TAMS 0x00000000e8600000| PB 0x00000000e8600000| Complete |  0
| 135|0x00000000e8700000, 0x00000000e8800000, 0x00000000e8800000|100%| S|CS|TAMS 0x00000000e8700000| PB 0x00000000e8700000| Complete |  0
| 136|0x00000000e8800000, 0x00000000e8900000, 0x00000000e8900000|100%| S|CS|TAMS 0x00000000e8800000| PB 0x00000000e8800000| Complete |  0
| 137|0x00000000e8900000, 0x00000000e8a00000, 0x00000000e8a00000|100%| S|CS|TAMS 0x00000000e8900000| PB 0x00000000e8900000| Complete |  0
| 138|0x00000000e8a00000, 0x00000000e8b00000, 0x00000000e8b00000|100%| S|CS|TAMS 0x00000000e8a00000| PB 0x00000000e8a00000| Complete |  0
| 139|0x00000000e8b00000, 0x00000000e8c00000, 0x00000000e8c00000|100%| S|CS|TAMS 0x00000000e8b00000| PB 0x00000000e8b00000| Complete |  0
| 140|0x00000000e8c00000, 0x00000000e8d00000, 0x00000000e8d00000|100%| S|CS|TAMS 0x00000000e8c00000| PB 0x00000000e8c00000| Complete |  0
| 141|0x00000000e8d00000, 0x00000000e8e00000, 0x00000000e8e00000|100%| S|CS|TAMS 0x00000000e8d00000| PB 0x00000000e8d00000| Complete |  0
| 142|0x00000000e8e00000, 0x00000000e8f00000, 0x00000000e8f00000|100%| S|CS|TAMS 0x00000000e8e00000| PB 0x00000000e8e00000| Complete |  0
| 143|0x00000000e8f00000, 0x00000000e9000000, 0x00000000e9000000|100%| S|CS|TAMS 0x00000000e8f00000| PB 0x00000000e8f00000| Complete |  0
| 144|0x00000000e9000000, 0x00000000e9000000, 0x00000000e9100000|  0%| F|  |TAMS 0x00000000e9000000| PB 0x00000000e9000000| Untracked |  0
| 145|0x00000000e9100000, 0x00000000e9100000, 0x00000000e9200000|  0%| F|  |TAMS 0x00000000e9100000| PB 0x00000000e9100000| Untracked |  0
| 146|0x00000000e9200000, 0x00000000e9200000, 0x00000000e9300000|  0%| F|  |TAMS 0x00000000e9200000| PB 0x00000000e9200000| Untracked |  0
| 147|0x00000000e9300000, 0x00000000e9300000, 0x00000000e9400000|  0%| F|  |TAMS 0x00000000e9300000| PB 0x00000000e9300000| Untracked |  0
| 148|0x00000000e9400000, 0x00000000e9400000, 0x00000000e9500000|  0%| F|  |TAMS 0x00000000e9400000| PB 0x00000000e9400000| Untracked |  0
| 149|0x00000000e9500000, 0x00000000e9500000, 0x00000000e9600000|  0%| F|  |TAMS 0x00000000e9500000| PB 0x00000000e9500000| Untracked |  0
| 150|0x00000000e9600000, 0x00000000e9600000, 0x00000000e9700000|  0%| F|  |TAMS 0x00000000e9600000| PB 0x00000000e9600000| Untracked |  0
| 151|0x00000000e9700000, 0x00000000e9700000, 0x00000000e9800000|  0%| F|  |TAMS 0x00000000e9700000| PB 0x00000000e9700000| Untracked |  0
| 152|0x00000000e9800000, 0x00000000e9800000, 0x00000000e9900000|  0%| F|  |TAMS 0x00000000e9800000| PB 0x00000000e9800000| Untracked |  0
| 153|0x00000000e9900000, 0x00000000e9900000, 0x00000000e9a00000|  0%| F|  |TAMS 0x00000000e9900000| PB 0x00000000e9900000| Untracked |  0
| 154|0x00000000e9a00000, 0x00000000e9a00000, 0x00000000e9b00000|  0%| F|  |TAMS 0x00000000e9a00000| PB 0x00000000e9a00000| Untracked |  0
| 155|0x00000000e9b00000, 0x00000000e9b00000, 0x00000000e9c00000|  0%| F|  |TAMS 0x00000000e9b00000| PB 0x00000000e9b00000| Untracked |  0
| 156|0x00000000e9c00000, 0x00000000e9c00000, 0x00000000e9d00000|  0%| F|  |TAMS 0x00000000e9c00000| PB 0x00000000e9c00000| Untracked |  0
| 157|0x00000000e9d00000, 0x00000000e9d00000, 0x00000000e9e00000|  0%| F|  |TAMS 0x00000000e9d00000| PB 0x00000000e9d00000| Untracked |  0
| 158|0x00000000e9e00000, 0x00000000e9e00000, 0x00000000e9f00000|  0%| F|  |TAMS 0x00000000e9e00000| PB 0x00000000e9e00000| Untracked |  0
| 159|0x00000000e9f00000, 0x00000000e9f00000, 0x00000000ea000000|  0%| F|  |TAMS 0x00000000e9f00000| PB 0x00000000e9f00000| Untracked |  0
| 160|0x00000000ea000000, 0x00000000ea000000, 0x00000000ea100000|  0%| F|  |TAMS 0x00000000ea000000| PB 0x00000000ea000000| Untracked |  0
| 161|0x00000000ea100000, 0x00000000ea100000, 0x00000000ea200000|  0%| F|  |TAMS 0x00000000ea100000| PB 0x00000000ea100000| Untracked |  0
| 162|0x00000000ea200000, 0x00000000ea200000, 0x00000000ea300000|  0%| F|  |TAMS 0x00000000ea200000| PB 0x00000000ea200000| Untracked |  0
| 163|0x00000000ea300000, 0x00000000ea300000, 0x00000000ea400000|  0%| F|  |TAMS 0x00000000ea300000| PB 0x00000000ea300000| Untracked |  0
| 164|0x00000000ea400000, 0x00000000ea400000, 0x00000000ea500000|  0%| F|  |TAMS 0x00000000ea400000| PB 0x00000000ea400000| Untracked |  0
| 165|0x00000000ea500000, 0x00000000ea500000, 0x00000000ea600000|  0%| F|  |TAMS 0x00000000ea500000| PB 0x00000000ea500000| Untracked |  0
| 166|0x00000000ea600000, 0x00000000ea600000, 0x00000000ea700000|  0%| F|  |TAMS 0x00000000ea600000| PB 0x00000000ea600000| Untracked |  0
| 167|0x00000000ea700000, 0x00000000ea700000, 0x00000000ea800000|  0%| F|  |TAMS 0x00000000ea700000| PB 0x00000000ea700000| Untracked |  0
| 168|0x00000000ea800000, 0x00000000ea800000, 0x00000000ea900000|  0%| F|  |TAMS 0x00000000ea800000| PB 0x00000000ea800000| Untracked |  0
| 169|0x00000000ea900000, 0x00000000ea900000, 0x00000000eaa00000|  0%| F|  |TAMS 0x00000000ea900000| PB 0x00000000ea900000| Untracked |  0
| 170|0x00000000eaa00000, 0x00000000eaa00000, 0x00000000eab00000|  0%| F|  |TAMS 0x00000000eaa00000| PB 0x00000000eaa00000| Untracked |  0
| 171|0x00000000eab00000, 0x00000000eab00000, 0x00000000eac00000|  0%| F|  |TAMS 0x00000000eab00000| PB 0x00000000eab00000| Untracked |  0
| 172|0x00000000eac00000, 0x00000000eac00000, 0x00000000ead00000|  0%| F|  |TAMS 0x00000000eac00000| PB 0x00000000eac00000| Untracked |  0
| 173|0x00000000ead00000, 0x00000000ead00000, 0x00000000eae00000|  0%| F|  |TAMS 0x00000000ead00000| PB 0x00000000ead00000| Untracked |  0
| 174|0x00000000eae00000, 0x00000000eae00000, 0x00000000eaf00000|  0%| F|  |TAMS 0x00000000eae00000| PB 0x00000000eae00000| Untracked |  0
| 175|0x00000000eaf00000, 0x00000000eaf00000, 0x00000000eb000000|  0%| F|  |TAMS 0x00000000eaf00000| PB 0x00000000eaf00000| Untracked |  0
| 176|0x00000000eb000000, 0x00000000eb000000, 0x00000000eb100000|  0%| F|  |TAMS 0x00000000eb000000| PB 0x00000000eb000000| Untracked |  0
| 177|0x00000000eb100000, 0x00000000eb100000, 0x00000000eb200000|  0%| F|  |TAMS 0x00000000eb100000| PB 0x00000000eb100000| Untracked |  0
| 178|0x00000000eb200000, 0x00000000eb200000, 0x00000000eb300000|  0%| F|  |TAMS 0x00000000eb200000| PB 0x00000000eb200000| Untracked |  0
| 179|0x00000000eb300000, 0x00000000eb300000, 0x00000000eb400000|  0%| F|  |TAMS 0x00000000eb300000| PB 0x00000000eb300000| Untracked |  0
| 180|0x00000000eb400000, 0x00000000eb400000, 0x00000000eb500000|  0%| F|  |TAMS 0x00000000eb400000| PB 0x00000000eb400000| Untracked |  0
| 181|0x00000000eb500000, 0x00000000eb500000, 0x00000000eb600000|  0%| F|  |TAMS 0x00000000eb500000| PB 0x00000000eb500000| Untracked |  0
| 182|0x00000000eb600000, 0x00000000eb600000, 0x00000000eb700000|  0%| F|  |TAMS 0x00000000eb600000| PB 0x00000000eb600000| Untracked |  0
| 183|0x00000000eb700000, 0x00000000eb700000, 0x00000000eb800000|  0%| F|  |TAMS 0x00000000eb700000| PB 0x00000000eb700000| Untracked |  0
| 184|0x00000000eb800000, 0x00000000eb800000, 0x00000000eb900000|  0%| F|  |TAMS 0x00000000eb800000| PB 0x00000000eb800000| Untracked |  0
| 185|0x00000000eb900000, 0x00000000eb900000, 0x00000000eba00000|  0%| F|  |TAMS 0x00000000eb900000| PB 0x00000000eb900000| Untracked |  0
| 186|0x00000000eba00000, 0x00000000eba00000, 0x00000000ebb00000|  0%| F|  |TAMS 0x00000000eba00000| PB 0x00000000eba00000| Untracked |  0
| 187|0x00000000ebb00000, 0x00000000ebb00000, 0x00000000ebc00000|  0%| F|  |TAMS 0x00000000ebb00000| PB 0x00000000ebb00000| Untracked |  0
| 188|0x00000000ebc00000, 0x00000000ebc00000, 0x00000000ebd00000|  0%| F|  |TAMS 0x00000000ebc00000| PB 0x00000000ebc00000| Untracked |  0
| 189|0x00000000ebd00000, 0x00000000ebd00000, 0x00000000ebe00000|  0%| F|  |TAMS 0x00000000ebd00000| PB 0x00000000ebd00000| Untracked |  0
| 190|0x00000000ebe00000, 0x00000000ebe00000, 0x00000000ebf00000|  0%| F|  |TAMS 0x00000000ebe00000| PB 0x00000000ebe00000| Untracked |  0
| 191|0x00000000ebf00000, 0x00000000ebf00000, 0x00000000ec000000|  0%| F|  |TAMS 0x00000000ebf00000| PB 0x00000000ebf00000| Untracked |  0
| 192|0x00000000ec000000, 0x00000000ec000000, 0x00000000ec100000|  0%| F|  |TAMS 0x00000000ec000000| PB 0x00000000ec000000| Untracked |  0
| 193|0x00000000ec100000, 0x00000000ec100000, 0x00000000ec200000|  0%| F|  |TAMS 0x00000000ec100000| PB 0x00000000ec100000| Untracked |  0
| 194|0x00000000ec200000, 0x00000000ec200000, 0x00000000ec300000|  0%| F|  |TAMS 0x00000000ec200000| PB 0x00000000ec200000| Untracked |  0
| 195|0x00000000ec300000, 0x00000000ec300000, 0x00000000ec400000|  0%| F|  |TAMS 0x00000000ec300000| PB 0x00000000ec300000| Untracked |  0
| 196|0x00000000ec400000, 0x00000000ec400000, 0x00000000ec500000|  0%| F|  |TAMS 0x00000000ec400000| PB 0x00000000ec400000| Untracked |  0
| 197|0x00000000ec500000, 0x00000000ec500000, 0x00000000ec600000|  0%| F|  |TAMS 0x00000000ec500000| PB 0x00000000ec500000| Untracked |  0
| 198|0x00000000ec600000, 0x00000000ec600000, 0x00000000ec700000|  0%| F|  |TAMS 0x00000000ec600000| PB 0x00000000ec600000| Untracked |  0
| 199|0x00000000ec700000, 0x00000000ec700000, 0x00000000ec800000|  0%| F|  |TAMS 0x00000000ec700000| PB 0x00000000ec700000| Untracked |  0
| 200|0x00000000ec800000, 0x00000000ec800000, 0x00000000ec900000|  0%| F|  |TAMS 0x00000000ec800000| PB 0x00000000ec800000| Untracked |  0
| 201|0x00000000ec900000, 0x00000000ec900000, 0x00000000eca00000|  0%| F|  |TAMS 0x00000000ec900000| PB 0x00000000ec900000| Untracked |  0
| 202|0x00000000eca00000, 0x00000000eca00000, 0x00000000ecb00000|  0%| F|  |TAMS 0x00000000eca00000| PB 0x00000000eca00000| Untracked |  0
| 203|0x00000000ecb00000, 0x00000000ecb00000, 0x00000000ecc00000|  0%| F|  |TAMS 0x00000000ecb00000| PB 0x00000000ecb00000| Untracked |  0
| 204|0x00000000ecc00000, 0x00000000ecc00000, 0x00000000ecd00000|  0%| F|  |TAMS 0x00000000ecc00000| PB 0x00000000ecc00000| Untracked |  0
| 205|0x00000000ecd00000, 0x00000000ecd00000, 0x00000000ece00000|  0%| F|  |TAMS 0x00000000ecd00000| PB 0x00000000ecd00000| Untracked |  0
| 206|0x00000000ece00000, 0x00000000ece00000, 0x00000000ecf00000|  0%| F|  |TAMS 0x00000000ece00000| PB 0x00000000ece00000| Untracked |  0
| 207|0x00000000ecf00000, 0x00000000ecf00000, 0x00000000ed000000|  0%| F|  |TAMS 0x00000000ecf00000| PB 0x00000000ecf00000| Untracked |  0
| 208|0x00000000ed000000, 0x00000000ed000000, 0x00000000ed100000|  0%| F|  |TAMS 0x00000000ed000000| PB 0x00000000ed000000| Untracked |  0
| 209|0x00000000ed100000, 0x00000000ed100000, 0x00000000ed200000|  0%| F|  |TAMS 0x00000000ed100000| PB 0x00000000ed100000| Untracked |  0
| 210|0x00000000ed200000, 0x00000000ed200000, 0x00000000ed300000|  0%| F|  |TAMS 0x00000000ed200000| PB 0x00000000ed200000| Untracked |  0
| 211|0x00000000ed300000, 0x00000000ed300000, 0x00000000ed400000|  0%| F|  |TAMS 0x00000000ed300000| PB 0x00000000ed300000| Untracked |  0
| 212|0x00000000ed400000, 0x00000000ed400000, 0x00000000ed500000|  0%| F|  |TAMS 0x00000000ed400000| PB 0x00000000ed400000| Untracked |  0
| 213|0x00000000ed500000, 0x00000000ed500000, 0x00000000ed600000|  0%| F|  |TAMS 0x00000000ed500000| PB 0x00000000ed500000| Untracked |  0
| 214|0x00000000ed600000, 0x00000000ed600000, 0x00000000ed700000|  0%| F|  |TAMS 0x00000000ed600000| PB 0x00000000ed600000| Untracked |  0
| 215|0x00000000ed700000, 0x00000000ed700000, 0x00000000ed800000|  0%| F|  |TAMS 0x00000000ed700000| PB 0x00000000ed700000| Untracked |  0
| 216|0x00000000ed800000, 0x00000000ed800000, 0x00000000ed900000|  0%| F|  |TAMS 0x00000000ed800000| PB 0x00000000ed800000| Untracked |  0
| 217|0x00000000ed900000, 0x00000000ed900000, 0x00000000eda00000|  0%| F|  |TAMS 0x00000000ed900000| PB 0x00000000ed900000| Untracked |  0
| 218|0x00000000eda00000, 0x00000000eda00000, 0x00000000edb00000|  0%| F|  |TAMS 0x00000000eda00000| PB 0x00000000eda00000| Untracked |  0
| 219|0x00000000edb00000, 0x00000000edb00000, 0x00000000edc00000|  0%| F|  |TAMS 0x00000000edb00000| PB 0x00000000edb00000| Untracked |  0
| 220|0x00000000edc00000, 0x00000000edc00000, 0x00000000edd00000|  0%| F|  |TAMS 0x00000000edc00000| PB 0x00000000edc00000| Untracked |  0
| 221|0x00000000edd00000, 0x00000000edd00000, 0x00000000ede00000|  0%| F|  |TAMS 0x00000000edd00000| PB 0x00000000edd00000| Untracked |  0
| 222|0x00000000ede00000, 0x00000000ede00000, 0x00000000edf00000|  0%| F|  |TAMS 0x00000000ede00000| PB 0x00000000ede00000| Untracked |  0
| 223|0x00000000edf00000, 0x00000000edf00000, 0x00000000ee000000|  0%| F|  |TAMS 0x00000000edf00000| PB 0x00000000edf00000| Untracked |  0
| 224|0x00000000ee000000, 0x00000000ee000000, 0x00000000ee100000|  0%| F|  |TAMS 0x00000000ee000000| PB 0x00000000ee000000| Untracked |  0
| 225|0x00000000ee100000, 0x00000000ee100000, 0x00000000ee200000|  0%| F|  |TAMS 0x00000000ee100000| PB 0x00000000ee100000| Untracked |  0
| 226|0x00000000ee200000, 0x00000000ee200000, 0x00000000ee300000|  0%| F|  |TAMS 0x00000000ee200000| PB 0x00000000ee200000| Untracked |  0
| 227|0x00000000ee300000, 0x00000000ee300000, 0x00000000ee400000|  0%| F|  |TAMS 0x00000000ee300000| PB 0x00000000ee300000| Untracked |  0
| 228|0x00000000ee400000, 0x00000000ee500000, 0x00000000ee500000|100%| E|  |TAMS 0x00000000ee400000| PB 0x00000000ee400000| Complete |  0
| 229|0x00000000ee500000, 0x00000000ee600000, 0x00000000ee600000|100%| E|CS|TAMS 0x00000000ee500000| PB 0x00000000ee500000| Complete |  0
| 230|0x00000000ee600000, 0x00000000ee700000, 0x00000000ee700000|100%| E|CS|TAMS 0x00000000ee600000| PB 0x00000000ee600000| Complete |  0
| 231|0x00000000ee700000, 0x00000000ee800000, 0x00000000ee800000|100%| E|CS|TAMS 0x00000000ee700000| PB 0x00000000ee700000| Complete |  0
| 232|0x00000000ee800000, 0x00000000ee900000, 0x00000000ee900000|100%| E|  |TAMS 0x00000000ee800000| PB 0x00000000ee800000| Complete |  0
| 233|0x00000000ee900000, 0x00000000eea00000, 0x00000000eea00000|100%| E|CS|TAMS 0x00000000ee900000| PB 0x00000000ee900000| Complete |  0
| 234|0x00000000eea00000, 0x00000000eeb00000, 0x00000000eeb00000|100%| E|CS|TAMS 0x00000000eea00000| PB 0x00000000eea00000| Complete |  0
| 235|0x00000000eeb00000, 0x00000000eec00000, 0x00000000eec00000|100%| E|CS|TAMS 0x00000000eeb00000| PB 0x00000000eeb00000| Complete |  0
| 236|0x00000000eec00000, 0x00000000eed00000, 0x00000000eed00000|100%| E|CS|TAMS 0x00000000eec00000| PB 0x00000000eec00000| Complete |  0
| 237|0x00000000eed00000, 0x00000000eee00000, 0x00000000eee00000|100%| E|CS|TAMS 0x00000000eed00000| PB 0x00000000eed00000| Complete |  0
| 238|0x00000000eee00000, 0x00000000eef00000, 0x00000000eef00000|100%| E|CS|TAMS 0x00000000eee00000| PB 0x00000000eee00000| Complete |  0
| 239|0x00000000eef00000, 0x00000000ef000000, 0x00000000ef000000|100%| E|CS|TAMS 0x00000000eef00000| PB 0x00000000eef00000| Complete |  0
| 240|0x00000000ef000000, 0x00000000ef100000, 0x00000000ef100000|100%| E|CS|TAMS 0x00000000ef000000| PB 0x00000000ef000000| Complete |  0
| 241|0x00000000ef100000, 0x00000000ef200000, 0x00000000ef200000|100%| E|CS|TAMS 0x00000000ef100000| PB 0x00000000ef100000| Complete |  0
| 242|0x00000000ef200000, 0x00000000ef300000, 0x00000000ef300000|100%| E|CS|TAMS 0x00000000ef200000| PB 0x00000000ef200000| Complete |  0
| 243|0x00000000ef300000, 0x00000000ef400000, 0x00000000ef400000|100%| E|CS|TAMS 0x00000000ef300000| PB 0x00000000ef300000| Complete |  0
| 244|0x00000000ef400000, 0x00000000ef500000, 0x00000000ef500000|100%| E|CS|TAMS 0x00000000ef400000| PB 0x00000000ef400000| Complete |  0
| 245|0x00000000ef500000, 0x00000000ef600000, 0x00000000ef600000|100%| E|CS|TAMS 0x00000000ef500000| PB 0x00000000ef500000| Complete |  0
| 246|0x00000000ef600000, 0x00000000ef700000, 0x00000000ef700000|100%| E|CS|TAMS 0x00000000ef600000| PB 0x00000000ef600000| Complete |  0
| 247|0x00000000ef700000, 0x00000000ef800000, 0x00000000ef800000|100%| E|CS|TAMS 0x00000000ef700000| PB 0x00000000ef700000| Complete |  0
| 248|0x00000000ef800000, 0x00000000ef900000, 0x00000000ef900000|100%| E|CS|TAMS 0x00000000ef800000| PB 0x00000000ef800000| Complete |  0
| 249|0x00000000ef900000, 0x00000000efa00000, 0x00000000efa00000|100%| E|CS|TAMS 0x00000000ef900000| PB 0x00000000ef900000| Complete |  0
| 250|0x00000000efa00000, 0x00000000efb00000, 0x00000000efb00000|100%| E|CS|TAMS 0x00000000efa00000| PB 0x00000000efa00000| Complete |  0
| 251|0x00000000efb00000, 0x00000000efc00000, 0x00000000efc00000|100%| E|CS|TAMS 0x00000000efb00000| PB 0x00000000efb00000| Complete |  0
| 252|0x00000000efc00000, 0x00000000efd00000, 0x00000000efd00000|100%| E|CS|TAMS 0x00000000efc00000| PB 0x00000000efc00000| Complete |  0
| 253|0x00000000efd00000, 0x00000000efe00000, 0x00000000efe00000|100%| E|CS|TAMS 0x00000000efd00000| PB 0x00000000efd00000| Complete |  0
| 254|0x00000000efe00000, 0x00000000eff00000, 0x00000000eff00000|100%| E|CS|TAMS 0x00000000efe00000| PB 0x00000000efe00000| Complete |  0
| 255|0x00000000eff00000, 0x00000000f0000000, 0x00000000f0000000|100%| E|CS|TAMS 0x00000000eff00000| PB 0x00000000eff00000| Complete |  0
| 510|0x00000000ffe00000, 0x00000000fff00000, 0x00000000fff00000|100%| O|  |TAMS 0x00000000ffe00000| PB 0x00000000ffe00000| Untracked |  0
| 511|0x00000000fff00000, 0x00000000fff25608, 0x0000000100000000| 14%| O|  |TAMS 0x00000000fff00000| PB 0x00000000fff00000| Untracked |  0

Card table byte_map: [0x000001804c5a0000,0x000001804c6a0000] _byte_map_base: 0x000001804bea0000

Marking Bits: (CMBitMap*) 0x00000180342ba8a0
 Bits: [0x000001804c6a0000, 0x000001804cea0000)

Polling page: 0x00000180320f0000

Metaspace:
Metaspace        used 19196K, committed 19712K, reserved 393216K
 class space     used 1904K, committed 2112K, reserved 327680K

Usage:
  Non-class:     16.89 MB used.
      Class:      1.86 MB used.
       Both:     18.75 MB used.

Virtual space:
  Non-class space:       64.00 MB reserved,      17.19 MB ( 27%) committed,  1 nodes.
      Class space:      320.00 MB reserved,       2.06 MB ( <1%) committed,  1 nodes.
             Both:      384.00 MB reserved,      19.25 MB (  5%) committed. 

Chunk freelists:
   Non-Class:  14.42 MB
       Class:  13.82 MB
        Both:  28.24 MB

MaxMetaspaceSize: 384.00 MB
CompressedClassSpaceSize: 320.00 MB
Initial GC threshold: 21.00 MB
Current GC threshold: 21.00 MB
CDS: on
 - commit_granule_bytes: 65536.
 - commit_granule_words: 8192.
 - virtual_space_node_default_size: 8388608.
 - enlarge_chunks_in_place: 1.
UseCompressedClassPointers 1, UseCompactObjectHeaders 0
Narrow klass pointer bits 32, Max shift 3
Narrow klass base: 0x0000000026000000, Narrow klass shift: 0
Encoding Range: [0x0000000026000000 - 0x0000000126000000), (4294967296 bytes)
Klass Range:    [0x0000000026010000 - 0x000000003b000000), (352256000 bytes)
Klass ID Range:  [65536 - 352321529) (352255993)
Protection zone: [0x0000000026000000 - 0x0000000026010000), (65536 bytes)


Internal statistics:

num_allocs_failed_limit: 0.
num_arena_births: 660.
num_arena_deaths: 0.
num_vsnodes_births: 2.
num_vsnodes_deaths: 0.
num_space_committed: 308.
num_space_uncommitted: 0.
num_chunks_returned_to_freelist: 0.
num_chunks_taken_from_freelist: 1329.
num_chunk_merges: 0.
num_chunk_splits: 886.
num_chunks_enlarged: 618.
num_inconsistent_stats: 0.

CodeHeap 'non-profiled nmethods': size=119232Kb used=1192Kb max_used=1192Kb free=118039Kb
 bounds [0x00000180446a0000, 0x0000018044910000, 0x000001804bb10000]
CodeHeap 'profiled nmethods': size=119104Kb used=5394Kb max_used=5394Kb free=113710Kb
 bounds [0x000001803cb10000, 0x000001803d060000, 0x0000018043f60000]
CodeHeap 'non-nmethods': size=7424Kb used=3186Kb max_used=3340Kb free=4237Kb
 bounds [0x0000018043f60000, 0x00000180442c0000, 0x00000180446a0000]
CodeCache: size=245760Kb, used=9772Kb, max_used=9926Kb, free=235986Kb
 total_blobs=4003, nmethods=3381, adapters=521, full_count=0
Compilation: enabled, stopped_count=0, restarted_count=0

Compilation events (20 events):
Event: 2.440 Thread 0x000001804fe0b3e0 3315       4       jdk.internal.classfile.impl.DirectCodeBuilder::aload (32 bytes)
Event: 2.444 Thread 0x000001804fe0b3e0 nmethod 3315 0x00000180447b7d88 code [0x00000180447b7e80, 0x00000180447b84a0]
Event: 2.444 Thread 0x000001804fe0b3e0 3319       4       jdk.internal.classfile.impl.SplitConstantPool::nameAndTypeEntry (7 bytes)
Event: 2.460 Thread 0x00000180540388e0 3349       3       java.lang.invoke.DirectMethodHandle::makeAllocator (132 bytes)
Event: 2.460 Thread 0x00000180540388e0 nmethod 3349 0x000001803d048f08 code [0x000001803d049000, 0x000001803d0496d8]
Event: 2.465 Thread 0x000001804fe0b3e0 nmethod 3319 0x00000180447b8508 code [0x00000180447b8620, 0x00000180447b9780]
Event: 2.465 Thread 0x000001804fe0b3e0 3320       4       jdk.internal.classfile.impl.SplitConstantPool::nameAndTypeEntry (60 bytes)
Event: 2.471 Thread 0x000001805403a920 3350       1       org.gradle.internal.logging.events.CategorisedOutputEvent::getCategory (5 bytes)
Event: 2.471 Thread 0x000001804fe13160 3351       1       org.gradle.internal.logging.events.CategorisedOutputEvent::getTimestamp (5 bytes)
Event: 2.471 Thread 0x000001805403a920 nmethod 3350 0x00000180447b9808 code [0x00000180447b9900, 0x00000180447b99c8]
Event: 2.471 Thread 0x000001804fe13160 nmethod 3351 0x00000180447b9b08 code [0x00000180447b9c00, 0x00000180447b9cc8]
Event: 2.472 Thread 0x000001804fe13160 3352       3       java.util.ImmutableCollections$List12::<init> (21 bytes)
Event: 2.472 Thread 0x000001804fe13160 nmethod 3352 0x000001803d049708 code [0x000001803d049800, 0x000001803d049dc8]
Event: 2.485 Thread 0x000001804fe0b3e0 nmethod 3320 0x00000180447b9e08 code [0x00000180447b9f20, 0x00000180447bb070]
Event: 2.485 Thread 0x000001804fe0b3e0 3336       4       java.lang.invoke.InvokerBytecodeGenerator::emitImplicitConversion (166 bytes)
Event: 2.508 Thread 0x00000180540390f0 3354       3       org.gradle.initialization.MixInLegacyTypesClassLoader::shouldTransform (42 bytes)
Event: 2.508 Thread 0x00000180540388e0 3353   !   3       org.gradle.internal.classloader.TransformingClassLoader::findClass (203 bytes)
Event: 2.508 Thread 0x00000180540390f0 nmethod 3354 0x000001803d049e08 code [0x000001803d049f00, 0x000001803d04a2f8]
Event: 2.531 Thread 0x000001804fe13160 3356       3       jdk.internal.misc.Unsafe::putReferenceOpaque (9 bytes)
Event: 2.553 Thread 0x00000180540390f0 3357       3       java.util.concurrent.locks.LockSupport::setBlocker (12 bytes)

GC Heap Usage History (4 events):
Event: 0.776 {heap Before GC invocations=0 (full 0):
 garbage-first heap   total reserved 524288K, committed 264192K, used 53397K [0x00000000e0000000, 0x0000000100000000)
  region size 1024K, 47 young (48128K), 0 survivors (0K)
}
Event: 0.779 {heap After GC invocations=1 (full 0):
 garbage-first heap   total reserved 524288K, committed 264192K, used 12091K [0x00000000e0000000, 0x0000000100000000)
  region size 1024K, 6 young (6144K), 6 survivors (6144K)
}
Event: 2.151 {heap Before GC invocations=1 (full 0):
 garbage-first heap   total reserved 524288K, committed 264192K, used 122683K [0x00000000e0000000, 0x0000000100000000)
  region size 1024K, 112 young (114688K), 6 survivors (6144K)
}
Event: 2.156 {heap After GC invocations=2 (full 0):
 garbage-first heap   total reserved 524288K, committed 264192K, used 22149K [0x00000000e0000000, 0x0000000100000000)
  region size 1024K, 14 young (14336K), 14 survivors (14336K)
}

Metaspace Usage History (4 events):
Event: 0.776 {metaspace Before GC invocations=0 (full 0):
 Metaspace       used 4611K, committed 4800K, reserved 393216K
  class space    used 391K, committed 448K, reserved 327680K
}
Event: 0.779 {metaspace After GC invocations=1 (full 0):
 Metaspace       used 4611K, committed 4800K, reserved 393216K
  class space    used 391K, committed 448K, reserved 327680K
}
Event: 2.151 {metaspace Before GC invocations=1 (full 0):
 Metaspace       used 14620K, committed 15040K, reserved 393216K
  class space    used 1472K, committed 1664K, reserved 327680K
}
Event: 2.156 {metaspace After GC invocations=2 (full 0):
 Metaspace       used 14620K, committed 15040K, reserved 393216K
  class space    used 1472K, committed 1664K, reserved 327680K
}

Dll operation events (14 events):
Event: 0.008 Loaded shared library C:\Program Files\Java\jdk-25\bin\java.dll
Event: 0.054 Loaded shared library C:\Program Files\Java\jdk-25\bin\zip.dll
Event: 0.056 Loaded shared library C:\Program Files\Java\jdk-25\bin\instrument.dll
Event: 0.058 Loaded shared library C:\Program Files\Java\jdk-25\bin\net.dll
Event: 0.060 Loaded shared library C:\Program Files\Java\jdk-25\bin\nio.dll
Event: 0.062 Loaded shared library C:\Program Files\Java\jdk-25\bin\zip.dll
Event: 0.322 Loaded shared library C:\Program Files\Java\jdk-25\bin\jimage.dll
Event: 0.511 Loaded shared library C:\Program Files\Java\jdk-25\bin\verify.dll
Event: 0.528 Loaded shared library C:\Users\Sanjay\.gradle\native\660c5614fbf4a5f2a75b1949f50a0caf5cd603558e7d8a26e50b933a0cfb79d1\windows-amd64\native-platform.dll
Event: 0.536 Loaded shared library C:\Users\Sanjay\.gradle\native\0.2.8\x86_64-windows-gnu\gradle-fileevents.dll
Event: 1.439 Loaded shared library C:\Program Files\Java\jdk-25\bin\management.dll
Event: 1.441 Loaded shared library C:\Program Files\Java\jdk-25\bin\management_ext.dll
Event: 1.546 Loaded shared library C:\Program Files\Java\jdk-25\bin\extnet.dll
Event: 1.748 Loaded shared library C:\Program Files\Java\jdk-25\bin\sunmscapi.dll

Deoptimization events (20 events):
Event: 2.201 Thread 0x0000018055234910 Uncommon trap: trap_request=0xffffffde fr.pc=0x00000180447429f4 relative=0x00000000000002f4
Event: 2.201 Thread 0x0000018055234910 Uncommon trap: reason=class_check action=maybe_recompile pc=0x00000180447429f4 method=java.util.regex.Pattern$BmpCharPropertyGreedy.match(Ljava/util/regex/Matcher;ILjava/lang/CharSequence;)Z @ 26 c2
Event: 2.201 Thread 0x0000018055234910 DEOPT PACKING pc=0x00000180447429f4 sp=0x0000007bb92fbe10
Event: 2.201 Thread 0x0000018055234910 DEOPT UNPACKING pc=0x0000018044080d02 sp=0x0000007bb92fbdc8 mode 2
Event: 2.221 Thread 0x0000018055234910 Uncommon trap: trap_request=0xffffff45 fr.pc=0x00000180446d378c relative=0x000000000000040c
Event: 2.221 Thread 0x0000018055234910 Uncommon trap: reason=unstable_if action=reinterpret pc=0x00000180446d378c method=java.util.regex.Matcher.match(II)Z @ 76 c2
Event: 2.221 Thread 0x0000018055234910 DEOPT PACKING pc=0x00000180446d378c sp=0x0000007bb92fb040
Event: 2.221 Thread 0x0000018055234910 DEOPT UNPACKING pc=0x0000018044080d02 sp=0x0000007bb92faff8 mode 2
Event: 2.266 Thread 0x0000018055234910 Uncommon trap: trap_request=0xffffff45 fr.pc=0x00000180446c5698 relative=0x0000000000000b18
Event: 2.266 Thread 0x0000018055234910 Uncommon trap: reason=unstable_if action=reinterpret pc=0x00000180446c5698 method=java.io.WinNTFileSystem.resolve(Ljava/lang/String;Ljava/lang/String;)Ljava/lang/String; @ 42 c2
Event: 2.266 Thread 0x0000018055234910 DEOPT PACKING pc=0x00000180446c5698 sp=0x0000007bb92fb670
Event: 2.266 Thread 0x0000018055234910 DEOPT UNPACKING pc=0x0000018044080d02 sp=0x0000007bb92fb5e8 mode 2
Event: 2.268 Thread 0x0000018055234910 Uncommon trap: trap_request=0xffffff45 fr.pc=0x00000180446cda40 relative=0x0000000000000540
Event: 2.268 Thread 0x0000018055234910 Uncommon trap: reason=unstable_if action=reinterpret pc=0x00000180446cda40 method=java.io.File.getName()Ljava/lang/String; @ 16 c2
Event: 2.268 Thread 0x0000018055234910 DEOPT PACKING pc=0x00000180446cda40 sp=0x0000007bb92fb640
Event: 2.268 Thread 0x0000018055234910 DEOPT UNPACKING pc=0x0000018044080d02 sp=0x0000007bb92fb610 mode 2
Event: 2.318 Thread 0x0000018055234910 Uncommon trap: trap_request=0xffffff45 fr.pc=0x00000180446c7cdc relative=0x00000000000000dc
Event: 2.318 Thread 0x0000018055234910 Uncommon trap: reason=unstable_if action=reinterpret pc=0x00000180446c7cdc method=java.util.HashMap.hash(Ljava/lang/Object;)I @ 1 c2
Event: 2.318 Thread 0x0000018055234910 DEOPT PACKING pc=0x00000180446c7cdc sp=0x0000007bb92fc460
Event: 2.318 Thread 0x0000018055234910 DEOPT UNPACKING pc=0x0000018044080d02 sp=0x0000007bb92fc3a0 mode 2

Classes loaded (20 events):
Event: 2.380 Loading class java/lang/invoke/BoundMethodHandle$Species_LLLLLLLLLLLLLLLLL
Event: 2.380 Loading class java/lang/invoke/BoundMethodHandle$Species_LLLLLLLLLLLLLLLLL done
Event: 2.381 Loading class java/lang/invoke/BoundMethodHandle$Species_LLLLLLLLLLLLLLLLLL
Event: 2.381 Loading class java/lang/invoke/BoundMethodHandle$Species_LLLLLLLLLLLLLLLLLL done
Event: 2.382 Loading class java/lang/invoke/BoundMethodHandle$Species_LLLLLLLLLLLLLLLLLLL
Event: 2.382 Loading class java/lang/invoke/BoundMethodHandle$Species_LLLLLLLLLLLLLLLLLLL done
Event: 2.384 Loading class java/lang/invoke/BoundMethodHandle$Species_LLLLLLLLLLLLLLLLLLLL
Event: 2.384 Loading class java/lang/invoke/BoundMethodHandle$Species_LLLLLLLLLLLLLLLLLLLL done
Event: 2.385 Loading class java/lang/invoke/BoundMethodHandle$Species_LLLLLLLLLLLLLLLLLLLLL
Event: 2.385 Loading class java/lang/invoke/BoundMethodHandle$Species_LLLLLLLLLLLLLLLLLLLLL done
Event: 2.386 Loading class java/lang/invoke/BoundMethodHandle$Species_LLLLLLLLLLLLLLLLLLLLLL
Event: 2.386 Loading class java/lang/invoke/BoundMethodHandle$Species_LLLLLLLLLLLLLLLLLLLLLL done
Event: 2.388 Loading class java/lang/invoke/BoundMethodHandle$Species_LLLLLLLLLLLLLLLLLLLLLLL
Event: 2.388 Loading class java/lang/invoke/BoundMethodHandle$Species_LLLLLLLLLLLLLLLLLLLLLLL done
Event: 2.458 Loading class java/lang/management/MemoryType
Event: 2.459 Loading class java/lang/management/MemoryType done
Event: 2.459 Loading class java/lang/management/MemoryUsage
Event: 2.459 Loading class java/lang/management/MemoryUsage done
Event: 2.459 Loading class java/util/concurrent/LinkedBlockingDeque$Node
Event: 2.459 Loading class java/util/concurrent/LinkedBlockingDeque$Node done

Classes unloaded (0 events):
No events

Classes redefined (0 events):
No events

Internal exceptions (20 events):
Event: 2.260 Thread 0x0000018055234910 Exception <a 'java/lang/NoSuchMethodError'{0x00000000ef73e7c0}: 'java.lang.Object java.lang.invoke.Invokers$Holder.invoker(java.lang.Object, java.lang.Object)'> (0x00000000ef73e7c0) 
thrown [s\open\src\hotspot\share\interpreter\linkResolver.cpp, line 804]
Event: 2.263 Thread 0x0000018055234910 Exception <a 'java/lang/NoSuchMethodError'{0x00000000ef7c5778}: 'java.lang.Object java.lang.invoke.DirectMethodHandle$Holder.invokeVirtual(java.lang.Object, java.lang.Object, java.lang.Object, java.lang.Object, java.lang.Object, java.lang.Object, java.lang.Object, java.lang.Object, java.lang.Object, java.lang.Object)'> (0x00000000ef7c5778) 
thrown [s\open\src\hotspot\share\interpreter\linkResolver.cpp, line 804]
Event: 2.274 Thread 0x0000018055234910 Exception <a 'java/lang/NoSuchMethodError'{0x00000000ef684380}: 'void java.lang.invoke.DirectMethodHandle$Holder.invokeStatic(java.lang.Object, java.lang.Object, java.lang.Object, java.lang.Object)'> (0x00000000ef684380) 
thrown [s\open\src\hotspot\share\interpreter\linkResolver.cpp, line 804]
Event: 2.274 Thread 0x0000018055234910 Exception <a 'java/lang/NoSuchMethodError'{0x00000000ef68cd88}: 'void java.lang.invoke.DirectMethodHandle$Holder.invokeStaticInit(java.lang.Object, java.lang.Object, java.lang.Object, java.lang.Object)'> (0x00000000ef68cd88) 
thrown [s\open\src\hotspot\share\interpreter\linkResolver.cpp, line 804]
Event: 2.281 Thread 0x0000018055234910 Exception <a 'java/lang/NoSuchMethodError'{0x00000000ef6e9e78}: 'java.lang.Object java.lang.invoke.DirectMethodHandle$Holder.invokeInterface(java.lang.Object, java.lang.Object, java.lang.Object)'> (0x00000000ef6e9e78) 
thrown [s\open\src\hotspot\share\interpreter\linkResolver.cpp, line 804]
Event: 2.298 Thread 0x0000018055234910 Exception <a 'java/lang/NoSuchMethodError'{0x00000000ef41de70}: 'int java.lang.invoke.DirectMethodHandle$Holder.invokeSpecialIFC(java.lang.Object, java.lang.Object, java.lang.Object, java.lang.Object)'> (0x00000000ef41de70) 
thrown [s\open\src\hotspot\share\interpreter\linkResolver.cpp, line 804]
Event: 2.300 Thread 0x0000018055234910 Exception <a 'java/lang/IncompatibleClassChangeError'{0x00000000ef444830}: Found class java.lang.Object, but interface was expected> (0x00000000ef444830) 
thrown [s\open\src\hotspot\share\interpreter\linkResolver.cpp, line 871]
Event: 2.318 Thread 0x0000018055234910 Implicit null exception at 0x00000180446c7c36 to 0x00000180446c7cd2
Event: 2.372 Thread 0x0000018055234910 Exception <a 'java/lang/NoSuchMethodError'{0x00000000ef05d808}: 'java.lang.Object java.lang.invoke.DelegatingMethodHandle$Holder.reinvoke_L(java.lang.Object, java.lang.Object, java.lang.Object, java.lang.Object, java.lang.Object, java.lang.Object, java.lang.Object, java.lang.Object, java.lang.Object, java.lang.Object, java.lang.Object, java.lang.Object, java.lang.Object, java.lang.Object, java.lang.Object, java.lang.Object, java.lang.Object, java.lang.Object, java.lang.Object, java.lang.Object, java.lang.O
Event: 2.376 Thread 0x0000018055234910 Exception <a 'java/lang/NoSuchMethodError'{0x00000000eef0e838}: 'java.lang.Object java.lang.invoke.DirectMethodHandle$Holder.invokeStatic(java.lang.Object, java.lang.Object, java.lang.Object, java.lang.Object, java.lang.Object, java.lang.Object, java.lang.Object, java.lang.Object, java.lang.Object, java.lang.Object, java.lang.Object, java.lang.Object, java.lang.Object, java.lang.Object, java.lang.Object, java.lang.Object, java.lang.Object)'> (0x00000000eef0e838) 
thrown [s\open\src\hotspot\share\interprete
Event: 2.377 Thread 0x0000018055234910 Exception <a 'java/lang/NoSuchMethodError'{0x00000000eef40838}: 'java.lang.Object java.lang.invoke.DirectMethodHandle$Holder.invokeStatic(java.lang.Object, java.lang.Object, java.lang.Object, java.lang.Object, java.lang.Object, java.lang.Object, java.lang.Object, java.lang.Object, java.lang.Object, java.lang.Object, java.lang.Object, java.lang.Object, java.lang.Object, java.lang.Object, java.lang.Object, java.lang.Object, java.lang.Object, java.lang.Object)'> (0x00000000eef40838) 
thrown [s\open\src\hotspo
Event: 2.379 Thread 0x0000018055234910 Exception <a 'java/lang/NoSuchMethodError'{0x00000000eef74020}: 'java.lang.Object java.lang.invoke.DirectMethodHandle$Holder.invokeStatic(java.lang.Object, java.lang.Object, java.lang.Object, java.lang.Object, java.lang.Object, java.lang.Object, java.lang.Object, java.lang.Object, java.lang.Object, java.lang.Object, java.lang.Object, java.lang.Object, java.lang.Object, java.lang.Object, java.lang.Object, java.lang.Object, java.lang.Object, java.lang.Object, java.lang.Object)'> (0x00000000eef74020) 
thrown 
Event: 2.380 Thread 0x0000018055234910 Exception <a 'java/lang/NoSuchMethodError'{0x00000000eefa8258}: 'java.lang.Object java.lang.invoke.DirectMethodHandle$Holder.invokeStatic(java.lang.Object, java.lang.Object, java.lang.Object, java.lang.Object, java.lang.Object, java.lang.Object, java.lang.Object, java.lang.Object, java.lang.Object, java.lang.Object, java.lang.Object, java.lang.Object, java.lang.Object, java.lang.Object, java.lang.Object, java.lang.Object, java.lang.Object, java.lang.Object, java.lang.Object, java.lang.Object)'> (0x00000000
Event: 2.382 Thread 0x0000018055234910 Exception <a 'java/lang/NoSuchMethodError'{0x00000000eefddf38}: 'java.lang.Object java.lang.invoke.DirectMethodHandle$Holder.invokeStatic(java.lang.Object, java.lang.Object, java.lang.Object, java.lang.Object, java.lang.Object, java.lang.Object, java.lang.Object, java.lang.Object, java.lang.Object, java.lang.Object, java.lang.Object, java.lang.Object, java.lang.Object, java.lang.Object, java.lang.Object, java.lang.Object, java.lang.Object, java.lang.Object, java.lang.Object, java.lang.Object, java.lang.Obj
Event: 2.383 Thread 0x0000018055234910 Exception <a 'java/lang/NoSuchMethodError'{0x00000000eee13f38}: 'java.lang.Object java.lang.invoke.DirectMethodHandle$Holder.invokeStatic(java.lang.Object, java.lang.Object, java.lang.Object, java.lang.Object, java.lang.Object, java.lang.Object, java.lang.Object, java.lang.Object, java.lang.Object, java.lang.Object, java.lang.Object, java.lang.Object, java.lang.Object, java.lang.Object, java.lang.Object, java.lang.Object, java.lang.Object, java.lang.Object, java.lang.Object, java.lang.Object, java.lang.Obj
Event: 2.384 Thread 0x0000018055234910 Exception <a 'java/lang/NoSuchMethodError'{0x00000000eee4a938}: 'java.lang.Object java.lang.invoke.DirectMethodHandle$Holder.invokeStatic(java.lang.Object, java.lang.Object, java.lang.Object, java.lang.Object, java.lang.Object, java.lang.Object, java.lang.Object, java.lang.Object, java.lang.Object, java.lang.Object, java.lang.Object, java.lang.Object, java.lang.Object, java.lang.Object, java.lang.Object, java.lang.Object, java.lang.Object, java.lang.Object, java.lang.Object, java.lang.Object, java.lang.Obj
Event: 2.386 Thread 0x0000018055234910 Exception <a 'java/lang/NoSuchMethodError'{0x00000000eee82488}: 'java.lang.Object java.lang.invoke.DirectMethodHandle$Holder.invokeStatic(java.lang.Object, java.lang.Object, java.lang.Object, java.lang.Object, java.lang.Object, java.lang.Object, java.lang.Object, java.lang.Object, java.lang.Object, java.lang.Object, java.lang.Object, java.lang.Object, java.lang.Object, java.lang.Object, java.lang.Object, java.lang.Object, java.lang.Object, java.lang.Object, java.lang.Object, java.lang.Object, java.lang.Obj
Event: 2.387 Thread 0x0000018055234910 Exception <a 'java/lang/NoSuchMethodError'{0x00000000eeebb1a0}: 'java.lang.Object java.lang.invoke.DirectMethodHandle$Holder.invokeStatic(java.lang.Object, java.lang.Object, java.lang.Object, java.lang.Object, java.lang.Object, java.lang.Object, java.lang.Object, java.lang.Object, java.lang.Object, java.lang.Object, java.lang.Object, java.lang.Object, java.lang.Object, java.lang.Object, java.lang.Object, java.lang.Object, java.lang.Object, java.lang.Object, java.lang.Object, java.lang.Object, java.lang.Obj
Event: 2.388 Thread 0x0000018055234910 Exception <a 'java/lang/NoSuchMethodError'{0x00000000eeef5638}: 'java.lang.Object java.lang.invoke.DirectMethodHandle$Holder.invokeStatic(java.lang.Object, java.lang.Object, java.lang.Object, java.lang.Object, java.lang.Object, java.lang.Object, java.lang.Object, java.lang.Object, java.lang.Object, java.lang.Object, java.lang.Object, java.lang.Object, java.lang.Object, java.lang.Object, java.lang.Object, java.lang.Object, java.lang.Object, java.lang.Object, java.lang.Object, java.lang.Object, java.lang.Obj
Event: 2.417 Thread 0x0000018055234910 Exception <a 'java/lang/IncompatibleClassChangeError'{0x00000000eec02818}: Found class java.lang.Object, but interface was expected> (0x00000000eec02818) 
thrown [s\open\src\hotspot\share\interpreter\linkResolver.cpp, line 871]

VM Operations (20 events):
Event: 1.456 Executing non-safepoint VM operation: HandshakeAllThreads (Deoptimize)
Event: 1.456 Executing non-safepoint VM operation: HandshakeAllThreads (Deoptimize) done
Event: 1.510 Executing non-safepoint VM operation: HandshakeAllThreads (Deoptimize)
Event: 1.510 Executing non-safepoint VM operation: HandshakeAllThreads (Deoptimize) done
Event: 1.577 Executing non-safepoint VM operation: HandshakeAllThreads (Deoptimize)
Event: 1.577 Executing non-safepoint VM operation: HandshakeAllThreads (Deoptimize) done
Event: 1.618 Executing non-safepoint VM operation: HandshakeAllThreads (Deoptimize)
Event: 1.618 Executing non-safepoint VM operation: HandshakeAllThreads (Deoptimize) done
Event: 1.641 Executing non-safepoint VM operation: HandshakeAllThreads (Deoptimize)
Event: 1.641 Executing non-safepoint VM operation: HandshakeAllThreads (Deoptimize) done
Event: 1.732 Executing non-safepoint VM operation: HandshakeAllThreads (Deoptimize)
Event: 1.732 Executing non-safepoint VM operation: HandshakeAllThreads (Deoptimize) done
Event: 2.052 Executing non-safepoint VM operation: HandshakeAllThreads (Deoptimize)
Event: 2.052 Executing non-safepoint VM operation: HandshakeAllThreads (Deoptimize) done
Event: 2.151 Executing safepoint VM operation: G1CollectForAllocation (G1 Evacuation Pause)
Event: 2.156 Executing safepoint VM operation: G1CollectForAllocation (G1 Evacuation Pause) done
Event: 2.396 Executing non-safepoint VM operation: HandshakeAllThreads (Deoptimize)
Event: 2.396 Executing non-safepoint VM operation: HandshakeAllThreads (Deoptimize) done
Event: 2.397 Executing non-safepoint VM operation: HandshakeAllThreads (Deoptimize)
Event: 2.397 Executing non-safepoint VM operation: HandshakeAllThreads (Deoptimize) done

Memory protections (0 events):
No events

Nmethod flushes (0 events):
No events

Events (20 events):
Event: 0.321 Thread 0x000001805403b940 Thread added: 0x000001805403b130
Event: 0.405 Thread 0x000001805403a920 Thread added: 0x00000180540390f0
Event: 0.445 Thread 0x000001805403b130 Thread exited: 0x000001805403b130
Event: 1.127 Thread 0x000001805403b940 Thread exited: 0x000001805403b940
Event: 1.127 Thread 0x000001805403c960 Thread exited: 0x000001805403c960
Event: 1.393 Thread 0x000001804fe13160 Thread added: 0x000001805403e190
Event: 1.458 Thread 0x000001803428cb50 Thread added: 0x0000018055bb8420
Event: 1.531 Thread 0x00000180540388e0 Thread added: 0x000001805403c960
Event: 1.665 Thread 0x000001803428cb50 Thread added: 0x0000018055fcc5d0
Event: 1.734 Thread 0x000001803428cb50 Thread added: 0x0000018055ff3230
Event: 1.768 Thread 0x0000018055fcc5d0 Thread added: 0x0000018055cbb460
Event: 1.770 Thread 0x0000018055cbb460 Thread added: 0x0000018055ccc880
Event: 1.827 Thread 0x0000018055cbb460 Thread added: 0x0000018055237fc0
Event: 1.834 Thread 0x0000018055cbb460 Thread added: 0x0000018055234910
Event: 1.842 Thread 0x0000018055234910 Thread added: 0x0000018055239730
Event: 1.858 Thread 0x0000018055234910 Thread added: 0x0000018055238f60
Event: 1.863 Thread 0x0000018055234910 Thread added: 0x000001804fe08170
Event: 2.204 Thread 0x0000018055234910 Thread added: 0x0000018055e43970
Event: 2.211 Thread 0x0000018055234910 Thread added: 0x0000018055e44910
Event: 2.253 Thread 0x0000018055234910 Thread added: 0x0000018055e46080


Dynamic libraries:
0x00007ff60c150000 - 0x00007ff60c160000 	C:\Program Files\Java\jdk-25\bin\java.exe
0x00007ff944560000 - 0x00007ff9447c7000 	C:\Windows\SYSTEM32\ntdll.dll
0x00007ff943160000 - 0x00007ff943229000 	C:\Windows\System32\KERNEL32.DLL
0x00007ff941970000 - 0x00007ff941d5f000 	C:\Windows\System32\KERNELBASE.dll
0x00007ff941f10000 - 0x00007ff94205b000 	C:\Windows\System32\ucrtbase.dll
0x00007ff934b50000 - 0x00007ff934b67000 	C:\Program Files\Java\jdk-25\bin\jli.dll
0x00007ff92df50000 - 0x00007ff92df6e000 	C:\Program Files\Java\jdk-25\bin\VCRUNTIME140.dll
0x00007ff942dd0000 - 0x00007ff942f95000 	C:\Windows\System32\USER32.dll
0x00007ff941d70000 - 0x00007ff941d97000 	C:\Windows\System32\win32u.dll
0x00007ff928130000 - 0x00007ff9283c3000 	C:\Windows\WinSxS\amd64_microsoft.windows.common-controls_6595b64144ccf1df_6.0.26100.7309_none_3e05feeae336a044\COMCTL32.dll
0x00007ff942490000 - 0x00007ff9424bb000 	C:\Windows\System32\GDI32.dll
0x00007ff943230000 - 0x00007ff9432d9000 	C:\Windows\System32\msvcrt.dll
0x00007ff9421d0000 - 0x00007ff9422fc000 	C:\Windows\System32\gdi32full.dll
0x00007ff941da0000 - 0x00007ff941e43000 	C:\Windows\System32\msvcp_win.dll
0x00007ff943b00000 - 0x00007ff943b31000 	C:\Windows\System32\IMM32.DLL
0x00007ff92e000000 - 0x00007ff92e00c000 	C:\Program Files\Java\jdk-25\bin\vcruntime140_1.dll
0x00007ff90da50000 - 0x00007ff90dadd000 	C:\Program Files\Java\jdk-25\bin\msvcp140.dll
0x00007ff8c9480000 - 0x00007ff8ca2df000 	C:\Program Files\Java\jdk-25\bin\server\jvm.dll
0x00007ff9430a0000 - 0x00007ff943154000 	C:\Windows\System32\ADVAPI32.dll
0x00007ff943b40000 - 0x00007ff943be6000 	C:\Windows\System32\sechost.dll
0x00007ff942cb0000 - 0x00007ff942dc8000 	C:\Windows\System32\RPCRT4.dll
0x00007ff942300000 - 0x00007ff942374000 	C:\Windows\System32\WS2_32.dll
0x00007ff941510000 - 0x00007ff94156e000 	C:\Windows\SYSTEM32\POWRPROF.dll
0x00007ff9302c0000 - 0x00007ff9302f5000 	C:\Windows\SYSTEM32\WINMM.dll
0x00007ff93aad0000 - 0x00007ff93aadb000 	C:\Windows\SYSTEM32\VERSION.dll
0x00007ff9414f0000 - 0x00007ff941504000 	C:\Windows\SYSTEM32\UMPDC.dll
0x00007ff940460000 - 0x00007ff94047b000 	C:\Windows\SYSTEM32\kernel.appcore.dll
0x00007ff90da40000 - 0x00007ff90da4a000 	C:\Program Files\Java\jdk-25\bin\jimage.dll
0x00007ff92b570000 - 0x00007ff92b7b2000 	C:\Windows\SYSTEM32\DBGHELP.DLL
0x00007ff9432e0000 - 0x00007ff943665000 	C:\Windows\System32\combase.dll
0x00007ff9424d0000 - 0x00007ff9425a6000 	C:\Windows\System32\OLEAUT32.dll
0x00007ff917480000 - 0x00007ff9174bc000 	C:\Windows\SYSTEM32\dbgcore.DLL
0x00007ff941830000 - 0x00007ff9418d5000 	C:\Windows\System32\bcryptPrimitives.dll
0x00007ff90da30000 - 0x00007ff90da40000 	C:\Program Files\Java\jdk-25\bin\instrument.dll
0x00007ff90da10000 - 0x00007ff90da2f000 	C:\Program Files\Java\jdk-25\bin\java.dll
0x00007ff943930000 - 0x00007ff943ac7000 	C:\Windows\System32\ole32.dll
0x00007ff943d60000 - 0x00007ff9444b3000 	C:\Windows\System32\SHELL32.dll
0x00007ff942060000 - 0x00007ff9421ca000 	C:\Windows\System32\wintypes.dll
0x00007ff93f280000 - 0x00007ff93fade000 	C:\Windows\SYSTEM32\windows.storage.dll
0x00007ff943c60000 - 0x00007ff943d55000 	C:\Windows\System32\SHCORE.dll
0x00007ff943bf0000 - 0x00007ff943c56000 	C:\Windows\System32\shlwapi.dll
0x00007ff9415d0000 - 0x00007ff9415f9000 	C:\Windows\SYSTEM32\profapi.dll
0x00007ff8f7880000 - 0x00007ff8f7897000 	C:\Program Files\Java\jdk-25\bin\zip.dll
0x00007ff8f7860000 - 0x00007ff8f7872000 	C:\Program Files\Java\jdk-25\bin\net.dll
0x00007ff9409d0000 - 0x00007ff940a3b000 	C:\Windows\system32\mswsock.dll
0x00007ff8f7840000 - 0x00007ff8f7856000 	C:\Program Files\Java\jdk-25\bin\nio.dll
0x00007ff90db20000 - 0x00007ff90db30000 	C:\Program Files\Java\jdk-25\bin\verify.dll
0x00007ff92d980000 - 0x00007ff92d9a7000 	C:\Users\Sanjay\.gradle\native\660c5614fbf4a5f2a75b1949f50a0caf5cd603558e7d8a26e50b933a0cfb79d1\windows-amd64\native-platform.dll
0x00007ff91da50000 - 0x00007ff91dac7000 	C:\Users\Sanjay\.gradle\native\0.2.8\x86_64-windows-gnu\gradle-fileevents.dll
0x00007ff90db10000 - 0x00007ff90db1a000 	C:\Program Files\Java\jdk-25\bin\management.dll
0x00007ff90db00000 - 0x00007ff90db0c000 	C:\Program Files\Java\jdk-25\bin\management_ext.dll
0x00007ff9425e0000 - 0x00007ff9425e8000 	C:\Windows\System32\PSAPI.DLL
0x00007ff93ff80000 - 0x00007ff93ffb4000 	C:\Windows\SYSTEM32\IPHLPAPI.DLL
0x00007ff943670000 - 0x00007ff94367a000 	C:\Windows\System32\NSI.dll
0x00007ff90daf0000 - 0x00007ff90daf9000 	C:\Program Files\Java\jdk-25\bin\extnet.dll
0x00007ff940c90000 - 0x00007ff940cab000 	C:\Windows\SYSTEM32\CRYPTSP.dll
0x00007ff9403c0000 - 0x00007ff9403fa000 	C:\Windows\system32\rsaenh.dll
0x00007ff940a80000 - 0x00007ff940aab000 	C:\Windows\SYSTEM32\USERENV.dll
0x00007ff9415a0000 - 0x00007ff9415ca000 	C:\Windows\SYSTEM32\bcrypt.dll
0x00007ff940cb0000 - 0x00007ff940cbc000 	C:\Windows\SYSTEM32\CRYPTBASE.dll
0x00007ff90dae0000 - 0x00007ff90daee000 	C:\Program Files\Java\jdk-25\bin\sunmscapi.dll
0x00007ff9416b0000 - 0x00007ff941827000 	C:\Windows\System32\CRYPT32.dll
0x00007ff940eb0000 - 0x00007ff940ee0000 	C:\Windows\SYSTEM32\ncrypt.dll
0x00007ff940e60000 - 0x00007ff940e9f000 	C:\Windows\SYSTEM32\NTASN1.dll
0x00007ff90b9f0000 - 0x00007ff90b9f8000 	C:\Windows\system32\wshunix.dll

JVMTI agents:
C:\Users\Sanjay\.gradle\wrapper\dists\gradle-9.2.1-bin\2t0n5ozlw9xmuyvbp7dnzaxug\gradle-9.2.1\lib\agents\gradle-instrumentation-agent-9.2.1.jar path:C:\Program Files\Java\jdk-25\bin\instrument.dll, loaded, initialized, instrumentlib options:none

dbghelp: loaded successfully - version: 4.0.5 - missing functions: none
symbol engine: initialized successfully - sym options: 0x614 - pdb path: .;C:\Program Files\Java\jdk-25\bin;C:\Windows\SYSTEM32;C:\Windows\WinSxS\amd64_microsoft.windows.common-controls_6595b64144ccf1df_6.0.26100.7309_none_3e05feeae336a044;C:\Program Files\Java\jdk-25\bin\server;C:\Users\Sanjay\.gradle\native\660c5614fbf4a5f2a75b1949f50a0caf5cd603558e7d8a26e50b933a0cfb79d1\windows-amd64;C:\Users\Sanjay\.gradle\native\0.2.8\x86_64-windows-gnu

VM Arguments:
jvm_args: --add-opens=java.base/java.lang=ALL-UNNAMED --add-opens=java.base/java.lang.invoke=ALL-UNNAMED --add-opens=java.base/java.util=ALL-UNNAMED --add-opens=java.prefs/java.util.prefs=ALL-UNNAMED --add-exports=jdk.compiler/com.sun.tools.javac.api=ALL-UNNAMED --add-exports=jdk.compiler/com.sun.tools.javac.util=ALL-UNNAMED --add-opens=java.base/java.util=ALL-UNNAMED --add-opens=java.prefs/java.util.prefs=ALL-UNNAMED --add-opens=java.base/java.nio.charset=ALL-UNNAMED --add-opens=java.base/java.net=ALL-UNNAMED --add-opens=java.base/java.util.concurrent=ALL-UNNAMED --add-opens=java.base/java.util.concurrent.atomic=ALL-UNNAMED --add-opens=java.xml/javax.xml.namespace=ALL-UNNAMED --add-opens=java.base/java.time=ALL-UNNAMED --enable-native-access=ALL-UNNAMED -XX:MaxMetaspaceSize=384m -XX:+HeapDumpOnOutOfMemoryError -Xms256m -Xmx512m -Dfile.encoding=UTF-8 -Duser.country=IN -Duser.language=en -Duser.variant -javaagent:C:\Users\Sanjay\.gradle\wrapper\dists\gradle-9.2.1-bin\2t0n5ozlw9xmuyvbp7dnzaxug\gradle-9.2.1\lib\agents\gradle-instrumentation-agent-9.2.1.jar 
java_command: org.gradle.launcher.daemon.bootstrap.GradleDaemon 9.2.1
java_class_path (initial): C:\Users\Sanjay\.gradle\wrapper\dists\gradle-9.2.1-bin\2t0n5ozlw9xmuyvbp7dnzaxug\gradle-9.2.1\lib\gradle-daemon-main-9.2.1.jar
Launcher Type: SUN_STANDARD

[Global flags]
     intx CICompilerCount                          = 12                                        {product} {ergonomic}
   size_t CompressedClassSpaceSize                 = 335544320                                 {product} {ergonomic}
     uint ConcGCThreads                            = 3                                         {product} {ergonomic}
     uint G1ConcRefinementThreads                  = 13                                        {product} {ergonomic}
   size_t G1HeapRegionSize                         = 1048576                                   {product} {ergonomic}
     bool HeapDumpOnOutOfMemoryError               = true                                   {manageable} {command line}
   size_t InitialHeapSize                          = 268435456                                 {product} {command line}
   size_t MarkStackSize                            = 4194304                                   {product} {ergonomic}
   size_t MarkStackSizeMax                         = 536870912                                 {product} {ergonomic}
   size_t MaxHeapSize                              = 536870912                                 {product} {command line}
   size_t MaxMetaspaceSize                         = 402653184                                 {product} {command line}
   size_t MaxNewSize                               = 321912832                                 {product} {ergonomic}
   size_t MinHeapDeltaBytes                        = 1048576                                   {product} {ergonomic}
   size_t MinHeapSize                              = 268435456                                 {product} {command line}
    uintx NonNMethodCodeHeapSize                   = 7602176                                {pd product} {ergonomic}
    uintx NonProfiledCodeHeapSize                  = 122093568                              {pd product} {ergonomic}
    uintx ProfiledCodeHeapSize                     = 121962496                              {pd product} {ergonomic}
    uintx ReservedCodeCacheSize                    = 251658240                              {pd product} {ergonomic}
     bool SegmentedCodeCache                       = true                                      {product} {ergonomic}
   size_t SoftMaxHeapSize                          = 536870912                              {manageable} {ergonomic}
     bool UseCompressedOops                        = true                           {product lp64_product} {ergonomic}
     bool UseG1GC                                  = true                                      {product} {ergonomic}
     bool UseLargePagesIndividualAllocation        = false                                  {pd product} {ergonomic}

Logging:
Log output configuration:
 #0: stdout all=warning uptime,level,tags foldmultilines=false
 #1: stderr all=off uptime,level,tags foldmultilines=false

Release file:
IMPLEMENTOR="Oracle Corporation" 
JAVA_RUNTIME_VERSION="25+37-LTS-3491" 
JAVA_VERSION="25" 
JAVA_VERSION_DATE="2025-09-16" 
LIBC="default" 
MODULES="java.base java.compiler java.datatransfer java.xml java.prefs java.desktop java.instrument java.logging java.management java.security.sasl java.naming java.rmi java.management.rmi java.net.http java.scripting java.security.jgss java.transaction.xa java.sql java.sql.rowset java.xml.crypto java.se java.smartcardio jdk.accessibility jdk.internal.jvmstat jdk.attach jdk.charsets jdk.internal.opt jdk.zipfs jdk.compiler jdk.crypto.cryptoki jdk.crypto.ec jdk.crypto.mscapi jdk.dynalink jdk.internal.ed jdk.editpad jdk.internal.vm.ci jdk.graal.compiler jdk.graal.compiler.management jdk.hotspot.agent jdk.httpserver jdk.incubator.vector jdk.internal.le jdk.internal.md jdk.jartool jdk.javadoc jdk.jcmd jdk.management jdk.management.agent jdk.jconsole jdk.jdeps jdk.jdwp.agent jdk.jdi jdk.jfr jdk.jlink jdk.jpackage jdk.jshell jdk.jsobject jdk.jstatd jdk.localedata jdk.management.jfr jdk.naming.dns jdk.naming.rmi jdk.net jdk.nio.mapmode jdk.sctp jdk.security.auth jdk.security.jgss jdk.unsupported jdk.unsupported.desktop jdk.xml.dom" 
OS_ARCH="x86_64" 
OS_NAME="Windows" 
SOURCE=".:git:49d6a23b8806 open:git:6c48f4ed707b" 

Environment Variables:
PATH=C:\Program Files\Common Files\Oracle\Java\javapath;C:\Windows\system32;C:\Windows;C:\Windows\System32\Wbem;C:\Windows\System32\WindowsPowerShell\v1.0\;C:\Windows\System32\OpenSSH\;C:\Program Files (x86)\NVIDIA Corporation\PhysX\Common;C:\Program Files\NVIDIA Corporation\NVIDIA NvDLISR;C:\Program Files\dotnet\;C:\Program Files\Java\jdk-24\bin;C:\Program Files\Git\cmd;C:\Users\Sanjay\AppData\Local\Microsoft\WindowsApps;C:\Users\Sanjay\AppData\Local\Programs\Microsoft VS Code\bin
USERNAME=Sanjay
OS=Windows_NT
PROCESSOR_IDENTIFIER=AMD64 Family 25 Model 68 Stepping 1, AuthenticAMD
TMP=C:\Users\Sanjay\AppData\Local\Temp
TEMP=C:\Users\Sanjay\AppData\Local\Temp




Compilation memory statistics disabled.

Periodic native trim disabled

---------------  S Y S T E M  ---------------

OS:
 Windows 11 , 64 bit Build 26100 (10.0.26100.7309)
OS uptime: 6 days 0:42 hours
Hyper-V role detected

CPU: total 16 (initial active 16) (16 cores per cpu, 2 threads per core) family 25 model 68 stepping 1 microcode 0xa404107, cx8, cmov, fxsr, ht, mmx, 3dnowpref, sse, sse2, sse3, ssse3, sse4a, sse4.1, sse4.2, popcnt, lzcnt, tsc, tscinvbit, avx, avx2, aes, erms, clmul, bmi1, bmi2, adx, sha, fma, vzeroupper, clflush, clflushopt, clwb, hv, rdtscp, rdpid, fsrm, f16c, cet_ss
Processor Information for the first 16 processors :
  Max Mhz: 3100, Current Mhz: 3100, Mhz Limit: 3100

Memory: 4k page, system-wide physical 16202M (2237M free)
TotalPageFile size 35402M (AvailPageFile size 24M)
current process WorkingSet (physical memory assigned to process): 258M, peak: 265M
current process commit charge ("private bytes"): 447M, peak: 462M

vm_info: Java HotSpot(TM) 64-Bit Server VM (25+37-LTS-3491) for windows-amd64 JRE (25+37-LTS-3491), built on 2025-08-14T21:13:00Z with unknown MS VC++:1943

END.
