#
# There is insufficient memory for the Java Runtime Environment to continue.
# Native memory allocation (malloc) failed to allocate 1718400 bytes. Error detail: Chunk::new
# Possible reasons:
#   The system is out of physical RAM or swap space
#   This process is running with CompressedOops enabled, and the Java Heap may be blocking the growth of the native heap
# Possible solutions:
#   Reduce memory load on the system
#   Increase physical memory or swap space
#   Check if swap backing store is full
#   Decrease Java heap size (-Xmx/-Xms)
#   Decrease number of Java threads
#   Decrease Java thread stack sizes (-Xss)
#   Set larger code cache with -XX:ReservedCodeCacheSize=
#   JVM is running with Unscaled Compressed Oops mode in which the Java heap is
#     placed in the first 4GB address space. The Java Heap base address is the
#     maximum limit for the native heap growth. Please use -XX:HeapBaseMinAddress
#     to set the Java Heap base and to place the Java Heap above 4GB virtual address.
# This output file may be truncated or incomplete.
#
#  Out of Memory Error (arena.cpp:186), pid=17760, tid=16908
#
# JRE version: Java(TM) SE Runtime Environment (25.0+37) (build 25+37-LTS-3491)
# Java VM: Java HotSpot(TM) 64-Bit Server VM (25+37-LTS-3491, mixed mode, sharing, tiered, compressed oops, compressed class ptrs, g1 gc, windows-amd64)
# No core dump will be written. Minidumps are not enabled by default on client versions of Windows
#

---------------  S U M M A R Y ------------

Command Line: --add-opens=java.base/java.lang=ALL-UNNAMED --add-opens=java.base/java.lang.invoke=ALL-UNNAMED --add-opens=java.base/java.util=ALL-UNNAMED --add-opens=java.prefs/java.util.prefs=ALL-UNNAMED --add-exports=jdk.compiler/com.sun.tools.javac.api=ALL-UNNAMED --add-exports=jdk.compiler/com.sun.tools.javac.util=ALL-UNNAMED --add-opens=java.base/java.util=ALL-UNNAMED --add-opens=java.prefs/java.util.prefs=ALL-UNNAMED --add-opens=java.base/java.nio.charset=ALL-UNNAMED --add-opens=java.base/java.net=ALL-UNNAMED --add-opens=java.base/java.util.concurrent=ALL-UNNAMED --add-opens=java.base/java.util.concurrent.atomic=ALL-UNNAMED --add-opens=java.xml/javax.xml.namespace=ALL-UNNAMED --add-opens=java.base/java.time=ALL-UNNAMED --enable-native-access=ALL-UNNAMED -XX:MaxMetaspaceSize=384m -XX:+HeapDumpOnOutOfMemoryError -Xms256m -Xmx512m -Dfile.encoding=UTF-8 -Duser.country=IN -Duser.language=en -Duser.variant -javaagent:C:\Users\Sanjay\.gradle\wrapper\dists\gradle-9.2.1-bin\2t0n5ozlw9xmuyvbp7dnzaxug\gradle-9.2.1\lib\agents\gradle-instrumentation-agent-9.2.1.jar org.gradle.launcher.daemon.bootstrap.GradleDaemon 9.2.1

Host: AMD Ryzen 7 7435HS                             , 16 cores, 15G,  Windows 11 , 64 bit Build 26100 (10.0.26100.7309)
Time: Tue Dec 23 20:53:04 2025 India Standard Time elapsed time: 4.400697 seconds (0d 0h 0m 4s)

---------------  T H R E A D  ---------------

Current thread (0x000001e97964ffd0):  JavaThread "C2 CompilerThread0" daemon [_thread_in_native, id=16908, stack(0x0000004344600000,0x0000004344700000) (1024K)]


Current CompileTask:
C2:4400 4422   !   4       java.net.URLClassLoader::findClass (77 bytes)

Stack: [0x0000004344600000,0x0000004344700000]
Native frames: (J=compiled Java code, j=interpreted, Vv=VM code, C=native code)
V  [jvm.dll+0x7a6a39]  (no source info available)
V  [jvm.dll+0x7727ed]  (no source info available)
V  [jvm.dll+0x965f33]  (no source info available)
V  [jvm.dll+0x968531]  (no source info available)
V  [jvm.dll+0x968c33]  (no source info available)
V  [jvm.dll+0x2fc756]  (no source info available)
V  [jvm.dll+0x111b26]  (no source info available)
V  [jvm.dll+0x111e4e]  (no source info available)
V  [jvm.dll+0x452407]  (no source info available)
V  [jvm.dll+0x2548fa]  (no source info available)
V  [jvm.dll+0x2c093c]  (no source info available)
V  [jvm.dll+0x2bfa8f]  (no source info available)
V  [jvm.dll+0x237b60]  (no source info available)
V  [jvm.dll+0x2cfb56]  (no source info available)
V  [jvm.dll+0x2cddd5]  (no source info available)
V  [jvm.dll+0x48e671]  (no source info available)
V  [jvm.dll+0x90681d]  (no source info available)
V  [jvm.dll+0x7a5015]  (no source info available)
C  [ucrtbase.dll+0x37b0]  (no source info available)
C  [KERNEL32.DLL+0x2e8d7]  (no source info available)
C  [ntdll.dll+0x8c53c]  (no source info available)

Lock stack of current Java thread (top to bottom):


---------------  P R O C E S S  ---------------

Threads class SMR info:
_java_thread_list=0x000001e9799d0ac0, length=39, elements={
0x000001e95dafe7a0, 0x000001e979635d10, 0x000001e979636630, 0x000001e979639970,
0x000001e97963a910, 0x000001e97963e8f0, 0x000001e979643e20, 0x000001e97964ffd0,
0x000001e97965ca70, 0x000001e9796dc4e0, 0x000001e979794940, 0x000001e979645590,
0x000001e97964ab80, 0x000001e97e0265a0, 0x000001e97e0219c0, 0x000001e97e37d240,
0x000001e97e28fb10, 0x000001e97e28eb70, 0x000001e97e290ab0, 0x000001e90020a020,
0x000001e90020a7f0, 0x000001e900207140, 0x000001e90020afc0, 0x000001e90020bf60,
0x000001e9002088b0, 0x000001e90020cf00, 0x000001e9005cef70, 0x000001e9005d1680,
0x000001e9005d35c0, 0x000001e901b1e2a0, 0x000001e901b1ea70, 0x000001e901b1bb90,
0x000001e901b1cb30, 0x000001e902aa49b0, 0x000001e902aa6120, 0x000001e902aa7890,
0x000001e902aa5950, 0x000001e902aa8830, 0x000001e902aaaf40
}

Java Threads: ( => current thread )
  0x000001e95dafe7a0 JavaThread "main"                              [_thread_blocked, id=23812, stack(0x0000004343800000,0x0000004343900000) (1024K)]
  0x000001e979635d10 JavaThread "Reference Handler"          daemon [_thread_blocked, id=10644, stack(0x0000004344000000,0x0000004344100000) (1024K)]
  0x000001e979636630 JavaThread "Finalizer"                  daemon [_thread_blocked, id=3860, stack(0x0000004344100000,0x0000004344200000) (1024K)]
  0x000001e979639970 JavaThread "Signal Dispatcher"          daemon [_thread_blocked, id=35260, stack(0x0000004344200000,0x0000004344300000) (1024K)]
  0x000001e97963a910 JavaThread "Attach Listener"            daemon [_thread_blocked, id=7792, stack(0x0000004344300000,0x0000004344400000) (1024K)]
  0x000001e97963e8f0 JavaThread "Service Thread"             daemon [_thread_blocked, id=28216, stack(0x0000004344400000,0x0000004344500000) (1024K)]
  0x000001e979643e20 JavaThread "Monitor Deflation Thread"   daemon [_thread_blocked, id=33232, stack(0x0000004344500000,0x0000004344600000) (1024K)]
=>0x000001e97964ffd0 JavaThread "C2 CompilerThread0"         daemon [_thread_in_native, id=16908, stack(0x0000004344600000,0x0000004344700000) (1024K)]
  0x000001e97965ca70 JavaThread "C1 CompilerThread0"         daemon [_thread_blocked, id=13996, stack(0x0000004344700000,0x0000004344800000) (1024K)]
  0x000001e9796dc4e0 JavaThread "C1 CompilerThread1"         daemon [_thread_blocked, id=17188, stack(0x0000004344800000,0x0000004344900000) (1024K)]
  0x000001e979794940 JavaThread "C2 CompilerThread1"         daemon [_thread_in_native, id=6196, stack(0x0000004344900000,0x0000004344a00000) (1024K)]
  0x000001e979645590 JavaThread "Common-Cleaner"             daemon [_thread_blocked, id=12464, stack(0x0000004344a00000,0x0000004344b00000) (1024K)]
  0x000001e97964ab80 JavaThread "Notification Thread"        daemon [_thread_blocked, id=35992, stack(0x0000004344b00000,0x0000004344c00000) (1024K)]
  0x000001e97e0265a0 JavaThread "C2 CompilerThread2"         daemon [_thread_blocked, id=31360, stack(0x0000004344c00000,0x0000004344d00000) (1024K)]
  0x000001e97e0219c0 JavaThread "C2 CompilerThread3"         daemon [_thread_blocked, id=13756, stack(0x0000004344d00000,0x0000004344e00000) (1024K)]
  0x000001e97e37d240 JavaThread "C1 CompilerThread2"         daemon [_thread_blocked, id=35380, stack(0x0000004344f00000,0x0000004345000000) (1024K)]
  0x000001e97e28fb10 JavaThread "Daemon health stats"               [_thread_blocked, id=33472, stack(0x0000004344e00000,0x0000004344f00000) (1024K)]
  0x000001e97e28eb70 JavaThread "Incoming local TCP Connector on port 62880"        [_thread_in_native, id=32696, stack(0x0000004345600000,0x0000004345700000) (1024K)]
  0x000001e97e290ab0 JavaThread "Daemon periodic checks"            [_thread_blocked, id=30336, stack(0x0000004345700000,0x0000004345800000) (1024K)]
  0x000001e90020a020 JavaThread "Daemon"                            [_thread_blocked, id=25580, stack(0x0000004345800000,0x0000004345900000) (1024K)]
  0x000001e90020a7f0 JavaThread "Handler for socket connection from /127.0.0.1:62880 to /127.0.0.1:62881"        [_thread_in_native, id=14564, stack(0x0000004345900000,0x0000004345a00000) (1024K)]
  0x000001e900207140 JavaThread "Cancel handler"                    [_thread_blocked, id=24872, stack(0x0000004345a00000,0x0000004345b00000) (1024K)]
  0x000001e90020afc0 JavaThread "Daemon worker"                     [_thread_in_vm, id=31700, stack(0x0000004345b00000,0x0000004345c00000) (1024K)]
  0x000001e90020bf60 JavaThread "Asynchronous log dispatcher for DefaultDaemonConnection: socket connection from /127.0.0.1:62880 to /127.0.0.1:62881"        [_thread_blocked, id=29564, stack(0x0000004345c00000,0x0000004345d00000) (1024K)]
  0x000001e9002088b0 JavaThread "Stdin handler"                     [_thread_blocked, id=35280, stack(0x0000004345d00000,0x0000004345e00000) (1024K)]
  0x000001e90020cf00 JavaThread "Daemon client event forwarder"        [_thread_blocked, id=14524, stack(0x0000004345e00000,0x0000004345f00000) (1024K)]
  0x000001e9005cef70 JavaThread "Cache worker for journal cache (C:\Users\Sanjay\.gradle\caches\journal-1)"        [_thread_blocked, id=7300, stack(0x0000004346600000,0x0000004346700000) (1024K)]
  0x000001e9005d1680 JavaThread "File lock request listener"        [_thread_in_native, id=31580, stack(0x0000004346700000,0x0000004346800000) (1024K)]
  0x000001e9005d35c0 JavaThread "Cache worker for file hash cache (C:\Users\Sanjay\.gradle\caches\9.2.1\fileHashes)"        [_thread_blocked, id=22648, stack(0x0000004346800000,0x0000004346900000) (1024K)]
  0x000001e901b1e2a0 JavaThread "Cache worker for file hash cache (S:\E-Com Project\api-gateway-service\.gradle\9.2.1\fileHashes)"        [_thread_blocked, id=35344, stack(0x0000004346b00000,0x0000004346c00000) (1024K)]
  0x000001e901b1ea70 JavaThread "Cache worker for Build Output Cleanup Cache (S:\E-Com Project\api-gateway-service\.gradle\buildOutputCleanup)"        [_thread_blocked, id=19408, stack(0x0000004346c00000,0x0000004346d00000) (1024K)]
  0x000001e901b1bb90 JavaThread "File watcher server"        daemon [_thread_in_native, id=32348, stack(0x0000004346d00000,0x0000004346e00000) (1024K)]
  0x000001e901b1cb30 JavaThread "File watcher consumer"      daemon [_thread_blocked, id=29632, stack(0x0000004346e00000,0x0000004346f00000) (1024K)]
  0x000001e902aa49b0 JavaThread "Cache worker for checksums cache (S:\E-Com Project\api-gateway-service\.gradle\9.2.1\checksums)"        [_thread_blocked, id=13020, stack(0x0000004346f00000,0x0000004347000000) (1024K)]
  0x000001e902aa6120 JavaThread "Cache worker for file content cache (C:\Users\Sanjay\.gradle\caches\9.2.1\fileContent)"        [_thread_blocked, id=3728, stack(0x0000004347000000,0x0000004347100000) (1024K)]
  0x000001e902aa7890 JavaThread "Cache worker for cache directory md-supplier (C:\Users\Sanjay\.gradle\caches\9.2.1\md-supplier)"        [_thread_blocked, id=15636, stack(0x0000004347100000,0x0000004347200000) (1024K)]
  0x000001e902aa5950 JavaThread "Cache worker for cache directory md-rule (C:\Users\Sanjay\.gradle\caches\9.2.1\md-rule)"        [_thread_blocked, id=31236, stack(0x0000004347200000,0x0000004347300000) (1024K)]
  0x000001e902aa8830 JavaThread "jar transforms"                    [_thread_blocked, id=35028, stack(0x0000004347300000,0x0000004347400000) (1024K)]
  0x000001e902aaaf40 JavaThread "jar transforms Thread 2"           [_thread_blocked, id=1500, stack(0x0000004347400000,0x0000004347500000) (1024K)]
Total: 39

Other Threads:
  0x000001e97961b710 VMThread "VM Thread"                           [id=19712, stack(0x0000004343f00000,0x0000004344000000) (1024K)]
  0x000001e9794e93a0 WatcherThread "VM Periodic Task Thread"        [id=10272, stack(0x0000004343e00000,0x0000004343f00000) (1024K)]
  0x000001e95db2bbb0 WorkerThread "GC Thread#0"                     [id=11256, stack(0x0000004343900000,0x0000004343a00000) (1024K)]
  0x000001e97ef21100 WorkerThread "GC Thread#1"                     [id=15764, stack(0x0000004345100000,0x0000004345200000) (1024K)]
  0x000001e97ef21530 WorkerThread "GC Thread#2"                     [id=18000, stack(0x0000004345200000,0x0000004345300000) (1024K)]
  0x000001e97ef22170 WorkerThread "GC Thread#3"                     [id=18652, stack(0x0000004345300000,0x0000004345400000) (1024K)]
  0x000001e97eedef40 WorkerThread "GC Thread#4"                     [id=33808, stack(0x0000004345400000,0x0000004345500000) (1024K)]
  0x000001e97eedf370 WorkerThread "GC Thread#5"                     [id=8880, stack(0x0000004345500000,0x0000004345600000) (1024K)]
  0x000001e9003e0330 WorkerThread "GC Thread#6"                     [id=8228, stack(0x0000004345f00000,0x0000004346000000) (1024K)]
  0x000001e9003dd3c0 WorkerThread "GC Thread#7"                     [id=14608, stack(0x0000004346000000,0x0000004346100000) (1024K)]
  0x000001e9003dd810 WorkerThread "GC Thread#8"                     [id=9004, stack(0x0000004346100000,0x0000004346200000) (1024K)]
  0x000001e9003ddc60 WorkerThread "GC Thread#9"                     [id=21256, stack(0x0000004346200000,0x0000004346300000) (1024K)]
  0x000001e9003df640 WorkerThread "GC Thread#10"                    [id=17152, stack(0x0000004346300000,0x0000004346400000) (1024K)]
  0x000001e9003de0b0 WorkerThread "GC Thread#11"                    [id=27276, stack(0x0000004346400000,0x0000004346500000) (1024K)]
  0x000001e9003deda0 WorkerThread "GC Thread#12"                    [id=36080, stack(0x0000004346500000,0x0000004346600000) (1024K)]
  0x000001e95db32d00 ConcurrentGCThread "G1 Main Marker"            [id=13328, stack(0x0000004343a00000,0x0000004343b00000) (1024K)]
  0x000001e95db34790 WorkerThread "G1 Conc#0"                       [id=36116, stack(0x0000004343b00000,0x0000004343c00000) (1024K)]
  0x000001e9003e0bd0 WorkerThread "G1 Conc#1"                       [id=22176, stack(0x0000004346900000,0x0000004346a00000) (1024K)]
  0x000001e9003e18c0 WorkerThread "G1 Conc#2"                       [id=30992, stack(0x0000004346a00000,0x0000004346b00000) (1024K)]
  0x000001e95dbbb7a0 ConcurrentGCThread "G1 Refine#0"               [id=30676, stack(0x0000004343c00000,0x0000004343d00000) (1024K)]
  0x000001e95dbbe2c0 ConcurrentGCThread "G1 Service"                [id=17852, stack(0x0000004343d00000,0x0000004343e00000) (1024K)]
Total: 21

Threads with active compile tasks:
C2 CompilerThread0  4460 4422   !   4       java.net.URLClassLoader::findClass (77 bytes)
C2 CompilerThread1  4460 4417   !   4       java.lang.ClassLoader::loadClass (121 bytes)
Total: 2

VM state: not at safepoint (normal execution)

VM Mutex/Monitor currently owned by a thread: None

Heap address: 0x00000000e0000000, size: 512 MB, Compressed Oops mode: 32-bit

CDS archive(s) mapped at: [0x00000000a8000000-0x00000000a8dd0000-0x00000000a8dd0000), size 14483456, SharedBaseAddress: 0x00000000a8000000, ArchiveRelocationMode: 1.
Compressed class space mapped at: 0x00000000a9000000-0x00000000bd000000, reserved size: 335544320
UseCompressedClassPointers 1, UseCompactObjectHeaders 0
Narrow klass pointer bits 32, Max shift 3
Narrow klass base: 0x00000000a8000000, Narrow klass shift: 0
Encoding Range: [0x00000000a8000000 - 0x00000001a8000000), (4294967296 bytes)
Klass Range:    [0x00000000a8010000 - 0x00000000bd000000), (352256000 bytes)
Klass ID Range:  [65536 - 352321529) (352255993)
Protection zone: [0x00000000a8000000 - 0x00000000a8010000), (65536 bytes)

GC Precious Log:
 CardTable entry size: 512
 Card Set container configuration: InlinePtr #cards 5 size 8 Array Of Cards #cards 10 size 36 Howl #buckets 4 coarsen threshold 1843 Howl Bitmap #cards 512 size 80 coarsen threshold 460 Card regions per heap region 1 cards per card region 2048
 CPUs: 16 total, 16 available
 Memory: 16202M
 Large Page Support: Disabled
 NUMA Support: Disabled
 Compressed Oops: Enabled (32-bit)
 Heap Region Size: 1M
 Heap Min Capacity: 256M
 Heap Initial Capacity: 256M
 Heap Max Capacity: 512M
 Pre-touch: Disabled
 Parallel Workers: 13
 Concurrent Workers: 3
 Concurrent Refinement Workers: 13
 Periodic GC: Disabled

Heap:
 garbage-first heap   total reserved 524288K, committed 262144K, used 42986K [0x00000000e0000000, 0x0000000100000000)
  region size 1024K, 21 young (21504K), 10 survivors (10240K)

Heap Regions: E=young(eden), S=young(survivor), O=old, HS=humongous(starts), HC=humongous(continues), CS=collection set, F=free, TAMS=top-at-mark-start, PB=parsable bottom
|   0|0x00000000e0000000, 0x00000000e0100000, 0x00000000e0100000|100%|HS|  |TAMS 0x00000000e0000000| PB 0x00000000e0000000| Complete |  0
|   1|0x00000000e0100000, 0x00000000e0200000, 0x00000000e0200000|100%|HC|  |TAMS 0x00000000e0100000| PB 0x00000000e0100000| Complete |  0
|   2|0x00000000e0200000, 0x00000000e0300000, 0x00000000e0300000|100%|HC|  |TAMS 0x00000000e0200000| PB 0x00000000e0200000| Complete |  0
|   3|0x00000000e0300000, 0x00000000e0400000, 0x00000000e0400000|100%|HC|  |TAMS 0x00000000e0300000| PB 0x00000000e0300000| Complete |  0
|   4|0x00000000e0400000, 0x00000000e0500000, 0x00000000e0500000|100%| O|  |TAMS 0x00000000e0400000| PB 0x00000000e0400000| Untracked |  0
|   5|0x00000000e0500000, 0x00000000e0600000, 0x00000000e0600000|100%|HS|  |TAMS 0x00000000e0500000| PB 0x00000000e0500000| Complete |  0
|   6|0x00000000e0600000, 0x00000000e0700000, 0x00000000e0700000|100%| O|  |TAMS 0x00000000e0600000| PB 0x00000000e0600000| Untracked |  0
|   7|0x00000000e0700000, 0x00000000e0800000, 0x00000000e0800000|100%| O|  |TAMS 0x00000000e0700000| PB 0x00000000e0700000| Untracked |  0
|   8|0x00000000e0800000, 0x00000000e0900000, 0x00000000e0900000|100%| O|  |TAMS 0x00000000e0800000| PB 0x00000000e0800000| Untracked |  0
|   9|0x00000000e0900000, 0x00000000e0a00000, 0x00000000e0a00000|100%| O|  |TAMS 0x00000000e0900000| PB 0x00000000e0900000| Untracked |  0
|  10|0x00000000e0a00000, 0x00000000e0b00000, 0x00000000e0b00000|100%| O|  |TAMS 0x00000000e0a00000| PB 0x00000000e0a00000| Untracked |  0
|  11|0x00000000e0b00000, 0x00000000e0c00000, 0x00000000e0c00000|100%| O|  |TAMS 0x00000000e0b00000| PB 0x00000000e0b00000| Untracked |  0
|  12|0x00000000e0c00000, 0x00000000e0d00000, 0x00000000e0d00000|100%| O|  |TAMS 0x00000000e0c00000| PB 0x00000000e0c00000| Untracked |  0
|  13|0x00000000e0d00000, 0x00000000e0e00000, 0x00000000e0e00000|100%| O|  |TAMS 0x00000000e0d00000| PB 0x00000000e0d00000| Untracked |  0
|  14|0x00000000e0e00000, 0x00000000e0eef0b0, 0x00000000e0f00000| 93%| O|Cm|TAMS 0x00000000e0e00000| PB 0x00000000e0e00000| Complete |  0
|  15|0x00000000e0f00000, 0x00000000e1000000, 0x00000000e1000000|100%| O|  |TAMS 0x00000000e0f00000| PB 0x00000000e0f00000| Untracked |  0
|  16|0x00000000e1000000, 0x00000000e1100000, 0x00000000e1100000|100%| O|  |TAMS 0x00000000e1000000| PB 0x00000000e1000000| Untracked |  0
|  17|0x00000000e1100000, 0x00000000e1200000, 0x00000000e1200000|100%| O|  |TAMS 0x00000000e1100000| PB 0x00000000e1100000| Untracked |  0
|  18|0x00000000e1200000, 0x00000000e1300000, 0x00000000e1300000|100%| O|  |TAMS 0x00000000e1200000| PB 0x00000000e1200000| Untracked |  0
|  19|0x00000000e1300000, 0x00000000e1400000, 0x00000000e1400000|100%| O|  |TAMS 0x00000000e1300000| PB 0x00000000e1300000| Untracked |  0
|  20|0x00000000e1400000, 0x00000000e1500000, 0x00000000e1500000|100%| O|  |TAMS 0x00000000e1400000| PB 0x00000000e1400000| Untracked |  0
|  21|0x00000000e1500000, 0x00000000e1558788, 0x00000000e1600000| 34%| O|  |TAMS 0x00000000e1500000| PB 0x00000000e1500000| Untracked |  0
|  22|0x00000000e1600000, 0x00000000e1600000, 0x00000000e1700000|  0%| F|  |TAMS 0x00000000e1600000| PB 0x00000000e1600000| Untracked |  0
|  23|0x00000000e1700000, 0x00000000e1700000, 0x00000000e1800000|  0%| F|  |TAMS 0x00000000e1700000| PB 0x00000000e1700000| Untracked |  0
|  24|0x00000000e1800000, 0x00000000e1800000, 0x00000000e1900000|  0%| F|  |TAMS 0x00000000e1800000| PB 0x00000000e1800000| Untracked |  0
|  25|0x00000000e1900000, 0x00000000e1900000, 0x00000000e1a00000|  0%| F|  |TAMS 0x00000000e1900000| PB 0x00000000e1900000| Untracked |  0
|  26|0x00000000e1a00000, 0x00000000e1a00000, 0x00000000e1b00000|  0%| F|  |TAMS 0x00000000e1a00000| PB 0x00000000e1a00000| Untracked |  0
|  27|0x00000000e1b00000, 0x00000000e1b00000, 0x00000000e1c00000|  0%| F|  |TAMS 0x00000000e1b00000| PB 0x00000000e1b00000| Untracked |  0
|  28|0x00000000e1c00000, 0x00000000e1c00000, 0x00000000e1d00000|  0%| F|  |TAMS 0x00000000e1c00000| PB 0x00000000e1c00000| Untracked |  0
|  29|0x00000000e1d00000, 0x00000000e1d00000, 0x00000000e1e00000|  0%| F|  |TAMS 0x00000000e1d00000| PB 0x00000000e1d00000| Untracked |  0
|  30|0x00000000e1e00000, 0x00000000e1e00000, 0x00000000e1f00000|  0%| F|  |TAMS 0x00000000e1e00000| PB 0x00000000e1e00000| Untracked |  0
|  31|0x00000000e1f00000, 0x00000000e1f00000, 0x00000000e2000000|  0%| F|  |TAMS 0x00000000e1f00000| PB 0x00000000e1f00000| Untracked |  0
|  32|0x00000000e2000000, 0x00000000e2000000, 0x00000000e2100000|  0%| F|  |TAMS 0x00000000e2000000| PB 0x00000000e2000000| Untracked |  0
|  33|0x00000000e2100000, 0x00000000e2100000, 0x00000000e2200000|  0%| F|  |TAMS 0x00000000e2100000| PB 0x00000000e2100000| Untracked |  0
|  34|0x00000000e2200000, 0x00000000e2200000, 0x00000000e2300000|  0%| F|  |TAMS 0x00000000e2200000| PB 0x00000000e2200000| Untracked |  0
|  35|0x00000000e2300000, 0x00000000e2300000, 0x00000000e2400000|  0%| F|  |TAMS 0x00000000e2300000| PB 0x00000000e2300000| Untracked |  0
|  36|0x00000000e2400000, 0x00000000e2400000, 0x00000000e2500000|  0%| F|  |TAMS 0x00000000e2400000| PB 0x00000000e2400000| Untracked |  0
|  37|0x00000000e2500000, 0x00000000e2500000, 0x00000000e2600000|  0%| F|  |TAMS 0x00000000e2500000| PB 0x00000000e2500000| Untracked |  0
|  38|0x00000000e2600000, 0x00000000e2600000, 0x00000000e2700000|  0%| F|  |TAMS 0x00000000e2600000| PB 0x00000000e2600000| Untracked |  0
|  39|0x00000000e2700000, 0x00000000e2700000, 0x00000000e2800000|  0%| F|  |TAMS 0x00000000e2700000| PB 0x00000000e2700000| Untracked |  0
|  40|0x00000000e2800000, 0x00000000e2800000, 0x00000000e2900000|  0%| F|  |TAMS 0x00000000e2800000| PB 0x00000000e2800000| Untracked |  0
|  41|0x00000000e2900000, 0x00000000e2900000, 0x00000000e2a00000|  0%| F|  |TAMS 0x00000000e2900000| PB 0x00000000e2900000| Untracked |  0
|  42|0x00000000e2a00000, 0x00000000e2a00000, 0x00000000e2b00000|  0%| F|  |TAMS 0x00000000e2a00000| PB 0x00000000e2a00000| Untracked |  0
|  43|0x00000000e2b00000, 0x00000000e2b00000, 0x00000000e2c00000|  0%| F|  |TAMS 0x00000000e2b00000| PB 0x00000000e2b00000| Untracked |  0
|  44|0x00000000e2c00000, 0x00000000e2c00000, 0x00000000e2d00000|  0%| F|  |TAMS 0x00000000e2c00000| PB 0x00000000e2c00000| Untracked |  0
|  45|0x00000000e2d00000, 0x00000000e2d00000, 0x00000000e2e00000|  0%| F|  |TAMS 0x00000000e2d00000| PB 0x00000000e2d00000| Untracked |  0
|  46|0x00000000e2e00000, 0x00000000e2e00000, 0x00000000e2f00000|  0%| F|  |TAMS 0x00000000e2e00000| PB 0x00000000e2e00000| Untracked |  0
|  47|0x00000000e2f00000, 0x00000000e2f00000, 0x00000000e3000000|  0%| F|  |TAMS 0x00000000e2f00000| PB 0x00000000e2f00000| Untracked |  0
|  48|0x00000000e3000000, 0x00000000e3000000, 0x00000000e3100000|  0%| F|  |TAMS 0x00000000e3000000| PB 0x00000000e3000000| Untracked |  0
|  49|0x00000000e3100000, 0x00000000e3100000, 0x00000000e3200000|  0%| F|  |TAMS 0x00000000e3100000| PB 0x00000000e3100000| Untracked |  0
|  50|0x00000000e3200000, 0x00000000e3200000, 0x00000000e3300000|  0%| F|  |TAMS 0x00000000e3200000| PB 0x00000000e3200000| Untracked |  0
|  51|0x00000000e3300000, 0x00000000e3300000, 0x00000000e3400000|  0%| F|  |TAMS 0x00000000e3300000| PB 0x00000000e3300000| Untracked |  0
|  52|0x00000000e3400000, 0x00000000e3400000, 0x00000000e3500000|  0%| F|  |TAMS 0x00000000e3400000| PB 0x00000000e3400000| Untracked |  0
|  53|0x00000000e3500000, 0x00000000e3500000, 0x00000000e3600000|  0%| F|  |TAMS 0x00000000e3500000| PB 0x00000000e3500000| Untracked |  0
|  54|0x00000000e3600000, 0x00000000e3600000, 0x00000000e3700000|  0%| F|  |TAMS 0x00000000e3600000| PB 0x00000000e3600000| Untracked |  0
|  55|0x00000000e3700000, 0x00000000e3700000, 0x00000000e3800000|  0%| F|  |TAMS 0x00000000e3700000| PB 0x00000000e3700000| Untracked |  0
|  56|0x00000000e3800000, 0x00000000e3800000, 0x00000000e3900000|  0%| F|  |TAMS 0x00000000e3800000| PB 0x00000000e3800000| Untracked |  0
|  57|0x00000000e3900000, 0x00000000e3900000, 0x00000000e3a00000|  0%| F|  |TAMS 0x00000000e3900000| PB 0x00000000e3900000| Untracked |  0
|  58|0x00000000e3a00000, 0x00000000e3a00000, 0x00000000e3b00000|  0%| F|  |TAMS 0x00000000e3a00000| PB 0x00000000e3a00000| Untracked |  0
|  59|0x00000000e3b00000, 0x00000000e3b00000, 0x00000000e3c00000|  0%| F|  |TAMS 0x00000000e3b00000| PB 0x00000000e3b00000| Untracked |  0
|  60|0x00000000e3c00000, 0x00000000e3c00000, 0x00000000e3d00000|  0%| F|  |TAMS 0x00000000e3c00000| PB 0x00000000e3c00000| Untracked |  0
|  61|0x00000000e3d00000, 0x00000000e3d00000, 0x00000000e3e00000|  0%| F|  |TAMS 0x00000000e3d00000| PB 0x00000000e3d00000| Untracked |  0
|  62|0x00000000e3e00000, 0x00000000e3e00000, 0x00000000e3f00000|  0%| F|  |TAMS 0x00000000e3e00000| PB 0x00000000e3e00000| Untracked |  0
|  63|0x00000000e3f00000, 0x00000000e3f00000, 0x00000000e4000000|  0%| F|  |TAMS 0x00000000e3f00000| PB 0x00000000e3f00000| Untracked |  0
|  64|0x00000000e4000000, 0x00000000e4000000, 0x00000000e4100000|  0%| F|  |TAMS 0x00000000e4000000| PB 0x00000000e4000000| Untracked |  0
|  65|0x00000000e4100000, 0x00000000e4100000, 0x00000000e4200000|  0%| F|  |TAMS 0x00000000e4100000| PB 0x00000000e4100000| Untracked |  0
|  66|0x00000000e4200000, 0x00000000e4200000, 0x00000000e4300000|  0%| F|  |TAMS 0x00000000e4200000| PB 0x00000000e4200000| Untracked |  0
|  67|0x00000000e4300000, 0x00000000e4300000, 0x00000000e4400000|  0%| F|  |TAMS 0x00000000e4300000| PB 0x00000000e4300000| Untracked |  0
|  68|0x00000000e4400000, 0x00000000e4400000, 0x00000000e4500000|  0%| F|  |TAMS 0x00000000e4400000| PB 0x00000000e4400000| Untracked |  0
|  69|0x00000000e4500000, 0x00000000e4500000, 0x00000000e4600000|  0%| F|  |TAMS 0x00000000e4500000| PB 0x00000000e4500000| Untracked |  0
|  70|0x00000000e4600000, 0x00000000e4600000, 0x00000000e4700000|  0%| F|  |TAMS 0x00000000e4600000| PB 0x00000000e4600000| Untracked |  0
|  71|0x00000000e4700000, 0x00000000e4700000, 0x00000000e4800000|  0%| F|  |TAMS 0x00000000e4700000| PB 0x00000000e4700000| Untracked |  0
|  72|0x00000000e4800000, 0x00000000e4800000, 0x00000000e4900000|  0%| F|  |TAMS 0x00000000e4800000| PB 0x00000000e4800000| Untracked |  0
|  73|0x00000000e4900000, 0x00000000e4900000, 0x00000000e4a00000|  0%| F|  |TAMS 0x00000000e4900000| PB 0x00000000e4900000| Untracked |  0
|  74|0x00000000e4a00000, 0x00000000e4a00000, 0x00000000e4b00000|  0%| F|  |TAMS 0x00000000e4a00000| PB 0x00000000e4a00000| Untracked |  0
|  75|0x00000000e4b00000, 0x00000000e4b00000, 0x00000000e4c00000|  0%| F|  |TAMS 0x00000000e4b00000| PB 0x00000000e4b00000| Untracked |  0
|  76|0x00000000e4c00000, 0x00000000e4c00000, 0x00000000e4d00000|  0%| F|  |TAMS 0x00000000e4c00000| PB 0x00000000e4c00000| Untracked |  0
|  77|0x00000000e4d00000, 0x00000000e4d00000, 0x00000000e4e00000|  0%| F|  |TAMS 0x00000000e4d00000| PB 0x00000000e4d00000| Untracked |  0
|  78|0x00000000e4e00000, 0x00000000e4e00000, 0x00000000e4f00000|  0%| F|  |TAMS 0x00000000e4e00000| PB 0x00000000e4e00000| Untracked |  0
|  79|0x00000000e4f00000, 0x00000000e4f00000, 0x00000000e5000000|  0%| F|  |TAMS 0x00000000e4f00000| PB 0x00000000e4f00000| Untracked |  0
|  80|0x00000000e5000000, 0x00000000e5000000, 0x00000000e5100000|  0%| F|  |TAMS 0x00000000e5000000| PB 0x00000000e5000000| Untracked |  0
|  81|0x00000000e5100000, 0x00000000e5100000, 0x00000000e5200000|  0%| F|  |TAMS 0x00000000e5100000| PB 0x00000000e5100000| Untracked |  0
|  82|0x00000000e5200000, 0x00000000e5200000, 0x00000000e5300000|  0%| F|  |TAMS 0x00000000e5200000| PB 0x00000000e5200000| Untracked |  0
|  83|0x00000000e5300000, 0x00000000e5300000, 0x00000000e5400000|  0%| F|  |TAMS 0x00000000e5300000| PB 0x00000000e5300000| Untracked |  0
|  84|0x00000000e5400000, 0x00000000e5400000, 0x00000000e5500000|  0%| F|  |TAMS 0x00000000e5400000| PB 0x00000000e5400000| Untracked |  0
|  85|0x00000000e5500000, 0x00000000e5500000, 0x00000000e5600000|  0%| F|  |TAMS 0x00000000e5500000| PB 0x00000000e5500000| Untracked |  0
|  86|0x00000000e5600000, 0x00000000e5600000, 0x00000000e5700000|  0%| F|  |TAMS 0x00000000e5600000| PB 0x00000000e5600000| Untracked |  0
|  87|0x00000000e5700000, 0x00000000e5700000, 0x00000000e5800000|  0%| F|  |TAMS 0x00000000e5700000| PB 0x00000000e5700000| Untracked |  0
|  88|0x00000000e5800000, 0x00000000e5800000, 0x00000000e5900000|  0%| F|  |TAMS 0x00000000e5800000| PB 0x00000000e5800000| Untracked |  0
|  89|0x00000000e5900000, 0x00000000e5900000, 0x00000000e5a00000|  0%| F|  |TAMS 0x00000000e5900000| PB 0x00000000e5900000| Untracked |  0
|  90|0x00000000e5a00000, 0x00000000e5a00000, 0x00000000e5b00000|  0%| F|  |TAMS 0x00000000e5a00000| PB 0x00000000e5a00000| Untracked |  0
|  91|0x00000000e5b00000, 0x00000000e5b00000, 0x00000000e5c00000|  0%| F|  |TAMS 0x00000000e5b00000| PB 0x00000000e5b00000| Untracked |  0
|  92|0x00000000e5c00000, 0x00000000e5c00000, 0x00000000e5d00000|  0%| F|  |TAMS 0x00000000e5c00000| PB 0x00000000e5c00000| Untracked |  0
|  93|0x00000000e5d00000, 0x00000000e5d00000, 0x00000000e5e00000|  0%| F|  |TAMS 0x00000000e5d00000| PB 0x00000000e5d00000| Untracked |  0
|  94|0x00000000e5e00000, 0x00000000e5e00000, 0x00000000e5f00000|  0%| F|  |TAMS 0x00000000e5e00000| PB 0x00000000e5e00000| Untracked |  0
|  95|0x00000000e5f00000, 0x00000000e5f00000, 0x00000000e6000000|  0%| F|  |TAMS 0x00000000e5f00000| PB 0x00000000e5f00000| Untracked |  0
|  96|0x00000000e6000000, 0x00000000e6000000, 0x00000000e6100000|  0%| F|  |TAMS 0x00000000e6000000| PB 0x00000000e6000000| Untracked |  0
|  97|0x00000000e6100000, 0x00000000e6100000, 0x00000000e6200000|  0%| F|  |TAMS 0x00000000e6100000| PB 0x00000000e6100000| Untracked |  0
|  98|0x00000000e6200000, 0x00000000e6200000, 0x00000000e6300000|  0%| F|  |TAMS 0x00000000e6200000| PB 0x00000000e6200000| Untracked |  0
|  99|0x00000000e6300000, 0x00000000e6300000, 0x00000000e6400000|  0%| F|  |TAMS 0x00000000e6300000| PB 0x00000000e6300000| Untracked |  0
| 100|0x00000000e6400000, 0x00000000e6400000, 0x00000000e6500000|  0%| F|  |TAMS 0x00000000e6400000| PB 0x00000000e6400000| Untracked |  0
| 101|0x00000000e6500000, 0x00000000e6500000, 0x00000000e6600000|  0%| F|  |TAMS 0x00000000e6500000| PB 0x00000000e6500000| Untracked |  0
| 102|0x00000000e6600000, 0x00000000e6600000, 0x00000000e6700000|  0%| F|  |TAMS 0x00000000e6600000| PB 0x00000000e6600000| Untracked |  0
| 103|0x00000000e6700000, 0x00000000e6700000, 0x00000000e6800000|  0%| F|  |TAMS 0x00000000e6700000| PB 0x00000000e6700000| Untracked |  0
| 104|0x00000000e6800000, 0x00000000e6800000, 0x00000000e6900000|  0%| F|  |TAMS 0x00000000e6800000| PB 0x00000000e6800000| Untracked |  0
| 105|0x00000000e6900000, 0x00000000e6900000, 0x00000000e6a00000|  0%| F|  |TAMS 0x00000000e6900000| PB 0x00000000e6900000| Untracked |  0
| 106|0x00000000e6a00000, 0x00000000e6a00000, 0x00000000e6b00000|  0%| F|  |TAMS 0x00000000e6a00000| PB 0x00000000e6a00000| Untracked |  0
| 107|0x00000000e6b00000, 0x00000000e6b00000, 0x00000000e6c00000|  0%| F|  |TAMS 0x00000000e6b00000| PB 0x00000000e6b00000| Untracked |  0
| 108|0x00000000e6c00000, 0x00000000e6c00000, 0x00000000e6d00000|  0%| F|  |TAMS 0x00000000e6c00000| PB 0x00000000e6c00000| Untracked |  0
| 109|0x00000000e6d00000, 0x00000000e6d00000, 0x00000000e6e00000|  0%| F|  |TAMS 0x00000000e6d00000| PB 0x00000000e6d00000| Untracked |  0
| 110|0x00000000e6e00000, 0x00000000e6e00000, 0x00000000e6f00000|  0%| F|  |TAMS 0x00000000e6e00000| PB 0x00000000e6e00000| Untracked |  0
| 111|0x00000000e6f00000, 0x00000000e6f00000, 0x00000000e7000000|  0%| F|  |TAMS 0x00000000e6f00000| PB 0x00000000e6f00000| Untracked |  0
| 112|0x00000000e7000000, 0x00000000e7000000, 0x00000000e7100000|  0%| F|  |TAMS 0x00000000e7000000| PB 0x00000000e7000000| Untracked |  0
| 113|0x00000000e7100000, 0x00000000e7100000, 0x00000000e7200000|  0%| F|  |TAMS 0x00000000e7100000| PB 0x00000000e7100000| Untracked |  0
| 114|0x00000000e7200000, 0x00000000e7200000, 0x00000000e7300000|  0%| F|  |TAMS 0x00000000e7200000| PB 0x00000000e7200000| Untracked |  0
| 115|0x00000000e7300000, 0x00000000e7300000, 0x00000000e7400000|  0%| F|  |TAMS 0x00000000e7300000| PB 0x00000000e7300000| Untracked |  0
| 116|0x00000000e7400000, 0x00000000e7400000, 0x00000000e7500000|  0%| F|  |TAMS 0x00000000e7400000| PB 0x00000000e7400000| Untracked |  0
| 117|0x00000000e7500000, 0x00000000e7500000, 0x00000000e7600000|  0%| F|  |TAMS 0x00000000e7500000| PB 0x00000000e7500000| Untracked |  0
| 118|0x00000000e7600000, 0x00000000e7600000, 0x00000000e7700000|  0%| F|  |TAMS 0x00000000e7600000| PB 0x00000000e7600000| Untracked |  0
| 119|0x00000000e7700000, 0x00000000e7700000, 0x00000000e7800000|  0%| F|  |TAMS 0x00000000e7700000| PB 0x00000000e7700000| Untracked |  0
| 120|0x00000000e7800000, 0x00000000e7800000, 0x00000000e7900000|  0%| F|  |TAMS 0x00000000e7800000| PB 0x00000000e7800000| Untracked |  0
| 121|0x00000000e7900000, 0x00000000e7900000, 0x00000000e7a00000|  0%| F|  |TAMS 0x00000000e7900000| PB 0x00000000e7900000| Untracked |  0
| 122|0x00000000e7a00000, 0x00000000e7a00000, 0x00000000e7b00000|  0%| F|  |TAMS 0x00000000e7a00000| PB 0x00000000e7a00000| Untracked |  0
| 123|0x00000000e7b00000, 0x00000000e7b00000, 0x00000000e7c00000|  0%| F|  |TAMS 0x00000000e7b00000| PB 0x00000000e7b00000| Untracked |  0
| 124|0x00000000e7c00000, 0x00000000e7c00000, 0x00000000e7d00000|  0%| F|  |TAMS 0x00000000e7c00000| PB 0x00000000e7c00000| Untracked |  0
| 125|0x00000000e7d00000, 0x00000000e7d00000, 0x00000000e7e00000|  0%| F|  |TAMS 0x00000000e7d00000| PB 0x00000000e7d00000| Untracked |  0
| 126|0x00000000e7e00000, 0x00000000e7e00000, 0x00000000e7f00000|  0%| F|  |TAMS 0x00000000e7e00000| PB 0x00000000e7e00000| Untracked |  0
| 127|0x00000000e7f00000, 0x00000000e7f00000, 0x00000000e8000000|  0%| F|  |TAMS 0x00000000e7f00000| PB 0x00000000e7f00000| Untracked |  0
| 128|0x00000000e8000000, 0x00000000e8000000, 0x00000000e8100000|  0%| F|  |TAMS 0x00000000e8000000| PB 0x00000000e8000000| Untracked |  0
| 129|0x00000000e8100000, 0x00000000e8100000, 0x00000000e8200000|  0%| F|  |TAMS 0x00000000e8100000| PB 0x00000000e8100000| Untracked |  0
| 130|0x00000000e8200000, 0x00000000e8200000, 0x00000000e8300000|  0%| F|  |TAMS 0x00000000e8200000| PB 0x00000000e8200000| Untracked |  0
| 131|0x00000000e8300000, 0x00000000e8300000, 0x00000000e8400000|  0%| F|  |TAMS 0x00000000e8300000| PB 0x00000000e8300000| Untracked |  0
| 132|0x00000000e8400000, 0x00000000e8400000, 0x00000000e8500000|  0%| F|  |TAMS 0x00000000e8400000| PB 0x00000000e8400000| Untracked |  0
| 133|0x00000000e8500000, 0x00000000e8500000, 0x00000000e8600000|  0%| F|  |TAMS 0x00000000e8500000| PB 0x00000000e8500000| Untracked |  0
| 134|0x00000000e8600000, 0x00000000e8600000, 0x00000000e8700000|  0%| F|  |TAMS 0x00000000e8600000| PB 0x00000000e8600000| Untracked |  0
| 135|0x00000000e8700000, 0x00000000e8700000, 0x00000000e8800000|  0%| F|  |TAMS 0x00000000e8700000| PB 0x00000000e8700000| Untracked |  0
| 136|0x00000000e8800000, 0x00000000e8800000, 0x00000000e8900000|  0%| F|  |TAMS 0x00000000e8800000| PB 0x00000000e8800000| Untracked |  0
| 137|0x00000000e8900000, 0x00000000e8900000, 0x00000000e8a00000|  0%| F|  |TAMS 0x00000000e8900000| PB 0x00000000e8900000| Untracked |  0
| 138|0x00000000e8a00000, 0x00000000e8a00000, 0x00000000e8b00000|  0%| F|  |TAMS 0x00000000e8a00000| PB 0x00000000e8a00000| Untracked |  0
| 139|0x00000000e8b00000, 0x00000000e8b00000, 0x00000000e8c00000|  0%| F|  |TAMS 0x00000000e8b00000| PB 0x00000000e8b00000| Untracked |  0
| 140|0x00000000e8c00000, 0x00000000e8c00000, 0x00000000e8d00000|  0%| F|  |TAMS 0x00000000e8c00000| PB 0x00000000e8c00000| Untracked |  0
| 141|0x00000000e8d00000, 0x00000000e8d00000, 0x00000000e8e00000|  0%| F|  |TAMS 0x00000000e8d00000| PB 0x00000000e8d00000| Untracked |  0
| 142|0x00000000e8e00000, 0x00000000e8e00000, 0x00000000e8f00000|  0%| F|  |TAMS 0x00000000e8e00000| PB 0x00000000e8e00000| Untracked |  0
| 143|0x00000000e8f00000, 0x00000000e8f00000, 0x00000000e9000000|  0%| F|  |TAMS 0x00000000e8f00000| PB 0x00000000e8f00000| Untracked |  0
| 144|0x00000000e9000000, 0x00000000e9000000, 0x00000000e9100000|  0%| F|  |TAMS 0x00000000e9000000| PB 0x00000000e9000000| Untracked |  0
| 145|0x00000000e9100000, 0x00000000e9100000, 0x00000000e9200000|  0%| F|  |TAMS 0x00000000e9100000| PB 0x00000000e9100000| Untracked |  0
| 146|0x00000000e9200000, 0x00000000e9200000, 0x00000000e9300000|  0%| F|  |TAMS 0x00000000e9200000| PB 0x00000000e9200000| Untracked |  0
| 147|0x00000000e9300000, 0x00000000e9300000, 0x00000000e9400000|  0%| F|  |TAMS 0x00000000e9300000| PB 0x00000000e9300000| Untracked |  0
| 148|0x00000000e9400000, 0x00000000e9400000, 0x00000000e9500000|  0%| F|  |TAMS 0x00000000e9400000| PB 0x00000000e9400000| Untracked |  0
| 149|0x00000000e9500000, 0x00000000e9500000, 0x00000000e9600000|  0%| F|  |TAMS 0x00000000e9500000| PB 0x00000000e9500000| Untracked |  0
| 150|0x00000000e9600000, 0x00000000e9600000, 0x00000000e9700000|  0%| F|  |TAMS 0x00000000e9600000| PB 0x00000000e9600000| Untracked |  0
| 151|0x00000000e9700000, 0x00000000e9700000, 0x00000000e9800000|  0%| F|  |TAMS 0x00000000e9700000| PB 0x00000000e9700000| Untracked |  0
| 152|0x00000000e9800000, 0x00000000e9800000, 0x00000000e9900000|  0%| F|  |TAMS 0x00000000e9800000| PB 0x00000000e9800000| Untracked |  0
| 153|0x00000000e9900000, 0x00000000e9900000, 0x00000000e9a00000|  0%| F|  |TAMS 0x00000000e9900000| PB 0x00000000e9900000| Untracked |  0
| 154|0x00000000e9a00000, 0x00000000e9a00000, 0x00000000e9b00000|  0%| F|  |TAMS 0x00000000e9a00000| PB 0x00000000e9a00000| Untracked |  0
| 155|0x00000000e9b00000, 0x00000000e9b00000, 0x00000000e9c00000|  0%| F|  |TAMS 0x00000000e9b00000| PB 0x00000000e9b00000| Untracked |  0
| 156|0x00000000e9c00000, 0x00000000e9c00000, 0x00000000e9d00000|  0%| F|  |TAMS 0x00000000e9c00000| PB 0x00000000e9c00000| Untracked |  0
| 157|0x00000000e9d00000, 0x00000000e9d00000, 0x00000000e9e00000|  0%| F|  |TAMS 0x00000000e9d00000| PB 0x00000000e9d00000| Untracked |  0
| 158|0x00000000e9e00000, 0x00000000e9e00000, 0x00000000e9f00000|  0%| F|  |TAMS 0x00000000e9e00000| PB 0x00000000e9e00000| Untracked |  0
| 159|0x00000000e9f00000, 0x00000000e9f00000, 0x00000000ea000000|  0%| F|  |TAMS 0x00000000e9f00000| PB 0x00000000e9f00000| Untracked |  0
| 160|0x00000000ea000000, 0x00000000ea000000, 0x00000000ea100000|  0%| F|  |TAMS 0x00000000ea000000| PB 0x00000000ea000000| Untracked |  0
| 161|0x00000000ea100000, 0x00000000ea100000, 0x00000000ea200000|  0%| F|  |TAMS 0x00000000ea100000| PB 0x00000000ea100000| Untracked |  0
| 162|0x00000000ea200000, 0x00000000ea200000, 0x00000000ea300000|  0%| F|  |TAMS 0x00000000ea200000| PB 0x00000000ea200000| Untracked |  0
| 163|0x00000000ea300000, 0x00000000ea300000, 0x00000000ea400000|  0%| F|  |TAMS 0x00000000ea300000| PB 0x00000000ea300000| Untracked |  0
| 164|0x00000000ea400000, 0x00000000ea400000, 0x00000000ea500000|  0%| F|  |TAMS 0x00000000ea400000| PB 0x00000000ea400000| Untracked |  0
| 165|0x00000000ea500000, 0x00000000ea500000, 0x00000000ea600000|  0%| F|  |TAMS 0x00000000ea500000| PB 0x00000000ea500000| Untracked |  0
| 166|0x00000000ea600000, 0x00000000ea600000, 0x00000000ea700000|  0%| F|  |TAMS 0x00000000ea600000| PB 0x00000000ea600000| Untracked |  0
| 167|0x00000000ea700000, 0x00000000ea700000, 0x00000000ea800000|  0%| F|  |TAMS 0x00000000ea700000| PB 0x00000000ea700000| Untracked |  0
| 168|0x00000000ea800000, 0x00000000ea800000, 0x00000000ea900000|  0%| F|  |TAMS 0x00000000ea800000| PB 0x00000000ea800000| Untracked |  0
| 169|0x00000000ea900000, 0x00000000ea900000, 0x00000000eaa00000|  0%| F|  |TAMS 0x00000000ea900000| PB 0x00000000ea900000| Untracked |  0
| 170|0x00000000eaa00000, 0x00000000eaa00000, 0x00000000eab00000|  0%| F|  |TAMS 0x00000000eaa00000| PB 0x00000000eaa00000| Untracked |  0
| 171|0x00000000eab00000, 0x00000000eab00000, 0x00000000eac00000|  0%| F|  |TAMS 0x00000000eab00000| PB 0x00000000eab00000| Untracked |  0
| 172|0x00000000eac00000, 0x00000000eac00000, 0x00000000ead00000|  0%| F|  |TAMS 0x00000000eac00000| PB 0x00000000eac00000| Untracked |  0
| 173|0x00000000ead00000, 0x00000000ead00000, 0x00000000eae00000|  0%| F|  |TAMS 0x00000000ead00000| PB 0x00000000ead00000| Untracked |  0
| 174|0x00000000eae00000, 0x00000000eae00000, 0x00000000eaf00000|  0%| F|  |TAMS 0x00000000eae00000| PB 0x00000000eae00000| Untracked |  0
| 175|0x00000000eaf00000, 0x00000000eaf00000, 0x00000000eb000000|  0%| F|  |TAMS 0x00000000eaf00000| PB 0x00000000eaf00000| Untracked |  0
| 176|0x00000000eb000000, 0x00000000eb000000, 0x00000000eb100000|  0%| F|  |TAMS 0x00000000eb000000| PB 0x00000000eb000000| Untracked |  0
| 177|0x00000000eb100000, 0x00000000eb100000, 0x00000000eb200000|  0%| F|  |TAMS 0x00000000eb100000| PB 0x00000000eb100000| Untracked |  0
| 178|0x00000000eb200000, 0x00000000eb200000, 0x00000000eb300000|  0%| F|  |TAMS 0x00000000eb200000| PB 0x00000000eb200000| Untracked |  0
| 179|0x00000000eb300000, 0x00000000eb300000, 0x00000000eb400000|  0%| F|  |TAMS 0x00000000eb300000| PB 0x00000000eb300000| Untracked |  0
| 180|0x00000000eb400000, 0x00000000eb400000, 0x00000000eb500000|  0%| F|  |TAMS 0x00000000eb400000| PB 0x00000000eb400000| Untracked |  0
| 181|0x00000000eb500000, 0x00000000eb500000, 0x00000000eb600000|  0%| F|  |TAMS 0x00000000eb500000| PB 0x00000000eb500000| Untracked |  0
| 182|0x00000000eb600000, 0x00000000eb600000, 0x00000000eb700000|  0%| F|  |TAMS 0x00000000eb600000| PB 0x00000000eb600000| Untracked |  0
| 183|0x00000000eb700000, 0x00000000eb700000, 0x00000000eb800000|  0%| F|  |TAMS 0x00000000eb700000| PB 0x00000000eb700000| Untracked |  0
| 184|0x00000000eb800000, 0x00000000eb800000, 0x00000000eb900000|  0%| F|  |TAMS 0x00000000eb800000| PB 0x00000000eb800000| Untracked |  0
| 185|0x00000000eb900000, 0x00000000eb900000, 0x00000000eba00000|  0%| F|  |TAMS 0x00000000eb900000| PB 0x00000000eb900000| Untracked |  0
| 186|0x00000000eba00000, 0x00000000eba00000, 0x00000000ebb00000|  0%| F|  |TAMS 0x00000000eba00000| PB 0x00000000eba00000| Untracked |  0
| 187|0x00000000ebb00000, 0x00000000ebb00000, 0x00000000ebc00000|  0%| F|  |TAMS 0x00000000ebb00000| PB 0x00000000ebb00000| Untracked |  0
| 188|0x00000000ebc00000, 0x00000000ebc00000, 0x00000000ebd00000|  0%| F|  |TAMS 0x00000000ebc00000| PB 0x00000000ebc00000| Untracked |  0
| 189|0x00000000ebd00000, 0x00000000ebd00000, 0x00000000ebe00000|  0%| F|  |TAMS 0x00000000ebd00000| PB 0x00000000ebd00000| Untracked |  0
| 190|0x00000000ebe00000, 0x00000000ebe00000, 0x00000000ebf00000|  0%| F|  |TAMS 0x00000000ebe00000| PB 0x00000000ebe00000| Untracked |  0
| 191|0x00000000ebf00000, 0x00000000ebf00000, 0x00000000ec000000|  0%| F|  |TAMS 0x00000000ebf00000| PB 0x00000000ebf00000| Untracked |  0
| 192|0x00000000ec000000, 0x00000000ec000000, 0x00000000ec100000|  0%| F|  |TAMS 0x00000000ec000000| PB 0x00000000ec000000| Untracked |  0
| 193|0x00000000ec100000, 0x00000000ec100000, 0x00000000ec200000|  0%| F|  |TAMS 0x00000000ec100000| PB 0x00000000ec100000| Untracked |  0
| 194|0x00000000ec200000, 0x00000000ec200000, 0x00000000ec300000|  0%| F|  |TAMS 0x00000000ec200000| PB 0x00000000ec200000| Untracked |  0
| 195|0x00000000ec300000, 0x00000000ec300000, 0x00000000ec400000|  0%| F|  |TAMS 0x00000000ec300000| PB 0x00000000ec300000| Untracked |  0
| 196|0x00000000ec400000, 0x00000000ec400000, 0x00000000ec500000|  0%| F|  |TAMS 0x00000000ec400000| PB 0x00000000ec400000| Untracked |  0
| 197|0x00000000ec500000, 0x00000000ec500000, 0x00000000ec600000|  0%| F|  |TAMS 0x00000000ec500000| PB 0x00000000ec500000| Untracked |  0
| 198|0x00000000ec600000, 0x00000000ec600000, 0x00000000ec700000|  0%| F|  |TAMS 0x00000000ec600000| PB 0x00000000ec600000| Untracked |  0
| 199|0x00000000ec700000, 0x00000000ec700000, 0x00000000ec800000|  0%| F|  |TAMS 0x00000000ec700000| PB 0x00000000ec700000| Untracked |  0
| 200|0x00000000ec800000, 0x00000000ec800000, 0x00000000ec900000|  0%| F|  |TAMS 0x00000000ec800000| PB 0x00000000ec800000| Untracked |  0
| 201|0x00000000ec900000, 0x00000000ec900000, 0x00000000eca00000|  0%| F|  |TAMS 0x00000000ec900000| PB 0x00000000ec900000| Untracked |  0
| 202|0x00000000eca00000, 0x00000000eca00000, 0x00000000ecb00000|  0%| F|  |TAMS 0x00000000eca00000| PB 0x00000000eca00000| Untracked |  0
| 203|0x00000000ecb00000, 0x00000000ecb00000, 0x00000000ecc00000|  0%| F|  |TAMS 0x00000000ecb00000| PB 0x00000000ecb00000| Untracked |  0
| 204|0x00000000ecc00000, 0x00000000ecc00000, 0x00000000ecd00000|  0%| F|  |TAMS 0x00000000ecc00000| PB 0x00000000ecc00000| Untracked |  0
| 205|0x00000000ecd00000, 0x00000000ecd00000, 0x00000000ece00000|  0%| F|  |TAMS 0x00000000ecd00000| PB 0x00000000ecd00000| Untracked |  0
| 206|0x00000000ece00000, 0x00000000ece00000, 0x00000000ecf00000|  0%| F|  |TAMS 0x00000000ece00000| PB 0x00000000ece00000| Untracked |  0
| 207|0x00000000ecf00000, 0x00000000ecf00000, 0x00000000ed000000|  0%| F|  |TAMS 0x00000000ecf00000| PB 0x00000000ecf00000| Untracked |  0
| 208|0x00000000ed000000, 0x00000000ed000000, 0x00000000ed100000|  0%| F|  |TAMS 0x00000000ed000000| PB 0x00000000ed000000| Untracked |  0
| 209|0x00000000ed100000, 0x00000000ed100000, 0x00000000ed200000|  0%| F|  |TAMS 0x00000000ed100000| PB 0x00000000ed100000| Untracked |  0
| 210|0x00000000ed200000, 0x00000000ed200000, 0x00000000ed300000|  0%| F|  |TAMS 0x00000000ed200000| PB 0x00000000ed200000| Untracked |  0
| 211|0x00000000ed300000, 0x00000000ed300000, 0x00000000ed400000|  0%| F|  |TAMS 0x00000000ed300000| PB 0x00000000ed300000| Untracked |  0
| 212|0x00000000ed400000, 0x00000000ed400000, 0x00000000ed500000|  0%| F|  |TAMS 0x00000000ed400000| PB 0x00000000ed400000| Untracked |  0
| 213|0x00000000ed500000, 0x00000000ed500000, 0x00000000ed600000|  0%| F|  |TAMS 0x00000000ed500000| PB 0x00000000ed500000| Untracked |  0
| 214|0x00000000ed600000, 0x00000000ed600000, 0x00000000ed700000|  0%| F|  |TAMS 0x00000000ed600000| PB 0x00000000ed600000| Untracked |  0
| 215|0x00000000ed700000, 0x00000000ed700000, 0x00000000ed800000|  0%| F|  |TAMS 0x00000000ed700000| PB 0x00000000ed700000| Untracked |  0
| 216|0x00000000ed800000, 0x00000000ed800000, 0x00000000ed900000|  0%| F|  |TAMS 0x00000000ed800000| PB 0x00000000ed800000| Untracked |  0
| 217|0x00000000ed900000, 0x00000000ed900000, 0x00000000eda00000|  0%| F|  |TAMS 0x00000000ed900000| PB 0x00000000ed900000| Untracked |  0
| 218|0x00000000eda00000, 0x00000000eda00000, 0x00000000edb00000|  0%| F|  |TAMS 0x00000000eda00000| PB 0x00000000eda00000| Untracked |  0
| 219|0x00000000edb00000, 0x00000000edb00000, 0x00000000edc00000|  0%| F|  |TAMS 0x00000000edb00000| PB 0x00000000edb00000| Untracked |  0
| 220|0x00000000edc00000, 0x00000000edc00000, 0x00000000edd00000|  0%| F|  |TAMS 0x00000000edc00000| PB 0x00000000edc00000| Untracked |  0
| 221|0x00000000edd00000, 0x00000000edd00000, 0x00000000ede00000|  0%| F|  |TAMS 0x00000000edd00000| PB 0x00000000edd00000| Untracked |  0
| 222|0x00000000ede00000, 0x00000000ede00000, 0x00000000edf00000|  0%| F|  |TAMS 0x00000000ede00000| PB 0x00000000ede00000| Untracked |  0
| 223|0x00000000edf00000, 0x00000000edf00000, 0x00000000ee000000|  0%| F|  |TAMS 0x00000000edf00000| PB 0x00000000edf00000| Untracked |  0
| 224|0x00000000ee000000, 0x00000000ee000000, 0x00000000ee100000|  0%| F|  |TAMS 0x00000000ee000000| PB 0x00000000ee000000| Untracked |  0
| 225|0x00000000ee100000, 0x00000000ee100000, 0x00000000ee200000|  0%| F|  |TAMS 0x00000000ee100000| PB 0x00000000ee100000| Untracked |  0
| 226|0x00000000ee200000, 0x00000000ee200000, 0x00000000ee300000|  0%| F|  |TAMS 0x00000000ee200000| PB 0x00000000ee200000| Untracked |  0
| 227|0x00000000ee300000, 0x00000000ee300000, 0x00000000ee400000|  0%| F|  |TAMS 0x00000000ee300000| PB 0x00000000ee300000| Untracked |  0
| 228|0x00000000ee400000, 0x00000000ee400000, 0x00000000ee500000|  0%| F|  |TAMS 0x00000000ee400000| PB 0x00000000ee400000| Untracked |  0
| 229|0x00000000ee500000, 0x00000000ee500000, 0x00000000ee600000|  0%| F|  |TAMS 0x00000000ee500000| PB 0x00000000ee500000| Untracked |  0
| 230|0x00000000ee600000, 0x00000000ee600000, 0x00000000ee700000|  0%| F|  |TAMS 0x00000000ee600000| PB 0x00000000ee600000| Untracked |  0
| 231|0x00000000ee700000, 0x00000000ee700000, 0x00000000ee800000|  0%| F|  |TAMS 0x00000000ee700000| PB 0x00000000ee700000| Untracked |  0
| 232|0x00000000ee800000, 0x00000000ee800000, 0x00000000ee900000|  0%| F|  |TAMS 0x00000000ee800000| PB 0x00000000ee800000| Untracked |  0
| 233|0x00000000ee900000, 0x00000000ee900000, 0x00000000eea00000|  0%| F|  |TAMS 0x00000000ee900000| PB 0x00000000ee900000| Untracked |  0
| 234|0x00000000eea00000, 0x00000000eeab32b8, 0x00000000eeb00000| 69%| S|CS|TAMS 0x00000000eea00000| PB 0x00000000eea00000| Complete |  0
| 235|0x00000000eeb00000, 0x00000000eec00000, 0x00000000eec00000|100%| S|CS|TAMS 0x00000000eeb00000| PB 0x00000000eeb00000| Complete |  0
| 236|0x00000000eec00000, 0x00000000eed00000, 0x00000000eed00000|100%| S|CS|TAMS 0x00000000eec00000| PB 0x00000000eec00000| Complete |  0
| 237|0x00000000eed00000, 0x00000000eee00000, 0x00000000eee00000|100%| S|CS|TAMS 0x00000000eed00000| PB 0x00000000eed00000| Complete |  0
| 238|0x00000000eee00000, 0x00000000eef00000, 0x00000000eef00000|100%| S|CS|TAMS 0x00000000eee00000| PB 0x00000000eee00000| Complete |  0
| 239|0x00000000eef00000, 0x00000000ef000000, 0x00000000ef000000|100%| S|CS|TAMS 0x00000000eef00000| PB 0x00000000eef00000| Complete |  0
| 240|0x00000000ef000000, 0x00000000ef100000, 0x00000000ef100000|100%| S|CS|TAMS 0x00000000ef000000| PB 0x00000000ef000000| Complete |  0
| 241|0x00000000ef100000, 0x00000000ef200000, 0x00000000ef200000|100%| E|  |TAMS 0x00000000ef100000| PB 0x00000000ef100000| Complete |  0
| 242|0x00000000ef200000, 0x00000000ef300000, 0x00000000ef300000|100%| E|CS|TAMS 0x00000000ef200000| PB 0x00000000ef200000| Complete |  0
| 243|0x00000000ef300000, 0x00000000ef400000, 0x00000000ef400000|100%| E|CS|TAMS 0x00000000ef300000| PB 0x00000000ef300000| Complete |  0
| 244|0x00000000ef400000, 0x00000000ef500000, 0x00000000ef500000|100%| E|CS|TAMS 0x00000000ef400000| PB 0x00000000ef400000| Complete |  0
| 245|0x00000000ef500000, 0x00000000ef600000, 0x00000000ef600000|100%| E|CS|TAMS 0x00000000ef500000| PB 0x00000000ef500000| Complete |  0
| 246|0x00000000ef600000, 0x00000000ef700000, 0x00000000ef700000|100%| E|CS|TAMS 0x00000000ef600000| PB 0x00000000ef600000| Complete |  0
| 247|0x00000000ef700000, 0x00000000ef800000, 0x00000000ef800000|100%| E|CS|TAMS 0x00000000ef700000| PB 0x00000000ef700000| Complete |  0
| 248|0x00000000ef800000, 0x00000000ef900000, 0x00000000ef900000|100%| E|CS|TAMS 0x00000000ef800000| PB 0x00000000ef800000| Complete |  0
| 249|0x00000000ef900000, 0x00000000efa00000, 0x00000000efa00000|100%| E|CS|TAMS 0x00000000ef900000| PB 0x00000000ef900000| Complete |  0
| 250|0x00000000efa00000, 0x00000000efb00000, 0x00000000efb00000|100%| S|CS|TAMS 0x00000000efa00000| PB 0x00000000efa00000| Complete |  0
| 251|0x00000000efb00000, 0x00000000efc00000, 0x00000000efc00000|100%| S|CS|TAMS 0x00000000efb00000| PB 0x00000000efb00000| Complete |  0
| 254|0x00000000efe00000, 0x00000000eff00000, 0x00000000eff00000|100%| S|CS|TAMS 0x00000000efe00000| PB 0x00000000efe00000| Complete |  0
| 255|0x00000000eff00000, 0x00000000f0000000, 0x00000000f0000000|100%| E|CS|TAMS 0x00000000eff00000| PB 0x00000000eff00000| Complete |  0
| 510|0x00000000ffe00000, 0x00000000fff00000, 0x00000000fff00000|100%| O|  |TAMS 0x00000000ffe00000| PB 0x00000000ffe00000| Untracked |  0
| 511|0x00000000fff00000, 0x0000000100000000, 0x0000000100000000|100%| E|CS|TAMS 0x00000000fff00000| PB 0x00000000fff00000| Complete |  0

Card table byte_map: [0x000001e975e10000,0x000001e975f10000] _byte_map_base: 0x000001e975710000

Marking Bits: (CMBitMap*) 0x000001e95db2c340
 Bits: [0x000001e975f10000, 0x000001e976710000)

Polling page: 0x000001e95b700000

Metaspace:
Metaspace        used 36519K, committed 37888K, reserved 393216K
 class space     used 4050K, committed 4672K, reserved 327680K

Usage:
  Non-class:     31.71 MB used.
      Class:      3.96 MB used.
       Both:     35.66 MB used.

Virtual space:
  Non-class space:       64.00 MB reserved,      32.44 MB ( 51%) committed,  1 nodes.
      Class space:      320.00 MB reserved,       4.56 MB (  1%) committed,  1 nodes.
             Both:      384.00 MB reserved,      37.00 MB ( 10%) committed. 

Chunk freelists:
   Non-Class:  15.47 MB
       Class:  11.38 MB
        Both:  26.86 MB

MaxMetaspaceSize: 384.00 MB
CompressedClassSpaceSize: 320.00 MB
Initial GC threshold: 21.00 MB
Current GC threshold: 59.94 MB
CDS: on
 - commit_granule_bytes: 65536.
 - commit_granule_words: 8192.
 - virtual_space_node_default_size: 8388608.
 - enlarge_chunks_in_place: 1.
UseCompressedClassPointers 1, UseCompactObjectHeaders 0
Narrow klass pointer bits 32, Max shift 3
Narrow klass base: 0x00000000a8000000, Narrow klass shift: 0
Encoding Range: [0x00000000a8000000 - 0x00000001a8000000), (4294967296 bytes)
Klass Range:    [0x00000000a8010000 - 0x00000000bd000000), (352256000 bytes)
Klass ID Range:  [65536 - 352321529) (352255993)
Protection zone: [0x00000000a8000000 - 0x00000000a8010000), (65536 bytes)


Internal statistics:

num_allocs_failed_limit: 12.
num_arena_births: 2390.
num_arena_deaths: 0.
num_vsnodes_births: 2.
num_vsnodes_deaths: 0.
num_space_committed: 592.
num_space_uncommitted: 0.
num_chunks_returned_to_freelist: 12.
num_chunks_taken_from_freelist: 4054.
num_chunk_merges: 6.
num_chunk_splits: 2660.
num_chunks_enlarged: 1637.
num_inconsistent_stats: 0.

CodeHeap 'non-profiled nmethods': size=119232Kb used=1760Kb max_used=1880Kb free=117471Kb
 bounds [0x000001e96df10000, 0x000001e96e180000, 0x000001e975380000]
CodeHeap 'profiled nmethods': size=119104Kb used=6455Kb max_used=7382Kb free=112648Kb
 bounds [0x000001e966380000, 0x000001e966ac0000, 0x000001e96d7d0000]
CodeHeap 'non-nmethods': size=7424Kb used=3151Kb max_used=3620Kb free=4272Kb
 bounds [0x000001e96d7d0000, 0x000001e96db60000, 0x000001e96df10000]
CodeCache: size=245760Kb, used=11366Kb, max_used=12882Kb, free=234391Kb
 total_blobs=4911, nmethods=4175, adapters=632, full_count=0
Compilation: enabled, stopped_count=0, restarted_count=0

Compilation events (20 events):
Event: 3.395 Thread 0x000001e97e37d240 nmethod 4664 0x000001e966413b08 code [0x000001e966413c00, 0x000001e966414b68]
Event: 3.395 Thread 0x000001e97e467f50 4666  s    3       java.util.Hashtable::put (104 bytes)
Event: 3.396 Thread 0x000001e97e467f50 nmethod 4666 0x000001e966381308 code [0x000001e966381400, 0x000001e966381ba8]
Event: 3.396 Thread 0x000001e9796dc4e0 4667       3       java.lang.reflect.Method::getTypeParameters (19 bytes)
Event: 3.397 Thread 0x000001e9796dc4e0 nmethod 4667 0x000001e966380008 code [0x000001e966380100, 0x000001e966380688]
Event: 3.397 Thread 0x000001e9796dc4e0 4668       3       java.lang.reflect.Method::getExceptionTypes (26 bytes)
Event: 3.397 Thread 0x000001e97e37d240 4669       3       com.sun.beans.TypeResolver::getActualType (24 bytes)
Event: 3.397 Thread 0x000001e9796dc4e0 nmethod 4668 0x000001e9663c7c08 code [0x000001e9663c7d00, 0x000001e9663c7fd0]
Event: 3.397 Thread 0x000001e97965ca70 4670       3       java.lang.reflect.Executable::printModifiersIfNonzero (101 bytes)
Event: 3.397 Thread 0x000001e97e467f50 4671       3       java.lang.reflect.Modifier::toString (185 bytes)
Event: 3.397 Thread 0x000001e9796dc4e0 4672       3       java.lang.reflect.Method::specificToGenericStringHeader (48 bytes)
Event: 3.397 Thread 0x000001e97e37d240 nmethod 4669 0x000001e9663f0988 code [0x000001e9663f0a80, 0x000001e9663f1200]
Event: 3.397 Thread 0x000001e97e37d240 4673       3       java.lang.reflect.Method::getGenericExceptionTypes (5 bytes)
Event: 3.397 Thread 0x000001e97e467f50 nmethod 4671 0x000001e966410688 code [0x000001e966410780, 0x000001e9664114e8]
Event: 3.397 Thread 0x000001e97965ca70 nmethod 4670 0x000001e9663c5908 code [0x000001e9663c5a00, 0x000001e9663c6578]
Event: 3.398 Thread 0x000001e9796dc4e0 nmethod 4672 0x000001e966593f08 code [0x000001e966594000, 0x000001e9665952b0]
Event: 3.398 Thread 0x000001e97e37d240 nmethod 4673 0x000001e966511a88 code [0x000001e966511b80, 0x000001e9665124a8]
Event: 3.398 Thread 0x000001e97e0219c0 4674       4       java.lang.AbstractStringBuilder::newCapacity (49 bytes)
Event: 3.399 Thread 0x000001e97e0265a0 4675       4       java.lang.reflect.Method::getParameterCount (6 bytes)
Event: 3.399 Thread 0x000001e97e37d240 4676       3       java.util.Hashtable$Entry::<init> (26 bytes)

GC Heap Usage History (12 events):
Event: 0.706 {heap Before GC invocations=0 (full 0):
 garbage-first heap   total reserved 524288K, committed 264192K, used 53397K [0x00000000e0000000, 0x0000000100000000)
  region size 1024K, 47 young (48128K), 0 survivors (0K)
}
Event: 0.709 {heap After GC invocations=1 (full 0):
 garbage-first heap   total reserved 524288K, committed 264192K, used 12025K [0x00000000e0000000, 0x0000000100000000)
  region size 1024K, 6 young (6144K), 6 survivors (6144K)
}
Event: 1.697 {heap Before GC invocations=1 (full 0):
 garbage-first heap   total reserved 524288K, committed 264192K, used 122617K [0x00000000e0000000, 0x0000000100000000)
  region size 1024K, 112 young (114688K), 6 survivors (6144K)
}
Event: 1.703 {heap After GC invocations=2 (full 0):
 garbage-first heap   total reserved 524288K, committed 264192K, used 22241K [0x00000000e0000000, 0x0000000100000000)
  region size 1024K, 14 young (14336K), 14 survivors (14336K)
}
Event: 2.187 {heap Before GC invocations=2 (full 0):
 garbage-first heap   total reserved 524288K, committed 264192K, used 65249K [0x00000000e0000000, 0x0000000100000000)
  region size 1024K, 56 young (57344K), 14 survivors (14336K)
}
Event: 2.192 {heap After GC invocations=3 (full 0):
 garbage-first heap   total reserved 524288K, committed 264192K, used 25006K [0x00000000e0000000, 0x0000000100000000)
  region size 1024K, 11 young (11264K), 11 survivors (11264K)
}
Event: 3.197 {heap Before GC invocations=4 (full 0):
 garbage-first heap   total reserved 524288K, committed 262144K, used 143790K [0x00000000e0000000, 0x0000000100000000)
  region size 1024K, 129 young (132096K), 11 survivors (11264K)
}
Event: 3.204 {heap After GC invocations=5 (full 0):
 garbage-first heap   total reserved 524288K, committed 262144K, used 31444K [0x00000000e0000000, 0x0000000100000000)
  region size 1024K, 17 young (17408K), 17 survivors (17408K)
}
Event: 3.254 {heap Before GC invocations=5 (full 0):
 garbage-first heap   total reserved 524288K, committed 262144K, used 34516K [0x00000000e0000000, 0x0000000100000000)
  region size 1024K, 21 young (21504K), 17 survivors (17408K)
}
Event: 3.260 {heap After GC invocations=6 (full 0):
 garbage-first heap   total reserved 524288K, committed 262144K, used 31981K [0x00000000e0000000, 0x0000000100000000)
  region size 1024K, 9 young (9216K), 9 survivors (9216K)
}
Event: 3.294 {heap Before GC invocations=6 (full 0):
 garbage-first heap   total reserved 524288K, committed 262144K, used 33005K [0x00000000e0000000, 0x0000000100000000)
  region size 1024K, 11 young (11264K), 9 survivors (9216K)
}
Event: 3.298 {heap After GC invocations=7 (full 0):
 garbage-first heap   total reserved 524288K, committed 262144K, used 32746K [0x00000000e0000000, 0x0000000100000000)
  region size 1024K, 10 young (10240K), 10 survivors (10240K)
}

Metaspace Usage History (12 events):
Event: 0.706 {metaspace Before GC invocations=0 (full 0):
 Metaspace       used 4609K, committed 4736K, reserved 393216K
  class space    used 391K, committed 448K, reserved 327680K
}
Event: 0.709 {metaspace After GC invocations=1 (full 0):
 Metaspace       used 4609K, committed 4736K, reserved 393216K
  class space    used 391K, committed 448K, reserved 327680K
}
Event: 1.697 {metaspace Before GC invocations=1 (full 0):
 Metaspace       used 14603K, committed 15040K, reserved 393216K
  class space    used 1461K, committed 1664K, reserved 327680K
}
Event: 1.703 {metaspace After GC invocations=2 (full 0):
 Metaspace       used 14603K, committed 15040K, reserved 393216K
  class space    used 1461K, committed 1664K, reserved 327680K
}
Event: 2.187 {metaspace Before GC invocations=2 (full 0):
 Metaspace       used 20889K, committed 21504K, reserved 393216K
  class space    used 2127K, committed 2432K, reserved 327680K
}
Event: 2.192 {metaspace After GC invocations=3 (full 0):
 Metaspace       used 20889K, committed 21504K, reserved 393216K
  class space    used 2127K, committed 2432K, reserved 327680K
}
Event: 3.197 {metaspace Before GC invocations=4 (full 0):
 Metaspace       used 34543K, committed 35968K, reserved 393216K
  class space    used 3832K, committed 4544K, reserved 327680K
}
Event: 3.204 {metaspace After GC invocations=5 (full 0):
 Metaspace       used 34543K, committed 35968K, reserved 393216K
  class space    used 3832K, committed 4544K, reserved 327680K
}
Event: 3.254 {metaspace Before GC invocations=5 (full 0):
 Metaspace       used 34947K, committed 36288K, reserved 393216K
  class space    used 3861K, committed 4544K, reserved 327680K
}
Event: 3.260 {metaspace After GC invocations=6 (full 0):
 Metaspace       used 34947K, committed 36288K, reserved 393216K
  class space    used 3861K, committed 4544K, reserved 327680K
}
Event: 3.294 {metaspace Before GC invocations=6 (full 0):
 Metaspace       used 35229K, committed 36608K, reserved 393216K
  class space    used 3876K, committed 4544K, reserved 327680K
}
Event: 3.298 {metaspace After GC invocations=7 (full 0):
 Metaspace       used 35229K, committed 36608K, reserved 393216K
  class space    used 3876K, committed 4544K, reserved 327680K
}

Dll operation events (14 events):
Event: 0.010 Loaded shared library C:\Program Files\Java\jdk-25\bin\java.dll
Event: 0.087 Loaded shared library C:\Program Files\Java\jdk-25\bin\zip.dll
Event: 0.090 Loaded shared library C:\Program Files\Java\jdk-25\bin\instrument.dll
Event: 0.094 Loaded shared library C:\Program Files\Java\jdk-25\bin\net.dll
Event: 0.096 Loaded shared library C:\Program Files\Java\jdk-25\bin\nio.dll
Event: 0.105 Loaded shared library C:\Program Files\Java\jdk-25\bin\zip.dll
Event: 0.311 Loaded shared library C:\Program Files\Java\jdk-25\bin\jimage.dll
Event: 0.456 Loaded shared library C:\Program Files\Java\jdk-25\bin\verify.dll
Event: 0.476 Loaded shared library C:\Users\Sanjay\.gradle\native\660c5614fbf4a5f2a75b1949f50a0caf5cd603558e7d8a26e50b933a0cfb79d1\windows-amd64\native-platform.dll
Event: 0.483 Loaded shared library C:\Users\Sanjay\.gradle\native\0.2.8\x86_64-windows-gnu\gradle-fileevents.dll
Event: 1.170 Loaded shared library C:\Program Files\Java\jdk-25\bin\management.dll
Event: 1.171 Loaded shared library C:\Program Files\Java\jdk-25\bin\management_ext.dll
Event: 1.267 Loaded shared library C:\Program Files\Java\jdk-25\bin\extnet.dll
Event: 1.414 Loaded shared library C:\Program Files\Java\jdk-25\bin\sunmscapi.dll

Deoptimization events (20 events):
Event: 3.249 Thread 0x000001e90020afc0 Uncommon trap: trap_request=0xffffffc6 fr.pc=0x000001e96e066424 relative=0x0000000000000224
Event: 3.249 Thread 0x000001e90020afc0 Uncommon trap: reason=bimorphic_or_optimized_type_check action=maybe_recompile pc=0x000001e96e066424 method=java.util.regex.Pattern$BmpCharProperty.match(Ljava/util/regex/Matcher;ILjava/lang/CharSequence;)Z @ 19 c2
Event: 3.249 Thread 0x000001e90020afc0 DEOPT PACKING pc=0x000001e96e066424 sp=0x0000004345bf8710
Event: 3.249 Thread 0x000001e90020afc0 DEOPT UNPACKING pc=0x000001e96d8edb82 sp=0x0000004345bf86a8 mode 2
Event: 3.249 Thread 0x000001e90020afc0 Uncommon trap: trap_request=0xffffffc6 fr.pc=0x000001e96e066424 relative=0x0000000000000224
Event: 3.249 Thread 0x000001e90020afc0 Uncommon trap: reason=bimorphic_or_optimized_type_check action=maybe_recompile pc=0x000001e96e066424 method=java.util.regex.Pattern$BmpCharProperty.match(Ljava/util/regex/Matcher;ILjava/lang/CharSequence;)Z @ 19 c2
Event: 3.249 Thread 0x000001e90020afc0 DEOPT PACKING pc=0x000001e96e066424 sp=0x0000004345bf8710
Event: 3.249 Thread 0x000001e90020afc0 DEOPT UNPACKING pc=0x000001e96d8edb82 sp=0x0000004345bf86a8 mode 2
Event: 3.389 Thread 0x000001e90020afc0 Uncommon trap: trap_request=0xffffffde fr.pc=0x000001e96df676ac relative=0x000000000000102c
Event: 3.389 Thread 0x000001e90020afc0 Uncommon trap: reason=class_check action=maybe_recompile pc=0x000001e96df676ac method=jdk.internal.loader.URLClassPath.getLoader(I)Ljdk/internal/loader/URLClassPath$Loader; @ 198 c2
Event: 3.389 Thread 0x000001e90020afc0 DEOPT PACKING pc=0x000001e96df676ac sp=0x0000004345bf8e40
Event: 3.389 Thread 0x000001e90020afc0 DEOPT UNPACKING pc=0x000001e96d8edb82 sp=0x0000004345bf8e28 mode 2
Event: 3.396 Thread 0x000001e90020afc0 Uncommon trap: trap_request=0xffffffc6 fr.pc=0x000001e96df3ac68 relative=0x00000000000002e8
Event: 3.396 Thread 0x000001e90020afc0 Uncommon trap: reason=bimorphic_or_optimized_type_check action=maybe_recompile pc=0x000001e96df3ac68 method=java.util.regex.Pattern$Slice.match(Ljava/util/regex/Matcher;ILjava/lang/CharSequence;)Z @ 75 c2
Event: 3.396 Thread 0x000001e90020afc0 DEOPT PACKING pc=0x000001e96df3ac68 sp=0x0000004345bf93d0
Event: 3.396 Thread 0x000001e90020afc0 DEOPT UNPACKING pc=0x000001e96d8edb82 sp=0x0000004345bf9350 mode 2
Event: 3.397 Thread 0x000001e90020afc0 Uncommon trap: trap_request=0xffffffc6 fr.pc=0x000001e96df3ac68 relative=0x00000000000002e8
Event: 3.397 Thread 0x000001e90020afc0 Uncommon trap: reason=bimorphic_or_optimized_type_check action=maybe_recompile pc=0x000001e96df3ac68 method=java.util.regex.Pattern$Slice.match(Ljava/util/regex/Matcher;ILjava/lang/CharSequence;)Z @ 75 c2
Event: 3.397 Thread 0x000001e90020afc0 DEOPT PACKING pc=0x000001e96df3ac68 sp=0x0000004345bf93d0
Event: 3.397 Thread 0x000001e90020afc0 DEOPT UNPACKING pc=0x000001e96d8edb82 sp=0x0000004345bf9350 mode 2

Classes loaded (20 events):
Event: 3.363 Loading class java/util/Hashtable$EntrySet
Event: 3.363 Loading class java/util/Hashtable$EntrySet done
Event: 3.370 Loading class java/util/concurrent/locks/ReentrantReadWriteLock
Event: 3.370 Loading class java/util/concurrent/locks/ReadWriteLock
Event: 3.370 Loading class java/util/concurrent/locks/ReadWriteLock done
Event: 3.370 Loading class java/util/concurrent/locks/ReentrantReadWriteLock done
Event: 3.375 Loading class java/util/EventObject
Event: 3.375 Loading class java/util/EventObject done
Event: 3.376 Loading class java/util/concurrent/locks/ReentrantReadWriteLock$NonfairSync
Event: 3.376 Loading class java/util/concurrent/locks/ReentrantReadWriteLock$Sync
Event: 3.377 Loading class java/util/concurrent/locks/AbstractQueuedLongSynchronizer
Event: 3.377 Loading class java/util/concurrent/locks/AbstractQueuedLongSynchronizer done
Event: 3.377 Loading class java/util/concurrent/locks/ReentrantReadWriteLock$Sync done
Event: 3.377 Loading class java/util/concurrent/locks/ReentrantReadWriteLock$NonfairSync done
Event: 3.377 Loading class java/util/concurrent/locks/ReentrantReadWriteLock$Sync$ThreadLocalHoldCounter
Event: 3.377 Loading class java/util/concurrent/locks/ReentrantReadWriteLock$Sync$ThreadLocalHoldCounter done
Event: 3.377 Loading class java/util/concurrent/locks/ReentrantReadWriteLock$ReadLock
Event: 3.377 Loading class java/util/concurrent/locks/ReentrantReadWriteLock$ReadLock done
Event: 3.377 Loading class java/util/concurrent/locks/ReentrantReadWriteLock$WriteLock
Event: 3.377 Loading class java/util/concurrent/locks/ReentrantReadWriteLock$WriteLock done

Classes unloaded (0 events):
No events

Classes redefined (0 events):
No events

Internal exceptions (20 events):
Event: 3.355 Thread 0x000001e90020afc0 Exception <a 'java/lang/ClassNotFoundException'{0x00000000ef9ba290}: groovy/lang/MetaClassImplBeanInfo> (0x00000000ef9ba290) 
thrown [s\open\src\hotspot\share\classfile\systemDictionary.cpp, line 327]
Event: 3.355 Thread 0x000001e90020afc0 Exception <a 'java/lang/ClassNotFoundException'{0x00000000ef9bf078}: java/lang/ObjectBeanInfo> (0x00000000ef9bf078) 
thrown [s\open\src\hotspot\share\classfile\systemDictionary.cpp, line 327]
Event: 3.356 Thread 0x000001e90020afc0 Exception <a 'java/lang/ClassNotFoundException'{0x00000000ef9c52e8}: java/lang/ObjectCustomizer> (0x00000000ef9c52e8) 
thrown [s\open\src\hotspot\share\classfile\systemDictionary.cpp, line 327]
Event: 3.358 Thread 0x000001e90020afc0 Exception <a 'java/lang/IncompatibleClassChangeError'{0x00000000ef9dcaf0}: Found class java.lang.Object, but interface was expected> (0x00000000ef9dcaf0) 
thrown [s\open\src\hotspot\share\interpreter\linkResolver.cpp, line 871]
Event: 3.361 Thread 0x000001e90020afc0 Exception <a 'java/lang/ClassNotFoundException'{0x00000000ef81e288}: groovy/lang/MetaClassImplCustomizer> (0x00000000ef81e288) 
thrown [s\open\src\hotspot\share\classfile\systemDictionary.cpp, line 327]
Event: 3.365 Thread 0x000001e90020afc0 Exception <a 'java/lang/ClassNotFoundException'{0x00000000ef848560}: groovy/lang/ExpandoMetaClassCustomizer> (0x00000000ef848560) 
thrown [s\open\src\hotspot\share\classfile\systemDictionary.cpp, line 327]
Event: 3.379 Thread 0x000001e90020afc0 Exception <a 'java/lang/ClassNotFoundException'{0x00000000ef71f0c8}: groovy/lang/BindingBeanInfo> (0x00000000ef71f0c8) 
thrown [s\open\src\hotspot\share\classfile\systemDictionary.cpp, line 327]
Event: 3.379 Thread 0x000001e90020afc0 Exception <a 'java/lang/ClassNotFoundException'{0x00000000ef7270b8}: groovy/lang/GroovyObjectSupportBeanInfo> (0x00000000ef7270b8) 
thrown [s\open\src\hotspot\share\classfile\systemDictionary.cpp, line 327]
Event: 3.380 Thread 0x000001e90020afc0 Exception <a 'java/lang/ClassNotFoundException'{0x00000000ef72eb68}: groovy/lang/GroovyObjectSupportCustomizer> (0x00000000ef72eb68) 
thrown [s\open\src\hotspot\share\classfile\systemDictionary.cpp, line 327]
Event: 3.381 Thread 0x000001e90020afc0 Exception <a 'java/lang/ClassNotFoundException'{0x00000000ef73ab48}: groovy/lang/BindingCustomizer> (0x00000000ef73ab48) 
thrown [s\open\src\hotspot\share\classfile\systemDictionary.cpp, line 327]
Event: 3.390 Thread 0x000001e90020afc0 Exception <a 'java/lang/ClassNotFoundException'{0x00000000ef604d98}: ijMapper1_9okiup147mbeksw84uy4a2188BeanInfo> (0x00000000ef604d98) 
thrown [s\open\src\hotspot\share\classfile\systemDictionary.cpp, line 327]
Event: 3.391 Thread 0x000001e90020afc0 Exception <a 'java/lang/ClassNotFoundException'{0x00000000ef60cdd0}: org/gradle/initialization/InitScriptBeanInfo> (0x00000000ef60cdd0) 
thrown [s\open\src\hotspot\share\classfile\systemDictionary.cpp, line 327]
Event: 3.391 Thread 0x000001e90020afc0 Exception <a 'java/lang/ClassNotFoundException'{0x00000000ef615908}: org/gradle/groovy/scripts/DefaultScriptBeanInfo> (0x00000000ef615908) 
thrown [s\open\src\hotspot\share\classfile\systemDictionary.cpp, line 327]
Event: 3.391 Thread 0x000001e90020afc0 Exception <a 'java/lang/ClassNotFoundException'{0x00000000ef61e6f0}: org/gradle/groovy/scripts/BasicScriptBeanInfo> (0x00000000ef61e6f0) 
thrown [s\open\src\hotspot\share\classfile\systemDictionary.cpp, line 327]
Event: 3.391 Thread 0x000001e90020afc0 Exception <a 'java/lang/ClassNotFoundException'{0x00000000ef627478}: org/gradle/groovy/scripts/ScriptBeanInfo> (0x00000000ef627478) 
thrown [s\open\src\hotspot\share\classfile\systemDictionary.cpp, line 327]
Event: 3.392 Thread 0x000001e90020afc0 Exception <a 'java/lang/ClassNotFoundException'{0x00000000ef630158}: groovy/lang/ScriptBeanInfo> (0x00000000ef630158) 
thrown [s\open\src\hotspot\share\classfile\systemDictionary.cpp, line 327]
Event: 3.392 Thread 0x000001e90020afc0 Exception <a 'java/lang/ClassNotFoundException'{0x00000000ef638e28}: groovy/lang/ScriptCustomizer> (0x00000000ef638e28) 
thrown [s\open\src\hotspot\share\classfile\systemDictionary.cpp, line 327]
Event: 3.393 Thread 0x000001e90020afc0 Exception <a 'java/lang/ClassNotFoundException'{0x00000000ef64a120}: org/gradle/groovy/scripts/ScriptCustomizer> (0x00000000ef64a120) 
thrown [s\open\src\hotspot\share\classfile\systemDictionary.cpp, line 327]
Event: 3.394 Thread 0x000001e90020afc0 Exception <a 'java/lang/ClassNotFoundException'{0x00000000ef6599f0}: org/gradle/groovy/scripts/BasicScriptCustomizer> (0x00000000ef6599f0) 
thrown [s\open\src\hotspot\share\classfile\systemDictionary.cpp, line 327]
Event: 3.396 Thread 0x000001e90020afc0 Exception <a 'java/lang/ClassNotFoundException'{0x00000000ef66f318}: org/gradle/groovy/scripts/DefaultScriptCustomizer> (0x00000000ef66f318) 
thrown [s\open\src\hotspot\share\classfile\systemDictionary.cpp, line 327]

VM Operations (20 events):
Event: 3.006 Executing non-safepoint VM operation: HandshakeAllThreads (Deoptimize)
Event: 3.006 Executing non-safepoint VM operation: HandshakeAllThreads (Deoptimize) done
Event: 3.007 Executing non-safepoint VM operation: HandshakeAllThreads (Deoptimize)
Event: 3.008 Executing non-safepoint VM operation: HandshakeAllThreads (Deoptimize) done
Event: 3.084 Executing non-safepoint VM operation: HandshakeAllThreads (Deoptimize)
Event: 3.084 Executing non-safepoint VM operation: HandshakeAllThreads (Deoptimize) done
Event: 3.084 Executing non-safepoint VM operation: HandshakeAllThreads (Deoptimize)
Event: 3.084 Executing non-safepoint VM operation: HandshakeAllThreads (Deoptimize) done
Event: 3.197 Executing safepoint VM operation: CollectForMetadataAllocation (Metadata GC Threshold)
Event: 3.204 Executing safepoint VM operation: CollectForMetadataAllocation (Metadata GC Threshold) done
Event: 3.254 Executing safepoint VM operation: CollectForMetadataAllocation (Metadata GC Threshold)
Event: 3.260 Executing safepoint VM operation: CollectForMetadataAllocation (Metadata GC Threshold) done
Event: 3.294 Executing safepoint VM operation: CollectForMetadataAllocation (Metadata GC Threshold)
Event: 3.298 Executing safepoint VM operation: CollectForMetadataAllocation (Metadata GC Threshold) done
Event: 3.308 Executing safepoint VM operation: G1PauseRemark
Event: 3.310 Executing safepoint VM operation: G1PauseRemark done
Event: 3.313 Executing safepoint VM operation: G1PauseCleanup
Event: 3.313 Executing safepoint VM operation: G1PauseCleanup done
Event: 3.313 Executing non-safepoint VM operation: HandshakeAllThreads (Deoptimize)
Event: 3.313 Executing non-safepoint VM operation: HandshakeAllThreads (Deoptimize) done

Memory protections (0 events):
No events

Nmethod flushes (20 events):
Event: 3.309 Thread 0x000001e97961b710 flushing  nmethod 0x000001e9664ec088
Event: 3.309 Thread 0x000001e97961b710 flushing  nmethod 0x000001e9664ec788
Event: 3.309 Thread 0x000001e97961b710 flushing  nmethod 0x000001e9664edb88
Event: 3.309 Thread 0x000001e97961b710 flushing  nmethod 0x000001e9664edf08
Event: 3.309 Thread 0x000001e97961b710 flushing  nmethod 0x000001e9664ee488
Event: 3.309 Thread 0x000001e97961b710 flushing  nmethod 0x000001e9664eee08
Event: 3.309 Thread 0x000001e97961b710 flushing  nmethod 0x000001e966546688
Event: 3.309 Thread 0x000001e97961b710 flushing  nmethod 0x000001e966547a08
Event: 3.309 Thread 0x000001e97961b710 flushing  nmethod 0x000001e96654ab88
Event: 3.309 Thread 0x000001e97961b710 flushing  nmethod 0x000001e96654ae88
Event: 3.309 Thread 0x000001e97961b710 flushing  nmethod 0x000001e966596f08
Event: 3.309 Thread 0x000001e97961b710 flushing  nmethod 0x000001e966597208
Event: 3.309 Thread 0x000001e97961b710 flushing  nmethod 0x000001e96659a308
Event: 3.309 Thread 0x000001e97961b710 flushing  nmethod 0x000001e96659b888
Event: 3.309 Thread 0x000001e97961b710 flushing  nmethod 0x000001e96661c708
Event: 3.309 Thread 0x000001e97961b710 flushing  nmethod 0x000001e966620f88
Event: 3.309 Thread 0x000001e97961b710 flushing  nmethod 0x000001e9666bdb08
Event: 3.309 Thread 0x000001e97961b710 flushing  nmethod 0x000001e9666be108
Event: 3.309 Thread 0x000001e97961b710 flushing  nmethod 0x000001e9666c3608
Event: 3.309 Thread 0x000001e97961b710 flushing  nmethod 0x000001e9666c3e08

Events (20 events):
Event: 1.425 Thread 0x000001e97e28eb70 Thread added: 0x000001e90020a020
Event: 1.428 Thread 0x000001e90020a020 Thread added: 0x000001e90020a7f0
Event: 1.445 Thread 0x000001e90020a020 Thread added: 0x000001e900207140
Event: 1.452 Thread 0x000001e90020a020 Thread added: 0x000001e90020afc0
Event: 1.458 Thread 0x000001e90020afc0 Thread added: 0x000001e90020bf60
Event: 1.472 Thread 0x000001e90020afc0 Thread added: 0x000001e9002088b0
Event: 1.476 Thread 0x000001e90020afc0 Thread added: 0x000001e90020cf00
Event: 1.722 Thread 0x000001e90020afc0 Thread added: 0x000001e9005cef70
Event: 1.726 Thread 0x000001e90020afc0 Thread added: 0x000001e9005d1680
Event: 1.768 Thread 0x000001e90020afc0 Thread added: 0x000001e9005d35c0
Event: 2.480 Thread 0x000001e90020afc0 Thread added: 0x000001e901b1e2a0
Event: 2.489 Thread 0x000001e90020afc0 Thread added: 0x000001e901b1ea70
Event: 2.624 Thread 0x000001e90020afc0 Thread added: 0x000001e901b1bb90
Event: 2.628 Thread 0x000001e90020afc0 Thread added: 0x000001e901b1cb30
Event: 2.714 Thread 0x000001e90020afc0 Thread added: 0x000001e902aa49b0
Event: 2.738 Thread 0x000001e90020afc0 Thread added: 0x000001e902aa6120
Event: 2.890 Thread 0x000001e90020afc0 Thread added: 0x000001e902aa7890
Event: 2.926 Thread 0x000001e90020afc0 Thread added: 0x000001e902aa5950
Event: 3.043 Thread 0x000001e90020afc0 Thread added: 0x000001e902aa8830
Event: 3.070 Thread 0x000001e90020afc0 Thread added: 0x000001e902aaaf40


Dynamic libraries:
0x00007ff60c150000 - 0x00007ff60c160000 	C:\Program Files\Java\jdk-25\bin\java.exe
0x00007ff944560000 - 0x00007ff9447c7000 	C:\Windows\SYSTEM32\ntdll.dll
0x00007ff943160000 - 0x00007ff943229000 	C:\Windows\System32\KERNEL32.DLL
0x00007ff941970000 - 0x00007ff941d5f000 	C:\Windows\System32\KERNELBASE.dll
0x00007ff941f10000 - 0x00007ff94205b000 	C:\Windows\System32\ucrtbase.dll
0x00007ff90db10000 - 0x00007ff90db27000 	C:\Program Files\Java\jdk-25\bin\jli.dll
0x00007ff92df50000 - 0x00007ff92df6e000 	C:\Program Files\Java\jdk-25\bin\VCRUNTIME140.dll
0x00007ff942dd0000 - 0x00007ff942f95000 	C:\Windows\System32\USER32.dll
0x00007ff928130000 - 0x00007ff9283c3000 	C:\Windows\WinSxS\amd64_microsoft.windows.common-controls_6595b64144ccf1df_6.0.26100.7309_none_3e05feeae336a044\COMCTL32.dll
0x00007ff941d70000 - 0x00007ff941d97000 	C:\Windows\System32\win32u.dll
0x00007ff943230000 - 0x00007ff9432d9000 	C:\Windows\System32\msvcrt.dll
0x00007ff942490000 - 0x00007ff9424bb000 	C:\Windows\System32\GDI32.dll
0x00007ff9421d0000 - 0x00007ff9422fc000 	C:\Windows\System32\gdi32full.dll
0x00007ff941da0000 - 0x00007ff941e43000 	C:\Windows\System32\msvcp_win.dll
0x00007ff943b00000 - 0x00007ff943b31000 	C:\Windows\System32\IMM32.DLL
0x00007ff92e000000 - 0x00007ff92e00c000 	C:\Program Files\Java\jdk-25\bin\vcruntime140_1.dll
0x00007ff90da80000 - 0x00007ff90db0d000 	C:\Program Files\Java\jdk-25\bin\msvcp140.dll
0x00007ff8ca530000 - 0x00007ff8cb38f000 	C:\Program Files\Java\jdk-25\bin\server\jvm.dll
0x00007ff9430a0000 - 0x00007ff943154000 	C:\Windows\System32\ADVAPI32.dll
0x00007ff943b40000 - 0x00007ff943be6000 	C:\Windows\System32\sechost.dll
0x00007ff942cb0000 - 0x00007ff942dc8000 	C:\Windows\System32\RPCRT4.dll
0x00007ff942300000 - 0x00007ff942374000 	C:\Windows\System32\WS2_32.dll
0x00007ff941510000 - 0x00007ff94156e000 	C:\Windows\SYSTEM32\POWRPROF.dll
0x00007ff93aad0000 - 0x00007ff93aadb000 	C:\Windows\SYSTEM32\VERSION.dll
0x00007ff9302c0000 - 0x00007ff9302f5000 	C:\Windows\SYSTEM32\WINMM.dll
0x00007ff9414f0000 - 0x00007ff941504000 	C:\Windows\SYSTEM32\UMPDC.dll
0x00007ff940460000 - 0x00007ff94047b000 	C:\Windows\SYSTEM32\kernel.appcore.dll
0x00007ff90da70000 - 0x00007ff90da7a000 	C:\Program Files\Java\jdk-25\bin\jimage.dll
0x00007ff92b570000 - 0x00007ff92b7b2000 	C:\Windows\SYSTEM32\DBGHELP.DLL
0x00007ff9432e0000 - 0x00007ff943665000 	C:\Windows\System32\combase.dll
0x00007ff9424d0000 - 0x00007ff9425a6000 	C:\Windows\System32\OLEAUT32.dll
0x00007ff917480000 - 0x00007ff9174bc000 	C:\Windows\SYSTEM32\dbgcore.DLL
0x00007ff941830000 - 0x00007ff9418d5000 	C:\Windows\System32\bcryptPrimitives.dll
0x00007ff90da60000 - 0x00007ff90da70000 	C:\Program Files\Java\jdk-25\bin\instrument.dll
0x00007ff90da40000 - 0x00007ff90da5f000 	C:\Program Files\Java\jdk-25\bin\java.dll
0x00007ff943930000 - 0x00007ff943ac7000 	C:\Windows\System32\ole32.dll
0x00007ff943d60000 - 0x00007ff9444b3000 	C:\Windows\System32\SHELL32.dll
0x00007ff942060000 - 0x00007ff9421ca000 	C:\Windows\System32\wintypes.dll
0x00007ff93f280000 - 0x00007ff93fade000 	C:\Windows\SYSTEM32\windows.storage.dll
0x00007ff943c60000 - 0x00007ff943d55000 	C:\Windows\System32\SHCORE.dll
0x00007ff943bf0000 - 0x00007ff943c56000 	C:\Windows\System32\shlwapi.dll
0x00007ff9415d0000 - 0x00007ff9415f9000 	C:\Windows\SYSTEM32\profapi.dll
0x00007ff90da20000 - 0x00007ff90da37000 	C:\Program Files\Java\jdk-25\bin\zip.dll
0x00007ff90da00000 - 0x00007ff90da12000 	C:\Program Files\Java\jdk-25\bin\net.dll
0x00007ff9409d0000 - 0x00007ff940a3b000 	C:\Windows\system32\mswsock.dll
0x00007ff8d8040000 - 0x00007ff8d8056000 	C:\Program Files\Java\jdk-25\bin\nio.dll
0x00007ff90ccf0000 - 0x00007ff90cd00000 	C:\Program Files\Java\jdk-25\bin\verify.dll
0x00007ff92d980000 - 0x00007ff92d9a7000 	C:\Users\Sanjay\.gradle\native\660c5614fbf4a5f2a75b1949f50a0caf5cd603558e7d8a26e50b933a0cfb79d1\windows-amd64\native-platform.dll
0x00007ff91da50000 - 0x00007ff91dac7000 	C:\Users\Sanjay\.gradle\native\0.2.8\x86_64-windows-gnu\gradle-fileevents.dll
0x00007ff905690000 - 0x00007ff90569a000 	C:\Program Files\Java\jdk-25\bin\management.dll
0x00007ff9055d0000 - 0x00007ff9055dc000 	C:\Program Files\Java\jdk-25\bin\management_ext.dll
0x00007ff9425e0000 - 0x00007ff9425e8000 	C:\Windows\System32\PSAPI.DLL
0x00007ff93ff80000 - 0x00007ff93ffb4000 	C:\Windows\SYSTEM32\IPHLPAPI.DLL
0x00007ff943670000 - 0x00007ff94367a000 	C:\Windows\System32\NSI.dll
0x00007ff8fb190000 - 0x00007ff8fb199000 	C:\Program Files\Java\jdk-25\bin\extnet.dll
0x00007ff940c90000 - 0x00007ff940cab000 	C:\Windows\SYSTEM32\CRYPTSP.dll
0x00007ff9403c0000 - 0x00007ff9403fa000 	C:\Windows\system32\rsaenh.dll
0x00007ff940a80000 - 0x00007ff940aab000 	C:\Windows\SYSTEM32\USERENV.dll
0x00007ff9415a0000 - 0x00007ff9415ca000 	C:\Windows\SYSTEM32\bcrypt.dll
0x00007ff940cb0000 - 0x00007ff940cbc000 	C:\Windows\SYSTEM32\CRYPTBASE.dll
0x00007ff8f7a30000 - 0x00007ff8f7a3e000 	C:\Program Files\Java\jdk-25\bin\sunmscapi.dll
0x00007ff9416b0000 - 0x00007ff941827000 	C:\Windows\System32\CRYPT32.dll
0x00007ff940eb0000 - 0x00007ff940ee0000 	C:\Windows\SYSTEM32\ncrypt.dll
0x00007ff940e60000 - 0x00007ff940e9f000 	C:\Windows\SYSTEM32\NTASN1.dll
0x00007ff90b9f0000 - 0x00007ff90b9f8000 	C:\Windows\system32\wshunix.dll

JVMTI agents:
C:\Users\Sanjay\.gradle\wrapper\dists\gradle-9.2.1-bin\2t0n5ozlw9xmuyvbp7dnzaxug\gradle-9.2.1\lib\agents\gradle-instrumentation-agent-9.2.1.jar path:C:\Program Files\Java\jdk-25\bin\instrument.dll, loaded, initialized, instrumentlib options:none

dbghelp: loaded successfully - version: 4.0.5 - missing functions: none
symbol engine: initialized successfully - sym options: 0x614 - pdb path: .;C:\Program Files\Java\jdk-25\bin;C:\Windows\SYSTEM32;C:\Windows\WinSxS\amd64_microsoft.windows.common-controls_6595b64144ccf1df_6.0.26100.7309_none_3e05feeae336a044;C:\Program Files\Java\jdk-25\bin\server;C:\Users\Sanjay\.gradle\native\660c5614fbf4a5f2a75b1949f50a0caf5cd603558e7d8a26e50b933a0cfb79d1\windows-amd64;C:\Users\Sanjay\.gradle\native\0.2.8\x86_64-windows-gnu

VM Arguments:
jvm_args: --add-opens=java.base/java.lang=ALL-UNNAMED --add-opens=java.base/java.lang.invoke=ALL-UNNAMED --add-opens=java.base/java.util=ALL-UNNAMED --add-opens=java.prefs/java.util.prefs=ALL-UNNAMED --add-exports=jdk.compiler/com.sun.tools.javac.api=ALL-UNNAMED --add-exports=jdk.compiler/com.sun.tools.javac.util=ALL-UNNAMED --add-opens=java.base/java.util=ALL-UNNAMED --add-opens=java.prefs/java.util.prefs=ALL-UNNAMED --add-opens=java.base/java.nio.charset=ALL-UNNAMED --add-opens=java.base/java.net=ALL-UNNAMED --add-opens=java.base/java.util.concurrent=ALL-UNNAMED --add-opens=java.base/java.util.concurrent.atomic=ALL-UNNAMED --add-opens=java.xml/javax.xml.namespace=ALL-UNNAMED --add-opens=java.base/java.time=ALL-UNNAMED --enable-native-access=ALL-UNNAMED -XX:MaxMetaspaceSize=384m -XX:+HeapDumpOnOutOfMemoryError -Xms256m -Xmx512m -Dfile.encoding=UTF-8 -Duser.country=IN -Duser.language=en -Duser.variant -javaagent:C:\Users\Sanjay\.gradle\wrapper\dists\gradle-9.2.1-bin\2t0n5ozlw9xmuyvbp7dnzaxug\gradle-9.2.1\lib\agents\gradle-instrumentation-agent-9.2.1.jar 
java_command: org.gradle.launcher.daemon.bootstrap.GradleDaemon 9.2.1
java_class_path (initial): C:\Users\Sanjay\.gradle\wrapper\dists\gradle-9.2.1-bin\2t0n5ozlw9xmuyvbp7dnzaxug\gradle-9.2.1\lib\gradle-daemon-main-9.2.1.jar
Launcher Type: SUN_STANDARD

[Global flags]
     intx CICompilerCount                          = 12                                        {product} {ergonomic}
   size_t CompressedClassSpaceSize                 = 335544320                                 {product} {ergonomic}
     uint ConcGCThreads                            = 3                                         {product} {ergonomic}
     uint G1ConcRefinementThreads                  = 13                                        {product} {ergonomic}
   size_t G1HeapRegionSize                         = 1048576                                   {product} {ergonomic}
     bool HeapDumpOnOutOfMemoryError               = true                                   {manageable} {command line}
   size_t InitialHeapSize                          = 268435456                                 {product} {command line}
   size_t MarkStackSize                            = 4194304                                   {product} {ergonomic}
   size_t MarkStackSizeMax                         = 536870912                                 {product} {ergonomic}
   size_t MaxHeapSize                              = 536870912                                 {product} {command line}
   size_t MaxMetaspaceSize                         = 402653184                                 {product} {command line}
   size_t MaxNewSize                               = 321912832                                 {product} {ergonomic}
   size_t MinHeapDeltaBytes                        = 1048576                                   {product} {ergonomic}
   size_t MinHeapSize                              = 268435456                                 {product} {command line}
    uintx NonNMethodCodeHeapSize                   = 7602176                                {pd product} {ergonomic}
    uintx NonProfiledCodeHeapSize                  = 122093568                              {pd product} {ergonomic}
    uintx ProfiledCodeHeapSize                     = 121962496                              {pd product} {ergonomic}
    uintx ReservedCodeCacheSize                    = 251658240                              {pd product} {ergonomic}
     bool SegmentedCodeCache                       = true                                      {product} {ergonomic}
   size_t SoftMaxHeapSize                          = 536870912                              {manageable} {ergonomic}
     bool UseCompressedOops                        = true                           {product lp64_product} {ergonomic}
     bool UseG1GC                                  = true                                      {product} {ergonomic}
     bool UseLargePagesIndividualAllocation        = false                                  {pd product} {ergonomic}

Logging:
Log output configuration:
 #0: stdout all=warning uptime,level,tags foldmultilines=false
 #1: stderr all=off uptime,level,tags foldmultilines=false

Release file:
IMPLEMENTOR="Oracle Corporation" 
JAVA_RUNTIME_VERSION="25+37-LTS-3491" 
JAVA_VERSION="25" 
JAVA_VERSION_DATE="2025-09-16" 
LIBC="default" 
MODULES="java.base java.compiler java.datatransfer java.xml java.prefs java.desktop java.instrument java.logging java.management java.security.sasl java.naming java.rmi java.management.rmi java.net.http java.scripting java.security.jgss java.transaction.xa java.sql java.sql.rowset java.xml.crypto java.se java.smartcardio jdk.accessibility jdk.internal.jvmstat jdk.attach jdk.charsets jdk.internal.opt jdk.zipfs jdk.compiler jdk.crypto.cryptoki jdk.crypto.ec jdk.crypto.mscapi jdk.dynalink jdk.internal.ed jdk.editpad jdk.internal.vm.ci jdk.graal.compiler jdk.graal.compiler.management jdk.hotspot.agent jdk.httpserver jdk.incubator.vector jdk.internal.le jdk.internal.md jdk.jartool jdk.javadoc jdk.jcmd jdk.management jdk.management.agent jdk.jconsole jdk.jdeps jdk.jdwp.agent jdk.jdi jdk.jfr jdk.jlink jdk.jpackage jdk.jshell jdk.jsobject jdk.jstatd jdk.localedata jdk.management.jfr jdk.naming.dns jdk.naming.rmi jdk.net jdk.nio.mapmode jdk.sctp jdk.security.auth jdk.security.jgss jdk.unsupported jdk.unsupported.desktop jdk.xml.dom" 
OS_ARCH="x86_64" 
OS_NAME="Windows" 
SOURCE=".:git:49d6a23b8806 open:git:6c48f4ed707b" 

Environment Variables:
PATH=C:\Program Files\Common Files\Oracle\Java\javapath;C:\Windows\system32;C:\Windows;C:\Windows\System32\Wbem;C:\Windows\System32\WindowsPowerShell\v1.0\;C:\Windows\System32\OpenSSH\;C:\Program Files (x86)\NVIDIA Corporation\PhysX\Common;C:\Program Files\NVIDIA Corporation\NVIDIA NvDLISR;C:\Program Files\dotnet\;C:\Program Files\Java\jdk-24\bin;C:\Program Files\Git\cmd;C:\Users\Sanjay\AppData\Local\Microsoft\WindowsApps;C:\Users\Sanjay\AppData\Local\Programs\Microsoft VS Code\bin
USERNAME=Sanjay
OS=Windows_NT
PROCESSOR_IDENTIFIER=AMD64 Family 25 Model 68 Stepping 1, AuthenticAMD
TMP=C:\Users\Sanjay\AppData\Local\Temp
TEMP=C:\Users\Sanjay\AppData\Local\Temp




Compilation memory statistics disabled.

Periodic native trim disabled

---------------  S Y S T E M  ---------------

OS:
 Windows 11 , 64 bit Build 26100 (10.0.26100.7309)
OS uptime: 6 days 0:39 hours
Hyper-V role detected

CPU: total 16 (initial active 16) (16 cores per cpu, 2 threads per core) family 25 model 68 stepping 1 microcode 0xa404107, cx8, cmov, fxsr, ht, mmx, 3dnowpref, sse, sse2, sse3, ssse3, sse4a, sse4.1, sse4.2, popcnt, lzcnt, tsc, tscinvbit, avx, avx2, aes, erms, clmul, bmi1, bmi2, adx, sha, fma, vzeroupper, clflush, clflushopt, clwb, hv, rdtscp, rdpid, fsrm, f16c, cet_ss
Processor Information for the first 16 processors :
  Max Mhz: 3100, Current Mhz: 3100, Mhz Limit: 3100

Memory: 4k page, system-wide physical 16202M (2297M free)
TotalPageFile size 35402M (AvailPageFile size 76M)
current process WorkingSet (physical memory assigned to process): 331M, peak: 342M
current process commit charge ("private bytes"): 476M, peak: 496M

vm_info: Java HotSpot(TM) 64-Bit Server VM (25+37-LTS-3491) for windows-amd64 JRE (25+37-LTS-3491), built on 2025-08-14T21:13:00Z with unknown MS VC++:1943

END.
