#
# There is insufficient memory for the Java Runtime Environment to continue.
# Native memory allocation (malloc) failed to allocate 4423768 bytes. Error detail: Chunk::new
# Possible reasons:
#   The system is out of physical RAM or swap space
#   This process is running with CompressedOops enabled, and the Java Heap may be blocking the growth of the native heap
# Possible solutions:
#   Reduce memory load on the system
#   Increase physical memory or swap space
#   Check if swap backing store is full
#   Decrease Java heap size (-Xmx/-Xms)
#   Decrease number of Java threads
#   Decrease Java thread stack sizes (-Xss)
#   Set larger code cache with -XX:ReservedCodeCacheSize=
#   JVM is running with Unscaled Compressed Oops mode in which the Java heap is
#     placed in the first 4GB address space. The Java Heap base address is the
#     maximum limit for the native heap growth. Please use -XX:HeapBaseMinAddress
#     to set the Java Heap base and to place the Java Heap above 4GB virtual address.
# This output file may be truncated or incomplete.
#
#  Out of Memory Error (arena.cpp:186), pid=17908, tid=36196
#
# JRE version: Java(TM) SE Runtime Environment (25.0+37) (build 25+37-LTS-3491)
# Java VM: Java HotSpot(TM) 64-Bit Server VM (25+37-LTS-3491, mixed mode, sharing, tiered, compressed oops, compressed class ptrs, g1 gc, windows-amd64)
# No core dump will be written. Minidumps are not enabled by default on client versions of Windows
#

---------------  S U M M A R Y ------------

Command Line: --add-opens=java.base/java.lang=ALL-UNNAMED --add-opens=java.base/java.lang.invoke=ALL-UNNAMED --add-opens=java.base/java.util=ALL-UNNAMED --add-opens=java.prefs/java.util.prefs=ALL-UNNAMED --add-exports=jdk.compiler/com.sun.tools.javac.api=ALL-UNNAMED --add-exports=jdk.compiler/com.sun.tools.javac.util=ALL-UNNAMED --add-opens=java.base/java.util=ALL-UNNAMED --add-opens=java.prefs/java.util.prefs=ALL-UNNAMED --add-opens=java.base/java.nio.charset=ALL-UNNAMED --add-opens=java.base/java.net=ALL-UNNAMED --add-opens=java.base/java.util.concurrent=ALL-UNNAMED --add-opens=java.base/java.util.concurrent.atomic=ALL-UNNAMED --add-opens=java.xml/javax.xml.namespace=ALL-UNNAMED --add-opens=java.base/java.time=ALL-UNNAMED --enable-native-access=ALL-UNNAMED -XX:MaxMetaspaceSize=384m -XX:+HeapDumpOnOutOfMemoryError -Xms256m -Xmx512m -Dfile.encoding=UTF-8 -Duser.country=IN -Duser.language=en -Duser.variant -javaagent:C:\Users\Sanjay\.gradle\wrapper\dists\gradle-9.2.1-bin\2t0n5ozlw9xmuyvbp7dnzaxug\gradle-9.2.1\lib\agents\gradle-instrumentation-agent-9.2.1.jar org.gradle.launcher.daemon.bootstrap.GradleDaemon 9.2.1

Host: AMD Ryzen 7 7435HS                             , 16 cores, 15G,  Windows 11 , 64 bit Build 26100 (10.0.26100.7309)
Time: Tue Dec 23 20:53:23 2025 India Standard Time elapsed time: 6.469773 seconds (0d 0h 0m 6s)

---------------  T H R E A D  ---------------

Current thread (0x000002160756b270):  JavaThread "C2 CompilerThread5" daemon [_thread_in_native, id=36196, stack(0x000000ca6c400000,0x000000ca6c500000) (1024K)]


Current CompileTask:
C2:6469 6733       4       groovyjarjarantlr4.v4.runtime.atn.ATNConfigSet::add (247 bytes)

Stack: [0x000000ca6c400000,0x000000ca6c500000]
Native frames: (J=compiled Java code, j=interpreted, Vv=VM code, C=native code)
V  [jvm.dll+0x7a6a39]  (no source info available)
V  [jvm.dll+0x7727ed]  (no source info available)
V  [jvm.dll+0x965f33]  (no source info available)
V  [jvm.dll+0x968531]  (no source info available)
V  [jvm.dll+0x968c33]  (no source info available)
V  [jvm.dll+0x2fc756]  (no source info available)
V  [jvm.dll+0x111b26]  (no source info available)
V  [jvm.dll+0x111e4e]  (no source info available)
V  [jvm.dll+0x1a0a22]  (no source info available)
V  [jvm.dll+0x3b53c2]  (no source info available)
V  [jvm.dll+0x7ac3cf]  (no source info available)
V  [jvm.dll+0x2c0ac7]  (no source info available)
V  [jvm.dll+0x2bfa8f]  (no source info available)
V  [jvm.dll+0x237b60]  (no source info available)
V  [jvm.dll+0x2cfb56]  (no source info available)
V  [jvm.dll+0x2cddd5]  (no source info available)
V  [jvm.dll+0x48e671]  (no source info available)
V  [jvm.dll+0x90681d]  (no source info available)
V  [jvm.dll+0x7a5015]  (no source info available)
C  [ucrtbase.dll+0x37b0]  (no source info available)
C  [KERNEL32.DLL+0x2e8d7]  (no source info available)
C  [ntdll.dll+0x8c53c]  (no source info available)

Lock stack of current Java thread (top to bottom):


---------------  P R O C E S S  ---------------

Threads class SMR info:
_java_thread_list=0x000002167ff4e8b0, length=60, elements={
0x00000216627dd610, 0x000002167e31d630, 0x000002167e31ddf0, 0x000002167e323130,
0x000002167e3244a0, 0x000002167e327f30, 0x000002167e3367f0, 0x000002167e348860,
0x000002167e34d2f0, 0x000002167e4cec70, 0x000002167e3396d0, 0x000002167e336fc0,
0x000002167e330720, 0x000002167e3345a0, 0x000002167e332660, 0x000002167e33b610,
0x0000021604033fa0, 0x0000021604032060, 0x00000216040310c0, 0x0000021604032830,
0x0000021604034f40, 0x0000021604037e20, 0x00000216044480d0, 0x000002160444a010,
0x000002160444cef0, 0x000002160444d6c0, 0x000002160444a7e0, 0x0000021605bf5540,
0x0000021605bf8420, 0x0000021605bf7480, 0x0000021605bf4d70, 0x0000021605bfb300,
0x0000021605bf9b90, 0x0000021605bf93c0, 0x0000021606234400, 0x000002167f4f5530,
0x000002167f4f2ce0, 0x0000021606236340, 0x0000021606239220, 0x0000021606237ab0,
0x0000021606238a50, 0x000002160650a890, 0x000002160650b060, 0x000002160650c000,
0x0000021606508950, 0x0000021606509120, 0x000002160650eee0, 0x000002160650cfa0,
0x000002160650df40, 0x00000216077579b0, 0x0000021607756a10, 0x00000216077571e0,
0x000002160775c000, 0x000002160775a0c0, 0x000002160775b830, 0x00000216077598f0,
0x000002160756d2b0, 0x000002160756b270, 0x000002160756ba80, 0x000002160756c290
}

Java Threads: ( => current thread )
  0x00000216627dd610 JavaThread "main"                              [_thread_blocked, id=32808, stack(0x000000ca67300000,0x000000ca67400000) (1024K)]
  0x000002167e31d630 JavaThread "Reference Handler"          daemon [_thread_blocked, id=15288, stack(0x000000ca67b00000,0x000000ca67c00000) (1024K)]
  0x000002167e31ddf0 JavaThread "Finalizer"                  daemon [_thread_blocked, id=15000, stack(0x000000ca67c00000,0x000000ca67d00000) (1024K)]
  0x000002167e323130 JavaThread "Signal Dispatcher"          daemon [_thread_blocked, id=34612, stack(0x000000ca67d00000,0x000000ca67e00000) (1024K)]
  0x000002167e3244a0 JavaThread "Attach Listener"            daemon [_thread_blocked, id=32496, stack(0x000000ca67e00000,0x000000ca67f00000) (1024K)]
  0x000002167e327f30 JavaThread "Service Thread"             daemon [_thread_blocked, id=13616, stack(0x000000ca67f00000,0x000000ca68000000) (1024K)]
  0x000002167e3367f0 JavaThread "Monitor Deflation Thread"   daemon [_thread_blocked, id=24488, stack(0x000000ca68000000,0x000000ca68100000) (1024K)]
  0x000002167e348860 JavaThread "C2 CompilerThread0"         daemon [_thread_in_native, id=12328, stack(0x000000ca68100000,0x000000ca68200000) (1024K)]
  0x000002167e34d2f0 JavaThread "C1 CompilerThread0"         daemon [_thread_blocked, id=4532, stack(0x000000ca68200000,0x000000ca68300000) (1024K)]
  0x000002167e4cec70 JavaThread "C2 CompilerThread1"         daemon [_thread_in_native, id=34856, stack(0x000000ca68400000,0x000000ca68500000) (1024K)]
  0x000002167e3396d0 JavaThread "Common-Cleaner"             daemon [_thread_blocked, id=33492, stack(0x000000ca68500000,0x000000ca68600000) (1024K)]
  0x000002167e336fc0 JavaThread "Notification Thread"        daemon [_thread_blocked, id=18384, stack(0x000000ca68600000,0x000000ca68700000) (1024K)]
  0x000002167e330720 JavaThread "Daemon health stats"               [_thread_blocked, id=36084, stack(0x000000ca68800000,0x000000ca68900000) (1024K)]
  0x000002167e3345a0 JavaThread "Incoming local TCP Connector on port 62884"        [_thread_in_native, id=27288, stack(0x000000ca68900000,0x000000ca68a00000) (1024K)]
  0x000002167e332660 JavaThread "Daemon periodic checks"            [_thread_blocked, id=7360, stack(0x000000ca69100000,0x000000ca69200000) (1024K)]
  0x000002167e33b610 JavaThread "Daemon"                            [_thread_blocked, id=23768, stack(0x000000ca69200000,0x000000ca69300000) (1024K)]
  0x0000021604033fa0 JavaThread "Handler for socket connection from /127.0.0.1:62884 to /127.0.0.1:62885"        [_thread_in_native, id=26488, stack(0x000000ca69300000,0x000000ca69400000) (1024K)]
  0x0000021604032060 JavaThread "Cancel handler"                    [_thread_blocked, id=13880, stack(0x000000ca69400000,0x000000ca69500000) (1024K)]
  0x00000216040310c0 JavaThread "Daemon worker"                     [_thread_in_Java, id=29592, stack(0x000000ca69500000,0x000000ca69600000) (1024K)]
  0x0000021604032830 JavaThread "Asynchronous log dispatcher for DefaultDaemonConnection: socket connection from /127.0.0.1:62884 to /127.0.0.1:62885"        [_thread_blocked, id=20276, stack(0x000000ca69600000,0x000000ca69700000) (1024K)]
  0x0000021604034f40 JavaThread "Stdin handler"                     [_thread_blocked, id=12896, stack(0x000000ca69700000,0x000000ca69800000) (1024K)]
  0x0000021604037e20 JavaThread "Daemon client event forwarder"        [_thread_blocked, id=14740, stack(0x000000ca69800000,0x000000ca69900000) (1024K)]
  0x00000216044480d0 JavaThread "Cache worker for journal cache (C:\Users\Sanjay\.gradle\caches\journal-1)"        [_thread_blocked, id=15452, stack(0x000000ca6a000000,0x000000ca6a100000) (1024K)]
  0x000002160444a010 JavaThread "File lock request listener"        [_thread_in_native, id=36720, stack(0x000000ca6a100000,0x000000ca6a200000) (1024K)]
  0x000002160444cef0 JavaThread "Cache worker for file hash cache (C:\Users\Sanjay\.gradle\caches\9.2.1\fileHashes)"        [_thread_blocked, id=29468, stack(0x000000ca6a200000,0x000000ca6a300000) (1024K)]
  0x000002160444d6c0 JavaThread "Cache worker for file hash cache (S:\E-Com Project\api-gateway-service\.gradle\9.2.1\fileHashes)"        [_thread_blocked, id=16776, stack(0x000000ca6a500000,0x000000ca6a600000) (1024K)]
  0x000002160444a7e0 JavaThread "Cache worker for Build Output Cleanup Cache (S:\E-Com Project\api-gateway-service\.gradle\buildOutputCleanup)"        [_thread_blocked, id=19252, stack(0x000000ca6a600000,0x000000ca6a700000) (1024K)]
  0x0000021605bf5540 JavaThread "File watcher server"        daemon [_thread_in_native, id=30060, stack(0x000000ca6a700000,0x000000ca6a800000) (1024K)]
  0x0000021605bf8420 JavaThread "File watcher consumer"      daemon [_thread_blocked, id=2976, stack(0x000000ca6a800000,0x000000ca6a900000) (1024K)]
  0x0000021605bf7480 JavaThread "Cache worker for checksums cache (S:\E-Com Project\api-gateway-service\.gradle\9.2.1\checksums)"        [_thread_blocked, id=21044, stack(0x000000ca68700000,0x000000ca68800000) (1024K)]
  0x0000021605bf4d70 JavaThread "Cache worker for file content cache (C:\Users\Sanjay\.gradle\caches\9.2.1\fileContent)"        [_thread_blocked, id=32092, stack(0x000000ca6a900000,0x000000ca6aa00000) (1024K)]
  0x0000021605bfb300 JavaThread "Cache worker for cache directory md-supplier (C:\Users\Sanjay\.gradle\caches\9.2.1\md-supplier)"        [_thread_blocked, id=16268, stack(0x000000ca6aa00000,0x000000ca6ab00000) (1024K)]
  0x0000021605bf9b90 JavaThread "Cache worker for cache directory md-rule (C:\Users\Sanjay\.gradle\caches\9.2.1\md-rule)"        [_thread_blocked, id=17520, stack(0x000000ca6ab00000,0x000000ca6ac00000) (1024K)]
  0x0000021605bf93c0 JavaThread "jar transforms"                    [_thread_blocked, id=20280, stack(0x000000ca6ac00000,0x000000ca6ad00000) (1024K)]
  0x0000021606234400 JavaThread "jar transforms Thread 2"           [_thread_blocked, id=2108, stack(0x000000ca6ad00000,0x000000ca6ae00000) (1024K)]
  0x000002167f4f5530 JavaThread "C2 CompilerThread2"         daemon [_thread_in_native, id=5344, stack(0x000000ca6ae00000,0x000000ca6af00000) (1024K)]
  0x000002167f4f2ce0 JavaThread "C2 CompilerThread3"         daemon [_thread_in_native, id=22596, stack(0x000000ca6af00000,0x000000ca6b000000) (1024K)]
  0x0000021606236340 JavaThread "jar transforms Thread 3"           [_thread_blocked, id=33032, stack(0x000000ca6b000000,0x000000ca6b100000) (1024K)]
  0x0000021606239220 JavaThread "Unconstrained build operations"        [_thread_blocked, id=3584, stack(0x000000ca6b100000,0x000000ca6b200000) (1024K)]
  0x0000021606237ab0 JavaThread "Unconstrained build operations Thread 2"        [_thread_blocked, id=18904, stack(0x000000ca6b200000,0x000000ca6b300000) (1024K)]
  0x0000021606238a50 JavaThread "Unconstrained build operations Thread 3"        [_thread_blocked, id=35924, stack(0x000000ca6b300000,0x000000ca6b400000) (1024K)]
  0x000002160650a890 JavaThread "Unconstrained build operations Thread 4"        [_thread_blocked, id=6952, stack(0x000000ca6b400000,0x000000ca6b500000) (1024K)]
  0x000002160650b060 JavaThread "Unconstrained build operations Thread 5"        [_thread_blocked, id=23748, stack(0x000000ca6b500000,0x000000ca6b600000) (1024K)]
  0x000002160650c000 JavaThread "Unconstrained build operations Thread 6"        [_thread_blocked, id=15620, stack(0x000000ca6b600000,0x000000ca6b700000) (1024K)]
  0x0000021606508950 JavaThread "Unconstrained build operations Thread 7"        [_thread_blocked, id=25376, stack(0x000000ca6b700000,0x000000ca6b800000) (1024K)]
  0x0000021606509120 JavaThread "Unconstrained build operations Thread 8"        [_thread_blocked, id=1664, stack(0x000000ca6b800000,0x000000ca6b900000) (1024K)]
  0x000002160650eee0 JavaThread "Unconstrained build operations Thread 9"        [_thread_blocked, id=17712, stack(0x000000ca6b900000,0x000000ca6ba00000) (1024K)]
  0x000002160650cfa0 JavaThread "Unconstrained build operations Thread 10"        [_thread_blocked, id=5252, stack(0x000000ca6ba00000,0x000000ca6bb00000) (1024K)]
  0x000002160650df40 JavaThread "jar transforms Thread 4"           [_thread_blocked, id=13432, stack(0x000000ca6bb00000,0x000000ca6bc00000) (1024K)]
  0x00000216077579b0 JavaThread "jar transforms Thread 5"           [_thread_blocked, id=34768, stack(0x000000ca6bc00000,0x000000ca6bd00000) (1024K)]
  0x0000021607756a10 JavaThread "Unconstrained build operations Thread 11"        [_thread_blocked, id=18832, stack(0x000000ca6bd00000,0x000000ca6be00000) (1024K)]
  0x00000216077571e0 JavaThread "Unconstrained build operations Thread 12"        [_thread_blocked, id=9212, stack(0x000000ca6be00000,0x000000ca6bf00000) (1024K)]
  0x000002160775c000 JavaThread "Unconstrained build operations Thread 13"        [_thread_blocked, id=9528, stack(0x000000ca6bf00000,0x000000ca6c000000) (1024K)]
  0x000002160775a0c0 JavaThread "Unconstrained build operations Thread 14"        [_thread_blocked, id=33324, stack(0x000000ca6c000000,0x000000ca6c100000) (1024K)]
  0x000002160775b830 JavaThread "Unconstrained build operations Thread 15"        [_thread_blocked, id=18492, stack(0x000000ca6c100000,0x000000ca6c200000) (1024K)]
  0x00000216077598f0 JavaThread "jar transforms Thread 6"           [_thread_blocked, id=30900, stack(0x000000ca6c200000,0x000000ca6c300000) (1024K)]
  0x000002160756d2b0 JavaThread "C2 CompilerThread4"         daemon [_thread_in_native, id=11932, stack(0x000000ca6c300000,0x000000ca6c400000) (1024K)]
=>0x000002160756b270 JavaThread "C2 CompilerThread5"         daemon [_thread_in_native, id=36196, stack(0x000000ca6c400000,0x000000ca6c500000) (1024K)]
  0x000002160756ba80 JavaThread "C2 CompilerThread6"         daemon [_thread_in_native, id=2784, stack(0x000000ca6c500000,0x000000ca6c600000) (1024K)]
  0x000002160756c290 JavaThread "C2 CompilerThread7"         daemon [_thread_in_native, id=27052, stack(0x000000ca6c600000,0x000000ca6c700000) (1024K)]
Total: 60

Other Threads:
  0x000002167e30acf0 VMThread "VM Thread"                           [id=9096, stack(0x000000ca67a00000,0x000000ca67b00000) (1024K)]
  0x000002167e1daea0 WatcherThread "VM Periodic Task Thread"        [id=12332, stack(0x000000ca67900000,0x000000ca67a00000) (1024K)]
  0x000002166280b420 WorkerThread "GC Thread#0"                     [id=34452, stack(0x000000ca67400000,0x000000ca67500000) (1024K)]
  0x000002167f68c070 WorkerThread "GC Thread#1"                     [id=29664, stack(0x000000ca68c00000,0x000000ca68d00000) (1024K)]
  0x000002167f68c8b0 WorkerThread "GC Thread#2"                     [id=14372, stack(0x000000ca68d00000,0x000000ca68e00000) (1024K)]
  0x000002167f68cce0 WorkerThread "GC Thread#3"                     [id=26996, stack(0x000000ca68e00000,0x000000ca68f00000) (1024K)]
  0x000002167f68dd30 WorkerThread "GC Thread#4"                     [id=24616, stack(0x000000ca68f00000,0x000000ca69000000) (1024K)]
  0x000002167f68e160 WorkerThread "GC Thread#5"                     [id=26868, stack(0x000000ca69000000,0x000000ca69100000) (1024K)]
  0x000002167fccb4d0 WorkerThread "GC Thread#6"                     [id=20260, stack(0x000000ca69900000,0x000000ca69a00000) (1024K)]
  0x000002167fcc8110 WorkerThread "GC Thread#7"                     [id=25752, stack(0x000000ca69a00000,0x000000ca69b00000) (1024K)]
  0x000002167fcc8560 WorkerThread "GC Thread#8"                     [id=30620, stack(0x000000ca69b00000,0x000000ca69c00000) (1024K)]
  0x000002167fcc96a0 WorkerThread "GC Thread#9"                     [id=5856, stack(0x000000ca69c00000,0x000000ca69d00000) (1024K)]
  0x000002167fcc9af0 WorkerThread "GC Thread#10"                    [id=16848, stack(0x000000ca69d00000,0x000000ca69e00000) (1024K)]
  0x000002167fcc8e00 WorkerThread "GC Thread#11"                    [id=11108, stack(0x000000ca69e00000,0x000000ca69f00000) (1024K)]
  0x000002167fcc9f40 WorkerThread "GC Thread#12"                    [id=9724, stack(0x000000ca69f00000,0x000000ca6a000000) (1024K)]
  0x00000216628124f0 ConcurrentGCThread "G1 Main Marker"            [id=34692, stack(0x000000ca67500000,0x000000ca67600000) (1024K)]
  0x0000021662813f80 WorkerThread "G1 Conc#0"                       [id=31832, stack(0x000000ca67600000,0x000000ca67700000) (1024K)]
  0x00000216043634a0 WorkerThread "G1 Conc#1"                       [id=10324, stack(0x000000ca6a300000,0x000000ca6a400000) (1024K)]
  0x0000021604360dd0 WorkerThread "G1 Conc#2"                       [id=22832, stack(0x000000ca6a400000,0x000000ca6a500000) (1024K)]
  0x0000021662899a70 ConcurrentGCThread "G1 Refine#0"               [id=25792, stack(0x000000ca67700000,0x000000ca67800000) (1024K)]
  0x000002166289d5a0 ConcurrentGCThread "G1 Service"                [id=32720, stack(0x000000ca67800000,0x000000ca67900000) (1024K)]
Total: 21

Threads with active compile tasks:
C2 CompilerThread0  11568 6724       4       groovyjarjarantlr4.v4.runtime.atn.LexerATNSimulator::closure (260 bytes)
C2 CompilerThread1  11568 6809       4       groovyjarjarantlr4.v4.runtime.atn.ParserATNSimulator::closure (772 bytes)
C2 CompilerThread2  11568 6754 %     4       groovyjarjarantlr4.v4.runtime.atn.LexerATNSimulator::getReachableConfigSet @ 9 (199 bytes)
C2 CompilerThread3  11568 6800 %     4       groovyjarjarantlr4.v4.runtime.atn.ParserATNSimulator::computeTargetState @ 190 (583 bytes)
C2 CompilerThread4  11568 6530       4       groovyjarjarantlr4.v4.runtime.atn.PredictionContext::join (549 bytes)
C2 CompilerThread5  11568 6733       4       groovyjarjarantlr4.v4.runtime.atn.ATNConfigSet::add (247 bytes)
C2 CompilerThread6  11568 6254   !   4       java.lang.ClassLoader::loadClass (121 bytes)
C2 CompilerThread7  11568 6803       4       groovyjarjarantlr4.v4.runtime.atn.PredictionContext::getCachedContext (297 bytes)
Total: 8

VM state: not at safepoint (normal execution)

VM Mutex/Monitor currently owned by a thread: None

Heap address: 0x00000000e0000000, size: 512 MB, Compressed Oops mode: 32-bit

CDS archive(s) mapped at: [0x000000003b000000-0x000000003bdd0000-0x000000003bdd0000), size 14483456, SharedBaseAddress: 0x000000003b000000, ArchiveRelocationMode: 1.
Compressed class space mapped at: 0x000000003c000000-0x0000000050000000, reserved size: 335544320
UseCompressedClassPointers 1, UseCompactObjectHeaders 0
Narrow klass pointer bits 32, Max shift 3
Narrow klass base: 0x000000003b000000, Narrow klass shift: 0
Encoding Range: [0x000000003b000000 - 0x000000013b000000), (4294967296 bytes)
Klass Range:    [0x000000003b010000 - 0x0000000050000000), (352256000 bytes)
Klass ID Range:  [65536 - 352321529) (352255993)
Protection zone: [0x000000003b000000 - 0x000000003b010000), (65536 bytes)

GC Precious Log:
 CardTable entry size: 512
 Card Set container configuration: InlinePtr #cards 5 size 8 Array Of Cards #cards 10 size 36 Howl #buckets 4 coarsen threshold 1843 Howl Bitmap #cards 512 size 80 coarsen threshold 460 Card regions per heap region 1 cards per card region 2048
 CPUs: 16 total, 16 available
 Memory: 16202M
 Large Page Support: Disabled
 NUMA Support: Disabled
 Compressed Oops: Enabled (32-bit)
 Heap Region Size: 1M
 Heap Min Capacity: 256M
 Heap Initial Capacity: 256M
 Heap Max Capacity: 512M
 Pre-touch: Disabled
 Parallel Workers: 13
 Concurrent Workers: 3
 Concurrent Refinement Workers: 13
 Periodic GC: Disabled

Heap:
 garbage-first heap   total reserved 524288K, committed 262144K, used 79062K [0x00000000e0000000, 0x0000000100000000)
  region size 1024K, 55 young (56320K), 20 survivors (20480K)

Heap Regions: E=young(eden), S=young(survivor), O=old, HS=humongous(starts), HC=humongous(continues), CS=collection set, F=free, TAMS=top-at-mark-start, PB=parsable bottom
|   0|0x00000000e0000000, 0x00000000e0100000, 0x00000000e0100000|100%|HS|  |TAMS 0x00000000e0000000| PB 0x00000000e0000000| Complete |  0
|   1|0x00000000e0100000, 0x00000000e0200000, 0x00000000e0200000|100%|HC|  |TAMS 0x00000000e0100000| PB 0x00000000e0100000| Complete |  0
|   2|0x00000000e0200000, 0x00000000e0300000, 0x00000000e0300000|100%|HC|  |TAMS 0x00000000e0200000| PB 0x00000000e0200000| Complete |  0
|   3|0x00000000e0300000, 0x00000000e0400000, 0x00000000e0400000|100%|HC|  |TAMS 0x00000000e0300000| PB 0x00000000e0300000| Complete |  0
|   4|0x00000000e0400000, 0x00000000e0500000, 0x00000000e0500000|100%| O|  |TAMS 0x00000000e0400000| PB 0x00000000e0400000| Untracked |  0
|   5|0x00000000e0500000, 0x00000000e0600000, 0x00000000e0600000|100%|HS|  |TAMS 0x00000000e0500000| PB 0x00000000e0500000| Complete |  0
|   6|0x00000000e0600000, 0x00000000e0700000, 0x00000000e0700000|100%| O|  |TAMS 0x00000000e0600000| PB 0x00000000e0600000| Untracked |  0
|   7|0x00000000e0700000, 0x00000000e0800000, 0x00000000e0800000|100%| O|  |TAMS 0x00000000e0700000| PB 0x00000000e0700000| Untracked |  0
|   8|0x00000000e0800000, 0x00000000e0900000, 0x00000000e0900000|100%| O|  |TAMS 0x00000000e0800000| PB 0x00000000e0800000| Untracked |  0
|   9|0x00000000e0900000, 0x00000000e0a00000, 0x00000000e0a00000|100%| O|  |TAMS 0x00000000e0900000| PB 0x00000000e0900000| Untracked |  0
|  10|0x00000000e0a00000, 0x00000000e0b00000, 0x00000000e0b00000|100%| O|  |TAMS 0x00000000e0a00000| PB 0x00000000e0a00000| Untracked |  0
|  11|0x00000000e0b00000, 0x00000000e0c00000, 0x00000000e0c00000|100%| O|  |TAMS 0x00000000e0b00000| PB 0x00000000e0b00000| Untracked |  0
|  12|0x00000000e0c00000, 0x00000000e0d00000, 0x00000000e0d00000|100%| O|  |TAMS 0x00000000e0c00000| PB 0x00000000e0c00000| Untracked |  0
|  13|0x00000000e0d00000, 0x00000000e0db0000, 0x00000000e0e00000| 68%| O|  |TAMS 0x00000000e0d00000| PB 0x00000000e0d00000| Untracked |  0
|  14|0x00000000e0e00000, 0x00000000e0f00000, 0x00000000e0f00000|100%| O|  |TAMS 0x00000000e0e00000| PB 0x00000000e0e00000| Untracked |  0
|  15|0x00000000e0f00000, 0x00000000e1000000, 0x00000000e1000000|100%| O|  |TAMS 0x00000000e0f00000| PB 0x00000000e0f00000| Untracked |  0
|  16|0x00000000e1000000, 0x00000000e1100000, 0x00000000e1100000|100%| O|  |TAMS 0x00000000e1000000| PB 0x00000000e1000000| Untracked |  0
|  17|0x00000000e1100000, 0x00000000e1200000, 0x00000000e1200000|100%| O|  |TAMS 0x00000000e1100000| PB 0x00000000e1100000| Untracked |  0
|  18|0x00000000e1200000, 0x00000000e1300000, 0x00000000e1300000|100%| O|  |TAMS 0x00000000e1200000| PB 0x00000000e1200000| Untracked |  0
|  19|0x00000000e1300000, 0x00000000e1400000, 0x00000000e1400000|100%| O|  |TAMS 0x00000000e1300000| PB 0x00000000e1300000| Untracked |  0
|  20|0x00000000e1400000, 0x00000000e1500000, 0x00000000e1500000|100%| O|Cm|TAMS 0x00000000e1400000| PB 0x00000000e1400000| Complete |  0
|  21|0x00000000e1500000, 0x00000000e1513e38, 0x00000000e1600000|  7%| O|  |TAMS 0x00000000e1500000| PB 0x00000000e1500000| Untracked |  0
|  22|0x00000000e1600000, 0x00000000e1700000, 0x00000000e1700000|100%|HS|  |TAMS 0x00000000e1600000| PB 0x00000000e1600000| Complete |  0
|  23|0x00000000e1700000, 0x00000000e1800000, 0x00000000e1800000|100%|HC|  |TAMS 0x00000000e1700000| PB 0x00000000e1700000| Complete |  0
|  24|0x00000000e1800000, 0x00000000e1800000, 0x00000000e1900000|  0%| F|  |TAMS 0x00000000e1800000| PB 0x00000000e1800000| Untracked |  0
|  25|0x00000000e1900000, 0x00000000e1900000, 0x00000000e1a00000|  0%| F|  |TAMS 0x00000000e1900000| PB 0x00000000e1900000| Untracked |  0
|  26|0x00000000e1a00000, 0x00000000e1a00000, 0x00000000e1b00000|  0%| F|  |TAMS 0x00000000e1a00000| PB 0x00000000e1a00000| Untracked |  0
|  27|0x00000000e1b00000, 0x00000000e1b00000, 0x00000000e1c00000|  0%| F|  |TAMS 0x00000000e1b00000| PB 0x00000000e1b00000| Untracked |  0
|  28|0x00000000e1c00000, 0x00000000e1c00000, 0x00000000e1d00000|  0%| F|  |TAMS 0x00000000e1c00000| PB 0x00000000e1c00000| Untracked |  0
|  29|0x00000000e1d00000, 0x00000000e1d00000, 0x00000000e1e00000|  0%| F|  |TAMS 0x00000000e1d00000| PB 0x00000000e1d00000| Untracked |  0
|  30|0x00000000e1e00000, 0x00000000e1e00000, 0x00000000e1f00000|  0%| F|  |TAMS 0x00000000e1e00000| PB 0x00000000e1e00000| Untracked |  0
|  31|0x00000000e1f00000, 0x00000000e1f00000, 0x00000000e2000000|  0%| F|  |TAMS 0x00000000e1f00000| PB 0x00000000e1f00000| Untracked |  0
|  32|0x00000000e2000000, 0x00000000e2000000, 0x00000000e2100000|  0%| F|  |TAMS 0x00000000e2000000| PB 0x00000000e2000000| Untracked |  0
|  33|0x00000000e2100000, 0x00000000e2100000, 0x00000000e2200000|  0%| F|  |TAMS 0x00000000e2100000| PB 0x00000000e2100000| Untracked |  0
|  34|0x00000000e2200000, 0x00000000e2200000, 0x00000000e2300000|  0%| F|  |TAMS 0x00000000e2200000| PB 0x00000000e2200000| Untracked |  0
|  35|0x00000000e2300000, 0x00000000e2300000, 0x00000000e2400000|  0%| F|  |TAMS 0x00000000e2300000| PB 0x00000000e2300000| Untracked |  0
|  36|0x00000000e2400000, 0x00000000e2400000, 0x00000000e2500000|  0%| F|  |TAMS 0x00000000e2400000| PB 0x00000000e2400000| Untracked |  0
|  37|0x00000000e2500000, 0x00000000e2500000, 0x00000000e2600000|  0%| F|  |TAMS 0x00000000e2500000| PB 0x00000000e2500000| Untracked |  0
|  38|0x00000000e2600000, 0x00000000e2600000, 0x00000000e2700000|  0%| F|  |TAMS 0x00000000e2600000| PB 0x00000000e2600000| Untracked |  0
|  39|0x00000000e2700000, 0x00000000e2700000, 0x00000000e2800000|  0%| F|  |TAMS 0x00000000e2700000| PB 0x00000000e2700000| Untracked |  0
|  40|0x00000000e2800000, 0x00000000e2800000, 0x00000000e2900000|  0%| F|  |TAMS 0x00000000e2800000| PB 0x00000000e2800000| Untracked |  0
|  41|0x00000000e2900000, 0x00000000e2900000, 0x00000000e2a00000|  0%| F|  |TAMS 0x00000000e2900000| PB 0x00000000e2900000| Untracked |  0
|  42|0x00000000e2a00000, 0x00000000e2a00000, 0x00000000e2b00000|  0%| F|  |TAMS 0x00000000e2a00000| PB 0x00000000e2a00000| Untracked |  0
|  43|0x00000000e2b00000, 0x00000000e2b00000, 0x00000000e2c00000|  0%| F|  |TAMS 0x00000000e2b00000| PB 0x00000000e2b00000| Untracked |  0
|  44|0x00000000e2c00000, 0x00000000e2c00000, 0x00000000e2d00000|  0%| F|  |TAMS 0x00000000e2c00000| PB 0x00000000e2c00000| Untracked |  0
|  45|0x00000000e2d00000, 0x00000000e2d00000, 0x00000000e2e00000|  0%| F|  |TAMS 0x00000000e2d00000| PB 0x00000000e2d00000| Untracked |  0
|  46|0x00000000e2e00000, 0x00000000e2e00000, 0x00000000e2f00000|  0%| F|  |TAMS 0x00000000e2e00000| PB 0x00000000e2e00000| Untracked |  0
|  47|0x00000000e2f00000, 0x00000000e2f00000, 0x00000000e3000000|  0%| F|  |TAMS 0x00000000e2f00000| PB 0x00000000e2f00000| Untracked |  0
|  48|0x00000000e3000000, 0x00000000e3000000, 0x00000000e3100000|  0%| F|  |TAMS 0x00000000e3000000| PB 0x00000000e3000000| Untracked |  0
|  49|0x00000000e3100000, 0x00000000e3100000, 0x00000000e3200000|  0%| F|  |TAMS 0x00000000e3100000| PB 0x00000000e3100000| Untracked |  0
|  50|0x00000000e3200000, 0x00000000e3200000, 0x00000000e3300000|  0%| F|  |TAMS 0x00000000e3200000| PB 0x00000000e3200000| Untracked |  0
|  51|0x00000000e3300000, 0x00000000e3300000, 0x00000000e3400000|  0%| F|  |TAMS 0x00000000e3300000| PB 0x00000000e3300000| Untracked |  0
|  52|0x00000000e3400000, 0x00000000e3400000, 0x00000000e3500000|  0%| F|  |TAMS 0x00000000e3400000| PB 0x00000000e3400000| Untracked |  0
|  53|0x00000000e3500000, 0x00000000e3500000, 0x00000000e3600000|  0%| F|  |TAMS 0x00000000e3500000| PB 0x00000000e3500000| Untracked |  0
|  54|0x00000000e3600000, 0x00000000e3600000, 0x00000000e3700000|  0%| F|  |TAMS 0x00000000e3600000| PB 0x00000000e3600000| Untracked |  0
|  55|0x00000000e3700000, 0x00000000e3700000, 0x00000000e3800000|  0%| F|  |TAMS 0x00000000e3700000| PB 0x00000000e3700000| Untracked |  0
|  56|0x00000000e3800000, 0x00000000e3800000, 0x00000000e3900000|  0%| F|  |TAMS 0x00000000e3800000| PB 0x00000000e3800000| Untracked |  0
|  57|0x00000000e3900000, 0x00000000e3900000, 0x00000000e3a00000|  0%| F|  |TAMS 0x00000000e3900000| PB 0x00000000e3900000| Untracked |  0
|  58|0x00000000e3a00000, 0x00000000e3a00000, 0x00000000e3b00000|  0%| F|  |TAMS 0x00000000e3a00000| PB 0x00000000e3a00000| Untracked |  0
|  59|0x00000000e3b00000, 0x00000000e3b00000, 0x00000000e3c00000|  0%| F|  |TAMS 0x00000000e3b00000| PB 0x00000000e3b00000| Untracked |  0
|  60|0x00000000e3c00000, 0x00000000e3c00000, 0x00000000e3d00000|  0%| F|  |TAMS 0x00000000e3c00000| PB 0x00000000e3c00000| Untracked |  0
|  61|0x00000000e3d00000, 0x00000000e3d00000, 0x00000000e3e00000|  0%| F|  |TAMS 0x00000000e3d00000| PB 0x00000000e3d00000| Untracked |  0
|  62|0x00000000e3e00000, 0x00000000e3e00000, 0x00000000e3f00000|  0%| F|  |TAMS 0x00000000e3e00000| PB 0x00000000e3e00000| Untracked |  0
|  63|0x00000000e3f00000, 0x00000000e3f00000, 0x00000000e4000000|  0%| F|  |TAMS 0x00000000e3f00000| PB 0x00000000e3f00000| Untracked |  0
|  64|0x00000000e4000000, 0x00000000e4000000, 0x00000000e4100000|  0%| F|  |TAMS 0x00000000e4000000| PB 0x00000000e4000000| Untracked |  0
|  65|0x00000000e4100000, 0x00000000e4100000, 0x00000000e4200000|  0%| F|  |TAMS 0x00000000e4100000| PB 0x00000000e4100000| Untracked |  0
|  66|0x00000000e4200000, 0x00000000e4200000, 0x00000000e4300000|  0%| F|  |TAMS 0x00000000e4200000| PB 0x00000000e4200000| Untracked |  0
|  67|0x00000000e4300000, 0x00000000e4300000, 0x00000000e4400000|  0%| F|  |TAMS 0x00000000e4300000| PB 0x00000000e4300000| Untracked |  0
|  68|0x00000000e4400000, 0x00000000e4400000, 0x00000000e4500000|  0%| F|  |TAMS 0x00000000e4400000| PB 0x00000000e4400000| Untracked |  0
|  69|0x00000000e4500000, 0x00000000e4500000, 0x00000000e4600000|  0%| F|  |TAMS 0x00000000e4500000| PB 0x00000000e4500000| Untracked |  0
|  70|0x00000000e4600000, 0x00000000e4600000, 0x00000000e4700000|  0%| F|  |TAMS 0x00000000e4600000| PB 0x00000000e4600000| Untracked |  0
|  71|0x00000000e4700000, 0x00000000e4700000, 0x00000000e4800000|  0%| F|  |TAMS 0x00000000e4700000| PB 0x00000000e4700000| Untracked |  0
|  72|0x00000000e4800000, 0x00000000e4800000, 0x00000000e4900000|  0%| F|  |TAMS 0x00000000e4800000| PB 0x00000000e4800000| Untracked |  0
|  73|0x00000000e4900000, 0x00000000e4900000, 0x00000000e4a00000|  0%| F|  |TAMS 0x00000000e4900000| PB 0x00000000e4900000| Untracked |  0
|  74|0x00000000e4a00000, 0x00000000e4a00000, 0x00000000e4b00000|  0%| F|  |TAMS 0x00000000e4a00000| PB 0x00000000e4a00000| Untracked |  0
|  75|0x00000000e4b00000, 0x00000000e4b00000, 0x00000000e4c00000|  0%| F|  |TAMS 0x00000000e4b00000| PB 0x00000000e4b00000| Untracked |  0
|  76|0x00000000e4c00000, 0x00000000e4c00000, 0x00000000e4d00000|  0%| F|  |TAMS 0x00000000e4c00000| PB 0x00000000e4c00000| Untracked |  0
|  77|0x00000000e4d00000, 0x00000000e4d00000, 0x00000000e4e00000|  0%| F|  |TAMS 0x00000000e4d00000| PB 0x00000000e4d00000| Untracked |  0
|  78|0x00000000e4e00000, 0x00000000e4e00000, 0x00000000e4f00000|  0%| F|  |TAMS 0x00000000e4e00000| PB 0x00000000e4e00000| Untracked |  0
|  79|0x00000000e4f00000, 0x00000000e4f00000, 0x00000000e5000000|  0%| F|  |TAMS 0x00000000e4f00000| PB 0x00000000e4f00000| Untracked |  0
|  80|0x00000000e5000000, 0x00000000e5000000, 0x00000000e5100000|  0%| F|  |TAMS 0x00000000e5000000| PB 0x00000000e5000000| Untracked |  0
|  81|0x00000000e5100000, 0x00000000e5100000, 0x00000000e5200000|  0%| F|  |TAMS 0x00000000e5100000| PB 0x00000000e5100000| Untracked |  0
|  82|0x00000000e5200000, 0x00000000e5271ba8, 0x00000000e5300000| 44%| S|CS|TAMS 0x00000000e5200000| PB 0x00000000e5200000| Complete |  0
|  83|0x00000000e5300000, 0x00000000e5400000, 0x00000000e5400000|100%| S|CS|TAMS 0x00000000e5300000| PB 0x00000000e5300000| Complete |  0
|  84|0x00000000e5400000, 0x00000000e5500000, 0x00000000e5500000|100%| S|CS|TAMS 0x00000000e5400000| PB 0x00000000e5400000| Complete |  0
|  85|0x00000000e5500000, 0x00000000e5600000, 0x00000000e5600000|100%| S|CS|TAMS 0x00000000e5500000| PB 0x00000000e5500000| Complete |  0
|  86|0x00000000e5600000, 0x00000000e5700000, 0x00000000e5700000|100%| S|CS|TAMS 0x00000000e5600000| PB 0x00000000e5600000| Complete |  0
|  87|0x00000000e5700000, 0x00000000e5800000, 0x00000000e5800000|100%| S|CS|TAMS 0x00000000e5700000| PB 0x00000000e5700000| Complete |  0
|  88|0x00000000e5800000, 0x00000000e5900000, 0x00000000e5900000|100%| S|CS|TAMS 0x00000000e5800000| PB 0x00000000e5800000| Complete |  0
|  89|0x00000000e5900000, 0x00000000e5a00000, 0x00000000e5a00000|100%| S|CS|TAMS 0x00000000e5900000| PB 0x00000000e5900000| Complete |  0
|  90|0x00000000e5a00000, 0x00000000e5b00000, 0x00000000e5b00000|100%| S|CS|TAMS 0x00000000e5a00000| PB 0x00000000e5a00000| Complete |  0
|  91|0x00000000e5b00000, 0x00000000e5c00000, 0x00000000e5c00000|100%| S|CS|TAMS 0x00000000e5b00000| PB 0x00000000e5b00000| Complete |  0
|  92|0x00000000e5c00000, 0x00000000e5d00000, 0x00000000e5d00000|100%| S|CS|TAMS 0x00000000e5c00000| PB 0x00000000e5c00000| Complete |  0
|  93|0x00000000e5d00000, 0x00000000e5e00000, 0x00000000e5e00000|100%| S|CS|TAMS 0x00000000e5d00000| PB 0x00000000e5d00000| Complete |  0
|  94|0x00000000e5e00000, 0x00000000e5f00000, 0x00000000e5f00000|100%| S|CS|TAMS 0x00000000e5e00000| PB 0x00000000e5e00000| Complete |  0
|  95|0x00000000e5f00000, 0x00000000e6000000, 0x00000000e6000000|100%| S|CS|TAMS 0x00000000e5f00000| PB 0x00000000e5f00000| Complete |  0
|  96|0x00000000e6000000, 0x00000000e6100000, 0x00000000e6100000|100%| S|CS|TAMS 0x00000000e6000000| PB 0x00000000e6000000| Complete |  0
|  97|0x00000000e6100000, 0x00000000e6200000, 0x00000000e6200000|100%| S|CS|TAMS 0x00000000e6100000| PB 0x00000000e6100000| Complete |  0
|  98|0x00000000e6200000, 0x00000000e6300000, 0x00000000e6300000|100%| S|CS|TAMS 0x00000000e6200000| PB 0x00000000e6200000| Complete |  0
|  99|0x00000000e6300000, 0x00000000e6400000, 0x00000000e6400000|100%| S|CS|TAMS 0x00000000e6300000| PB 0x00000000e6300000| Complete |  0
| 100|0x00000000e6400000, 0x00000000e6500000, 0x00000000e6500000|100%| S|CS|TAMS 0x00000000e6400000| PB 0x00000000e6400000| Complete |  0
| 101|0x00000000e6500000, 0x00000000e6600000, 0x00000000e6600000|100%| S|CS|TAMS 0x00000000e6500000| PB 0x00000000e6500000| Complete |  0
| 102|0x00000000e6600000, 0x00000000e6600000, 0x00000000e6700000|  0%| F|  |TAMS 0x00000000e6600000| PB 0x00000000e6600000| Untracked |  0
| 103|0x00000000e6700000, 0x00000000e6700000, 0x00000000e6800000|  0%| F|  |TAMS 0x00000000e6700000| PB 0x00000000e6700000| Untracked |  0
| 104|0x00000000e6800000, 0x00000000e6800000, 0x00000000e6900000|  0%| F|  |TAMS 0x00000000e6800000| PB 0x00000000e6800000| Untracked |  0
| 105|0x00000000e6900000, 0x00000000e6900000, 0x00000000e6a00000|  0%| F|  |TAMS 0x00000000e6900000| PB 0x00000000e6900000| Untracked |  0
| 106|0x00000000e6a00000, 0x00000000e6a00000, 0x00000000e6b00000|  0%| F|  |TAMS 0x00000000e6a00000| PB 0x00000000e6a00000| Untracked |  0
| 107|0x00000000e6b00000, 0x00000000e6b00000, 0x00000000e6c00000|  0%| F|  |TAMS 0x00000000e6b00000| PB 0x00000000e6b00000| Untracked |  0
| 108|0x00000000e6c00000, 0x00000000e6c00000, 0x00000000e6d00000|  0%| F|  |TAMS 0x00000000e6c00000| PB 0x00000000e6c00000| Untracked |  0
| 109|0x00000000e6d00000, 0x00000000e6d00000, 0x00000000e6e00000|  0%| F|  |TAMS 0x00000000e6d00000| PB 0x00000000e6d00000| Untracked |  0
| 110|0x00000000e6e00000, 0x00000000e6e00000, 0x00000000e6f00000|  0%| F|  |TAMS 0x00000000e6e00000| PB 0x00000000e6e00000| Untracked |  0
| 111|0x00000000e6f00000, 0x00000000e6f00000, 0x00000000e7000000|  0%| F|  |TAMS 0x00000000e6f00000| PB 0x00000000e6f00000| Untracked |  0
| 112|0x00000000e7000000, 0x00000000e7000000, 0x00000000e7100000|  0%| F|  |TAMS 0x00000000e7000000| PB 0x00000000e7000000| Untracked |  0
| 113|0x00000000e7100000, 0x00000000e7100000, 0x00000000e7200000|  0%| F|  |TAMS 0x00000000e7100000| PB 0x00000000e7100000| Untracked |  0
| 114|0x00000000e7200000, 0x00000000e7200000, 0x00000000e7300000|  0%| F|  |TAMS 0x00000000e7200000| PB 0x00000000e7200000| Untracked |  0
| 115|0x00000000e7300000, 0x00000000e7300000, 0x00000000e7400000|  0%| F|  |TAMS 0x00000000e7300000| PB 0x00000000e7300000| Untracked |  0
| 116|0x00000000e7400000, 0x00000000e7400000, 0x00000000e7500000|  0%| F|  |TAMS 0x00000000e7400000| PB 0x00000000e7400000| Untracked |  0
| 117|0x00000000e7500000, 0x00000000e7500000, 0x00000000e7600000|  0%| F|  |TAMS 0x00000000e7500000| PB 0x00000000e7500000| Untracked |  0
| 118|0x00000000e7600000, 0x00000000e7600000, 0x00000000e7700000|  0%| F|  |TAMS 0x00000000e7600000| PB 0x00000000e7600000| Untracked |  0
| 119|0x00000000e7700000, 0x00000000e7700000, 0x00000000e7800000|  0%| F|  |TAMS 0x00000000e7700000| PB 0x00000000e7700000| Untracked |  0
| 120|0x00000000e7800000, 0x00000000e7800000, 0x00000000e7900000|  0%| F|  |TAMS 0x00000000e7800000| PB 0x00000000e7800000| Untracked |  0
| 121|0x00000000e7900000, 0x00000000e7900000, 0x00000000e7a00000|  0%| F|  |TAMS 0x00000000e7900000| PB 0x00000000e7900000| Untracked |  0
| 122|0x00000000e7a00000, 0x00000000e7a00000, 0x00000000e7b00000|  0%| F|  |TAMS 0x00000000e7a00000| PB 0x00000000e7a00000| Untracked |  0
| 123|0x00000000e7b00000, 0x00000000e7b00000, 0x00000000e7c00000|  0%| F|  |TAMS 0x00000000e7b00000| PB 0x00000000e7b00000| Untracked |  0
| 124|0x00000000e7c00000, 0x00000000e7c00000, 0x00000000e7d00000|  0%| F|  |TAMS 0x00000000e7c00000| PB 0x00000000e7c00000| Untracked |  0
| 125|0x00000000e7d00000, 0x00000000e7d00000, 0x00000000e7e00000|  0%| F|  |TAMS 0x00000000e7d00000| PB 0x00000000e7d00000| Untracked |  0
| 126|0x00000000e7e00000, 0x00000000e7e00000, 0x00000000e7f00000|  0%| F|  |TAMS 0x00000000e7e00000| PB 0x00000000e7e00000| Untracked |  0
| 127|0x00000000e7f00000, 0x00000000e7f00000, 0x00000000e8000000|  0%| F|  |TAMS 0x00000000e7f00000| PB 0x00000000e7f00000| Untracked |  0
| 128|0x00000000e8000000, 0x00000000e8000000, 0x00000000e8100000|  0%| F|  |TAMS 0x00000000e8000000| PB 0x00000000e8000000| Untracked |  0
| 129|0x00000000e8100000, 0x00000000e8100000, 0x00000000e8200000|  0%| F|  |TAMS 0x00000000e8100000| PB 0x00000000e8100000| Untracked |  0
| 130|0x00000000e8200000, 0x00000000e8200000, 0x00000000e8300000|  0%| F|  |TAMS 0x00000000e8200000| PB 0x00000000e8200000| Untracked |  0
| 131|0x00000000e8300000, 0x00000000e8300000, 0x00000000e8400000|  0%| F|  |TAMS 0x00000000e8300000| PB 0x00000000e8300000| Untracked |  0
| 132|0x00000000e8400000, 0x00000000e8400000, 0x00000000e8500000|  0%| F|  |TAMS 0x00000000e8400000| PB 0x00000000e8400000| Untracked |  0
| 133|0x00000000e8500000, 0x00000000e8500000, 0x00000000e8600000|  0%| F|  |TAMS 0x00000000e8500000| PB 0x00000000e8500000| Untracked |  0
| 134|0x00000000e8600000, 0x00000000e8600000, 0x00000000e8700000|  0%| F|  |TAMS 0x00000000e8600000| PB 0x00000000e8600000| Untracked |  0
| 135|0x00000000e8700000, 0x00000000e8700000, 0x00000000e8800000|  0%| F|  |TAMS 0x00000000e8700000| PB 0x00000000e8700000| Untracked |  0
| 136|0x00000000e8800000, 0x00000000e8800000, 0x00000000e8900000|  0%| F|  |TAMS 0x00000000e8800000| PB 0x00000000e8800000| Untracked |  0
| 137|0x00000000e8900000, 0x00000000e8900000, 0x00000000e8a00000|  0%| F|  |TAMS 0x00000000e8900000| PB 0x00000000e8900000| Untracked |  0
| 138|0x00000000e8a00000, 0x00000000e8a00000, 0x00000000e8b00000|  0%| F|  |TAMS 0x00000000e8a00000| PB 0x00000000e8a00000| Untracked |  0
| 139|0x00000000e8b00000, 0x00000000e8b00000, 0x00000000e8c00000|  0%| F|  |TAMS 0x00000000e8b00000| PB 0x00000000e8b00000| Untracked |  0
| 140|0x00000000e8c00000, 0x00000000e8c00000, 0x00000000e8d00000|  0%| F|  |TAMS 0x00000000e8c00000| PB 0x00000000e8c00000| Untracked |  0
| 141|0x00000000e8d00000, 0x00000000e8d00000, 0x00000000e8e00000|  0%| F|  |TAMS 0x00000000e8d00000| PB 0x00000000e8d00000| Untracked |  0
| 142|0x00000000e8e00000, 0x00000000e8e00000, 0x00000000e8f00000|  0%| F|  |TAMS 0x00000000e8e00000| PB 0x00000000e8e00000| Untracked |  0
| 143|0x00000000e8f00000, 0x00000000e8f00000, 0x00000000e9000000|  0%| F|  |TAMS 0x00000000e8f00000| PB 0x00000000e8f00000| Untracked |  0
| 144|0x00000000e9000000, 0x00000000e9000000, 0x00000000e9100000|  0%| F|  |TAMS 0x00000000e9000000| PB 0x00000000e9000000| Untracked |  0
| 145|0x00000000e9100000, 0x00000000e9100000, 0x00000000e9200000|  0%| F|  |TAMS 0x00000000e9100000| PB 0x00000000e9100000| Untracked |  0
| 146|0x00000000e9200000, 0x00000000e9200000, 0x00000000e9300000|  0%| F|  |TAMS 0x00000000e9200000| PB 0x00000000e9200000| Untracked |  0
| 147|0x00000000e9300000, 0x00000000e9300000, 0x00000000e9400000|  0%| F|  |TAMS 0x00000000e9300000| PB 0x00000000e9300000| Untracked |  0
| 148|0x00000000e9400000, 0x00000000e9400000, 0x00000000e9500000|  0%| F|  |TAMS 0x00000000e9400000| PB 0x00000000e9400000| Untracked |  0
| 149|0x00000000e9500000, 0x00000000e9500000, 0x00000000e9600000|  0%| F|  |TAMS 0x00000000e9500000| PB 0x00000000e9500000| Untracked |  0
| 150|0x00000000e9600000, 0x00000000e9600000, 0x00000000e9700000|  0%| F|  |TAMS 0x00000000e9600000| PB 0x00000000e9600000| Untracked |  0
| 151|0x00000000e9700000, 0x00000000e9700000, 0x00000000e9800000|  0%| F|  |TAMS 0x00000000e9700000| PB 0x00000000e9700000| Untracked |  0
| 152|0x00000000e9800000, 0x00000000e9800000, 0x00000000e9900000|  0%| F|  |TAMS 0x00000000e9800000| PB 0x00000000e9800000| Untracked |  0
| 153|0x00000000e9900000, 0x00000000e9900000, 0x00000000e9a00000|  0%| F|  |TAMS 0x00000000e9900000| PB 0x00000000e9900000| Untracked |  0
| 154|0x00000000e9a00000, 0x00000000e9a00000, 0x00000000e9b00000|  0%| F|  |TAMS 0x00000000e9a00000| PB 0x00000000e9a00000| Untracked |  0
| 155|0x00000000e9b00000, 0x00000000e9b00000, 0x00000000e9c00000|  0%| F|  |TAMS 0x00000000e9b00000| PB 0x00000000e9b00000| Untracked |  0
| 156|0x00000000e9c00000, 0x00000000e9c00000, 0x00000000e9d00000|  0%| F|  |TAMS 0x00000000e9c00000| PB 0x00000000e9c00000| Untracked |  0
| 157|0x00000000e9d00000, 0x00000000e9d00000, 0x00000000e9e00000|  0%| F|  |TAMS 0x00000000e9d00000| PB 0x00000000e9d00000| Untracked |  0
| 158|0x00000000e9e00000, 0x00000000e9e00000, 0x00000000e9f00000|  0%| F|  |TAMS 0x00000000e9e00000| PB 0x00000000e9e00000| Untracked |  0
| 159|0x00000000e9f00000, 0x00000000e9f00000, 0x00000000ea000000|  0%| F|  |TAMS 0x00000000e9f00000| PB 0x00000000e9f00000| Untracked |  0
| 160|0x00000000ea000000, 0x00000000ea000000, 0x00000000ea100000|  0%| F|  |TAMS 0x00000000ea000000| PB 0x00000000ea000000| Untracked |  0
| 161|0x00000000ea100000, 0x00000000ea100000, 0x00000000ea200000|  0%| F|  |TAMS 0x00000000ea100000| PB 0x00000000ea100000| Untracked |  0
| 162|0x00000000ea200000, 0x00000000ea200000, 0x00000000ea300000|  0%| F|  |TAMS 0x00000000ea200000| PB 0x00000000ea200000| Untracked |  0
| 163|0x00000000ea300000, 0x00000000ea300000, 0x00000000ea400000|  0%| F|  |TAMS 0x00000000ea300000| PB 0x00000000ea300000| Untracked |  0
| 164|0x00000000ea400000, 0x00000000ea400000, 0x00000000ea500000|  0%| F|  |TAMS 0x00000000ea400000| PB 0x00000000ea400000| Untracked |  0
| 165|0x00000000ea500000, 0x00000000ea500000, 0x00000000ea600000|  0%| F|  |TAMS 0x00000000ea500000| PB 0x00000000ea500000| Untracked |  0
| 166|0x00000000ea600000, 0x00000000ea600000, 0x00000000ea700000|  0%| F|  |TAMS 0x00000000ea600000| PB 0x00000000ea600000| Untracked |  0
| 167|0x00000000ea700000, 0x00000000ea700000, 0x00000000ea800000|  0%| F|  |TAMS 0x00000000ea700000| PB 0x00000000ea700000| Untracked |  0
| 168|0x00000000ea800000, 0x00000000ea800000, 0x00000000ea900000|  0%| F|  |TAMS 0x00000000ea800000| PB 0x00000000ea800000| Untracked |  0
| 169|0x00000000ea900000, 0x00000000ea900000, 0x00000000eaa00000|  0%| F|  |TAMS 0x00000000ea900000| PB 0x00000000ea900000| Untracked |  0
| 170|0x00000000eaa00000, 0x00000000eaa00000, 0x00000000eab00000|  0%| F|  |TAMS 0x00000000eaa00000| PB 0x00000000eaa00000| Untracked |  0
| 171|0x00000000eab00000, 0x00000000eab00000, 0x00000000eac00000|  0%| F|  |TAMS 0x00000000eab00000| PB 0x00000000eab00000| Untracked |  0
| 172|0x00000000eac00000, 0x00000000eac00000, 0x00000000ead00000|  0%| F|  |TAMS 0x00000000eac00000| PB 0x00000000eac00000| Untracked |  0
| 173|0x00000000ead00000, 0x00000000ead00000, 0x00000000eae00000|  0%| F|  |TAMS 0x00000000ead00000| PB 0x00000000ead00000| Untracked |  0
| 174|0x00000000eae00000, 0x00000000eae00000, 0x00000000eaf00000|  0%| F|  |TAMS 0x00000000eae00000| PB 0x00000000eae00000| Untracked |  0
| 175|0x00000000eaf00000, 0x00000000eaf00000, 0x00000000eb000000|  0%| F|  |TAMS 0x00000000eaf00000| PB 0x00000000eaf00000| Untracked |  0
| 176|0x00000000eb000000, 0x00000000eb000000, 0x00000000eb100000|  0%| F|  |TAMS 0x00000000eb000000| PB 0x00000000eb000000| Untracked |  0
| 177|0x00000000eb100000, 0x00000000eb100000, 0x00000000eb200000|  0%| F|  |TAMS 0x00000000eb100000| PB 0x00000000eb100000| Untracked |  0
| 178|0x00000000eb200000, 0x00000000eb200000, 0x00000000eb300000|  0%| F|  |TAMS 0x00000000eb200000| PB 0x00000000eb200000| Untracked |  0
| 179|0x00000000eb300000, 0x00000000eb300000, 0x00000000eb400000|  0%| F|  |TAMS 0x00000000eb300000| PB 0x00000000eb300000| Untracked |  0
| 180|0x00000000eb400000, 0x00000000eb400000, 0x00000000eb500000|  0%| F|  |TAMS 0x00000000eb400000| PB 0x00000000eb400000| Untracked |  0
| 181|0x00000000eb500000, 0x00000000eb500000, 0x00000000eb600000|  0%| F|  |TAMS 0x00000000eb500000| PB 0x00000000eb500000| Untracked |  0
| 182|0x00000000eb600000, 0x00000000eb600000, 0x00000000eb700000|  0%| F|  |TAMS 0x00000000eb600000| PB 0x00000000eb600000| Untracked |  0
| 183|0x00000000eb700000, 0x00000000eb700000, 0x00000000eb800000|  0%| F|  |TAMS 0x00000000eb700000| PB 0x00000000eb700000| Untracked |  0
| 184|0x00000000eb800000, 0x00000000eb800000, 0x00000000eb900000|  0%| F|  |TAMS 0x00000000eb800000| PB 0x00000000eb800000| Untracked |  0
| 185|0x00000000eb900000, 0x00000000eb900000, 0x00000000eba00000|  0%| F|  |TAMS 0x00000000eb900000| PB 0x00000000eb900000| Untracked |  0
| 186|0x00000000eba00000, 0x00000000eba00000, 0x00000000ebb00000|  0%| F|  |TAMS 0x00000000eba00000| PB 0x00000000eba00000| Untracked |  0
| 187|0x00000000ebb00000, 0x00000000ebb00000, 0x00000000ebc00000|  0%| F|  |TAMS 0x00000000ebb00000| PB 0x00000000ebb00000| Untracked |  0
| 188|0x00000000ebc00000, 0x00000000ebc00000, 0x00000000ebd00000|  0%| F|  |TAMS 0x00000000ebc00000| PB 0x00000000ebc00000| Untracked |  0
| 189|0x00000000ebd00000, 0x00000000ebd00000, 0x00000000ebe00000|  0%| F|  |TAMS 0x00000000ebd00000| PB 0x00000000ebd00000| Untracked |  0
| 190|0x00000000ebe00000, 0x00000000ebe00000, 0x00000000ebf00000|  0%| F|  |TAMS 0x00000000ebe00000| PB 0x00000000ebe00000| Untracked |  0
| 191|0x00000000ebf00000, 0x00000000ebf00000, 0x00000000ec000000|  0%| F|  |TAMS 0x00000000ebf00000| PB 0x00000000ebf00000| Untracked |  0
| 192|0x00000000ec000000, 0x00000000ec000000, 0x00000000ec100000|  0%| F|  |TAMS 0x00000000ec000000| PB 0x00000000ec000000| Untracked |  0
| 193|0x00000000ec100000, 0x00000000ec100000, 0x00000000ec200000|  0%| F|  |TAMS 0x00000000ec100000| PB 0x00000000ec100000| Untracked |  0
| 194|0x00000000ec200000, 0x00000000ec200000, 0x00000000ec300000|  0%| F|  |TAMS 0x00000000ec200000| PB 0x00000000ec200000| Untracked |  0
| 195|0x00000000ec300000, 0x00000000ec300000, 0x00000000ec400000|  0%| F|  |TAMS 0x00000000ec300000| PB 0x00000000ec300000| Untracked |  0
| 196|0x00000000ec400000, 0x00000000ec400000, 0x00000000ec500000|  0%| F|  |TAMS 0x00000000ec400000| PB 0x00000000ec400000| Untracked |  0
| 197|0x00000000ec500000, 0x00000000ec500000, 0x00000000ec600000|  0%| F|  |TAMS 0x00000000ec500000| PB 0x00000000ec500000| Untracked |  0
| 198|0x00000000ec600000, 0x00000000ec600000, 0x00000000ec700000|  0%| F|  |TAMS 0x00000000ec600000| PB 0x00000000ec600000| Untracked |  0
| 199|0x00000000ec700000, 0x00000000ec700000, 0x00000000ec800000|  0%| F|  |TAMS 0x00000000ec700000| PB 0x00000000ec700000| Untracked |  0
| 200|0x00000000ec800000, 0x00000000ec800000, 0x00000000ec900000|  0%| F|  |TAMS 0x00000000ec800000| PB 0x00000000ec800000| Untracked |  0
| 201|0x00000000ec900000, 0x00000000ec900000, 0x00000000eca00000|  0%| F|  |TAMS 0x00000000ec900000| PB 0x00000000ec900000| Untracked |  0
| 202|0x00000000eca00000, 0x00000000eca00000, 0x00000000ecb00000|  0%| F|  |TAMS 0x00000000eca00000| PB 0x00000000eca00000| Untracked |  0
| 203|0x00000000ecb00000, 0x00000000ecb00000, 0x00000000ecc00000|  0%| F|  |TAMS 0x00000000ecb00000| PB 0x00000000ecb00000| Untracked |  0
| 204|0x00000000ecc00000, 0x00000000ecc00000, 0x00000000ecd00000|  0%| F|  |TAMS 0x00000000ecc00000| PB 0x00000000ecc00000| Untracked |  0
| 205|0x00000000ecd00000, 0x00000000ecd00000, 0x00000000ece00000|  0%| F|  |TAMS 0x00000000ecd00000| PB 0x00000000ecd00000| Untracked |  0
| 206|0x00000000ece00000, 0x00000000ece00000, 0x00000000ecf00000|  0%| F|  |TAMS 0x00000000ece00000| PB 0x00000000ece00000| Untracked |  0
| 207|0x00000000ecf00000, 0x00000000ecf00000, 0x00000000ed000000|  0%| F|  |TAMS 0x00000000ecf00000| PB 0x00000000ecf00000| Untracked |  0
| 208|0x00000000ed000000, 0x00000000ed000000, 0x00000000ed100000|  0%| F|  |TAMS 0x00000000ed000000| PB 0x00000000ed000000| Untracked |  0
| 209|0x00000000ed100000, 0x00000000ed100000, 0x00000000ed200000|  0%| F|  |TAMS 0x00000000ed100000| PB 0x00000000ed100000| Untracked |  0
| 210|0x00000000ed200000, 0x00000000ed200000, 0x00000000ed300000|  0%| F|  |TAMS 0x00000000ed200000| PB 0x00000000ed200000| Untracked |  0
| 211|0x00000000ed300000, 0x00000000ed300000, 0x00000000ed400000|  0%| F|  |TAMS 0x00000000ed300000| PB 0x00000000ed300000| Untracked |  0
| 212|0x00000000ed400000, 0x00000000ed400000, 0x00000000ed500000|  0%| F|  |TAMS 0x00000000ed400000| PB 0x00000000ed400000| Untracked |  0
| 213|0x00000000ed500000, 0x00000000ed500000, 0x00000000ed600000|  0%| F|  |TAMS 0x00000000ed500000| PB 0x00000000ed500000| Untracked |  0
| 214|0x00000000ed600000, 0x00000000ed600000, 0x00000000ed700000|  0%| F|  |TAMS 0x00000000ed600000| PB 0x00000000ed600000| Untracked |  0
| 215|0x00000000ed700000, 0x00000000ed700000, 0x00000000ed800000|  0%| F|  |TAMS 0x00000000ed700000| PB 0x00000000ed700000| Untracked |  0
| 216|0x00000000ed800000, 0x00000000ed800000, 0x00000000ed900000|  0%| F|  |TAMS 0x00000000ed800000| PB 0x00000000ed800000| Untracked |  0
| 217|0x00000000ed900000, 0x00000000ed900000, 0x00000000eda00000|  0%| F|  |TAMS 0x00000000ed900000| PB 0x00000000ed900000| Untracked |  0
| 218|0x00000000eda00000, 0x00000000eda00000, 0x00000000edb00000|  0%| F|  |TAMS 0x00000000eda00000| PB 0x00000000eda00000| Untracked |  0
| 219|0x00000000edb00000, 0x00000000edc00000, 0x00000000edc00000|100%| E|  |TAMS 0x00000000edb00000| PB 0x00000000edb00000| Complete |  0
| 220|0x00000000edc00000, 0x00000000edd00000, 0x00000000edd00000|100%| E|CS|TAMS 0x00000000edc00000| PB 0x00000000edc00000| Complete |  0
| 221|0x00000000edd00000, 0x00000000ede00000, 0x00000000ede00000|100%| E|CS|TAMS 0x00000000edd00000| PB 0x00000000edd00000| Complete |  0
| 222|0x00000000ede00000, 0x00000000edf00000, 0x00000000edf00000|100%| E|CS|TAMS 0x00000000ede00000| PB 0x00000000ede00000| Complete |  0
| 223|0x00000000edf00000, 0x00000000ee000000, 0x00000000ee000000|100%| E|CS|TAMS 0x00000000edf00000| PB 0x00000000edf00000| Complete |  0
| 224|0x00000000ee000000, 0x00000000ee100000, 0x00000000ee100000|100%| E|CS|TAMS 0x00000000ee000000| PB 0x00000000ee000000| Complete |  0
| 225|0x00000000ee100000, 0x00000000ee200000, 0x00000000ee200000|100%| E|CS|TAMS 0x00000000ee100000| PB 0x00000000ee100000| Complete |  0
| 226|0x00000000ee200000, 0x00000000ee300000, 0x00000000ee300000|100%| E|CS|TAMS 0x00000000ee200000| PB 0x00000000ee200000| Complete |  0
| 227|0x00000000ee300000, 0x00000000ee400000, 0x00000000ee400000|100%| E|CS|TAMS 0x00000000ee300000| PB 0x00000000ee300000| Complete |  0
| 228|0x00000000ee400000, 0x00000000ee500000, 0x00000000ee500000|100%| E|CS|TAMS 0x00000000ee400000| PB 0x00000000ee400000| Complete |  0
| 229|0x00000000ee500000, 0x00000000ee600000, 0x00000000ee600000|100%| E|CS|TAMS 0x00000000ee500000| PB 0x00000000ee500000| Complete |  0
| 230|0x00000000ee600000, 0x00000000ee700000, 0x00000000ee700000|100%| E|CS|TAMS 0x00000000ee600000| PB 0x00000000ee600000| Complete |  0
| 231|0x00000000ee700000, 0x00000000ee800000, 0x00000000ee800000|100%| E|CS|TAMS 0x00000000ee700000| PB 0x00000000ee700000| Complete |  0
| 232|0x00000000ee800000, 0x00000000ee900000, 0x00000000ee900000|100%| E|CS|TAMS 0x00000000ee800000| PB 0x00000000ee800000| Complete |  0
| 233|0x00000000ee900000, 0x00000000eea00000, 0x00000000eea00000|100%| E|CS|TAMS 0x00000000ee900000| PB 0x00000000ee900000| Complete |  0
| 234|0x00000000eea00000, 0x00000000eeb00000, 0x00000000eeb00000|100%| E|CS|TAMS 0x00000000eea00000| PB 0x00000000eea00000| Complete |  0
| 235|0x00000000eeb00000, 0x00000000eec00000, 0x00000000eec00000|100%| E|CS|TAMS 0x00000000eeb00000| PB 0x00000000eeb00000| Complete |  0
| 236|0x00000000eec00000, 0x00000000eed00000, 0x00000000eed00000|100%| E|CS|TAMS 0x00000000eec00000| PB 0x00000000eec00000| Complete |  0
| 237|0x00000000eed00000, 0x00000000eee00000, 0x00000000eee00000|100%| E|CS|TAMS 0x00000000eed00000| PB 0x00000000eed00000| Complete |  0
| 238|0x00000000eee00000, 0x00000000eef00000, 0x00000000eef00000|100%| E|CS|TAMS 0x00000000eee00000| PB 0x00000000eee00000| Complete |  0
| 239|0x00000000eef00000, 0x00000000ef000000, 0x00000000ef000000|100%| E|CS|TAMS 0x00000000eef00000| PB 0x00000000eef00000| Complete |  0
| 240|0x00000000ef000000, 0x00000000ef100000, 0x00000000ef100000|100%| E|CS|TAMS 0x00000000ef000000| PB 0x00000000ef000000| Complete |  0
| 241|0x00000000ef100000, 0x00000000ef200000, 0x00000000ef200000|100%| E|CS|TAMS 0x00000000ef100000| PB 0x00000000ef100000| Complete |  0
| 242|0x00000000ef200000, 0x00000000ef300000, 0x00000000ef300000|100%| E|CS|TAMS 0x00000000ef200000| PB 0x00000000ef200000| Complete |  0
| 243|0x00000000ef300000, 0x00000000ef400000, 0x00000000ef400000|100%| E|CS|TAMS 0x00000000ef300000| PB 0x00000000ef300000| Complete |  0
| 244|0x00000000ef400000, 0x00000000ef500000, 0x00000000ef500000|100%| E|CS|TAMS 0x00000000ef400000| PB 0x00000000ef400000| Complete |  0
| 245|0x00000000ef500000, 0x00000000ef600000, 0x00000000ef600000|100%| E|CS|TAMS 0x00000000ef500000| PB 0x00000000ef500000| Complete |  0
| 246|0x00000000ef600000, 0x00000000ef700000, 0x00000000ef700000|100%| E|CS|TAMS 0x00000000ef600000| PB 0x00000000ef600000| Complete |  0
| 247|0x00000000ef700000, 0x00000000ef800000, 0x00000000ef800000|100%| E|CS|TAMS 0x00000000ef700000| PB 0x00000000ef700000| Complete |  0
| 248|0x00000000ef800000, 0x00000000ef900000, 0x00000000ef900000|100%| E|CS|TAMS 0x00000000ef800000| PB 0x00000000ef800000| Complete |  0
| 249|0x00000000ef900000, 0x00000000efa00000, 0x00000000efa00000|100%| E|CS|TAMS 0x00000000ef900000| PB 0x00000000ef900000| Complete |  0
| 250|0x00000000efa00000, 0x00000000efb00000, 0x00000000efb00000|100%| E|CS|TAMS 0x00000000efa00000| PB 0x00000000efa00000| Complete |  0
| 251|0x00000000efb00000, 0x00000000efc00000, 0x00000000efc00000|100%| E|CS|TAMS 0x00000000efb00000| PB 0x00000000efb00000| Complete |  0
| 252|0x00000000efc00000, 0x00000000efd00000, 0x00000000efd00000|100%| E|CS|TAMS 0x00000000efc00000| PB 0x00000000efc00000| Complete |  0
| 255|0x00000000eff00000, 0x00000000f0000000, 0x00000000f0000000|100%| E|CS|TAMS 0x00000000eff00000| PB 0x00000000eff00000| Complete |  0
| 510|0x00000000ffe00000, 0x00000000fff00000, 0x00000000fff00000|100%| O|  |TAMS 0x00000000ffe00000| PB 0x00000000ffe00000| Untracked |  0
| 511|0x00000000fff00000, 0x0000000100000000, 0x0000000100000000|100%| E|CS|TAMS 0x00000000fff00000| PB 0x00000000fff00000| Complete |  0

Card table byte_map: [0x000002167ab00000,0x000002167ac00000] _byte_map_base: 0x000002167a400000

Marking Bits: (CMBitMap*) 0x000002166280bbb0
 Bits: [0x000002167ac00000, 0x000002167b400000)

Polling page: 0x0000021660690000

Metaspace:
Metaspace        used 46977K, committed 48704K, reserved 393216K
 class space     used 5527K, committed 6336K, reserved 327680K

Usage:
  Non-class:     40.48 MB used.
      Class:      5.40 MB used.
       Both:     45.88 MB used.

Virtual space:
  Non-class space:       64.00 MB reserved,      41.38 MB ( 65%) committed,  1 nodes.
      Class space:      320.00 MB reserved,       6.19 MB (  2%) committed,  1 nodes.
             Both:      384.00 MB reserved,      47.56 MB ( 12%) committed. 

Chunk freelists:
   Non-Class:  6.42 MB
       Class:  9.64 MB
        Both:  16.06 MB

MaxMetaspaceSize: 384.00 MB
CompressedClassSpaceSize: 320.00 MB
Initial GC threshold: 21.00 MB
Current GC threshold: 59.81 MB
CDS: on
 - commit_granule_bytes: 65536.
 - commit_granule_words: 8192.
 - virtual_space_node_default_size: 8388608.
 - enlarge_chunks_in_place: 1.
UseCompressedClassPointers 1, UseCompactObjectHeaders 0
Narrow klass pointer bits 32, Max shift 3
Narrow klass base: 0x000000003b000000, Narrow klass shift: 0
Encoding Range: [0x000000003b000000 - 0x000000013b000000), (4294967296 bytes)
Klass Range:    [0x000000003b010000 - 0x0000000050000000), (352256000 bytes)
Klass ID Range:  [65536 - 352321529) (352255993)
Protection zone: [0x000000003b000000 - 0x000000003b010000), (65536 bytes)


Internal statistics:

num_allocs_failed_limit: 12.
num_arena_births: 2862.
num_arena_deaths: 0.
num_vsnodes_births: 2.
num_vsnodes_deaths: 0.
num_space_committed: 761.
num_space_uncommitted: 0.
num_chunks_returned_to_freelist: 12.
num_chunks_taken_from_freelist: 4968.
num_chunk_merges: 12.
num_chunk_splits: 3289.
num_chunks_enlarged: 2104.
num_inconsistent_stats: 0.

CodeHeap 'non-profiled nmethods': size=119232Kb used=2929Kb max_used=2929Kb free=116303Kb
 bounds [0x0000021672bf0000, 0x0000021672ed0000, 0x000002167a060000]
CodeHeap 'profiled nmethods': size=119104Kb used=9550Kb max_used=9550Kb free=109553Kb
 bounds [0x000002166b060000, 0x000002166b9c0000, 0x00000216724b0000]
CodeHeap 'non-nmethods': size=7424Kb used=1942Kb max_used=3762Kb free=5481Kb
 bounds [0x00000216724b0000, 0x0000021672880000, 0x0000021672bf0000]
CodeCache: size=245760Kb, used=14421Kb, max_used=16241Kb, free=231337Kb
 total_blobs=7072, nmethods=6281, adapters=693, full_count=0
Compilation: enabled, stopped_count=0, restarted_count=0

Compilation events (20 events):
Event: 5.429 Thread 0x000002167eb8c720 6789       3       java.util.HashMap$TreeNode::balanceInsertion (245 bytes)
Event: 5.429 Thread 0x000002167e34d2f0 nmethod 6788 0x000002166b99ad08 code [0x000002166b99ae00, 0x000002166b99af30]
Event: 5.429 Thread 0x000002167eb8c720 nmethod 6789 0x000002166b99b008 code [0x000002166b99b100, 0x000002166b99b9d8]
Event: 5.430 Thread 0x000002167e3fa780 6790       3       groovyjarjarantlr4.v4.runtime.atn.ParserATNSimulator::getUniqueAlt (58 bytes)
Event: 5.430 Thread 0x000002167e3fa780 nmethod 6790 0x000002166b99ba08 code [0x000002166b99bb00, 0x000002166b99c238]
Event: 5.431 Thread 0x000002167e34d2f0 6791       3       groovyjarjarantlr4.v4.runtime.atn.PredictionContextCache::<init> (43 bytes)
Event: 5.431 Thread 0x000002167eb8c720 6792       3       groovyjarjarantlr4.v4.runtime.atn.PredictionContextCache::<init> (6 bytes)
Event: 5.431 Thread 0x000002167eb8c720 nmethod 6792 0x000002166b99c288 code [0x000002166b99c380, 0x000002166b99c4b8]
Event: 5.432 Thread 0x000002167e34d2f0 nmethod 6791 0x000002166b99c588 code [0x000002166b99c680, 0x000002166b99cd90]
Event: 5.438 Thread 0x000002167e4cec70 6793       4       java.util.LinkedList$ListItr::next (56 bytes)
Event: 5.441 Thread 0x000002167e99d770 6794       3       groovyjarjarantlr4.v4.runtime.atn.LexerActionExecutor::append (54 bytes)
Event: 5.467 Thread 0x000002167e4cec70 nmethod 6793 0x0000021672eb2b08 code [0x0000021672eb2c00, 0x0000021672eb2f60]
Event: 5.467 Thread 0x000002167e99d770 nmethod 6794 0x000002166b99ce08 code [0x000002166b99cf00, 0x000002166b99d710]
Event: 5.468 Thread 0x000002167e34d2f0 6795       1       groovyjarjarantlr4.v4.runtime.atn.LexerCustomAction::isPositionDependent (2 bytes)
Event: 5.468 Thread 0x000002167e3fa780 6796       3       groovyjarjarantlr4.v4.runtime.misc.IntegerList::get (27 bytes)
Event: 5.468 Thread 0x000002167e34d2f0 nmethod 6795 0x0000021672eb2f88 code [0x0000021672eb3080, 0x0000021672eb3148]
Event: 5.468 Thread 0x000002167e3fa780 nmethod 6796 0x000002166b99d788 code [0x000002166b99d880, 0x000002166b99dad0]
Event: 5.469 Thread 0x000002167e4cec70 6797       4       java.util.concurrent.ConcurrentHashMap::addCount (280 bytes)
Event: 5.471 Thread 0x000002167eb8c720 6798   !   3       groovyjarjarantlr4.v4.runtime.atn.LexerActionExecutor::execute (166 bytes)
Event: 5.472 Thread 0x000002167e99d770 6799       1       groovyjarjarantlr4.v4.runtime.atn.LexerSkipAction::isPositionDependent (2 bytes)

GC Heap Usage History (14 events):
Event: 0.823 {heap Before GC invocations=0 (full 0):
 garbage-first heap   total reserved 524288K, committed 264192K, used 53397K [0x00000000e0000000, 0x0000000100000000)
  region size 1024K, 47 young (48128K), 0 survivors (0K)
}
Event: 0.826 {heap After GC invocations=1 (full 0):
 garbage-first heap   total reserved 524288K, committed 264192K, used 12338K [0x00000000e0000000, 0x0000000100000000)
  region size 1024K, 6 young (6144K), 6 survivors (6144K)
}
Event: 2.121 {heap Before GC invocations=1 (full 0):
 garbage-first heap   total reserved 524288K, committed 264192K, used 121906K [0x00000000e0000000, 0x0000000100000000)
  region size 1024K, 112 young (114688K), 6 survivors (6144K)
}
Event: 2.127 {heap After GC invocations=2 (full 0):
 garbage-first heap   total reserved 524288K, committed 264192K, used 21853K [0x00000000e0000000, 0x0000000100000000)
  region size 1024K, 14 young (14336K), 14 survivors (14336K)
}
Event: 2.683 {heap Before GC invocations=2 (full 0):
 garbage-first heap   total reserved 524288K, committed 264192K, used 65885K [0x00000000e0000000, 0x0000000100000000)
  region size 1024K, 57 young (58368K), 14 survivors (14336K)
}
Event: 2.688 {heap After GC invocations=3 (full 0):
 garbage-first heap   total reserved 524288K, committed 264192K, used 24768K [0x00000000e0000000, 0x0000000100000000)
  region size 1024K, 12 young (12288K), 12 survivors (12288K)
}
Event: 3.858 {heap Before GC invocations=4 (full 0):
 garbage-first heap   total reserved 524288K, committed 262144K, used 142528K [0x00000000e0000000, 0x0000000100000000)
  region size 1024K, 129 young (132096K), 12 survivors (12288K)
}
Event: 3.865 {heap After GC invocations=5 (full 0):
 garbage-first heap   total reserved 524288K, committed 262144K, used 31197K [0x00000000e0000000, 0x0000000100000000)
  region size 1024K, 9 young (9216K), 9 survivors (9216K)
}
Event: 3.883 {heap Before GC invocations=5 (full 0):
 garbage-first heap   total reserved 524288K, committed 262144K, used 32221K [0x00000000e0000000, 0x0000000100000000)
  region size 1024K, 11 young (11264K), 9 survivors (9216K)
}
Event: 3.886 {heap After GC invocations=6 (full 0):
 garbage-first heap   total reserved 524288K, committed 262144K, used 31631K [0x00000000e0000000, 0x0000000100000000)
  region size 1024K, 10 young (10240K), 10 survivors (10240K)
}
Event: 3.908 {heap Before GC invocations=6 (full 0):
 garbage-first heap   total reserved 524288K, committed 262144K, used 32655K [0x00000000e0000000, 0x0000000100000000)
  region size 1024K, 12 young (12288K), 10 survivors (10240K)
}
Event: 3.912 {heap After GC invocations=7 (full 0):
 garbage-first heap   total reserved 524288K, committed 262144K, used 31889K [0x00000000e0000000, 0x0000000100000000)
  region size 1024K, 10 young (10240K), 10 survivors (10240K)
}
Event: 5.441 {heap Before GC invocations=8 (full 0):
 garbage-first heap   total reserved 524288K, committed 262144K, used 179345K [0x00000000e0000000, 0x0000000100000000)
  region size 1024K, 153 young (156672K), 10 survivors (10240K)
}
Event: 5.467 {heap After GC invocations=9 (full 0):
 garbage-first heap   total reserved 524288K, committed 262144K, used 44246K [0x00000000e0000000, 0x0000000100000000)
  region size 1024K, 20 young (20480K), 20 survivors (20480K)
}

Metaspace Usage History (14 events):
Event: 0.824 {metaspace Before GC invocations=0 (full 0):
 Metaspace       used 4618K, committed 4800K, reserved 393216K
  class space    used 392K, committed 448K, reserved 327680K
}
Event: 0.826 {metaspace After GC invocations=1 (full 0):
 Metaspace       used 4618K, committed 4800K, reserved 393216K
  class space    used 392K, committed 448K, reserved 327680K
}
Event: 2.121 {metaspace Before GC invocations=1 (full 0):
 Metaspace       used 14415K, committed 14784K, reserved 393216K
  class space    used 1445K, committed 1600K, reserved 327680K
}
Event: 2.127 {metaspace After GC invocations=2 (full 0):
 Metaspace       used 14415K, committed 14784K, reserved 393216K
  class space    used 1445K, committed 1600K, reserved 327680K
}
Event: 2.683 {metaspace Before GC invocations=2 (full 0):
 Metaspace       used 20894K, committed 21504K, reserved 393216K
  class space    used 2130K, committed 2432K, reserved 327680K
}
Event: 2.688 {metaspace After GC invocations=3 (full 0):
 Metaspace       used 20894K, committed 21504K, reserved 393216K
  class space    used 2130K, committed 2432K, reserved 327680K
}
Event: 3.858 {metaspace Before GC invocations=4 (full 0):
 Metaspace       used 34667K, committed 35968K, reserved 393216K
  class space    used 3837K, committed 4480K, reserved 327680K
}
Event: 3.865 {metaspace After GC invocations=5 (full 0):
 Metaspace       used 34667K, committed 35968K, reserved 393216K
  class space    used 3837K, committed 4480K, reserved 327680K
}
Event: 3.883 {metaspace Before GC invocations=5 (full 0):
 Metaspace       used 34994K, committed 36288K, reserved 393216K
  class space    used 3858K, committed 4480K, reserved 327680K
}
Event: 3.886 {metaspace After GC invocations=6 (full 0):
 Metaspace       used 34994K, committed 36288K, reserved 393216K
  class space    used 3858K, committed 4480K, reserved 327680K
}
Event: 3.908 {metaspace Before GC invocations=6 (full 0):
 Metaspace       used 35227K, committed 36608K, reserved 393216K
  class space    used 3868K, committed 4544K, reserved 327680K
}
Event: 3.912 {metaspace After GC invocations=7 (full 0):
 Metaspace       used 35227K, committed 36608K, reserved 393216K
  class space    used 3868K, committed 4544K, reserved 327680K
}
Event: 5.441 {metaspace Before GC invocations=8 (full 0):
 Metaspace       used 46949K, committed 48640K, reserved 393216K
  class space    used 5527K, committed 6336K, reserved 327680K
}
Event: 5.467 {metaspace After GC invocations=9 (full 0):
 Metaspace       used 46949K, committed 48640K, reserved 393216K
  class space    used 5527K, committed 6336K, reserved 327680K
}

Dll operation events (14 events):
Event: 0.007 Loaded shared library C:\Program Files\Java\jdk-25\bin\java.dll
Event: 0.060 Loaded shared library C:\Program Files\Java\jdk-25\bin\zip.dll
Event: 0.062 Loaded shared library C:\Program Files\Java\jdk-25\bin\instrument.dll
Event: 0.065 Loaded shared library C:\Program Files\Java\jdk-25\bin\net.dll
Event: 0.066 Loaded shared library C:\Program Files\Java\jdk-25\bin\nio.dll
Event: 0.069 Loaded shared library C:\Program Files\Java\jdk-25\bin\zip.dll
Event: 0.322 Loaded shared library C:\Program Files\Java\jdk-25\bin\jimage.dll
Event: 0.504 Loaded shared library C:\Program Files\Java\jdk-25\bin\verify.dll
Event: 0.525 Loaded shared library C:\Users\Sanjay\.gradle\native\660c5614fbf4a5f2a75b1949f50a0caf5cd603558e7d8a26e50b933a0cfb79d1\windows-amd64\native-platform.dll
Event: 0.537 Loaded shared library C:\Users\Sanjay\.gradle\native\0.2.8\x86_64-windows-gnu\gradle-fileevents.dll
Event: 1.454 Loaded shared library C:\Program Files\Java\jdk-25\bin\management.dll
Event: 1.456 Loaded shared library C:\Program Files\Java\jdk-25\bin\management_ext.dll
Event: 1.556 Loaded shared library C:\Program Files\Java\jdk-25\bin\extnet.dll
Event: 1.749 Loaded shared library C:\Program Files\Java\jdk-25\bin\sunmscapi.dll

Deoptimization events (20 events):
Event: 5.368 Thread 0x00000216040310c0 Uncommon trap: trap_request=0xffffffc6 fr.pc=0x0000021672e82c80 relative=0x0000000000000f00
Event: 5.368 Thread 0x00000216040310c0 Uncommon trap: reason=bimorphic_or_optimized_type_check action=maybe_recompile pc=0x0000021672e82c80 method=java.util.concurrent.ConcurrentHashMap.putVal(Ljava/lang/Object;Ljava/lang/Object;Z)Ljava/lang/Object; @ 159 c2
Event: 5.368 Thread 0x00000216040310c0 DEOPT PACKING pc=0x0000021672e82c80 sp=0x000000ca695f5f10
Event: 5.368 Thread 0x00000216040310c0 DEOPT UNPACKING pc=0x00000216725cf582 sp=0x000000ca695f5e90 mode 2
Event: 5.373 Thread 0x00000216040310c0 Uncommon trap: trap_request=0xffffffc6 fr.pc=0x0000021672e82c80 relative=0x0000000000000f00
Event: 5.373 Thread 0x00000216040310c0 Uncommon trap: reason=bimorphic_or_optimized_type_check action=maybe_recompile pc=0x0000021672e82c80 method=java.util.concurrent.ConcurrentHashMap.putVal(Ljava/lang/Object;Ljava/lang/Object;Z)Ljava/lang/Object; @ 159 c2
Event: 5.373 Thread 0x00000216040310c0 DEOPT PACKING pc=0x0000021672e82c80 sp=0x000000ca695f5690
Event: 5.373 Thread 0x00000216040310c0 DEOPT UNPACKING pc=0x00000216725cf582 sp=0x000000ca695f5610 mode 2
Event: 5.375 Thread 0x00000216040310c0 Uncommon trap: trap_request=0xffffff45 fr.pc=0x0000021672e9d408 relative=0x0000000000001788
Event: 5.375 Thread 0x00000216040310c0 Uncommon trap: reason=unstable_if action=reinterpret pc=0x0000021672e9d408 method=groovyjarjarantlr4.v4.runtime.atn.ATNConfig.isPrecedenceFilterSuppressed()Z @ 7 c2
Event: 5.375 Thread 0x00000216040310c0 DEOPT PACKING pc=0x0000021672e9d408 sp=0x000000ca695f5060
Event: 5.375 Thread 0x00000216040310c0 DEOPT UNPACKING pc=0x00000216725cf582 sp=0x000000ca695f4f70 mode 2
Event: 5.416 Thread 0x00000216040310c0 Uncommon trap: trap_request=0xffffffc6 fr.pc=0x0000021672e82c80 relative=0x0000000000000f00
Event: 5.416 Thread 0x00000216040310c0 Uncommon trap: reason=bimorphic_or_optimized_type_check action=maybe_recompile pc=0x0000021672e82c80 method=java.util.concurrent.ConcurrentHashMap.putVal(Ljava/lang/Object;Ljava/lang/Object;Z)Ljava/lang/Object; @ 159 c2
Event: 5.416 Thread 0x00000216040310c0 DEOPT PACKING pc=0x0000021672e82c80 sp=0x000000ca695f6680
Event: 5.416 Thread 0x00000216040310c0 DEOPT UNPACKING pc=0x00000216725cf582 sp=0x000000ca695f6600 mode 2
Event: 5.436 Thread 0x00000216040310c0 DEOPT PACKING pc=0x000002166b824559 sp=0x000000ca695f6620
Event: 5.436 Thread 0x00000216040310c0 DEOPT UNPACKING pc=0x0000021672501702 sp=0x000000ca695f5b30 mode 0
Event: 5.473 Thread 0x00000216040310c0 Uncommon trap: trap_request=0xffffff45 fr.pc=0x0000021672ea6e0c relative=0x000000000000068c
Event: 5.476 Thread 0x000002167e330720 Uncommon trap: trap_request=0xffffffc6 fr.pc=0x0000021672e5fba8 relative=0x00000000000000a8

Classes loaded (20 events):
Event: 5.360 Loading class java/util/stream/SortedOps$OfInt
Event: 5.360 Loading class java/util/stream/IntPipeline$StatefulOp
Event: 5.360 Loading class java/util/stream/IntPipeline$StatefulOp done
Event: 5.360 Loading class java/util/stream/SortedOps$OfInt done
Event: 5.360 Loading class java/util/stream/Nodes$IntFixedNodeBuilder
Event: 5.361 Loading class java/util/stream/Node$Builder$OfInt
Event: 5.361 Loading class java/util/stream/Sink$OfInt
Event: 5.361 Loading class java/util/stream/Sink$OfInt done
Event: 5.361 Loading class java/util/stream/Node$Builder$OfInt done
Event: 5.361 Loading class java/util/stream/Nodes$IntArrayNode
Event: 5.361 Loading class java/util/stream/Nodes$IntArrayNode done
Event: 5.361 Loading class java/util/stream/Nodes$IntFixedNodeBuilder done
Event: 5.361 Loading class java/util/stream/SortedOps$SizedIntSortingSink
Event: 5.362 Loading class java/util/stream/SortedOps$AbstractIntSortingSink
Event: 5.362 Loading class java/util/stream/Sink$ChainedInt
Event: 5.362 Loading class java/util/stream/Sink$ChainedInt done
Event: 5.362 Loading class java/util/stream/SortedOps$AbstractIntSortingSink done
Event: 5.362 Loading class java/util/stream/SortedOps$SizedIntSortingSink done
Event: 5.362 Loading class java/util/stream/ReferencePipeline$4$1
Event: 5.362 Loading class java/util/stream/ReferencePipeline$4$1 done

Classes unloaded (0 events):
No events

Classes redefined (0 events):
No events

Internal exceptions (20 events):
Event: 4.816 Thread 0x00000216040310c0 Exception <a 'java/lang/ClassNotFoundException'{0x00000000ea9d2480}: com/intellij/gradle/toolingExtension/impl/initScript/util/GradleLifecycleUtilBeanInfo> (0x00000000ea9d2480) 
thrown [s\open\src\hotspot\share\classfile\systemDictionary.cpp, line 327]
Event: 4.817 Thread 0x00000216040310c0 Exception <a 'java/lang/ClassNotFoundException'{0x00000000ea9d9ec8}: com/intellij/gradle/toolingExtension/impl/initScript/util/GradleLifecycleUtilCustomizer> (0x00000000ea9d9ec8) 
thrown [s\open\src\hotspot\share\classfile\systemDictionary.cpp, line 327]
Event: 4.818 Thread 0x00000216040310c0 Exception <a 'java/lang/NoSuchMethodError'{0x00000000ea9ec720}: 'long java.lang.invoke.DirectMethodHandle$Holder.invokeVirtual(java.lang.Object, java.lang.Object)'> (0x00000000ea9ec720) 
thrown [s\open\src\hotspot\share\interpreter\linkResolver.cpp, line 804]
Event: 4.819 Thread 0x00000216040310c0 Exception <a 'java/lang/NoSuchMethodError'{0x00000000ea9f58b8}: 'float java.lang.invoke.DirectMethodHandle$Holder.invokeVirtual(java.lang.Object, java.lang.Object)'> (0x00000000ea9f58b8) 
thrown [s\open\src\hotspot\share\interpreter\linkResolver.cpp, line 804]
Event: 4.819 Thread 0x00000216040310c0 Exception <a 'java/lang/NoSuchMethodError'{0x00000000ea9fea50}: 'double java.lang.invoke.DirectMethodHandle$Holder.invokeVirtual(java.lang.Object, java.lang.Object)'> (0x00000000ea9fea50) 
thrown [s\open\src\hotspot\share\interpreter\linkResolver.cpp, line 804]
Event: 4.819 Thread 0x00000216040310c0 Exception <a 'java/lang/NoSuchMethodError'{0x00000000ea808290}: 'java.lang.Object java.lang.invoke.DirectMethodHandle$Holder.newInvokeSpecial(java.lang.Object, double)'> (0x00000000ea808290) 
thrown [s\open\src\hotspot\share\interpreter\linkResolver.cpp, line 804]
Event: 4.820 Thread 0x00000216040310c0 Exception <a 'java/lang/NoSuchMethodError'{0x00000000ea819028}: 'double java.lang.invoke.DelegatingMethodHandle$Holder.reinvoke_L(java.lang.Object, java.lang.Object)'> (0x00000000ea819028) 
thrown [s\open\src\hotspot\share\interpreter\linkResolver.cpp, line 804]
Event: 4.827 Thread 0x00000216040310c0 Exception <a 'java/lang/NoSuchMethodError'{0x00000000ea8c3490}: 'int java.lang.invoke.DirectMethodHandle$Holder.invokeSpecial(java.lang.Object, java.lang.Object, java.lang.Object, java.lang.Object, java.lang.Object)'> (0x00000000ea8c3490) 
thrown [s\open\src\hotspot\share\interpreter\linkResolver.cpp, line 804]
Event: 4.858 Thread 0x00000216040310c0 Exception <a 'java/lang/ClassNotFoundException'{0x00000000ea7d9888}: ijKotlinCoroutineJvmDebugInit1_7rzrgxi8afe98rzr3p7dyyv31BeanInfo> (0x00000000ea7d9888) 
thrown [s\open\src\hotspot\share\classfile\systemDictionary.cpp, line 327]
Event: 4.858 Thread 0x00000216040310c0 Exception <a 'java/lang/ClassNotFoundException'{0x00000000ea7df260}: ijKotlinCoroutineJvmDebugInit1_7rzrgxi8afe98rzr3p7dyyv31Customizer> (0x00000000ea7df260) 
thrown [s\open\src\hotspot\share\classfile\systemDictionary.cpp, line 327]
Event: 4.867 Thread 0x00000216040310c0 Exception <a 'java/lang/ClassNotFoundException'{0x00000000ea6ce910}: ijKotlinCoroutineJvmDebugInit1_7rzrgxi8afe98rzr3p7dyyv31$_run_closure1BeanInfo> (0x00000000ea6ce910) 
thrown [s\open\src\hotspot\share\classfile\systemDictionary.cpp, line 327]
Event: 4.868 Thread 0x00000216040310c0 Exception <a 'java/lang/ClassNotFoundException'{0x00000000ea6d5058}: ijKotlinCoroutineJvmDebugInit1_7rzrgxi8afe98rzr3p7dyyv31$_run_closure1Customizer> (0x00000000ea6d5058) 
thrown [s\open\src\hotspot\share\classfile\systemDictionary.cpp, line 327]
Event: 4.936 Thread 0x00000216040310c0 Exception <a 'java/lang/ClassNotFoundException'{0x00000000ea384ae0}: ijKotlinCoroutineJvmDebugInit1_7rzrgxi8afe98rzr3p7dyyv31BeanInfo> (0x00000000ea384ae0) 
thrown [s\open\src\hotspot\share\classfile\systemDictionary.cpp, line 327]
Event: 4.936 Thread 0x00000216040310c0 Exception <a 'java/lang/ClassNotFoundException'{0x00000000ea38a450}: ijKotlinCoroutineJvmDebugInit1_7rzrgxi8afe98rzr3p7dyyv31Customizer> (0x00000000ea38a450) 
thrown [s\open\src\hotspot\share\classfile\systemDictionary.cpp, line 327]
Event: 4.956 Thread 0x00000216040310c0 Exception <a 'java/lang/IncompatibleClassChangeError'{0x00000000ea279c78}: Found class java.lang.Object, but interface was expected> (0x00000000ea279c78) 
thrown [s\open\src\hotspot\share\interpreter\linkResolver.cpp, line 871]
Event: 4.972 Thread 0x00000216040310c0 Exception <a 'java/lang/NoSuchMethodError'{0x00000000ea1a8f28}: 'void java.lang.invoke.DirectMethodHandle$Holder.invokeVirtual(java.lang.Object, java.lang.Object)'> (0x00000000ea1a8f28) 
thrown [s\open\src\hotspot\share\interpreter\linkResolver.cpp, line 804]
Event: 4.976 Thread 0x00000216040310c0 Exception <a 'java/io/IOException'{0x00000000ea1dcce8}> (0x00000000ea1dcce8) 
thrown [s\open\src\hotspot\share\prims\jni.cpp, line 516]
Event: 5.114 Thread 0x00000216040310c0 Exception <a 'java/lang/NoSuchMethodError'{0x00000000e8783020}: 'void java.lang.invoke.Invokers$Holder.invokeExact_MT(java.lang.Object, java.lang.Object, java.lang.Object, java.lang.Object)'> (0x00000000e8783020) 
thrown [s\open\src\hotspot\share\interpreter\linkResolver.cpp, line 804]
Event: 5.191 Thread 0x00000216040310c0 Exception <a 'java/lang/NoSuchMethodError'{0x00000000e81d7130}: 'void java.lang.invoke.DirectMethodHandle$Holder.invokeStatic(java.lang.Object, java.lang.Object, int, int)'> (0x00000000e81d7130) 
thrown [s\open\src\hotspot\share\interpreter\linkResolver.cpp, line 804]
Event: 5.262 Thread 0x00000216040310c0 Exception <a 'java/lang/NoSuchMethodError'{0x00000000e7a4aea0}: 'int java.lang.invoke.DirectMethodHandle$Holder.invokeSpecialIFC(java.lang.Object, java.lang.Object, java.lang.Object, java.lang.Object, java.lang.Object)'> (0x00000000e7a4aea0) 
thrown [s\open\src\hotspot\share\interpreter\linkResolver.cpp, line 804]

VM Operations (20 events):
Event: 5.017 Executing non-safepoint VM operation: HandshakeAllThreads (Deoptimize)
Event: 5.017 Executing non-safepoint VM operation: HandshakeAllThreads (Deoptimize) done
Event: 5.020 Executing non-safepoint VM operation: HandshakeAllThreads (Deoptimize)
Event: 5.020 Executing non-safepoint VM operation: HandshakeAllThreads (Deoptimize) done
Event: 5.032 Executing non-safepoint VM operation: HandshakeAllThreads (Deoptimize)
Event: 5.032 Executing non-safepoint VM operation: HandshakeAllThreads (Deoptimize) done
Event: 5.033 Executing non-safepoint VM operation: HandshakeAllThreads (Deoptimize)
Event: 5.033 Executing non-safepoint VM operation: HandshakeAllThreads (Deoptimize) done
Event: 5.040 Executing non-safepoint VM operation: HandshakeAllThreads (Deoptimize)
Event: 5.040 Executing non-safepoint VM operation: HandshakeAllThreads (Deoptimize) done
Event: 5.058 Executing non-safepoint VM operation: HandshakeAllThreads (Deoptimize)
Event: 5.058 Executing non-safepoint VM operation: HandshakeAllThreads (Deoptimize) done
Event: 5.273 Executing non-safepoint VM operation: HandshakeAllThreads (Deoptimize)
Event: 5.273 Executing non-safepoint VM operation: HandshakeAllThreads (Deoptimize) done
Event: 5.279 Executing non-safepoint VM operation: HandshakeAllThreads (Deoptimize)
Event: 5.279 Executing non-safepoint VM operation: HandshakeAllThreads (Deoptimize) done
Event: 5.296 Executing non-safepoint VM operation: HandshakeAllThreads (Deoptimize)
Event: 5.296 Executing non-safepoint VM operation: HandshakeAllThreads (Deoptimize) done
Event: 5.441 Executing safepoint VM operation: G1CollectForAllocation (G1 Evacuation Pause)
Event: 5.467 Executing safepoint VM operation: G1CollectForAllocation (G1 Evacuation Pause) done

Memory protections (0 events):
No events

Nmethod flushes (20 events):
Event: 3.922 Thread 0x000002167e30acf0 flushing  nmethod 0x000002166b1c7008
Event: 3.922 Thread 0x000002167e30acf0 flushing  nmethod 0x000002166b1c8588
Event: 3.922 Thread 0x000002167e30acf0 flushing  nmethod 0x000002166b1c9508
Event: 3.922 Thread 0x000002167e30acf0 flushing  nmethod 0x000002166b1c9808
Event: 3.922 Thread 0x000002167e30acf0 flushing  nmethod 0x000002166b1cc488
Event: 3.922 Thread 0x000002167e30acf0 flushing  nmethod 0x000002166b1cc788
Event: 3.922 Thread 0x000002167e30acf0 flushing  nmethod 0x000002166b1cce88
Event: 3.922 Thread 0x000002167e30acf0 flushing  nmethod 0x000002166b219808
Event: 3.922 Thread 0x000002167e30acf0 flushing  nmethod 0x000002166b21b408
Event: 3.922 Thread 0x000002167e30acf0 flushing  nmethod 0x000002166b27dd88
Event: 3.922 Thread 0x000002167e30acf0 flushing  nmethod 0x000002166b27f388
Event: 3.922 Thread 0x000002167e30acf0 flushing  nmethod 0x000002166b27f888
Event: 3.922 Thread 0x000002167e30acf0 flushing  nmethod 0x000002166b283208
Event: 3.922 Thread 0x000002167e30acf0 flushing  nmethod 0x000002166b285708
Event: 3.922 Thread 0x000002167e30acf0 flushing  nmethod 0x000002166b3e8788
Event: 3.922 Thread 0x000002167e30acf0 flushing  nmethod 0x000002166b3ea988
Event: 3.922 Thread 0x000002167e30acf0 flushing  nmethod 0x000002166b479388
Event: 3.922 Thread 0x000002167e30acf0 flushing  nmethod 0x000002166b479708
Event: 3.922 Thread 0x000002167e30acf0 flushing  nmethod 0x000002166b479d88
Event: 3.922 Thread 0x000002167e30acf0 flushing  nmethod 0x000002166b47b708

Events (20 events):
Event: 4.648 Thread 0x00000216040310c0 Thread added: 0x0000021606238a50
Event: 4.649 Thread 0x00000216040310c0 Thread added: 0x000002160650a890
Event: 4.650 Thread 0x00000216040310c0 Thread added: 0x000002160650b060
Event: 4.683 Thread 0x00000216040310c0 Thread added: 0x000002160650c000
Event: 4.683 Thread 0x00000216040310c0 Thread added: 0x0000021606508950
Event: 4.683 Thread 0x00000216040310c0 Thread added: 0x0000021606509120
Event: 4.684 Thread 0x00000216040310c0 Thread added: 0x000002160650eee0
Event: 4.684 Thread 0x00000216040310c0 Thread added: 0x000002160650cfa0
Event: 4.787 Thread 0x00000216040310c0 Thread added: 0x000002160650df40
Event: 4.851 Thread 0x00000216040310c0 Thread added: 0x00000216077579b0
Event: 4.883 Thread 0x00000216040310c0 Thread added: 0x0000021607756a10
Event: 4.883 Thread 0x00000216040310c0 Thread added: 0x00000216077571e0
Event: 4.883 Thread 0x00000216040310c0 Thread added: 0x000002160775c000
Event: 4.884 Thread 0x00000216040310c0 Thread added: 0x000002160775a0c0
Event: 4.884 Thread 0x00000216040310c0 Thread added: 0x000002160775b830
Event: 4.929 Thread 0x00000216040310c0 Thread added: 0x00000216077598f0
Event: 5.102 Thread 0x000002167e348860 Thread added: 0x000002160756d2b0
Event: 5.102 Thread 0x000002167e348860 Thread added: 0x000002160756b270
Event: 5.102 Thread 0x000002167e348860 Thread added: 0x000002160756ba80
Event: 5.102 Thread 0x000002167e348860 Thread added: 0x000002160756c290


Dynamic libraries:
0x00007ff60c150000 - 0x00007ff60c160000 	C:\Program Files\Java\jdk-25\bin\java.exe
0x00007ff944560000 - 0x00007ff9447c7000 	C:\Windows\SYSTEM32\ntdll.dll
0x00007ff943160000 - 0x00007ff943229000 	C:\Windows\System32\KERNEL32.DLL
0x00007ff941970000 - 0x00007ff941d5f000 	C:\Windows\System32\KERNELBASE.dll
0x00007ff941f10000 - 0x00007ff94205b000 	C:\Windows\System32\ucrtbase.dll
0x00007ff92df50000 - 0x00007ff92df67000 	C:\Program Files\Java\jdk-25\bin\jli.dll
0x00007ff90dac0000 - 0x00007ff90dade000 	C:\Program Files\Java\jdk-25\bin\VCRUNTIME140.dll
0x00007ff942dd0000 - 0x00007ff942f95000 	C:\Windows\System32\USER32.dll
0x00007ff941d70000 - 0x00007ff941d97000 	C:\Windows\System32\win32u.dll
0x00007ff928130000 - 0x00007ff9283c3000 	C:\Windows\WinSxS\amd64_microsoft.windows.common-controls_6595b64144ccf1df_6.0.26100.7309_none_3e05feeae336a044\COMCTL32.dll
0x00007ff942490000 - 0x00007ff9424bb000 	C:\Windows\System32\GDI32.dll
0x00007ff943230000 - 0x00007ff9432d9000 	C:\Windows\System32\msvcrt.dll
0x00007ff9421d0000 - 0x00007ff9422fc000 	C:\Windows\System32\gdi32full.dll
0x00007ff941da0000 - 0x00007ff941e43000 	C:\Windows\System32\msvcp_win.dll
0x00007ff943b00000 - 0x00007ff943b31000 	C:\Windows\System32\IMM32.DLL
0x00007ff92e000000 - 0x00007ff92e00c000 	C:\Program Files\Java\jdk-25\bin\vcruntime140_1.dll
0x00007ff90da30000 - 0x00007ff90dabd000 	C:\Program Files\Java\jdk-25\bin\msvcp140.dll
0x00007ff8c9480000 - 0x00007ff8ca2df000 	C:\Program Files\Java\jdk-25\bin\server\jvm.dll
0x00007ff9430a0000 - 0x00007ff943154000 	C:\Windows\System32\ADVAPI32.dll
0x00007ff943b40000 - 0x00007ff943be6000 	C:\Windows\System32\sechost.dll
0x00007ff942cb0000 - 0x00007ff942dc8000 	C:\Windows\System32\RPCRT4.dll
0x00007ff942300000 - 0x00007ff942374000 	C:\Windows\System32\WS2_32.dll
0x00007ff941510000 - 0x00007ff94156e000 	C:\Windows\SYSTEM32\POWRPROF.dll
0x00007ff9302c0000 - 0x00007ff9302f5000 	C:\Windows\SYSTEM32\WINMM.dll
0x00007ff93aad0000 - 0x00007ff93aadb000 	C:\Windows\SYSTEM32\VERSION.dll
0x00007ff9414f0000 - 0x00007ff941504000 	C:\Windows\SYSTEM32\UMPDC.dll
0x00007ff940460000 - 0x00007ff94047b000 	C:\Windows\SYSTEM32\kernel.appcore.dll
0x00007ff90da20000 - 0x00007ff90da2a000 	C:\Program Files\Java\jdk-25\bin\jimage.dll
0x00007ff92b570000 - 0x00007ff92b7b2000 	C:\Windows\SYSTEM32\DBGHELP.DLL
0x00007ff9432e0000 - 0x00007ff943665000 	C:\Windows\System32\combase.dll
0x00007ff9424d0000 - 0x00007ff9425a6000 	C:\Windows\System32\OLEAUT32.dll
0x00007ff917480000 - 0x00007ff9174bc000 	C:\Windows\SYSTEM32\dbgcore.DLL
0x00007ff941830000 - 0x00007ff9418d5000 	C:\Windows\System32\bcryptPrimitives.dll
0x00007ff90da10000 - 0x00007ff90da20000 	C:\Program Files\Java\jdk-25\bin\instrument.dll
0x00007ff8f7880000 - 0x00007ff8f789f000 	C:\Program Files\Java\jdk-25\bin\java.dll
0x00007ff943930000 - 0x00007ff943ac7000 	C:\Windows\System32\ole32.dll
0x00007ff943d60000 - 0x00007ff9444b3000 	C:\Windows\System32\SHELL32.dll
0x00007ff942060000 - 0x00007ff9421ca000 	C:\Windows\System32\wintypes.dll
0x00007ff93f280000 - 0x00007ff93fade000 	C:\Windows\SYSTEM32\windows.storage.dll
0x00007ff943c60000 - 0x00007ff943d55000 	C:\Windows\System32\SHCORE.dll
0x00007ff943bf0000 - 0x00007ff943c56000 	C:\Windows\System32\shlwapi.dll
0x00007ff9415d0000 - 0x00007ff9415f9000 	C:\Windows\SYSTEM32\profapi.dll
0x00007ff8f7860000 - 0x00007ff8f7877000 	C:\Program Files\Java\jdk-25\bin\zip.dll
0x00007ff8f7840000 - 0x00007ff8f7852000 	C:\Program Files\Java\jdk-25\bin\net.dll
0x00007ff9409d0000 - 0x00007ff940a3b000 	C:\Windows\system32\mswsock.dll
0x00007ff8f7820000 - 0x00007ff8f7836000 	C:\Program Files\Java\jdk-25\bin\nio.dll
0x00007ff90db20000 - 0x00007ff90db30000 	C:\Program Files\Java\jdk-25\bin\verify.dll
0x00007ff92d980000 - 0x00007ff92d9a7000 	C:\Users\Sanjay\.gradle\native\660c5614fbf4a5f2a75b1949f50a0caf5cd603558e7d8a26e50b933a0cfb79d1\windows-amd64\native-platform.dll
0x00007ff91da50000 - 0x00007ff91dac7000 	C:\Users\Sanjay\.gradle\native\0.2.8\x86_64-windows-gnu\gradle-fileevents.dll
0x00007ff90db10000 - 0x00007ff90db1a000 	C:\Program Files\Java\jdk-25\bin\management.dll
0x00007ff90db00000 - 0x00007ff90db0c000 	C:\Program Files\Java\jdk-25\bin\management_ext.dll
0x00007ff9425e0000 - 0x00007ff9425e8000 	C:\Windows\System32\PSAPI.DLL
0x00007ff93ff80000 - 0x00007ff93ffb4000 	C:\Windows\SYSTEM32\IPHLPAPI.DLL
0x00007ff943670000 - 0x00007ff94367a000 	C:\Windows\System32\NSI.dll
0x00007ff90daf0000 - 0x00007ff90daf9000 	C:\Program Files\Java\jdk-25\bin\extnet.dll
0x00007ff940c90000 - 0x00007ff940cab000 	C:\Windows\SYSTEM32\CRYPTSP.dll
0x00007ff9403c0000 - 0x00007ff9403fa000 	C:\Windows\system32\rsaenh.dll
0x00007ff940a80000 - 0x00007ff940aab000 	C:\Windows\SYSTEM32\USERENV.dll
0x00007ff9415a0000 - 0x00007ff9415ca000 	C:\Windows\SYSTEM32\bcrypt.dll
0x00007ff940cb0000 - 0x00007ff940cbc000 	C:\Windows\SYSTEM32\CRYPTBASE.dll
0x00007ff90dae0000 - 0x00007ff90daee000 	C:\Program Files\Java\jdk-25\bin\sunmscapi.dll
0x00007ff9416b0000 - 0x00007ff941827000 	C:\Windows\System32\CRYPT32.dll
0x00007ff940eb0000 - 0x00007ff940ee0000 	C:\Windows\SYSTEM32\ncrypt.dll
0x00007ff940e60000 - 0x00007ff940e9f000 	C:\Windows\SYSTEM32\NTASN1.dll
0x00007ff90b9f0000 - 0x00007ff90b9f8000 	C:\Windows\system32\wshunix.dll

JVMTI agents:
C:\Users\Sanjay\.gradle\wrapper\dists\gradle-9.2.1-bin\2t0n5ozlw9xmuyvbp7dnzaxug\gradle-9.2.1\lib\agents\gradle-instrumentation-agent-9.2.1.jar path:C:\Program Files\Java\jdk-25\bin\instrument.dll, loaded, initialized, instrumentlib options:none

dbghelp: loaded successfully - version: 4.0.5 - missing functions: none
symbol engine: initialized successfully - sym options: 0x614 - pdb path: .;C:\Program Files\Java\jdk-25\bin;C:\Windows\SYSTEM32;C:\Windows\WinSxS\amd64_microsoft.windows.common-controls_6595b64144ccf1df_6.0.26100.7309_none_3e05feeae336a044;C:\Program Files\Java\jdk-25\bin\server;C:\Users\Sanjay\.gradle\native\660c5614fbf4a5f2a75b1949f50a0caf5cd603558e7d8a26e50b933a0cfb79d1\windows-amd64;C:\Users\Sanjay\.gradle\native\0.2.8\x86_64-windows-gnu

VM Arguments:
jvm_args: --add-opens=java.base/java.lang=ALL-UNNAMED --add-opens=java.base/java.lang.invoke=ALL-UNNAMED --add-opens=java.base/java.util=ALL-UNNAMED --add-opens=java.prefs/java.util.prefs=ALL-UNNAMED --add-exports=jdk.compiler/com.sun.tools.javac.api=ALL-UNNAMED --add-exports=jdk.compiler/com.sun.tools.javac.util=ALL-UNNAMED --add-opens=java.base/java.util=ALL-UNNAMED --add-opens=java.prefs/java.util.prefs=ALL-UNNAMED --add-opens=java.base/java.nio.charset=ALL-UNNAMED --add-opens=java.base/java.net=ALL-UNNAMED --add-opens=java.base/java.util.concurrent=ALL-UNNAMED --add-opens=java.base/java.util.concurrent.atomic=ALL-UNNAMED --add-opens=java.xml/javax.xml.namespace=ALL-UNNAMED --add-opens=java.base/java.time=ALL-UNNAMED --enable-native-access=ALL-UNNAMED -XX:MaxMetaspaceSize=384m -XX:+HeapDumpOnOutOfMemoryError -Xms256m -Xmx512m -Dfile.encoding=UTF-8 -Duser.country=IN -Duser.language=en -Duser.variant -javaagent:C:\Users\Sanjay\.gradle\wrapper\dists\gradle-9.2.1-bin\2t0n5ozlw9xmuyvbp7dnzaxug\gradle-9.2.1\lib\agents\gradle-instrumentation-agent-9.2.1.jar 
java_command: org.gradle.launcher.daemon.bootstrap.GradleDaemon 9.2.1
java_class_path (initial): C:\Users\Sanjay\.gradle\wrapper\dists\gradle-9.2.1-bin\2t0n5ozlw9xmuyvbp7dnzaxug\gradle-9.2.1\lib\gradle-daemon-main-9.2.1.jar
Launcher Type: SUN_STANDARD

[Global flags]
     intx CICompilerCount                          = 12                                        {product} {ergonomic}
   size_t CompressedClassSpaceSize                 = 335544320                                 {product} {ergonomic}
     uint ConcGCThreads                            = 3                                         {product} {ergonomic}
     uint G1ConcRefinementThreads                  = 13                                        {product} {ergonomic}
   size_t G1HeapRegionSize                         = 1048576                                   {product} {ergonomic}
     bool HeapDumpOnOutOfMemoryError               = true                                   {manageable} {command line}
   size_t InitialHeapSize                          = 268435456                                 {product} {command line}
   size_t MarkStackSize                            = 4194304                                   {product} {ergonomic}
   size_t MarkStackSizeMax                         = 536870912                                 {product} {ergonomic}
   size_t MaxHeapSize                              = 536870912                                 {product} {command line}
   size_t MaxMetaspaceSize                         = 402653184                                 {product} {command line}
   size_t MaxNewSize                               = 321912832                                 {product} {ergonomic}
   size_t MinHeapDeltaBytes                        = 1048576                                   {product} {ergonomic}
   size_t MinHeapSize                              = 268435456                                 {product} {command line}
    uintx NonNMethodCodeHeapSize                   = 7602176                                {pd product} {ergonomic}
    uintx NonProfiledCodeHeapSize                  = 122093568                              {pd product} {ergonomic}
    uintx ProfiledCodeHeapSize                     = 121962496                              {pd product} {ergonomic}
    uintx ReservedCodeCacheSize                    = 251658240                              {pd product} {ergonomic}
     bool SegmentedCodeCache                       = true                                      {product} {ergonomic}
   size_t SoftMaxHeapSize                          = 536870912                              {manageable} {ergonomic}
     bool UseCompressedOops                        = true                           {product lp64_product} {ergonomic}
     bool UseG1GC                                  = true                                      {product} {ergonomic}
     bool UseLargePagesIndividualAllocation        = false                                  {pd product} {ergonomic}

Logging:
Log output configuration:
 #0: stdout all=warning uptime,level,tags foldmultilines=false
 #1: stderr all=off uptime,level,tags foldmultilines=false

Release file:
IMPLEMENTOR="Oracle Corporation" 
JAVA_RUNTIME_VERSION="25+37-LTS-3491" 
JAVA_VERSION="25" 
JAVA_VERSION_DATE="2025-09-16" 
LIBC="default" 
MODULES="java.base java.compiler java.datatransfer java.xml java.prefs java.desktop java.instrument java.logging java.management java.security.sasl java.naming java.rmi java.management.rmi java.net.http java.scripting java.security.jgss java.transaction.xa java.sql java.sql.rowset java.xml.crypto java.se java.smartcardio jdk.accessibility jdk.internal.jvmstat jdk.attach jdk.charsets jdk.internal.opt jdk.zipfs jdk.compiler jdk.crypto.cryptoki jdk.crypto.ec jdk.crypto.mscapi jdk.dynalink jdk.internal.ed jdk.editpad jdk.internal.vm.ci jdk.graal.compiler jdk.graal.compiler.management jdk.hotspot.agent jdk.httpserver jdk.incubator.vector jdk.internal.le jdk.internal.md jdk.jartool jdk.javadoc jdk.jcmd jdk.management jdk.management.agent jdk.jconsole jdk.jdeps jdk.jdwp.agent jdk.jdi jdk.jfr jdk.jlink jdk.jpackage jdk.jshell jdk.jsobject jdk.jstatd jdk.localedata jdk.management.jfr jdk.naming.dns jdk.naming.rmi jdk.net jdk.nio.mapmode jdk.sctp jdk.security.auth jdk.security.jgss jdk.unsupported jdk.unsupported.desktop jdk.xml.dom" 
OS_ARCH="x86_64" 
OS_NAME="Windows" 
SOURCE=".:git:49d6a23b8806 open:git:6c48f4ed707b" 

Environment Variables:
PATH=C:\Program Files\Common Files\Oracle\Java\javapath;C:\Windows\system32;C:\Windows;C:\Windows\System32\Wbem;C:\Windows\System32\WindowsPowerShell\v1.0\;C:\Windows\System32\OpenSSH\;C:\Program Files (x86)\NVIDIA Corporation\PhysX\Common;C:\Program Files\NVIDIA Corporation\NVIDIA NvDLISR;C:\Program Files\dotnet\;C:\Program Files\Java\jdk-24\bin;C:\Program Files\Git\cmd;C:\Users\Sanjay\AppData\Local\Microsoft\WindowsApps;C:\Users\Sanjay\AppData\Local\Programs\Microsoft VS Code\bin
USERNAME=Sanjay
OS=Windows_NT
PROCESSOR_IDENTIFIER=AMD64 Family 25 Model 68 Stepping 1, AuthenticAMD
TMP=C:\Users\Sanjay\AppData\Local\Temp
TEMP=C:\Users\Sanjay\AppData\Local\Temp




Compilation memory statistics disabled.

Periodic native trim disabled

---------------  S Y S T E M  ---------------

OS:
 Windows 11 , 64 bit Build 26100 (10.0.26100.7309)
OS uptime: 6 days 0:39 hours
Hyper-V role detected

CPU: total 16 (initial active 16) (16 cores per cpu, 2 threads per core) family 25 model 68 stepping 1 microcode 0xa404107, cx8, cmov, fxsr, ht, mmx, 3dnowpref, sse, sse2, sse3, ssse3, sse4a, sse4.1, sse4.2, popcnt, lzcnt, tsc, tscinvbit, avx, avx2, aes, erms, clmul, bmi1, bmi2, adx, sha, fma, vzeroupper, clflush, clflushopt, clwb, hv, rdtscp, rdpid, fsrm, f16c, cet_ss
Processor Information for the first 16 processors :
  Max Mhz: 3100, Current Mhz: 3100, Mhz Limit: 3100

Memory: 4k page, system-wide physical 16202M (2187M free)
TotalPageFile size 35402M (AvailPageFile size 34M)
current process WorkingSet (physical memory assigned to process): 427M, peak: 433M
current process commit charge ("private bytes"): 543M, peak: 559M

vm_info: Java HotSpot(TM) 64-Bit Server VM (25+37-LTS-3491) for windows-amd64 JRE (25+37-LTS-3491), built on 2025-08-14T21:13:00Z with unknown MS VC++:1943

END.
