#
# There is insufficient memory for the Java Runtime Environment to continue.
# Native memory allocation (malloc) failed to allocate 1904656 bytes. Error detail: Chunk::new
# Possible reasons:
#   The system is out of physical RAM or swap space
#   This process is running with CompressedOops enabled, and the Java Heap may be blocking the growth of the native heap
# Possible solutions:
#   Reduce memory load on the system
#   Increase physical memory or swap space
#   Check if swap backing store is full
#   Decrease Java heap size (-Xmx/-Xms)
#   Decrease number of Java threads
#   Decrease Java thread stack sizes (-Xss)
#   Set larger code cache with -XX:ReservedCodeCacheSize=
#   JVM is running with Unscaled Compressed Oops mode in which the Java heap is
#     placed in the first 4GB address space. The Java Heap base address is the
#     maximum limit for the native heap growth. Please use -XX:HeapBaseMinAddress
#     to set the Java Heap base and to place the Java Heap above 4GB virtual address.
# This output file may be truncated or incomplete.
#
#  Out of Memory Error (arena.cpp:191), pid=33096, tid=28840
#
# JRE version: OpenJDK Runtime Environment Microsoft-12574423 (17.0.17+10) (build 17.0.17+10-LTS)
# Java VM: OpenJDK 64-Bit Server VM Microsoft-12574423 (17.0.17+10-LTS, mixed mode, sharing, tiered, compressed oops, compressed class ptrs, g1 gc, windows-amd64)
# No core dump will be written. Minidumps are not enabled by default on client versions of Windows
#

---------------  S U M M A R Y ------------

Command Line: --add-opens=java.base/java.lang=ALL-UNNAMED --add-opens=java.base/java.lang.invoke=ALL-UNNAMED --add-opens=java.base/java.util=ALL-UNNAMED --add-opens=java.prefs/java.util.prefs=ALL-UNNAMED --add-exports=jdk.compiler/com.sun.tools.javac.api=ALL-UNNAMED --add-exports=jdk.compiler/com.sun.tools.javac.util=ALL-UNNAMED --add-opens=java.base/java.util=ALL-UNNAMED --add-opens=java.prefs/java.util.prefs=ALL-UNNAMED --add-opens=java.base/java.nio.charset=ALL-UNNAMED --add-opens=java.base/java.net=ALL-UNNAMED --add-opens=java.base/java.util.concurrent=ALL-UNNAMED --add-opens=java.base/java.util.concurrent.atomic=ALL-UNNAMED --add-opens=java.xml/javax.xml.namespace=ALL-UNNAMED --add-opens=java.base/java.time=ALL-UNNAMED -XX:MaxMetaspaceSize=384m -XX:+HeapDumpOnOutOfMemoryError -Xms256m -Xmx512m -Dfile.encoding=UTF-8 -Duser.country=IN -Duser.language=en -Duser.variant -javaagent:C:\Users\Sanjay\.gradle\wrapper\dists\gradle-9.2.1-bin\2t0n5ozlw9xmuyvbp7dnzaxug\gradle-9.2.1\lib\agents\gradle-instrumentation-agent-9.2.1.jar org.gradle.launcher.daemon.bootstrap.GradleDaemon 9.2.1

Host: AMD Ryzen 7 7435HS                             , 16 cores, 15G,  Windows 11 , 64 bit Build 26100 (10.0.26100.7309)
Time: Tue Dec 23 20:45:06 2025 India Standard Time elapsed time: 6.542530 seconds (0d 0h 0m 6s)

---------------  T H R E A D  ---------------

Current thread (0x0000016471014010):  JavaThread "C2 CompilerThread2" daemon [_thread_in_native, id=28840, stack(0x000000249bf00000,0x000000249c000000)]


Current CompileTask:
C2:6542 5815       4       groovy.lang.MetaClassImpl::addMetaMethodToIndex (65 bytes)

Stack: [0x000000249bf00000,0x000000249c000000]
Native frames: (J=compiled Java code, j=interpreted, Vv=VM code, C=native code)
V  [jvm.dll+0x68c459]  (no source info available)
V  [jvm.dll+0x845e09]  (no source info available)
V  [jvm.dll+0x847b78]  (no source info available)
V  [jvm.dll+0x848203]  (no source info available)
V  [jvm.dll+0x24cf6f]  (no source info available)
V  [jvm.dll+0xaecb6]  (no source info available)
V  [jvm.dll+0xaf35c]  (no source info available)
V  [jvm.dll+0x37152f]  (no source info available)
V  [jvm.dll+0x33b8d5]  (no source info available)
V  [jvm.dll+0x33ad3a]  (no source info available)
V  [jvm.dll+0x21df29]  (no source info available)
V  [jvm.dll+0x21d36d]  (no source info available)
V  [jvm.dll+0x1a8ce6]  (no source info available)
V  [jvm.dll+0x22db1b]  (no source info available)
V  [jvm.dll+0x22bca6]  (no source info available)
V  [jvm.dll+0x7fb65b]  (no source info available)
V  [jvm.dll+0x7f5a5c]  (no source info available)
V  [jvm.dll+0x68d9f7]  (no source info available)
C  [ucrtbase.dll+0x37b0]  (no source info available)
C  [KERNEL32.DLL+0x2e8d7]  (no source info available)
C  [ntdll.dll+0x8c53c]  (no source info available)


---------------  P R O C E S S  ---------------

Threads class SMR info:
_java_thread_list=0x000001646d2b3880, length=77, elements={
0x0000016438127390, 0x00000164536d6980, 0x00000164536d9460, 0x00000164536e4fb0,
0x00000164536e7990, 0x00000164536e8670, 0x00000164536e8f40, 0x00000164536ebb50,
0x00000164536f4140, 0x00000164536ee470, 0x00000164536c1a10, 0x00000164538304e0,
0x0000016453830ab0, 0x00000164539b2cd0, 0x000001646eebd9c0, 0x000001646e6995a0,
0x000001646f390020, 0x000001646e3c89f0, 0x000001646f517650, 0x000001646f421390,
0x000001646f64b950, 0x000001646e91de80, 0x000001646e9201f0, 0x000001646e91f2c0,
0x000001646e91f7d0, 0x000001646e920c10, 0x000001646e91fce0, 0x000001646e91e390,
0x000001646f4509a0, 0x0000016471014010, 0x000001646e921120, 0x000001646e91e8a0,
0x0000016471014580, 0x0000016471018240, 0x0000016471015ed0, 0x0000016471017310,
0x0000016471014fa0, 0x00000164710154b0, 0x00000164710163e0, 0x00000164710159c0,
0x0000016471019b90, 0x00000164710168f0, 0x0000016471018c60, 0x0000016471019170,
0x0000016471019680, 0x000001647101a5b0, 0x0000016471016e00, 0x000001647101afd0,
0x0000016471017d30, 0x0000016471018750, 0x000001647101aac0, 0x0000016471017820,
0x0000016471401300, 0x0000016471401810, 0x00000164713ffec0, 0x00000164713fe570,
0x00000164713ff9b0, 0x0000016471400df0, 0x00000164714003d0, 0x00000164714008e0,
0x00000164713fef90, 0x00000164713fe060, 0x00000164713ff4a0, 0x00000164713fea80,
0x000001646e920700, 0x000001646e91d970, 0x000001646e91edb0, 0x000001646d68e660,
0x000001646d68eb70, 0x000001646d6913f0, 0x000001646d68f590, 0x000001646d68f080,
0x000001646d691900, 0x000001646d6909d0, 0x000001646d68faa0, 0x000001646d68ffb0,
0x000001646d68e150
}

Java Threads: ( => current thread )
  0x0000016438127390 JavaThread "main" [_thread_blocked, id=25668, stack(0x0000002499400000,0x0000002499500000)]
  0x00000164536d6980 JavaThread "Reference Handler" daemon [_thread_blocked, id=16776, stack(0x0000002499b00000,0x0000002499c00000)]
  0x00000164536d9460 JavaThread "Finalizer" daemon [_thread_blocked, id=18820, stack(0x0000002499c00000,0x0000002499d00000)]
  0x00000164536e4fb0 JavaThread "Signal Dispatcher" daemon [_thread_blocked, id=12740, stack(0x0000002499d00000,0x0000002499e00000)]
  0x00000164536e7990 JavaThread "Attach Listener" daemon [_thread_blocked, id=20500, stack(0x0000002499e00000,0x0000002499f00000)]
  0x00000164536e8670 JavaThread "Service Thread" daemon [_thread_blocked, id=30092, stack(0x0000002499f00000,0x000000249a000000)]
  0x00000164536e8f40 JavaThread "Monitor Deflation Thread" daemon [_thread_blocked, id=12992, stack(0x000000249a000000,0x000000249a100000)]
  0x00000164536ebb50 JavaThread "C2 CompilerThread0" daemon [_thread_blocked, id=15932, stack(0x000000249a100000,0x000000249a200000)]
  0x00000164536f4140 JavaThread "C1 CompilerThread0" daemon [_thread_blocked, id=13192, stack(0x000000249a200000,0x000000249a300000)]
  0x00000164536ee470 JavaThread "Sweeper thread" daemon [_thread_blocked, id=27180, stack(0x000000249a300000,0x000000249a400000)]
  0x00000164536c1a10 JavaThread "Common-Cleaner" daemon [_thread_blocked, id=21848, stack(0x000000249a400000,0x000000249a500000)]
  0x00000164538304e0 JavaThread "C1 CompilerThread1" daemon [_thread_blocked, id=25112, stack(0x000000249a500000,0x000000249a600000)]
  0x0000016453830ab0 JavaThread "C1 CompilerThread2" daemon [_thread_blocked, id=36084, stack(0x000000249a600000,0x000000249a700000)]
  0x00000164539b2cd0 JavaThread "Notification Thread" daemon [_thread_blocked, id=13628, stack(0x000000249a800000,0x000000249a900000)]
  0x000001646eebd9c0 JavaThread "C1 CompilerThread3" daemon [_thread_in_vm, id=36416, stack(0x000000249b200000,0x000000249b300000)]
  0x000001646e6995a0 JavaThread "Daemon health stats" [_thread_blocked, id=5876, stack(0x000000249ac00000,0x000000249ad00000)]
  0x000001646f390020 JavaThread "Incoming local TCP Connector on port 58289" [_thread_in_native, id=30292, stack(0x000000249b500000,0x000000249b600000)]
  0x000001646e3c89f0 JavaThread "Daemon periodic checks" [_thread_blocked, id=36556, stack(0x000000249b600000,0x000000249b700000)]
  0x000001646f517650 JavaThread "Daemon" [_thread_blocked, id=17748, stack(0x000000249b700000,0x000000249b800000)]
  0x000001646f421390 JavaThread "Handler for socket connection from /127.0.0.1:58289 to /127.0.0.1:58290" [_thread_in_native, id=22576, stack(0x000000249b800000,0x000000249b900000)]
  0x000001646f64b950 JavaThread "Cancel handler" [_thread_blocked, id=34804, stack(0x000000249b900000,0x000000249ba00000)]
  0x000001646e91de80 JavaThread "Daemon worker" [_thread_in_native, id=27344, stack(0x000000249ba00000,0x000000249bb00000)]
  0x000001646e9201f0 JavaThread "Asynchronous log dispatcher for DefaultDaemonConnection: socket connection from /127.0.0.1:58289 to /127.0.0.1:58290" [_thread_blocked, id=15480, stack(0x000000249bb00000,0x000000249bc00000)]
  0x000001646e91f2c0 JavaThread "Stdin handler" [_thread_blocked, id=12084, stack(0x000000249bc00000,0x000000249bd00000)]
  0x000001646e91f7d0 JavaThread "Daemon client event forwarder" [_thread_blocked, id=17624, stack(0x000000249bd00000,0x000000249be00000)]
  0x000001646e920c10 JavaThread "Cache worker for journal cache (C:\Users\Sanjay\.gradle\caches\journal-1)" [_thread_blocked, id=6440, stack(0x000000249a700000,0x000000249a800000)]
  0x000001646e91fce0 JavaThread "File lock request listener" [_thread_in_native, id=10700, stack(0x000000249aa00000,0x000000249ab00000)]
  0x000001646e91e390 JavaThread "Cache worker for file hash cache (C:\Users\Sanjay\.gradle\caches\9.2.1\fileHashes)" [_thread_blocked, id=28608, stack(0x000000249ab00000,0x000000249ac00000)]
  0x000001646f4509a0 JavaThread "C2 CompilerThread1" daemon [_thread_blocked, id=3608, stack(0x000000249be00000,0x000000249bf00000)]
=>0x0000016471014010 JavaThread "C2 CompilerThread2" daemon [_thread_in_native, id=28840, stack(0x000000249bf00000,0x000000249c000000)]
  0x000001646e921120 JavaThread "Cache worker for file hash cache (S:\E-Com Project\order-service\.gradle\9.2.1\fileHashes)" [_thread_blocked, id=18672, stack(0x000000249c700000,0x000000249c800000)]
  0x000001646e91e8a0 JavaThread "Cache worker for Build Output Cleanup Cache (S:\E-Com Project\order-service\.gradle\buildOutputCleanup)" [_thread_blocked, id=21492, stack(0x000000249c800000,0x000000249c900000)]
  0x0000016471014580 JavaThread "File watcher server" daemon [_thread_in_native, id=30544, stack(0x000000249c900000,0x000000249ca00000)]
  0x0000016471018240 JavaThread "File watcher consumer" daemon [_thread_blocked, id=19860, stack(0x000000249ca00000,0x000000249cb00000)]
  0x0000016471015ed0 JavaThread "jar transforms" [_thread_blocked, id=10600, stack(0x000000249cb00000,0x000000249cc00000)]
  0x0000016471017310 JavaThread "jar transforms Thread 2" [_thread_blocked, id=3908, stack(0x000000249cc00000,0x000000249cd00000)]
  0x0000016471014fa0 JavaThread "jar transforms Thread 3" [_thread_blocked, id=7204, stack(0x000000249cd00000,0x000000249ce00000)]
  0x00000164710154b0 JavaThread "jar transforms Thread 4" [_thread_blocked, id=2740, stack(0x000000249ce00000,0x000000249cf00000)]
  0x00000164710163e0 JavaThread "jar transforms Thread 5" [_thread_blocked, id=31020, stack(0x000000249cf00000,0x000000249d000000)]
  0x00000164710159c0 JavaThread "jar transforms Thread 6" [_thread_blocked, id=14672, stack(0x000000249d000000,0x000000249d100000)]
  0x0000016471019b90 JavaThread "jar transforms Thread 7" [_thread_blocked, id=11912, stack(0x000000249d100000,0x000000249d200000)]
  0x00000164710168f0 JavaThread "jar transforms Thread 8" [_thread_blocked, id=15704, stack(0x000000249d200000,0x000000249d300000)]
  0x0000016471018c60 JavaThread "jar transforms Thread 9" [_thread_blocked, id=14316, stack(0x000000249d300000,0x000000249d400000)]
  0x0000016471019170 JavaThread "jar transforms Thread 10" [_thread_blocked, id=25008, stack(0x000000249d400000,0x000000249d500000)]
  0x0000016471019680 JavaThread "jar transforms Thread 11" [_thread_blocked, id=34244, stack(0x000000249d500000,0x000000249d600000)]
  0x000001647101a5b0 JavaThread "jar transforms Thread 12" [_thread_blocked, id=3812, stack(0x000000249d600000,0x000000249d700000)]
  0x0000016471016e00 JavaThread "Cache worker for checksums cache (S:\E-Com Project\order-service\.gradle\9.2.1\checksums)" [_thread_blocked, id=20788, stack(0x000000249d700000,0x000000249d800000)]
  0x000001647101afd0 JavaThread "Cache worker for file content cache (C:\Users\Sanjay\.gradle\caches\9.2.1\fileContent)" [_thread_blocked, id=16740, stack(0x000000249d800000,0x000000249d900000)]
  0x0000016471017d30 JavaThread "Cache worker for cache directory md-supplier (C:\Users\Sanjay\.gradle\caches\9.2.1\md-supplier)" [_thread_blocked, id=600, stack(0x000000249d900000,0x000000249da00000)]
  0x0000016471018750 JavaThread "Cache worker for cache directory md-rule (C:\Users\Sanjay\.gradle\caches\9.2.1\md-rule)" [_thread_blocked, id=8972, stack(0x000000249da00000,0x000000249db00000)]
  0x000001647101aac0 JavaThread "jar transforms Thread 13" [_thread_blocked, id=6680, stack(0x000000249db00000,0x000000249dc00000)]
  0x0000016471017820 JavaThread "jar transforms Thread 14" [_thread_blocked, id=22440, stack(0x000000249dc00000,0x000000249dd00000)]
  0x0000016471401300 JavaThread "jar transforms Thread 15" [_thread_blocked, id=16680, stack(0x000000249df00000,0x000000249e000000)]
  0x0000016471401810 JavaThread "Unconstrained build operations" [_thread_blocked, id=13584, stack(0x000000249e000000,0x000000249e100000)]
  0x00000164713ffec0 JavaThread "Unconstrained build operations Thread 2" [_thread_blocked, id=25556, stack(0x000000249e100000,0x000000249e200000)]
  0x00000164713fe570 JavaThread "Unconstrained build operations Thread 3" [_thread_blocked, id=23612, stack(0x000000249e200000,0x000000249e300000)]
  0x00000164713ff9b0 JavaThread "Unconstrained build operations Thread 4" [_thread_blocked, id=2812, stack(0x000000249e300000,0x000000249e400000)]
  0x0000016471400df0 JavaThread "Unconstrained build operations Thread 5" [_thread_blocked, id=18572, stack(0x000000249e400000,0x000000249e500000)]
  0x00000164714003d0 JavaThread "Unconstrained build operations Thread 6" [_thread_blocked, id=15520, stack(0x000000249e500000,0x000000249e600000)]
  0x00000164714008e0 JavaThread "Unconstrained build operations Thread 7" [_thread_blocked, id=18484, stack(0x000000249e600000,0x000000249e700000)]
  0x00000164713fef90 JavaThread "Unconstrained build operations Thread 8" [_thread_blocked, id=18316, stack(0x000000249e700000,0x000000249e800000)]
  0x00000164713fe060 JavaThread "Unconstrained build operations Thread 9" [_thread_blocked, id=28888, stack(0x000000249e800000,0x000000249e900000)]
  0x00000164713ff4a0 JavaThread "Unconstrained build operations Thread 10" [_thread_blocked, id=7064, stack(0x000000249e900000,0x000000249ea00000)]
  0x00000164713fea80 JavaThread "jar transforms Thread 16" [_thread_blocked, id=13972, stack(0x000000249ea00000,0x000000249eb00000)]
  0x000001646e920700 JavaThread "Unconstrained build operations Thread 11" [_thread_blocked, id=27708, stack(0x000000249eb00000,0x000000249ec00000)]
  0x000001646e91d970 JavaThread "Unconstrained build operations Thread 12" [_thread_blocked, id=31712, stack(0x000000249ec00000,0x000000249ed00000)]
  0x000001646e91edb0 JavaThread "Unconstrained build operations Thread 13" [_thread_blocked, id=25836, stack(0x000000249ed00000,0x000000249ee00000)]
  0x000001646d68e660 JavaThread "Unconstrained build operations Thread 14" [_thread_blocked, id=15336, stack(0x000000249ee00000,0x000000249ef00000)]
  0x000001646d68eb70 JavaThread "Unconstrained build operations Thread 15" [_thread_blocked, id=22588, stack(0x000000249ef00000,0x000000249f000000)]
  0x000001646d6913f0 JavaThread "Unconstrained build operations Thread 16" [_thread_blocked, id=36716, stack(0x000000249f000000,0x000000249f100000)]
  0x000001646d68f590 JavaThread "Unconstrained build operations Thread 17" [_thread_blocked, id=25672, stack(0x000000249f100000,0x000000249f200000)]
  0x000001646d68f080 JavaThread "Unconstrained build operations Thread 18" [_thread_blocked, id=11932, stack(0x000000249f200000,0x000000249f300000)]
  0x000001646d691900 JavaThread "Unconstrained build operations Thread 19" [_thread_blocked, id=9912, stack(0x000000249f300000,0x000000249f400000)]
  0x000001646d6909d0 JavaThread "Unconstrained build operations Thread 20" [_thread_blocked, id=32676, stack(0x000000249f400000,0x000000249f500000)]
  0x000001646d68faa0 JavaThread "Unconstrained build operations Thread 21" [_thread_blocked, id=6172, stack(0x000000249f500000,0x000000249f600000)]
  0x000001646d68ffb0 JavaThread "Unconstrained build operations Thread 22" [_thread_blocked, id=16792, stack(0x000000249f600000,0x000000249f700000)]
  0x000001646d68e150 JavaThread "Unconstrained build operations Thread 23" [_thread_blocked, id=11960, stack(0x000000249f700000,0x000000249f800000)]

Other Threads:
  0x00000164536cf980 VMThread "VM Thread" [stack: 0x0000002499a00000,0x0000002499b00000] [id=20676]
  0x000001645393a480 WatcherThread [stack: 0x000000249a900000,0x000000249aa00000] [id=34504]
  0x0000016438159770 GCTaskThread "GC Thread#0" [stack: 0x0000002499500000,0x0000002499600000] [id=11684]
  0x00000164539cd4f0 GCTaskThread "GC Thread#1" [stack: 0x000000249ad00000,0x000000249ae00000] [id=26280]
  0x000001646d4349a0 GCTaskThread "GC Thread#2" [stack: 0x000000249ae00000,0x000000249af00000] [id=26740]
  0x000001646d433320 GCTaskThread "GC Thread#3" [stack: 0x000000249af00000,0x000000249b000000] [id=8676]
  0x000001646d4335f0 GCTaskThread "GC Thread#4" [stack: 0x000000249b000000,0x000000249b100000] [id=36460]
  0x000001646d4338c0 GCTaskThread "GC Thread#5" [stack: 0x000000249b100000,0x000000249b200000] [id=20576]
  0x000001646d434c70 GCTaskThread "GC Thread#6" [stack: 0x000000249b300000,0x000000249b400000] [id=20412]
  0x000001646d433050 GCTaskThread "GC Thread#7" [stack: 0x000000249b400000,0x000000249b500000] [id=10272]
  0x0000016471040ef0 GCTaskThread "GC Thread#8" [stack: 0x000000249c000000,0x000000249c100000] [id=22540]
  0x0000016471041a30 GCTaskThread "GC Thread#9" [stack: 0x000000249c100000,0x000000249c200000] [id=9468]
  0x00000164710411c0 GCTaskThread "GC Thread#10" [stack: 0x000000249c200000,0x000000249c300000] [id=36004]
  0x000001647103e4c0 GCTaskThread "GC Thread#11" [stack: 0x000000249c300000,0x000000249c400000] [id=13660]
  0x0000016471040c20 GCTaskThread "GC Thread#12" [stack: 0x000000249c400000,0x000000249c500000] [id=17920]
  0x000001643815f5f0 ConcurrentGCThread "G1 Main Marker" [stack: 0x0000002499600000,0x0000002499700000] [id=16312]
  0x0000016438161c00 ConcurrentGCThread "G1 Conc#0" [stack: 0x0000002499700000,0x0000002499800000] [id=31584]
  0x0000016471040950 ConcurrentGCThread "G1 Conc#1" [stack: 0x000000249c500000,0x000000249c600000] [id=5516]
  0x000001647103e790 ConcurrentGCThread "G1 Conc#2" [stack: 0x000000249c600000,0x000000249c700000] [id=27300]
  0x00000164381ddff0 ConcurrentGCThread "G1 Refine#0" [stack: 0x0000002499800000,0x0000002499900000] [id=35612]
  0x00000164381de7e0 ConcurrentGCThread "G1 Service" [stack: 0x0000002499900000,0x0000002499a00000] [id=31688]

Threads with active compile tasks:
C1 CompilerThread0  6562 5902       3       com.google.common.collect.ImmutableSet$RegularSetBuilderImpl::review (86 bytes)
C1 CompilerThread1  6562 5901       3       com.google.common.reflect.TypeResolver::resolveType (74 bytes)
C1 CompilerThread2  6562 5903       3       com.google.common.collect.ImmutableSet$RegularSetBuilderImpl::build (110 bytes)
C2 CompilerThread2  6562 5815       4       groovy.lang.MetaClassImpl::addMetaMethodToIndex (65 bytes)

VM state: not at safepoint (normal execution)

VM Mutex/Monitor currently owned by a thread:  ([mutex/lock_event])
[0x00000164381265d0] Compile_lock - owner thread: 0x00000164536f4140
[0x0000016438125d60] MethodCompileQueue_lock - owner thread: 0x00000164536f4140

Heap address: 0x00000000e0000000, size: 512 MB, Compressed Oops mode: 32-bit

CDS archive(s) mapped at: [0x0000016454000000-0x0000016454bb0000-0x0000016454bb0000), size 12255232, SharedBaseAddress: 0x0000016454000000, ArchiveRelocationMode: 1.
Compressed class space mapped at: 0x0000016455000000-0x0000016469000000, reserved size: 335544320
Narrow klass base: 0x0000016454000000, Narrow klass shift: 0, Narrow klass range: 0x100000000

GC Precious Log:
 CPUs: 16 total, 16 available
 Memory: 16202M
 Large Page Support: Disabled
 NUMA Support: Disabled
 Compressed Oops: Enabled (32-bit)
 Heap Region Size: 1M
 Heap Min Capacity: 256M
 Heap Initial Capacity: 256M
 Heap Max Capacity: 512M
 Pre-touch: Disabled
 Parallel Workers: 13
 Concurrent Workers: 3
 Concurrent Refinement Workers: 13
 Periodic GC: Disabled

Heap:
 garbage-first heap   total 262144K, used 87123K [0x00000000e0000000, 0x0000000100000000)
  region size 1024K, 22 young (22528K), 20 survivors (20480K)
 Metaspace       used 47481K, committed 48256K, reserved 393216K
  class space    used 6826K, committed 7232K, reserved 327680K

Heap Regions: E=young(eden), S=young(survivor), O=old, HS=humongous(starts), HC=humongous(continues), CS=collection set, F=free, OA=open archive, CA=closed archive, TAMS=top-at-mark-start (previous, next)
|   0|0x00000000e0000000, 0x00000000e0100000, 0x00000000e0100000|100%|HS|  |TAMS 0x00000000e0100000, 0x00000000e0000000| Complete 
|   1|0x00000000e0100000, 0x00000000e0200000, 0x00000000e0200000|100%|HC|  |TAMS 0x00000000e0200000, 0x00000000e0100000| Complete 
|   2|0x00000000e0200000, 0x00000000e0300000, 0x00000000e0300000|100%|HC|  |TAMS 0x00000000e0300000, 0x00000000e0200000| Complete 
|   3|0x00000000e0300000, 0x00000000e0400000, 0x00000000e0400000|100%|HC|  |TAMS 0x00000000e0400000, 0x00000000e0300000| Complete 
|   4|0x00000000e0400000, 0x00000000e0500000, 0x00000000e0500000|100%| O|  |TAMS 0x00000000e0500000, 0x00000000e0400000| Untracked 
|   5|0x00000000e0500000, 0x00000000e0600000, 0x00000000e0600000|100%| O|  |TAMS 0x00000000e0600000, 0x00000000e0500000| Untracked 
|   6|0x00000000e0600000, 0x00000000e0700000, 0x00000000e0700000|100%| O|  |TAMS 0x00000000e0700000, 0x00000000e0600000| Untracked 
|   7|0x00000000e0700000, 0x00000000e0800000, 0x00000000e0800000|100%|HS|  |TAMS 0x00000000e0800000, 0x00000000e0700000| Complete 
|   8|0x00000000e0800000, 0x00000000e0900000, 0x00000000e0900000|100%|HS|  |TAMS 0x00000000e0900000, 0x00000000e0800000| Complete 
|   9|0x00000000e0900000, 0x00000000e0a00000, 0x00000000e0a00000|100%| O|  |TAMS 0x00000000e09e7c00, 0x00000000e0900000| Untracked 
|  10|0x00000000e0a00000, 0x00000000e0b00000, 0x00000000e0b00000|100%|HS|  |TAMS 0x00000000e0b00000, 0x00000000e0a00000| Complete 
|  11|0x00000000e0b00000, 0x00000000e0c00000, 0x00000000e0c00000|100%|HC|  |TAMS 0x00000000e0c00000, 0x00000000e0b00000| Complete 
|  12|0x00000000e0c00000, 0x00000000e0d00000, 0x00000000e0d00000|100%|HC|  |TAMS 0x00000000e0d00000, 0x00000000e0c00000| Complete 
|  13|0x00000000e0d00000, 0x00000000e0e00000, 0x00000000e0e00000|100%|HC|  |TAMS 0x00000000e0e00000, 0x00000000e0d00000| Complete 
|  14|0x00000000e0e00000, 0x00000000e0f00000, 0x00000000e0f00000|100%|HC|  |TAMS 0x00000000e0f00000, 0x00000000e0e00000| Complete 
|  15|0x00000000e0f00000, 0x00000000e1000000, 0x00000000e1000000|100%|HC|  |TAMS 0x00000000e1000000, 0x00000000e0f00000| Complete 
|  16|0x00000000e1000000, 0x00000000e1100000, 0x00000000e1100000|100%|HS|  |TAMS 0x00000000e1100000, 0x00000000e1000000| Complete 
|  17|0x00000000e1100000, 0x00000000e1200000, 0x00000000e1200000|100%|HC|  |TAMS 0x00000000e1200000, 0x00000000e1100000| Complete 
|  18|0x00000000e1200000, 0x00000000e1300000, 0x00000000e1300000|100%|HS|  |TAMS 0x00000000e1300000, 0x00000000e1200000| Complete 
|  19|0x00000000e1300000, 0x00000000e1400000, 0x00000000e1400000|100%|HS|  |TAMS 0x00000000e1400000, 0x00000000e1300000| Complete 
|  20|0x00000000e1400000, 0x00000000e1500000, 0x00000000e1500000|100%|HC|  |TAMS 0x00000000e1500000, 0x00000000e1400000| Complete 
|  21|0x00000000e1500000, 0x00000000e1600000, 0x00000000e1600000|100%|HC|  |TAMS 0x00000000e1600000, 0x00000000e1500000| Complete 
|  22|0x00000000e1600000, 0x00000000e1700000, 0x00000000e1700000|100%|HS|  |TAMS 0x00000000e1700000, 0x00000000e1600000| Complete 
|  23|0x00000000e1700000, 0x00000000e1800000, 0x00000000e1800000|100%|HC|  |TAMS 0x00000000e1800000, 0x00000000e1700000| Complete 
|  24|0x00000000e1800000, 0x00000000e1900000, 0x00000000e1900000|100%|HC|  |TAMS 0x00000000e1900000, 0x00000000e1800000| Complete 
|  25|0x00000000e1900000, 0x00000000e1a00000, 0x00000000e1a00000|100%|HC|  |TAMS 0x00000000e1a00000, 0x00000000e1900000| Complete 
|  26|0x00000000e1a00000, 0x00000000e1b00000, 0x00000000e1b00000|100%|HC|  |TAMS 0x00000000e1b00000, 0x00000000e1a00000| Complete 
|  27|0x00000000e1b00000, 0x00000000e1c00000, 0x00000000e1c00000|100%|HC|  |TAMS 0x00000000e1c00000, 0x00000000e1b00000| Complete 
|  28|0x00000000e1c00000, 0x00000000e1d00000, 0x00000000e1d00000|100%|HS|  |TAMS 0x00000000e1d00000, 0x00000000e1c00000| Complete 
|  29|0x00000000e1d00000, 0x00000000e1e00000, 0x00000000e1e00000|100%|HS|  |TAMS 0x00000000e1e00000, 0x00000000e1d00000| Complete 
|  30|0x00000000e1e00000, 0x00000000e1f00000, 0x00000000e1f00000|100%|HC|  |TAMS 0x00000000e1f00000, 0x00000000e1e00000| Complete 
|  31|0x00000000e1f00000, 0x00000000e2000000, 0x00000000e2000000|100%|HS|  |TAMS 0x00000000e2000000, 0x00000000e1f00000| Complete 
|  32|0x00000000e2000000, 0x00000000e2100000, 0x00000000e2100000|100%|HS|  |TAMS 0x00000000e2100000, 0x00000000e2000000| Complete 
|  33|0x00000000e2100000, 0x00000000e2200000, 0x00000000e2200000|100%|HC|  |TAMS 0x00000000e2200000, 0x00000000e2100000| Complete 
|  34|0x00000000e2200000, 0x00000000e2300000, 0x00000000e2300000|100%|HC|  |TAMS 0x00000000e2300000, 0x00000000e2200000| Complete 
|  35|0x00000000e2300000, 0x00000000e2400000, 0x00000000e2400000|100%| O|  |TAMS 0x00000000e2300000, 0x00000000e2300000| Untracked 
|  36|0x00000000e2400000, 0x00000000e2500000, 0x00000000e2500000|100%| O|  |TAMS 0x00000000e2400000, 0x00000000e2400000| Untracked 
|  37|0x00000000e2500000, 0x00000000e2600000, 0x00000000e2600000|100%| O|  |TAMS 0x00000000e2500000, 0x00000000e2500000| Untracked 
|  38|0x00000000e2600000, 0x00000000e2700000, 0x00000000e2700000|100%| O|  |TAMS 0x00000000e2600000, 0x00000000e2600000| Untracked 
|  39|0x00000000e2700000, 0x00000000e2800000, 0x00000000e2800000|100%| O|  |TAMS 0x00000000e2700000, 0x00000000e2700000| Untracked 
|  40|0x00000000e2800000, 0x00000000e2900000, 0x00000000e2900000|100%|HS|  |TAMS 0x00000000e2800000, 0x00000000e2800000| Complete 
|  41|0x00000000e2900000, 0x00000000e2a00000, 0x00000000e2a00000|100%|HC|  |TAMS 0x00000000e2900000, 0x00000000e2900000| Complete 
|  42|0x00000000e2a00000, 0x00000000e2b00000, 0x00000000e2b00000|100%|HS|  |TAMS 0x00000000e2a00000, 0x00000000e2a00000| Complete 
|  43|0x00000000e2b00000, 0x00000000e2c00000, 0x00000000e2c00000|100%|HC|  |TAMS 0x00000000e2b00000, 0x00000000e2b00000| Complete 
|  44|0x00000000e2c00000, 0x00000000e2d00000, 0x00000000e2d00000|100%|HC|  |TAMS 0x00000000e2c00000, 0x00000000e2c00000| Complete 
|  45|0x00000000e2d00000, 0x00000000e2e00000, 0x00000000e2e00000|100%|HC|  |TAMS 0x00000000e2d00000, 0x00000000e2d00000| Complete 
|  46|0x00000000e2e00000, 0x00000000e2f00000, 0x00000000e2f00000|100%|HC|  |TAMS 0x00000000e2e00000, 0x00000000e2e00000| Complete 
|  47|0x00000000e2f00000, 0x00000000e3000000, 0x00000000e3000000|100%|HC|  |TAMS 0x00000000e2f00000, 0x00000000e2f00000| Complete 
|  48|0x00000000e3000000, 0x00000000e3100000, 0x00000000e3100000|100%|HS|  |TAMS 0x00000000e3000000, 0x00000000e3000000| Complete 
|  49|0x00000000e3100000, 0x00000000e3200000, 0x00000000e3200000|100%|HS|  |TAMS 0x00000000e3100000, 0x00000000e3100000| Complete 
|  50|0x00000000e3200000, 0x00000000e3300000, 0x00000000e3300000|100%|HC|  |TAMS 0x00000000e3200000, 0x00000000e3200000| Complete 
|  51|0x00000000e3300000, 0x00000000e3400000, 0x00000000e3400000|100%|HC|  |TAMS 0x00000000e3300000, 0x00000000e3300000| Complete 
|  52|0x00000000e3400000, 0x00000000e3500000, 0x00000000e3500000|100%|HC|  |TAMS 0x00000000e3400000, 0x00000000e3400000| Complete 
|  53|0x00000000e3500000, 0x00000000e3600000, 0x00000000e3600000|100%|HC|  |TAMS 0x00000000e3500000, 0x00000000e3500000| Complete 
|  54|0x00000000e3600000, 0x00000000e3700000, 0x00000000e3700000|100%|HC|  |TAMS 0x00000000e3600000, 0x00000000e3600000| Complete 
|  55|0x00000000e3700000, 0x00000000e3800000, 0x00000000e3800000|100%|HS|  |TAMS 0x00000000e3700000, 0x00000000e3700000| Complete 
|  56|0x00000000e3800000, 0x00000000e3900000, 0x00000000e3900000|100%| O|  |TAMS 0x00000000e3800000, 0x00000000e3800000| Untracked 
|  57|0x00000000e3900000, 0x00000000e3a00000, 0x00000000e3a00000|100%| O|  |TAMS 0x00000000e3900000, 0x00000000e3900000| Untracked 
|  58|0x00000000e3a00000, 0x00000000e3b00000, 0x00000000e3b00000|100%| O|  |TAMS 0x00000000e3a00000, 0x00000000e3a00000| Untracked 
|  59|0x00000000e3b00000, 0x00000000e3c00000, 0x00000000e3c00000|100%| O|  |TAMS 0x00000000e3b00000, 0x00000000e3b00000| Untracked 
|  60|0x00000000e3c00000, 0x00000000e3d00000, 0x00000000e3d00000|100%| O|  |TAMS 0x00000000e3c00000, 0x00000000e3c00000| Untracked 
|  61|0x00000000e3d00000, 0x00000000e3e00000, 0x00000000e3e00000|100%| O|  |TAMS 0x00000000e3d00000, 0x00000000e3d00000| Untracked 
|  62|0x00000000e3e00000, 0x00000000e3f00000, 0x00000000e3f00000|100%| O|  |TAMS 0x00000000e3e00000, 0x00000000e3e00000| Untracked 
|  63|0x00000000e3f00000, 0x00000000e4000000, 0x00000000e4000000|100%| O|  |TAMS 0x00000000e3f00000, 0x00000000e3f00000| Untracked 
|  64|0x00000000e4000000, 0x00000000e407d800, 0x00000000e4100000| 49%| O|  |TAMS 0x00000000e4000000, 0x00000000e4000000| Untracked 
|  65|0x00000000e4100000, 0x00000000e4100000, 0x00000000e4200000|  0%| F|  |TAMS 0x00000000e4100000, 0x00000000e4100000| Untracked 
|  66|0x00000000e4200000, 0x00000000e4200000, 0x00000000e4300000|  0%| F|  |TAMS 0x00000000e4200000, 0x00000000e4200000| Untracked 
|  67|0x00000000e4300000, 0x00000000e4300000, 0x00000000e4400000|  0%| F|  |TAMS 0x00000000e4300000, 0x00000000e4300000| Untracked 
|  68|0x00000000e4400000, 0x00000000e4400000, 0x00000000e4500000|  0%| F|  |TAMS 0x00000000e4400000, 0x00000000e4400000| Untracked 
|  69|0x00000000e4500000, 0x00000000e4500000, 0x00000000e4600000|  0%| F|  |TAMS 0x00000000e4500000, 0x00000000e4500000| Untracked 
|  70|0x00000000e4600000, 0x00000000e4600000, 0x00000000e4700000|  0%| F|  |TAMS 0x00000000e4600000, 0x00000000e4600000| Untracked 
|  71|0x00000000e4700000, 0x00000000e4700000, 0x00000000e4800000|  0%| F|  |TAMS 0x00000000e4700000, 0x00000000e4700000| Untracked 
|  72|0x00000000e4800000, 0x00000000e4800000, 0x00000000e4900000|  0%| F|  |TAMS 0x00000000e4800000, 0x00000000e4800000| Untracked 
|  73|0x00000000e4900000, 0x00000000e4900000, 0x00000000e4a00000|  0%| F|  |TAMS 0x00000000e4900000, 0x00000000e4900000| Untracked 
|  74|0x00000000e4a00000, 0x00000000e4a00000, 0x00000000e4b00000|  0%| F|  |TAMS 0x00000000e4a00000, 0x00000000e4a00000| Untracked 
|  75|0x00000000e4b00000, 0x00000000e4b00000, 0x00000000e4c00000|  0%| F|  |TAMS 0x00000000e4b00000, 0x00000000e4b00000| Untracked 
|  76|0x00000000e4c00000, 0x00000000e4c00000, 0x00000000e4d00000|  0%| F|  |TAMS 0x00000000e4c00000, 0x00000000e4c00000| Untracked 
|  77|0x00000000e4d00000, 0x00000000e4d00000, 0x00000000e4e00000|  0%| F|  |TAMS 0x00000000e4d00000, 0x00000000e4d00000| Untracked 
|  78|0x00000000e4e00000, 0x00000000e4e00000, 0x00000000e4f00000|  0%| F|  |TAMS 0x00000000e4e00000, 0x00000000e4e00000| Untracked 
|  79|0x00000000e4f00000, 0x00000000e4f00000, 0x00000000e5000000|  0%| F|  |TAMS 0x00000000e4f00000, 0x00000000e4f00000| Untracked 
|  80|0x00000000e5000000, 0x00000000e5000000, 0x00000000e5100000|  0%| F|  |TAMS 0x00000000e5000000, 0x00000000e5000000| Untracked 
|  81|0x00000000e5100000, 0x00000000e5100000, 0x00000000e5200000|  0%| F|  |TAMS 0x00000000e5100000, 0x00000000e5100000| Untracked 
|  82|0x00000000e5200000, 0x00000000e5200000, 0x00000000e5300000|  0%| F|  |TAMS 0x00000000e5200000, 0x00000000e5200000| Untracked 
|  83|0x00000000e5300000, 0x00000000e53977a0, 0x00000000e5400000| 59%| S|CS|TAMS 0x00000000e5300000, 0x00000000e5300000| Complete 
|  84|0x00000000e5400000, 0x00000000e5500000, 0x00000000e5500000|100%| S|CS|TAMS 0x00000000e5400000, 0x00000000e5400000| Complete 
|  85|0x00000000e5500000, 0x00000000e5600000, 0x00000000e5600000|100%| S|CS|TAMS 0x00000000e5500000, 0x00000000e5500000| Complete 
|  86|0x00000000e5600000, 0x00000000e5700000, 0x00000000e5700000|100%| S|CS|TAMS 0x00000000e5600000, 0x00000000e5600000| Complete 
|  87|0x00000000e5700000, 0x00000000e5800000, 0x00000000e5800000|100%| S|CS|TAMS 0x00000000e5700000, 0x00000000e5700000| Complete 
|  88|0x00000000e5800000, 0x00000000e5900000, 0x00000000e5900000|100%| S|CS|TAMS 0x00000000e5800000, 0x00000000e5800000| Complete 
|  89|0x00000000e5900000, 0x00000000e5a00000, 0x00000000e5a00000|100%| S|CS|TAMS 0x00000000e5900000, 0x00000000e5900000| Complete 
|  90|0x00000000e5a00000, 0x00000000e5b00000, 0x00000000e5b00000|100%| S|CS|TAMS 0x00000000e5a00000, 0x00000000e5a00000| Complete 
|  91|0x00000000e5b00000, 0x00000000e5c00000, 0x00000000e5c00000|100%| S|CS|TAMS 0x00000000e5b00000, 0x00000000e5b00000| Complete 
|  92|0x00000000e5c00000, 0x00000000e5d00000, 0x00000000e5d00000|100%| S|CS|TAMS 0x00000000e5c00000, 0x00000000e5c00000| Complete 
|  93|0x00000000e5d00000, 0x00000000e5e00000, 0x00000000e5e00000|100%| S|CS|TAMS 0x00000000e5d00000, 0x00000000e5d00000| Complete 
|  94|0x00000000e5e00000, 0x00000000e5f00000, 0x00000000e5f00000|100%| S|CS|TAMS 0x00000000e5e00000, 0x00000000e5e00000| Complete 
|  95|0x00000000e5f00000, 0x00000000e6000000, 0x00000000e6000000|100%| S|CS|TAMS 0x00000000e5f00000, 0x00000000e5f00000| Complete 
|  96|0x00000000e6000000, 0x00000000e6100000, 0x00000000e6100000|100%| S|CS|TAMS 0x00000000e6000000, 0x00000000e6000000| Complete 
|  97|0x00000000e6100000, 0x00000000e6200000, 0x00000000e6200000|100%| S|CS|TAMS 0x00000000e6100000, 0x00000000e6100000| Complete 
|  98|0x00000000e6200000, 0x00000000e6300000, 0x00000000e6300000|100%| S|CS|TAMS 0x00000000e6200000, 0x00000000e6200000| Complete 
|  99|0x00000000e6300000, 0x00000000e6300000, 0x00000000e6400000|  0%| F|  |TAMS 0x00000000e6300000, 0x00000000e6300000| Untracked 
| 100|0x00000000e6400000, 0x00000000e6400000, 0x00000000e6500000|  0%| F|  |TAMS 0x00000000e6400000, 0x00000000e6400000| Untracked 
| 101|0x00000000e6500000, 0x00000000e6500000, 0x00000000e6600000|  0%| F|  |TAMS 0x00000000e6500000, 0x00000000e6500000| Untracked 
| 102|0x00000000e6600000, 0x00000000e6600000, 0x00000000e6700000|  0%| F|  |TAMS 0x00000000e6600000, 0x00000000e6600000| Untracked 
| 103|0x00000000e6700000, 0x00000000e6700000, 0x00000000e6800000|  0%| F|  |TAMS 0x00000000e6700000, 0x00000000e6700000| Untracked 
| 104|0x00000000e6800000, 0x00000000e6800000, 0x00000000e6900000|  0%| F|  |TAMS 0x00000000e6800000, 0x00000000e6800000| Untracked 
| 105|0x00000000e6900000, 0x00000000e6900000, 0x00000000e6a00000|  0%| F|  |TAMS 0x00000000e6900000, 0x00000000e6900000| Untracked 
| 106|0x00000000e6a00000, 0x00000000e6a00000, 0x00000000e6b00000|  0%| F|  |TAMS 0x00000000e6a00000, 0x00000000e6a00000| Untracked 
| 107|0x00000000e6b00000, 0x00000000e6b00000, 0x00000000e6c00000|  0%| F|  |TAMS 0x00000000e6b00000, 0x00000000e6b00000| Untracked 
| 108|0x00000000e6c00000, 0x00000000e6c00000, 0x00000000e6d00000|  0%| F|  |TAMS 0x00000000e6c00000, 0x00000000e6c00000| Untracked 
| 109|0x00000000e6d00000, 0x00000000e6d00000, 0x00000000e6e00000|  0%| F|  |TAMS 0x00000000e6d00000, 0x00000000e6d00000| Untracked 
| 110|0x00000000e6e00000, 0x00000000e6e00000, 0x00000000e6f00000|  0%| F|  |TAMS 0x00000000e6e00000, 0x00000000e6e00000| Untracked 
| 111|0x00000000e6f00000, 0x00000000e6f00000, 0x00000000e7000000|  0%| F|  |TAMS 0x00000000e6f00000, 0x00000000e6f00000| Untracked 
| 112|0x00000000e7000000, 0x00000000e7000000, 0x00000000e7100000|  0%| F|  |TAMS 0x00000000e7000000, 0x00000000e7000000| Untracked 
| 113|0x00000000e7100000, 0x00000000e7100000, 0x00000000e7200000|  0%| F|  |TAMS 0x00000000e7100000, 0x00000000e7100000| Untracked 
| 114|0x00000000e7200000, 0x00000000e7200000, 0x00000000e7300000|  0%| F|  |TAMS 0x00000000e7200000, 0x00000000e7200000| Untracked 
| 115|0x00000000e7300000, 0x00000000e7300000, 0x00000000e7400000|  0%| F|  |TAMS 0x00000000e7300000, 0x00000000e7300000| Untracked 
| 116|0x00000000e7400000, 0x00000000e7400000, 0x00000000e7500000|  0%| F|  |TAMS 0x00000000e7400000, 0x00000000e7400000| Untracked 
| 117|0x00000000e7500000, 0x00000000e7500000, 0x00000000e7600000|  0%| F|  |TAMS 0x00000000e7500000, 0x00000000e7500000| Untracked 
| 118|0x00000000e7600000, 0x00000000e7600000, 0x00000000e7700000|  0%| F|  |TAMS 0x00000000e7600000, 0x00000000e7600000| Untracked 
| 119|0x00000000e7700000, 0x00000000e7800000, 0x00000000e7800000|100%| S|CS|TAMS 0x00000000e7700000, 0x00000000e7700000| Complete 
| 120|0x00000000e7800000, 0x00000000e7900000, 0x00000000e7900000|100%| S|CS|TAMS 0x00000000e7800000, 0x00000000e7800000| Complete 
| 121|0x00000000e7900000, 0x00000000e7a00000, 0x00000000e7a00000|100%| S|CS|TAMS 0x00000000e7900000, 0x00000000e7900000| Complete 
| 122|0x00000000e7a00000, 0x00000000e7b00000, 0x00000000e7b00000|100%| S|CS|TAMS 0x00000000e7a00000, 0x00000000e7a00000| Complete 
| 123|0x00000000e7b00000, 0x00000000e7b00000, 0x00000000e7c00000|  0%| F|  |TAMS 0x00000000e7b00000, 0x00000000e7b00000| Untracked 
| 124|0x00000000e7c00000, 0x00000000e7c00000, 0x00000000e7d00000|  0%| F|  |TAMS 0x00000000e7c00000, 0x00000000e7c00000| Untracked 
| 125|0x00000000e7d00000, 0x00000000e7d00000, 0x00000000e7e00000|  0%| F|  |TAMS 0x00000000e7d00000, 0x00000000e7d00000| Untracked 
| 126|0x00000000e7e00000, 0x00000000e7e00000, 0x00000000e7f00000|  0%| F|  |TAMS 0x00000000e7e00000, 0x00000000e7e00000| Untracked 
| 127|0x00000000e7f00000, 0x00000000e7f00000, 0x00000000e8000000|  0%| F|  |TAMS 0x00000000e7f00000, 0x00000000e7f00000| Untracked 
| 128|0x00000000e8000000, 0x00000000e8000000, 0x00000000e8100000|  0%| F|  |TAMS 0x00000000e8000000, 0x00000000e8000000| Untracked 
| 129|0x00000000e8100000, 0x00000000e8100000, 0x00000000e8200000|  0%| F|  |TAMS 0x00000000e8100000, 0x00000000e8100000| Untracked 
| 130|0x00000000e8200000, 0x00000000e8200000, 0x00000000e8300000|  0%| F|  |TAMS 0x00000000e8200000, 0x00000000e8200000| Untracked 
| 131|0x00000000e8300000, 0x00000000e8300000, 0x00000000e8400000|  0%| F|  |TAMS 0x00000000e8300000, 0x00000000e8300000| Untracked 
| 132|0x00000000e8400000, 0x00000000e8400000, 0x00000000e8500000|  0%| F|  |TAMS 0x00000000e8400000, 0x00000000e8400000| Untracked 
| 133|0x00000000e8500000, 0x00000000e8500000, 0x00000000e8600000|  0%| F|  |TAMS 0x00000000e8500000, 0x00000000e8500000| Untracked 
| 134|0x00000000e8600000, 0x00000000e8600000, 0x00000000e8700000|  0%| F|  |TAMS 0x00000000e8600000, 0x00000000e8600000| Untracked 
| 135|0x00000000e8700000, 0x00000000e8700000, 0x00000000e8800000|  0%| F|  |TAMS 0x00000000e8700000, 0x00000000e8700000| Untracked 
| 136|0x00000000e8800000, 0x00000000e8800000, 0x00000000e8900000|  0%| F|  |TAMS 0x00000000e8800000, 0x00000000e8800000| Untracked 
| 137|0x00000000e8900000, 0x00000000e8900000, 0x00000000e8a00000|  0%| F|  |TAMS 0x00000000e8900000, 0x00000000e8900000| Untracked 
| 138|0x00000000e8a00000, 0x00000000e8a00000, 0x00000000e8b00000|  0%| F|  |TAMS 0x00000000e8a00000, 0x00000000e8a00000| Untracked 
| 139|0x00000000e8b00000, 0x00000000e8b00000, 0x00000000e8c00000|  0%| F|  |TAMS 0x00000000e8b00000, 0x00000000e8b00000| Untracked 
| 140|0x00000000e8c00000, 0x00000000e8c00000, 0x00000000e8d00000|  0%| F|  |TAMS 0x00000000e8c00000, 0x00000000e8c00000| Untracked 
| 141|0x00000000e8d00000, 0x00000000e8d00000, 0x00000000e8e00000|  0%| F|  |TAMS 0x00000000e8d00000, 0x00000000e8d00000| Untracked 
| 142|0x00000000e8e00000, 0x00000000e8e00000, 0x00000000e8f00000|  0%| F|  |TAMS 0x00000000e8e00000, 0x00000000e8e00000| Untracked 
| 143|0x00000000e8f00000, 0x00000000e8f00000, 0x00000000e9000000|  0%| F|  |TAMS 0x00000000e8f00000, 0x00000000e8f00000| Untracked 
| 144|0x00000000e9000000, 0x00000000e9000000, 0x00000000e9100000|  0%| F|  |TAMS 0x00000000e9000000, 0x00000000e9000000| Untracked 
| 145|0x00000000e9100000, 0x00000000e9100000, 0x00000000e9200000|  0%| F|  |TAMS 0x00000000e9100000, 0x00000000e9100000| Untracked 
| 146|0x00000000e9200000, 0x00000000e9200000, 0x00000000e9300000|  0%| F|  |TAMS 0x00000000e9200000, 0x00000000e9200000| Untracked 
| 147|0x00000000e9300000, 0x00000000e9300000, 0x00000000e9400000|  0%| F|  |TAMS 0x00000000e9300000, 0x00000000e9300000| Untracked 
| 148|0x00000000e9400000, 0x00000000e9400000, 0x00000000e9500000|  0%| F|  |TAMS 0x00000000e9400000, 0x00000000e9400000| Untracked 
| 149|0x00000000e9500000, 0x00000000e9500000, 0x00000000e9600000|  0%| F|  |TAMS 0x00000000e9500000, 0x00000000e9500000| Untracked 
| 150|0x00000000e9600000, 0x00000000e9600000, 0x00000000e9700000|  0%| F|  |TAMS 0x00000000e9600000, 0x00000000e9600000| Untracked 
| 151|0x00000000e9700000, 0x00000000e9700000, 0x00000000e9800000|  0%| F|  |TAMS 0x00000000e9700000, 0x00000000e9700000| Untracked 
| 152|0x00000000e9800000, 0x00000000e9800000, 0x00000000e9900000|  0%| F|  |TAMS 0x00000000e9800000, 0x00000000e9800000| Untracked 
| 153|0x00000000e9900000, 0x00000000e9900000, 0x00000000e9a00000|  0%| F|  |TAMS 0x00000000e9900000, 0x00000000e9900000| Untracked 
| 154|0x00000000e9a00000, 0x00000000e9a00000, 0x00000000e9b00000|  0%| F|  |TAMS 0x00000000e9a00000, 0x00000000e9a00000| Untracked 
| 155|0x00000000e9b00000, 0x00000000e9b00000, 0x00000000e9c00000|  0%| F|  |TAMS 0x00000000e9b00000, 0x00000000e9b00000| Untracked 
| 156|0x00000000e9c00000, 0x00000000e9c00000, 0x00000000e9d00000|  0%| F|  |TAMS 0x00000000e9c00000, 0x00000000e9c00000| Untracked 
| 157|0x00000000e9d00000, 0x00000000e9d00000, 0x00000000e9e00000|  0%| F|  |TAMS 0x00000000e9d00000, 0x00000000e9d00000| Untracked 
| 158|0x00000000e9e00000, 0x00000000e9e00000, 0x00000000e9f00000|  0%| F|  |TAMS 0x00000000e9e00000, 0x00000000e9e00000| Untracked 
| 159|0x00000000e9f00000, 0x00000000e9f00000, 0x00000000ea000000|  0%| F|  |TAMS 0x00000000e9f00000, 0x00000000e9f00000| Untracked 
| 160|0x00000000ea000000, 0x00000000ea000000, 0x00000000ea100000|  0%| F|  |TAMS 0x00000000ea000000, 0x00000000ea000000| Untracked 
| 161|0x00000000ea100000, 0x00000000ea100000, 0x00000000ea200000|  0%| F|  |TAMS 0x00000000ea100000, 0x00000000ea100000| Untracked 
| 162|0x00000000ea200000, 0x00000000ea200000, 0x00000000ea300000|  0%| F|  |TAMS 0x00000000ea200000, 0x00000000ea200000| Untracked 
| 163|0x00000000ea300000, 0x00000000ea300000, 0x00000000ea400000|  0%| F|  |TAMS 0x00000000ea300000, 0x00000000ea300000| Untracked 
| 164|0x00000000ea400000, 0x00000000ea400000, 0x00000000ea500000|  0%| F|  |TAMS 0x00000000ea400000, 0x00000000ea400000| Untracked 
| 165|0x00000000ea500000, 0x00000000ea500000, 0x00000000ea600000|  0%| F|  |TAMS 0x00000000ea500000, 0x00000000ea500000| Untracked 
| 166|0x00000000ea600000, 0x00000000ea600000, 0x00000000ea700000|  0%| F|  |TAMS 0x00000000ea600000, 0x00000000ea600000| Untracked 
| 167|0x00000000ea700000, 0x00000000ea700000, 0x00000000ea800000|  0%| F|  |TAMS 0x00000000ea700000, 0x00000000ea700000| Untracked 
| 168|0x00000000ea800000, 0x00000000ea800000, 0x00000000ea900000|  0%| F|  |TAMS 0x00000000ea800000, 0x00000000ea800000| Untracked 
| 169|0x00000000ea900000, 0x00000000ea900000, 0x00000000eaa00000|  0%| F|  |TAMS 0x00000000ea900000, 0x00000000ea900000| Untracked 
| 170|0x00000000eaa00000, 0x00000000eaa00000, 0x00000000eab00000|  0%| F|  |TAMS 0x00000000eaa00000, 0x00000000eaa00000| Untracked 
| 171|0x00000000eab00000, 0x00000000eab00000, 0x00000000eac00000|  0%| F|  |TAMS 0x00000000eab00000, 0x00000000eab00000| Untracked 
| 172|0x00000000eac00000, 0x00000000eac00000, 0x00000000ead00000|  0%| F|  |TAMS 0x00000000eac00000, 0x00000000eac00000| Untracked 
| 173|0x00000000ead00000, 0x00000000ead00000, 0x00000000eae00000|  0%| F|  |TAMS 0x00000000ead00000, 0x00000000ead00000| Untracked 
| 174|0x00000000eae00000, 0x00000000eae00000, 0x00000000eaf00000|  0%| F|  |TAMS 0x00000000eae00000, 0x00000000eae00000| Untracked 
| 175|0x00000000eaf00000, 0x00000000eaf00000, 0x00000000eb000000|  0%| F|  |TAMS 0x00000000eaf00000, 0x00000000eaf00000| Untracked 
| 176|0x00000000eb000000, 0x00000000eb000000, 0x00000000eb100000|  0%| F|  |TAMS 0x00000000eb000000, 0x00000000eb000000| Untracked 
| 177|0x00000000eb100000, 0x00000000eb100000, 0x00000000eb200000|  0%| F|  |TAMS 0x00000000eb100000, 0x00000000eb100000| Untracked 
| 178|0x00000000eb200000, 0x00000000eb200000, 0x00000000eb300000|  0%| F|  |TAMS 0x00000000eb200000, 0x00000000eb200000| Untracked 
| 179|0x00000000eb300000, 0x00000000eb300000, 0x00000000eb400000|  0%| F|  |TAMS 0x00000000eb300000, 0x00000000eb300000| Untracked 
| 180|0x00000000eb400000, 0x00000000eb400000, 0x00000000eb500000|  0%| F|  |TAMS 0x00000000eb400000, 0x00000000eb400000| Untracked 
| 181|0x00000000eb500000, 0x00000000eb500000, 0x00000000eb600000|  0%| F|  |TAMS 0x00000000eb500000, 0x00000000eb500000| Untracked 
| 182|0x00000000eb600000, 0x00000000eb600000, 0x00000000eb700000|  0%| F|  |TAMS 0x00000000eb600000, 0x00000000eb600000| Untracked 
| 183|0x00000000eb700000, 0x00000000eb700000, 0x00000000eb800000|  0%| F|  |TAMS 0x00000000eb700000, 0x00000000eb700000| Untracked 
| 184|0x00000000eb800000, 0x00000000eb800000, 0x00000000eb900000|  0%| F|  |TAMS 0x00000000eb800000, 0x00000000eb800000| Untracked 
| 185|0x00000000eb900000, 0x00000000eb900000, 0x00000000eba00000|  0%| F|  |TAMS 0x00000000eb900000, 0x00000000eb900000| Untracked 
| 186|0x00000000eba00000, 0x00000000eba00000, 0x00000000ebb00000|  0%| F|  |TAMS 0x00000000eba00000, 0x00000000eba00000| Untracked 
| 187|0x00000000ebb00000, 0x00000000ebb00000, 0x00000000ebc00000|  0%| F|  |TAMS 0x00000000ebb00000, 0x00000000ebb00000| Untracked 
| 188|0x00000000ebc00000, 0x00000000ebc00000, 0x00000000ebd00000|  0%| F|  |TAMS 0x00000000ebc00000, 0x00000000ebc00000| Untracked 
| 189|0x00000000ebd00000, 0x00000000ebd00000, 0x00000000ebe00000|  0%| F|  |TAMS 0x00000000ebd00000, 0x00000000ebd00000| Untracked 
| 190|0x00000000ebe00000, 0x00000000ebe00000, 0x00000000ebf00000|  0%| F|  |TAMS 0x00000000ebe00000, 0x00000000ebe00000| Untracked 
| 191|0x00000000ebf00000, 0x00000000ebf00000, 0x00000000ec000000|  0%| F|  |TAMS 0x00000000ebf00000, 0x00000000ebf00000| Untracked 
| 192|0x00000000ec000000, 0x00000000ec000000, 0x00000000ec100000|  0%| F|  |TAMS 0x00000000ec000000, 0x00000000ec000000| Untracked 
| 193|0x00000000ec100000, 0x00000000ec100000, 0x00000000ec200000|  0%| F|  |TAMS 0x00000000ec100000, 0x00000000ec100000| Untracked 
| 194|0x00000000ec200000, 0x00000000ec200000, 0x00000000ec300000|  0%| F|  |TAMS 0x00000000ec200000, 0x00000000ec200000| Untracked 
| 195|0x00000000ec300000, 0x00000000ec300000, 0x00000000ec400000|  0%| F|  |TAMS 0x00000000ec300000, 0x00000000ec300000| Untracked 
| 196|0x00000000ec400000, 0x00000000ec400000, 0x00000000ec500000|  0%| F|  |TAMS 0x00000000ec400000, 0x00000000ec400000| Untracked 
| 197|0x00000000ec500000, 0x00000000ec500000, 0x00000000ec600000|  0%| F|  |TAMS 0x00000000ec500000, 0x00000000ec500000| Untracked 
| 198|0x00000000ec600000, 0x00000000ec600000, 0x00000000ec700000|  0%| F|  |TAMS 0x00000000ec600000, 0x00000000ec600000| Untracked 
| 199|0x00000000ec700000, 0x00000000ec700000, 0x00000000ec800000|  0%| F|  |TAMS 0x00000000ec700000, 0x00000000ec700000| Untracked 
| 200|0x00000000ec800000, 0x00000000ec800000, 0x00000000ec900000|  0%| F|  |TAMS 0x00000000ec800000, 0x00000000ec800000| Untracked 
| 201|0x00000000ec900000, 0x00000000ec900000, 0x00000000eca00000|  0%| F|  |TAMS 0x00000000ec900000, 0x00000000ec900000| Untracked 
| 202|0x00000000eca00000, 0x00000000eca00000, 0x00000000ecb00000|  0%| F|  |TAMS 0x00000000eca00000, 0x00000000eca00000| Untracked 
| 203|0x00000000ecb00000, 0x00000000ecb00000, 0x00000000ecc00000|  0%| F|  |TAMS 0x00000000ecb00000, 0x00000000ecb00000| Untracked 
| 204|0x00000000ecc00000, 0x00000000ecc00000, 0x00000000ecd00000|  0%| F|  |TAMS 0x00000000ecc00000, 0x00000000ecc00000| Untracked 
| 205|0x00000000ecd00000, 0x00000000ecd00000, 0x00000000ece00000|  0%| F|  |TAMS 0x00000000ecd00000, 0x00000000ecd00000| Untracked 
| 206|0x00000000ece00000, 0x00000000ece00000, 0x00000000ecf00000|  0%| F|  |TAMS 0x00000000ece00000, 0x00000000ece00000| Untracked 
| 207|0x00000000ecf00000, 0x00000000ecf00000, 0x00000000ed000000|  0%| F|  |TAMS 0x00000000ecf00000, 0x00000000ecf00000| Untracked 
| 208|0x00000000ed000000, 0x00000000ed000000, 0x00000000ed100000|  0%| F|  |TAMS 0x00000000ed000000, 0x00000000ed000000| Untracked 
| 209|0x00000000ed100000, 0x00000000ed100000, 0x00000000ed200000|  0%| F|  |TAMS 0x00000000ed100000, 0x00000000ed100000| Untracked 
| 210|0x00000000ed200000, 0x00000000ed200000, 0x00000000ed300000|  0%| F|  |TAMS 0x00000000ed200000, 0x00000000ed200000| Untracked 
| 211|0x00000000ed300000, 0x00000000ed300000, 0x00000000ed400000|  0%| F|  |TAMS 0x00000000ed300000, 0x00000000ed300000| Untracked 
| 212|0x00000000ed400000, 0x00000000ed400000, 0x00000000ed500000|  0%| F|  |TAMS 0x00000000ed400000, 0x00000000ed400000| Untracked 
| 213|0x00000000ed500000, 0x00000000ed500000, 0x00000000ed600000|  0%| F|  |TAMS 0x00000000ed500000, 0x00000000ed500000| Untracked 
| 214|0x00000000ed600000, 0x00000000ed600000, 0x00000000ed700000|  0%| F|  |TAMS 0x00000000ed600000, 0x00000000ed600000| Untracked 
| 215|0x00000000ed700000, 0x00000000ed700000, 0x00000000ed800000|  0%| F|  |TAMS 0x00000000ed700000, 0x00000000ed700000| Untracked 
| 216|0x00000000ed800000, 0x00000000ed800000, 0x00000000ed900000|  0%| F|  |TAMS 0x00000000ed800000, 0x00000000ed800000| Untracked 
| 217|0x00000000ed900000, 0x00000000ed900000, 0x00000000eda00000|  0%| F|  |TAMS 0x00000000ed900000, 0x00000000ed900000| Untracked 
| 218|0x00000000eda00000, 0x00000000eda00000, 0x00000000edb00000|  0%| F|  |TAMS 0x00000000eda00000, 0x00000000eda00000| Untracked 
| 219|0x00000000edb00000, 0x00000000edb00000, 0x00000000edc00000|  0%| F|  |TAMS 0x00000000edb00000, 0x00000000edb00000| Untracked 
| 220|0x00000000edc00000, 0x00000000edc00000, 0x00000000edd00000|  0%| F|  |TAMS 0x00000000edc00000, 0x00000000edc00000| Untracked 
| 221|0x00000000edd00000, 0x00000000edd00000, 0x00000000ede00000|  0%| F|  |TAMS 0x00000000edd00000, 0x00000000edd00000| Untracked 
| 222|0x00000000ede00000, 0x00000000ede00000, 0x00000000edf00000|  0%| F|  |TAMS 0x00000000ede00000, 0x00000000ede00000| Untracked 
| 223|0x00000000edf00000, 0x00000000edf00000, 0x00000000ee000000|  0%| F|  |TAMS 0x00000000edf00000, 0x00000000edf00000| Untracked 
| 224|0x00000000ee000000, 0x00000000ee000000, 0x00000000ee100000|  0%| F|  |TAMS 0x00000000ee000000, 0x00000000ee000000| Untracked 
| 225|0x00000000ee100000, 0x00000000ee100000, 0x00000000ee200000|  0%| F|  |TAMS 0x00000000ee100000, 0x00000000ee100000| Untracked 
| 226|0x00000000ee200000, 0x00000000ee200000, 0x00000000ee300000|  0%| F|  |TAMS 0x00000000ee200000, 0x00000000ee200000| Untracked 
| 227|0x00000000ee300000, 0x00000000ee300000, 0x00000000ee400000|  0%| F|  |TAMS 0x00000000ee300000, 0x00000000ee300000| Untracked 
| 228|0x00000000ee400000, 0x00000000ee400000, 0x00000000ee500000|  0%| F|  |TAMS 0x00000000ee400000, 0x00000000ee400000| Untracked 
| 229|0x00000000ee500000, 0x00000000ee500000, 0x00000000ee600000|  0%| F|  |TAMS 0x00000000ee500000, 0x00000000ee500000| Untracked 
| 230|0x00000000ee600000, 0x00000000ee600000, 0x00000000ee700000|  0%| F|  |TAMS 0x00000000ee600000, 0x00000000ee600000| Untracked 
| 231|0x00000000ee700000, 0x00000000ee700000, 0x00000000ee800000|  0%| F|  |TAMS 0x00000000ee700000, 0x00000000ee700000| Untracked 
| 232|0x00000000ee800000, 0x00000000ee800000, 0x00000000ee900000|  0%| F|  |TAMS 0x00000000ee800000, 0x00000000ee800000| Untracked 
| 233|0x00000000ee900000, 0x00000000ee900000, 0x00000000eea00000|  0%| F|  |TAMS 0x00000000ee900000, 0x00000000ee900000| Untracked 
| 234|0x00000000eea00000, 0x00000000eea00000, 0x00000000eeb00000|  0%| F|  |TAMS 0x00000000eea00000, 0x00000000eea00000| Untracked 
| 235|0x00000000eeb00000, 0x00000000eeb00000, 0x00000000eec00000|  0%| F|  |TAMS 0x00000000eeb00000, 0x00000000eeb00000| Untracked 
| 236|0x00000000eec00000, 0x00000000eec00000, 0x00000000eed00000|  0%| F|  |TAMS 0x00000000eec00000, 0x00000000eec00000| Untracked 
| 237|0x00000000eed00000, 0x00000000eed00000, 0x00000000eee00000|  0%| F|  |TAMS 0x00000000eed00000, 0x00000000eed00000| Untracked 
| 238|0x00000000eee00000, 0x00000000eee00000, 0x00000000eef00000|  0%| F|  |TAMS 0x00000000eee00000, 0x00000000eee00000| Untracked 
| 239|0x00000000eef00000, 0x00000000eef00000, 0x00000000ef000000|  0%| F|  |TAMS 0x00000000eef00000, 0x00000000eef00000| Untracked 
| 240|0x00000000ef000000, 0x00000000ef000000, 0x00000000ef100000|  0%| F|  |TAMS 0x00000000ef000000, 0x00000000ef000000| Untracked 
| 241|0x00000000ef100000, 0x00000000ef100000, 0x00000000ef200000|  0%| F|  |TAMS 0x00000000ef100000, 0x00000000ef100000| Untracked 
| 242|0x00000000ef200000, 0x00000000ef200000, 0x00000000ef300000|  0%| F|  |TAMS 0x00000000ef200000, 0x00000000ef200000| Untracked 
| 243|0x00000000ef300000, 0x00000000ef300000, 0x00000000ef400000|  0%| F|  |TAMS 0x00000000ef300000, 0x00000000ef300000| Untracked 
| 244|0x00000000ef400000, 0x00000000ef400000, 0x00000000ef500000|  0%| F|  |TAMS 0x00000000ef400000, 0x00000000ef400000| Untracked 
| 245|0x00000000ef500000, 0x00000000ef500000, 0x00000000ef600000|  0%| F|  |TAMS 0x00000000ef500000, 0x00000000ef500000| Untracked 
| 246|0x00000000ef600000, 0x00000000ef600000, 0x00000000ef700000|  0%| F|  |TAMS 0x00000000ef600000, 0x00000000ef600000| Untracked 
| 247|0x00000000ef700000, 0x00000000ef700000, 0x00000000ef800000|  0%| F|  |TAMS 0x00000000ef700000, 0x00000000ef700000| Untracked 
| 248|0x00000000ef800000, 0x00000000ef800000, 0x00000000ef900000|  0%| F|  |TAMS 0x00000000ef800000, 0x00000000ef800000| Untracked 
| 249|0x00000000ef900000, 0x00000000ef900000, 0x00000000efa00000|  0%| F|  |TAMS 0x00000000ef900000, 0x00000000ef900000| Untracked 
| 250|0x00000000efa00000, 0x00000000efa00000, 0x00000000efb00000|  0%| F|  |TAMS 0x00000000efa00000, 0x00000000efa00000| Untracked 
| 251|0x00000000efb00000, 0x00000000efb00000, 0x00000000efc00000|  0%| F|  |TAMS 0x00000000efb00000, 0x00000000efb00000| Untracked 
| 252|0x00000000efc00000, 0x00000000efc00000, 0x00000000efd00000|  0%| F|  |TAMS 0x00000000efc00000, 0x00000000efc00000| Untracked 
| 253|0x00000000efd00000, 0x00000000efe00000, 0x00000000efe00000|100%| E|  |TAMS 0x00000000efd00000, 0x00000000efd00000| Complete 
| 254|0x00000000efe00000, 0x00000000eff00000, 0x00000000eff00000|100%| E|CS|TAMS 0x00000000efe00000, 0x00000000efe00000| Complete 
| 255|0x00000000eff00000, 0x00000000f0000000, 0x00000000f0000000|100%| E|CS|TAMS 0x00000000eff00000, 0x00000000eff00000| Complete 

Card table byte_map: [0x000001644f510000,0x000001644f610000] _byte_map_base: 0x000001644ee10000

Marking Bits (Prev, Next): (CMBitMap*) 0x0000016438159cb0, (CMBitMap*) 0x0000016438159cf0
 Prev Bits: [0x000001644f710000, 0x000001644ff10000)
 Next Bits: [0x000001644ff10000, 0x0000016450710000)

Polling page: 0x0000016435e90000

Metaspace:

Usage:
  Non-class:     39.74 MB used.
      Class:      6.67 MB used.
       Both:     46.41 MB used.

Virtual space:
  Non-class space:       64.00 MB reserved,      40.12 MB ( 63%) committed,  1 nodes.
      Class space:      320.00 MB reserved,       7.06 MB (  2%) committed,  1 nodes.
             Both:      384.00 MB reserved,      47.19 MB ( 12%) committed. 

Chunk freelists:
   Non-Class:  7.64 MB
       Class:  8.80 MB
        Both:  16.44 MB

MaxMetaspaceSize: 384.00 MB
CompressedClassSpaceSize: 320.00 MB
Initial GC threshold: 21.00 MB
Current GC threshold: 58.69 MB
CDS: on
MetaspaceReclaimPolicy: balanced
 - commit_granule_bytes: 65536.
 - commit_granule_words: 8192.
 - virtual_space_node_default_size: 8388608.
 - enlarge_chunks_in_place: 1.
 - new_chunks_are_fully_committed: 0.
 - uncommit_free_chunks: 1.
 - use_allocation_guard: 0.
 - handle_deallocations: 1.


Internal statistics:

num_allocs_failed_limit: 6.
num_arena_births: 988.
num_arena_deaths: 0.
num_vsnodes_births: 2.
num_vsnodes_deaths: 0.
num_space_committed: 755.
num_space_uncommitted: 0.
num_chunks_returned_to_freelist: 6.
num_chunks_taken_from_freelist: 3054.
num_chunk_merges: 6.
num_chunk_splits: 1954.
num_chunks_enlarged: 1242.
num_inconsistent_stats: 0.

CodeHeap 'non-profiled nmethods': size=119168Kb used=2949Kb max_used=3205Kb free=116218Kb
 bounds [0x0000016447840000, 0x0000016447b70000, 0x000001644eca0000]
CodeHeap 'profiled nmethods': size=119104Kb used=10402Kb max_used=10402Kb free=108701Kb
 bounds [0x000001643fca0000, 0x00000164406d0000, 0x00000164470f0000]
CodeHeap 'non-nmethods': size=7488Kb used=3333Kb max_used=3418Kb free=4154Kb
 bounds [0x00000164470f0000, 0x0000016447450000, 0x0000016447840000]
 total_blobs=5888 nmethods=5172 adapters=625
 compilation: enabled
              stopped_count=0, restarted_count=0
 full_count=0

Compilation events (20 events):
Event: 6.490 Thread 0x00000164536ebb50 nmethod 5864 0x0000016447a13790 code [0x0000016447a13920, 0x0000016447a13a18]
Event: 6.490 Thread 0x00000164536ebb50 5862       4       java.lang.invoke.MethodType::checkSlotCount (33 bytes)
Event: 6.491 Thread 0x00000164536ebb50 nmethod 5862 0x0000016447a13410 code [0x0000016447a13580, 0x0000016447a135f8]
Event: 6.491 Thread 0x00000164536ebb50 5845       4       groovy.lang.MetaClassImpl::checkIfGroovyObjectMethod (64 bytes)
Event: 6.492 Thread 0x0000016453830ab0 5878       3       org.gradle.internal.reflect.PropertyAccessorType::takesSingleParameter (14 bytes)
Event: 6.492 Thread 0x000001646eebd9c0 5879       3       org.gradle.internal.reflect.PropertyAccessorType::takesNoParameter (14 bytes)
Event: 6.492 Thread 0x0000016453830ab0 nmethod 5878 0x00000164406a7e10 code [0x00000164406a7fc0, 0x00000164406a8178]
Event: 6.492 Thread 0x000001646eebd9c0 nmethod 5879 0x00000164406a8290 code [0x00000164406a8460, 0x00000164406a87c8]
Event: 6.493 Thread 0x000001646eebd9c0 5880       3       org.gradle.internal.reflect.PropertyAccessorType::of (99 bytes)
Event: 6.493 Thread 0x0000016453830ab0 5881       3       org.gradle.internal.reflect.PropertyAccessorType::isGetGetterName (23 bytes)
Event: 6.493 Thread 0x00000164536f4140 5882       3       org.gradle.internal.instantiation.generator.AbstractClassGenerator::inspectType (602 bytes)
Event: 6.493 Thread 0x00000164538304e0 5883       3       org.gradle.internal.reflect.PropertyAccessorType::isSetterName (23 bytes)
Event: 6.493 Thread 0x0000016453830ab0 nmethod 5881 0x00000164406a8910 code [0x00000164406a8ae0, 0x00000164406a8e08]
Event: 6.493 Thread 0x0000016453830ab0 5884       3       org.gradle.internal.reflect.PropertyAccessorType::isIsGetterName (23 bytes)
Event: 6.493 Thread 0x0000016453830ab0 nmethod 5884 0x00000164406a8f90 code [0x00000164406a9160, 0x00000164406a9488]
Event: 6.493 Thread 0x00000164538304e0 nmethod 5883 0x00000164406a9610 code [0x00000164406a97e0, 0x00000164406a9b08]
Event: 6.494 Thread 0x00000164536ebb50 nmethod 5845 0x00000164479c4c90 code [0x00000164479c4e40, 0x00000164479c5228]
Event: 6.494 Thread 0x00000164536ebb50 5846       4       groovy.lang.MetaClassImpl::isGenericGetMethod (44 bytes)
Event: 6.494 Thread 0x000001646eebd9c0 nmethod 5880 0x00000164406a9c90 code [0x00000164406a9fc0, 0x00000164406ab538]
Event: 6.495 Thread 0x00000164536f4140 nmethod 5882 0x00000164406abb10 code [0x00000164406ac300, 0x00000164406b1548]

GC Heap History (12 events):
Event: 0.385 GC heap before
{Heap before GC invocations=0 (full 0):
 garbage-first heap   total 262144K, used 23552K [0x00000000e0000000, 0x0000000100000000)
  region size 1024K, 23 young (23552K), 0 survivors (0K)
 Metaspace       used 879K, committed 1024K, reserved 393216K
  class space    used 63K, committed 128K, reserved 327680K
}
Event: 0.387 GC heap after
{Heap after GC invocations=1 (full 0):
 garbage-first heap   total 262144K, used 1578K [0x00000000e0000000, 0x0000000100000000)
  region size 1024K, 2 young (2048K), 2 survivors (2048K)
 Metaspace       used 879K, committed 1024K, reserved 393216K
  class space    used 63K, committed 128K, reserved 327680K
}
Event: 1.050 GC heap before
{Heap before GC invocations=1 (full 0):
 garbage-first heap   total 262144K, used 43562K [0x00000000e0000000, 0x0000000100000000)
  region size 1024K, 39 young (39936K), 2 survivors (2048K)
 Metaspace       used 4629K, committed 4736K, reserved 393216K
  class space    used 574K, committed 640K, reserved 327680K
}
Event: 1.052 GC heap after
{Heap after GC invocations=2 (full 0):
 garbage-first heap   total 262144K, used 11901K [0x00000000e0000000, 0x0000000100000000)
  region size 1024K, 5 young (5120K), 5 survivors (5120K)
 Metaspace       used 4629K, committed 4736K, reserved 393216K
  class space    used 574K, committed 640K, reserved 327680K
}
Event: 1.685 GC heap before
{Heap before GC invocations=2 (full 0):
 garbage-first heap   total 262144K, used 77437K [0x00000000e0000000, 0x0000000100000000)
  region size 1024K, 67 young (68608K), 5 survivors (5120K)
 Metaspace       used 7184K, committed 7424K, reserved 393216K
  class space    used 961K, committed 1088K, reserved 327680K
}
Event: 1.689 GC heap after
{Heap after GC invocations=3 (full 0):
 garbage-first heap   total 262144K, used 18335K [0x00000000e0000000, 0x0000000100000000)
  region size 1024K, 9 young (9216K), 9 survivors (9216K)
 Metaspace       used 7184K, committed 7424K, reserved 393216K
  class space    used 961K, committed 1088K, reserved 327680K
}
Event: 3.021 GC heap before
{Heap before GC invocations=3 (full 0):
 garbage-first heap   total 262144K, used 107423K [0x00000000e0000000, 0x0000000100000000)
  region size 1024K, 96 young (98304K), 9 survivors (9216K)
 Metaspace       used 21203K, committed 21504K, reserved 393216K
  class space    used 2909K, committed 3072K, reserved 327680K
}
Event: 3.027 GC heap after
{Heap after GC invocations=4 (full 0):
 garbage-first heap   total 262144K, used 23723K [0x00000000e0000000, 0x0000000100000000)
  region size 1024K, 15 young (15360K), 15 survivors (15360K)
 Metaspace       used 21203K, committed 21504K, reserved 393216K
  class space    used 2909K, committed 3072K, reserved 327680K
}
Event: 4.806 GC heap before
{Heap before GC invocations=5 (full 0):
 garbage-first heap   total 262144K, used 173227K [0x00000000e0000000, 0x0000000100000000)
  region size 1024K, 137 young (140288K), 15 survivors (15360K)
 Metaspace       used 35541K, committed 35968K, reserved 393216K
  class space    used 5015K, committed 5248K, reserved 327680K
}
Event: 4.816 GC heap after
{Heap after GC invocations=6 (full 0):
 garbage-first heap   total 262144K, used 60197K [0x00000000e0000000, 0x0000000100000000)
  region size 1024K, 20 young (20480K), 20 survivors (20480K)
 Metaspace       used 35541K, committed 35968K, reserved 393216K
  class space    used 5015K, committed 5248K, reserved 327680K
}
Event: 6.497 GC heap before
{Heap before GC invocations=7 (full 0):
 garbage-first heap   total 262144K, used 212773K [0x00000000e0000000, 0x0000000100000000)
  region size 1024K, 153 young (156672K), 20 survivors (20480K)
 Metaspace       used 47279K, committed 48064K, reserved 393216K
  class space    used 6773K, committed 7168K, reserved 327680K
}
Event: 6.508 GC heap after
{Heap after GC invocations=8 (full 0):
 garbage-first heap   total 262144K, used 86099K [0x00000000e0000000, 0x0000000100000000)
  region size 1024K, 20 young (20480K), 20 survivors (20480K)
 Metaspace       used 47279K, committed 48064K, reserved 393216K
  class space    used 6773K, committed 7168K, reserved 327680K
}

Dll operation events (15 events):
Event: 0.008 Loaded shared library C:\Users\Sanjay\.jdks\ms-17.0.17\bin\java.dll
Event: 0.022 Loaded shared library C:\Users\Sanjay\.jdks\ms-17.0.17\bin\jsvml.dll
Event: 0.065 Loaded shared library C:\Users\Sanjay\.jdks\ms-17.0.17\bin\zip.dll
Event: 0.067 Loaded shared library C:\Users\Sanjay\.jdks\ms-17.0.17\bin\instrument.dll
Event: 0.071 Loaded shared library C:\Users\Sanjay\.jdks\ms-17.0.17\bin\net.dll
Event: 0.073 Loaded shared library C:\Users\Sanjay\.jdks\ms-17.0.17\bin\nio.dll
Event: 0.076 Loaded shared library C:\Users\Sanjay\.jdks\ms-17.0.17\bin\zip.dll
Event: 0.371 Loaded shared library C:\Users\Sanjay\.jdks\ms-17.0.17\bin\jimage.dll
Event: 0.633 Loaded shared library C:\Users\Sanjay\.jdks\ms-17.0.17\bin\verify.dll
Event: 0.669 Loaded shared library C:\Users\Sanjay\.gradle\native\660c5614fbf4a5f2a75b1949f50a0caf5cd603558e7d8a26e50b933a0cfb79d1\windows-amd64\native-platform.dll
Event: 0.684 Loaded shared library C:\Users\Sanjay\.gradle\native\0.2.8\x86_64-windows-gnu\gradle-fileevents.dll
Event: 1.618 Loaded shared library C:\Users\Sanjay\.jdks\ms-17.0.17\bin\management.dll
Event: 1.621 Loaded shared library C:\Users\Sanjay\.jdks\ms-17.0.17\bin\management_ext.dll
Event: 1.810 Loaded shared library C:\Users\Sanjay\.jdks\ms-17.0.17\bin\extnet.dll
Event: 1.992 Loaded shared library C:\Users\Sanjay\.jdks\ms-17.0.17\bin\sunmscapi.dll

Deoptimization events (20 events):
Event: 6.292 Thread 0x000001646e91de80 DEOPT PACKING pc=0x00000164479d3b24 sp=0x000000249baf7e20
Event: 6.292 Thread 0x000001646e91de80 DEOPT UNPACKING pc=0x00000164471469a3 sp=0x000000249baf7d28 mode 2
Event: 6.310 Thread 0x000001646e91de80 DEOPT PACKING pc=0x000001643fcf9b50 sp=0x000000249baf6780
Event: 6.310 Thread 0x000001646e91de80 DEOPT UNPACKING pc=0x0000016447147143 sp=0x000000249baf5c80 mode 0
Event: 6.316 Thread 0x000001646e91de80 Uncommon trap: trap_request=0xffffff45 fr.pc=0x0000016447931da4 relative=0x0000000000000084
Event: 6.316 Thread 0x000001646e91de80 Uncommon trap: reason=unstable_if action=reinterpret pc=0x0000016447931da4 method=org.gradle.internal.serialize.graph.codecs.BindingsBuilder$producerForSubtypesOf$1.encodingForType(Ljava/lang/Class;)Lorg/gradle/internal/serialize/graph/Codec; @ 27 c2
Event: 6.316 Thread 0x000001646e91de80 DEOPT PACKING pc=0x0000016447931da4 sp=0x000000249baf7850
Event: 6.316 Thread 0x000001646e91de80 DEOPT UNPACKING pc=0x00000164471469a3 sp=0x000000249baf77d0 mode 2
Event: 6.414 Thread 0x000001646e91de80 Uncommon trap: trap_request=0xffffff45 fr.pc=0x0000016447a061e4 relative=0x00000000000014e4
Event: 6.414 Thread 0x000001646e91de80 Uncommon trap: reason=unstable_if action=reinterpret pc=0x0000016447a061e4 method=java.util.WeakHashMap.matchesKey(Ljava/util/WeakHashMap$Entry;Ljava/lang/Object;)Z @ 5 c2
Event: 6.414 Thread 0x000001646e91de80 DEOPT PACKING pc=0x0000016447a061e4 sp=0x000000249baf5bc0
Event: 6.414 Thread 0x000001646e91de80 DEOPT UNPACKING pc=0x00000164471469a3 sp=0x000000249baf5b48 mode 2
Event: 6.449 Thread 0x000001646e91de80 Uncommon trap: trap_request=0xffffffde fr.pc=0x0000016447a8ea48 relative=0x0000000000002a68
Event: 6.449 Thread 0x000001646e91de80 Uncommon trap: reason=class_check action=maybe_recompile pc=0x0000016447a8ea48 method=java.lang.ClassLoader.getDefinedPackage(Ljava/lang/String;)Ljava/lang/Package; @ 16 c2
Event: 6.449 Thread 0x000001646e91de80 DEOPT PACKING pc=0x0000016447a8ea48 sp=0x000000249baf7af0
Event: 6.449 Thread 0x000001646e91de80 DEOPT UNPACKING pc=0x00000164471469a3 sp=0x000000249baf7a88 mode 2
Event: 6.492 Thread 0x000001646e91de80 Uncommon trap: trap_request=0xffffff45 fr.pc=0x0000016447a7ae30 relative=0x00000000000002f0
Event: 6.492 Thread 0x000001646e91de80 Uncommon trap: reason=unstable_if action=reinterpret pc=0x0000016447a7ae30 method=org.gradle.internal.reflect.PropertyAccessorType.isGetGetterName(Ljava/lang/String;)Z @ 14 c2
Event: 6.492 Thread 0x000001646e91de80 DEOPT PACKING pc=0x0000016447a7ae30 sp=0x000000249baf70e0
Event: 6.492 Thread 0x000001646e91de80 DEOPT UNPACKING pc=0x00000164471469a3 sp=0x000000249baf7038 mode 2

Classes loaded (20 events):
Event: 6.381 Loading class java/lang/invoke/SerializedLambda$1
Event: 6.382 Loading class java/lang/invoke/SerializedLambda$1 done
Event: 6.394 Loading class org/xml/sax/Locator
Event: 6.395 Loading class org/xml/sax/Locator done
Event: 6.395 Loading class org/xml/sax/SAXParseException
Event: 6.395 Loading class org/xml/sax/SAXParseException done
Event: 6.396 Loading class org/xml/sax/Attributes
Event: 6.396 Loading class org/xml/sax/Attributes done
Event: 6.413 Loading class java/util/AbstractCollectionBeanInfo
Event: 6.413 Loading class java/util/AbstractCollectionBeanInfo done
Event: 6.413 Loading class java/util/AbstractCollectionBeanInfo
Event: 6.413 Loading class java/util/AbstractCollectionBeanInfo done
Event: 6.413 Loading class java/util/AbstractCollectionCustomizer
Event: 6.413 Loading class java/util/AbstractCollectionCustomizer done
Event: 6.413 Loading class java/util/AbstractCollectionCustomizer
Event: 6.413 Loading class java/util/AbstractCollectionCustomizer done
Event: 6.446 Loading class java/util/DualPivotQuicksort
Event: 6.446 Loading class java/util/DualPivotQuicksort done
Event: 6.485 Loading class java/util/function/LongUnaryOperator
Event: 6.485 Loading class java/util/function/LongUnaryOperator done

Classes unloaded (0 events):
No events

Classes redefined (0 events):
No events

Internal exceptions (20 events):
Event: 6.376 Thread 0x000001646e91de80 Exception <a 'java/lang/ClassNotFoundException'{0x00000000e848fe78}: org/gradle/internal/serialize/codecs/core/ClosureCodec$BrokenScriptCustomizer> (0x00000000e848fe78) 
thrown [s\src\hotspot\share\classfile\systemDictionary.cpp, line 256]
Event: 6.378 Thread 0x000001646e91de80 Exception <a 'java/lang/ClassNotFoundException'{0x00000000e84b9e30}: org/gradle/api/invocation/GradleBeanInfo> (0x00000000e84b9e30) 
thrown [s\src\hotspot\share\classfile\systemDictionary.cpp, line 256]
Event: 6.378 Thread 0x000001646e91de80 Exception <a 'java/lang/ClassNotFoundException'{0x00000000e84c7528}: org/gradle/api/invocation/GradleCustomizer> (0x00000000e84c7528) 
thrown [s\src\hotspot\share\classfile\systemDictionary.cpp, line 256]
Event: 6.389 Thread 0x000001646e91de80 Exception <a 'java/lang/ClassNotFoundException'{0x00000000e820a190}: org/gradle/api/internal/project/DefaultProject_DecoratedBeanInfo> (0x00000000e820a190) 
thrown [s\src\hotspot\share\classfile\systemDictionary.cpp, line 256]
Event: 6.390 Thread 0x000001646e91de80 Exception <a 'java/lang/ClassNotFoundException'{0x00000000e8216870}: org/gradle/api/internal/project/DefaultProjectBeanInfo> (0x00000000e8216870) 
thrown [s\src\hotspot\share\classfile\systemDictionary.cpp, line 256]
Event: 6.390 Thread 0x000001646e91de80 Exception <a 'java/lang/ClassNotFoundException'{0x00000000e8223088}: org/gradle/api/internal/project/DefaultProjectCustomizer> (0x00000000e8223088) 
thrown [s\src\hotspot\share\classfile\systemDictionary.cpp, line 256]
Event: 6.393 Thread 0x000001646e91de80 Exception <a 'java/lang/ClassNotFoundException'{0x00000000e82daa30}: org/gradle/api/internal/project/DefaultProject_DecoratedCustomizer> (0x00000000e82daa30) 
thrown [s\src\hotspot\share\classfile\systemDictionary.cpp, line 256]
Event: 6.406 Thread 0x000001646e91de80 Exception <a 'java/lang/ClassNotFoundException'{0x00000000e81fc548}: IdeaPluginConfiguratorBeanInfo> (0x00000000e81fc548) 
thrown [s\src\hotspot\share\classfile\systemDictionary.cpp, line 256]
Event: 6.406 Thread 0x000001646e91de80 Exception <a 'java/lang/ClassNotFoundException'{0x00000000e800a268}: IdeaPluginConfiguratorCustomizer> (0x00000000e800a268) 
thrown [s\src\hotspot\share\classfile\systemDictionary.cpp, line 256]
Event: 6.412 Thread 0x000001646e91de80 Exception <a 'java/lang/ClassNotFoundException'{0x00000000e807cde0}: org/gradle/api/internal/plugins/DefaultPluginContainerBeanInfo> (0x00000000e807cde0) 
thrown [s\src\hotspot\share\classfile\systemDictionary.cpp, line 256]
Event: 6.412 Thread 0x000001646e91de80 Exception <a 'java/lang/ClassNotFoundException'{0x00000000e8089a80}: org/gradle/api/internal/plugins/DefaultPluginCollectionBeanInfo> (0x00000000e8089a80) 
thrown [s\src\hotspot\share\classfile\systemDictionary.cpp, line 256]
Event: 6.413 Thread 0x000001646e91de80 Exception <a 'java/lang/ClassNotFoundException'{0x00000000e8096040}: org/gradle/api/internal/DefaultDomainObjectSetBeanInfo> (0x00000000e8096040) 
thrown [s\src\hotspot\share\classfile\systemDictionary.cpp, line 256]
Event: 6.413 Thread 0x000001646e91de80 Exception <a 'java/lang/ClassNotFoundException'{0x00000000e80a27e0}: org/gradle/api/internal/DefaultDomainObjectCollectionBeanInfo> (0x00000000e80a27e0) 
thrown [s\src\hotspot\share\classfile\systemDictionary.cpp, line 256]
Event: 6.413 Thread 0x000001646e91de80 Exception <a 'java/lang/ClassNotFoundException'{0x00000000e80a93b8}: java/util/AbstractCollectionBeanInfo> (0x00000000e80a93b8) 
thrown [s\src\hotspot\share\classfile\systemDictionary.cpp, line 256]
Event: 6.414 Thread 0x000001646e91de80 Exception <a 'java/lang/ClassNotFoundException'{0x00000000e80aff68}: java/util/AbstractCollectionCustomizer> (0x00000000e80aff68) 
thrown [s\src\hotspot\share\classfile\systemDictionary.cpp, line 256]
Event: 6.415 Thread 0x000001646e91de80 Exception <a 'java/lang/ClassNotFoundException'{0x00000000e80cbe48}: org/gradle/api/internal/DefaultDomainObjectCollectionCustomizer> (0x00000000e80cbe48) 
thrown [s\src\hotspot\share\classfile\systemDictionary.cpp, line 256]
Event: 6.417 Thread 0x000001646e91de80 Exception <a 'java/lang/ClassNotFoundException'{0x00000000e80ff7d0}: org/gradle/api/internal/DefaultDomainObjectSetCustomizer> (0x00000000e80ff7d0) 
thrown [s\src\hotspot\share\classfile\systemDictionary.cpp, line 256]
Event: 6.418 Thread 0x000001646e91de80 Exception <a 'java/lang/ClassNotFoundException'{0x00000000e7f25600}: org/gradle/api/internal/plugins/DefaultPluginCollectionCustomizer> (0x00000000e7f25600) 
thrown [s\src\hotspot\share\classfile\systemDictionary.cpp, line 256]
Event: 6.419 Thread 0x000001646e91de80 Exception <a 'java/lang/ClassNotFoundException'{0x00000000e7f6a5c0}: org/gradle/api/internal/plugins/DefaultPluginContainerCustomizer> (0x00000000e7f6a5c0) 
thrown [s\src\hotspot\share\classfile\systemDictionary.cpp, line 256]
Event: 6.486 Thread 0x000001646e91de80 Exception <a 'java/lang/NoSuchMethodError'{0x00000000e7b63390}: 'long java.lang.invoke.DirectMethodHandle$Holder.invokeStatic(java.lang.Object, long)'> (0x00000000e7b63390) 
thrown [s\src\hotspot\share\interpreter\linkResolver.cpp, line 759]

VM Operations (20 events):
Event: 5.184 Executing VM operation: HandshakeAllThreads
Event: 5.184 Executing VM operation: HandshakeAllThreads done
Event: 5.199 Executing VM operation: HandshakeAllThreads
Event: 5.199 Executing VM operation: HandshakeAllThreads done
Event: 5.380 Executing VM operation: HandshakeAllThreads
Event: 5.381 Executing VM operation: HandshakeAllThreads done
Event: 5.544 Executing VM operation: ICBufferFull
Event: 5.544 Executing VM operation: ICBufferFull done
Event: 5.706 Executing VM operation: ICBufferFull
Event: 5.706 Executing VM operation: ICBufferFull done
Event: 5.970 Executing VM operation: ICBufferFull
Event: 5.970 Executing VM operation: ICBufferFull done
Event: 6.253 Executing VM operation: HandshakeAllThreads
Event: 6.253 Executing VM operation: HandshakeAllThreads done
Event: 6.348 Executing VM operation: HandshakeAllThreads
Event: 6.348 Executing VM operation: HandshakeAllThreads done
Event: 6.392 Executing VM operation: ICBufferFull
Event: 6.392 Executing VM operation: ICBufferFull done
Event: 6.497 Executing VM operation: G1CollectForAllocation
Event: 6.508 Executing VM operation: G1CollectForAllocation done

Memory protections (0 events):
No events

Nmethod flushes (20 events):
Event: 5.203 Thread 0x00000164536ee470 flushing  nmethod 0x00000164403d3e90
Event: 5.203 Thread 0x00000164536ee470 flushing  nmethod 0x00000164403d5e10
Event: 5.203 Thread 0x00000164536ee470 flushing  nmethod 0x00000164403d6690
Event: 5.203 Thread 0x00000164536ee470 flushing  nmethod 0x00000164403e0110
Event: 5.203 Thread 0x00000164536ee470 flushing  nmethod 0x00000164403ef090
Event: 5.203 Thread 0x00000164536ee470 flushing  nmethod 0x0000016440478890
Event: 5.203 Thread 0x00000164536ee470 flushing  nmethod 0x0000016440495390
Event: 5.203 Thread 0x00000164536ee470 flushing  nmethod 0x0000016440495890
Event: 5.203 Thread 0x00000164536ee470 flushing  nmethod 0x0000016440496390
Event: 5.204 Thread 0x00000164536ee470 flushing  nmethod 0x00000164404a3510
Event: 5.204 Thread 0x00000164536ee470 flushing  nmethod 0x00000164404a3890
Event: 5.204 Thread 0x00000164536ee470 flushing  nmethod 0x00000164404a8210
Event: 5.204 Thread 0x00000164536ee470 flushing  nmethod 0x00000164404a8a90
Event: 5.204 Thread 0x00000164536ee470 flushing  nmethod 0x00000164404b5a90
Event: 5.204 Thread 0x00000164536ee470 flushing  nmethod 0x00000164404bfb90
Event: 5.204 Thread 0x00000164536ee470 flushing  nmethod 0x00000164404d1b10
Event: 5.204 Thread 0x00000164536ee470 flushing  nmethod 0x0000016440506910
Event: 5.204 Thread 0x00000164536ee470 flushing  nmethod 0x0000016440525e10
Event: 5.204 Thread 0x00000164536ee470 flushing  nmethod 0x0000016440531e90
Event: 5.204 Thread 0x00000164536ee470 flushing  nmethod 0x000001644059f910

Events (20 events):
Event: 5.541 Thread 0x000001646e91de80 Thread added: 0x00000164714008e0
Event: 5.541 Thread 0x000001646e91de80 Thread added: 0x00000164713fef90
Event: 5.542 Thread 0x000001646e91de80 Thread added: 0x00000164713fe060
Event: 5.542 Thread 0x000001646e91de80 Thread added: 0x00000164713ff4a0
Event: 5.605 Thread 0x000001646e91de80 Thread added: 0x00000164713fea80
Event: 5.688 Thread 0x000001646e91de80 Thread added: 0x000001646e920700
Event: 5.688 Thread 0x000001646e91de80 Thread added: 0x000001646e91d970
Event: 5.689 Thread 0x000001646e91de80 Thread added: 0x000001646e91edb0
Event: 5.689 Thread 0x000001646e91de80 Thread added: 0x000001646d68e660
Event: 5.698 Thread 0x000001646e91de80 Thread added: 0x000001646d68eb70
Event: 5.699 Thread 0x000001646e91de80 Thread added: 0x000001646d6913f0
Event: 5.699 Thread 0x000001646e91de80 Thread added: 0x000001646d68f590
Event: 5.700 Thread 0x000001646e91de80 Thread added: 0x000001646d68f080
Event: 5.700 Thread 0x000001646e91de80 Thread added: 0x000001646d691900
Event: 5.701 Thread 0x000001646e91de80 Thread added: 0x000001646d6909d0
Event: 5.701 Thread 0x000001646e91de80 Thread added: 0x000001646d68faa0
Event: 5.701 Thread 0x000001646e91de80 Thread added: 0x000001646d68ffb0
Event: 5.702 Thread 0x000001646e91de80 Thread added: 0x000001646d68e150
Event: 5.933 Thread 0x000001647066c9c0 Thread exited: 0x000001647066c9c0
Event: 6.338 Thread 0x00000164706744b0 Thread exited: 0x00000164706744b0


Dynamic libraries:
0x00007ff67fda0000 - 0x00007ff67fdae000 	C:\Users\Sanjay\.jdks\ms-17.0.17\bin\java.exe
0x00007ff944560000 - 0x00007ff9447c7000 	C:\Windows\SYSTEM32\ntdll.dll
0x00007ff943160000 - 0x00007ff943229000 	C:\Windows\System32\KERNEL32.DLL
0x00007ff941970000 - 0x00007ff941d5f000 	C:\Windows\System32\KERNELBASE.dll
0x00007ff941f10000 - 0x00007ff94205b000 	C:\Windows\System32\ucrtbase.dll
0x00007ff92e970000 - 0x00007ff92e98e000 	C:\Users\Sanjay\.jdks\ms-17.0.17\bin\VCRUNTIME140.dll
0x00007ff92f900000 - 0x00007ff92f918000 	C:\Users\Sanjay\.jdks\ms-17.0.17\bin\jli.dll
0x00007ff942dd0000 - 0x00007ff942f95000 	C:\Windows\System32\USER32.dll
0x00007ff941d70000 - 0x00007ff941d97000 	C:\Windows\System32\win32u.dll
0x00007ff928130000 - 0x00007ff9283c3000 	C:\Windows\WinSxS\amd64_microsoft.windows.common-controls_6595b64144ccf1df_6.0.26100.7309_none_3e05feeae336a044\COMCTL32.dll
0x00007ff942490000 - 0x00007ff9424bb000 	C:\Windows\System32\GDI32.dll
0x00007ff9421d0000 - 0x00007ff9422fc000 	C:\Windows\System32\gdi32full.dll
0x00007ff943230000 - 0x00007ff9432d9000 	C:\Windows\System32\msvcrt.dll
0x00007ff941da0000 - 0x00007ff941e43000 	C:\Windows\System32\msvcp_win.dll
0x00007ff943b00000 - 0x00007ff943b31000 	C:\Windows\System32\IMM32.DLL
0x00007ff93cb00000 - 0x00007ff93cb0c000 	C:\Users\Sanjay\.jdks\ms-17.0.17\bin\vcruntime140_1.dll
0x00007ff919df0000 - 0x00007ff919e79000 	C:\Users\Sanjay\.jdks\ms-17.0.17\bin\msvcp140.dll
0x00007ff8db680000 - 0x00007ff8dc2fa000 	C:\Users\Sanjay\.jdks\ms-17.0.17\bin\server\jvm.dll
0x00007ff9430a0000 - 0x00007ff943154000 	C:\Windows\System32\ADVAPI32.dll
0x00007ff943b40000 - 0x00007ff943be6000 	C:\Windows\System32\sechost.dll
0x00007ff942cb0000 - 0x00007ff942dc8000 	C:\Windows\System32\RPCRT4.dll
0x00007ff942300000 - 0x00007ff942374000 	C:\Windows\System32\WS2_32.dll
0x00007ff941510000 - 0x00007ff94156e000 	C:\Windows\SYSTEM32\POWRPROF.dll
0x00007ff93aad0000 - 0x00007ff93aadb000 	C:\Windows\SYSTEM32\VERSION.dll
0x00007ff9302c0000 - 0x00007ff9302f5000 	C:\Windows\SYSTEM32\WINMM.dll
0x00007ff9414f0000 - 0x00007ff941504000 	C:\Windows\SYSTEM32\UMPDC.dll
0x00007ff940460000 - 0x00007ff94047b000 	C:\Windows\SYSTEM32\kernel.appcore.dll
0x00007ff93ca90000 - 0x00007ff93ca9a000 	C:\Users\Sanjay\.jdks\ms-17.0.17\bin\jimage.dll
0x00007ff92b570000 - 0x00007ff92b7b2000 	C:\Windows\SYSTEM32\DBGHELP.DLL
0x00007ff9432e0000 - 0x00007ff943665000 	C:\Windows\System32\combase.dll
0x00007ff9424d0000 - 0x00007ff9425a6000 	C:\Windows\System32\OLEAUT32.dll
0x00007ff917480000 - 0x00007ff9174bc000 	C:\Windows\SYSTEM32\dbgcore.DLL
0x00007ff941830000 - 0x00007ff9418d5000 	C:\Windows\System32\bcryptPrimitives.dll
0x00007ff935d30000 - 0x00007ff935d3f000 	C:\Users\Sanjay\.jdks\ms-17.0.17\bin\instrument.dll
0x00007ff92e8e0000 - 0x00007ff92e906000 	C:\Users\Sanjay\.jdks\ms-17.0.17\bin\java.dll
0x00007ff90dab0000 - 0x00007ff90db86000 	C:\Users\Sanjay\.jdks\ms-17.0.17\bin\jsvml.dll
0x00007ff943d60000 - 0x00007ff9444b3000 	C:\Windows\System32\SHELL32.dll
0x00007ff942060000 - 0x00007ff9421ca000 	C:\Windows\System32\wintypes.dll
0x00007ff93f280000 - 0x00007ff93fade000 	C:\Windows\SYSTEM32\windows.storage.dll
0x00007ff943c60000 - 0x00007ff943d55000 	C:\Windows\System32\SHCORE.dll
0x00007ff943bf0000 - 0x00007ff943c56000 	C:\Windows\System32\shlwapi.dll
0x00007ff9415d0000 - 0x00007ff9415f9000 	C:\Windows\SYSTEM32\profapi.dll
0x00007ff92e950000 - 0x00007ff92e968000 	C:\Users\Sanjay\.jdks\ms-17.0.17\bin\zip.dll
0x00007ff92dee0000 - 0x00007ff92defb000 	C:\Users\Sanjay\.jdks\ms-17.0.17\bin\net.dll
0x00007ff9398a0000 - 0x00007ff9399c8000 	C:\Windows\SYSTEM32\WINHTTP.dll
0x00007ff9409d0000 - 0x00007ff940a3b000 	C:\Windows\system32\mswsock.dll
0x00007ff91db90000 - 0x00007ff91dba6000 	C:\Users\Sanjay\.jdks\ms-17.0.17\bin\nio.dll
0x00007ff9349d0000 - 0x00007ff9349e0000 	C:\Users\Sanjay\.jdks\ms-17.0.17\bin\verify.dll
0x00007ff92d980000 - 0x00007ff92d9a7000 	C:\Users\Sanjay\.gradle\native\660c5614fbf4a5f2a75b1949f50a0caf5cd603558e7d8a26e50b933a0cfb79d1\windows-amd64\native-platform.dll
0x00007ff91da50000 - 0x00007ff91dac7000 	C:\Users\Sanjay\.gradle\native\0.2.8\x86_64-windows-gnu\gradle-fileevents.dll
0x00007ff92f070000 - 0x00007ff92f07a000 	C:\Users\Sanjay\.jdks\ms-17.0.17\bin\management.dll
0x00007ff92e8d0000 - 0x00007ff92e8dc000 	C:\Users\Sanjay\.jdks\ms-17.0.17\bin\management_ext.dll
0x00007ff9425e0000 - 0x00007ff9425e8000 	C:\Windows\System32\PSAPI.DLL
0x00007ff93ff80000 - 0x00007ff93ffb4000 	C:\Windows\SYSTEM32\IPHLPAPI.DLL
0x00007ff943670000 - 0x00007ff94367a000 	C:\Windows\System32\NSI.dll
0x00007ff93af20000 - 0x00007ff93af3e000 	C:\Windows\SYSTEM32\dhcpcsvc6.DLL
0x00007ff93ae50000 - 0x00007ff93ae73000 	C:\Windows\SYSTEM32\dhcpcsvc.DLL
0x00007ff93ffe0000 - 0x00007ff94010c000 	C:\Windows\SYSTEM32\DNSAPI.dll
0x00007ff92e880000 - 0x00007ff92e889000 	C:\Users\Sanjay\.jdks\ms-17.0.17\bin\extnet.dll
0x00007ff940c90000 - 0x00007ff940cab000 	C:\Windows\SYSTEM32\CRYPTSP.dll
0x00007ff9403c0000 - 0x00007ff9403fa000 	C:\Windows\system32\rsaenh.dll
0x00007ff940a80000 - 0x00007ff940aab000 	C:\Windows\SYSTEM32\USERENV.dll
0x00007ff9415a0000 - 0x00007ff9415ca000 	C:\Windows\SYSTEM32\bcrypt.dll
0x00007ff940cb0000 - 0x00007ff940cbc000 	C:\Windows\SYSTEM32\CRYPTBASE.dll
0x00007ff921700000 - 0x00007ff92170e000 	C:\Users\Sanjay\.jdks\ms-17.0.17\bin\sunmscapi.dll
0x00007ff9416b0000 - 0x00007ff941827000 	C:\Windows\System32\CRYPT32.dll
0x00007ff940eb0000 - 0x00007ff940ee0000 	C:\Windows\SYSTEM32\ncrypt.dll
0x00007ff940e60000 - 0x00007ff940e9f000 	C:\Windows\SYSTEM32\NTASN1.dll
0x00007ff90b9f0000 - 0x00007ff90b9f8000 	C:\Windows\system32\wshunix.dll

dbghelp: loaded successfully - version: 4.0.5 - missing functions: none
symbol engine: initialized successfully - sym options: 0x614 - pdb path: .;C:\Users\Sanjay\.jdks\ms-17.0.17\bin;C:\Windows\SYSTEM32;C:\Windows\WinSxS\amd64_microsoft.windows.common-controls_6595b64144ccf1df_6.0.26100.7309_none_3e05feeae336a044;C:\Users\Sanjay\.jdks\ms-17.0.17\bin\server;C:\Users\Sanjay\.gradle\native\660c5614fbf4a5f2a75b1949f50a0caf5cd603558e7d8a26e50b933a0cfb79d1\windows-amd64;C:\Users\Sanjay\.gradle\native\0.2.8\x86_64-windows-gnu

VM Arguments:
jvm_args: --add-opens=java.base/java.lang=ALL-UNNAMED --add-opens=java.base/java.lang.invoke=ALL-UNNAMED --add-opens=java.base/java.util=ALL-UNNAMED --add-opens=java.prefs/java.util.prefs=ALL-UNNAMED --add-exports=jdk.compiler/com.sun.tools.javac.api=ALL-UNNAMED --add-exports=jdk.compiler/com.sun.tools.javac.util=ALL-UNNAMED --add-opens=java.base/java.util=ALL-UNNAMED --add-opens=java.prefs/java.util.prefs=ALL-UNNAMED --add-opens=java.base/java.nio.charset=ALL-UNNAMED --add-opens=java.base/java.net=ALL-UNNAMED --add-opens=java.base/java.util.concurrent=ALL-UNNAMED --add-opens=java.base/java.util.concurrent.atomic=ALL-UNNAMED --add-opens=java.xml/javax.xml.namespace=ALL-UNNAMED --add-opens=java.base/java.time=ALL-UNNAMED -XX:MaxMetaspaceSize=384m -XX:+HeapDumpOnOutOfMemoryError -Xms256m -Xmx512m -Dfile.encoding=UTF-8 -Duser.country=IN -Duser.language=en -Duser.variant -javaagent:C:\Users\Sanjay\.gradle\wrapper\dists\gradle-9.2.1-bin\2t0n5ozlw9xmuyvbp7dnzaxug\gradle-9.2.1\lib\agents\gradle-instrumentation-agent-9.2.1.jar 
java_command: org.gradle.launcher.daemon.bootstrap.GradleDaemon 9.2.1
java_class_path (initial): C:\Users\Sanjay\.gradle\wrapper\dists\gradle-9.2.1-bin\2t0n5ozlw9xmuyvbp7dnzaxug\gradle-9.2.1\lib\gradle-daemon-main-9.2.1.jar
Launcher Type: SUN_STANDARD

[Global flags]
     intx CICompilerCount                          = 12                                        {product} {ergonomic}
   size_t CompressedClassSpaceSize                 = 335544320                                 {product} {ergonomic}
     uint ConcGCThreads                            = 3                                         {product} {ergonomic}
     uint G1ConcRefinementThreads                  = 13                                        {product} {ergonomic}
   size_t G1HeapRegionSize                         = 1048576                                   {product} {ergonomic}
    uintx GCDrainStackTargetSize                   = 64                                        {product} {ergonomic}
     bool HeapDumpOnOutOfMemoryError               = true                                   {manageable} {command line}
   size_t InitialHeapSize                          = 268435456                                 {product} {command line}
   size_t MarkStackSize                            = 4194304                                   {product} {ergonomic}
   size_t MaxHeapSize                              = 536870912                                 {product} {command line}
   size_t MaxMetaspaceSize                         = 402653184                                 {product} {command line}
   size_t MaxNewSize                               = 321912832                                 {product} {ergonomic}
   size_t MinHeapDeltaBytes                        = 1048576                                   {product} {ergonomic}
   size_t MinHeapSize                              = 268435456                                 {product} {command line}
    uintx NonNMethodCodeHeapSize                   = 7602480                                {pd product} {ergonomic}
    uintx NonProfiledCodeHeapSize                  = 122027880                              {pd product} {ergonomic}
    uintx ProfiledCodeHeapSize                     = 122027880                              {pd product} {ergonomic}
    uintx ReservedCodeCacheSize                    = 251658240                              {pd product} {ergonomic}
     bool SegmentedCodeCache                       = true                                      {product} {ergonomic}
   size_t SoftMaxHeapSize                          = 536870912                              {manageable} {ergonomic}
     bool UseCompressedClassPointers               = true                           {product lp64_product} {ergonomic}
     bool UseCompressedOops                        = true                           {product lp64_product} {ergonomic}
     bool UseG1GC                                  = true                                      {product} {ergonomic}
     bool UseLargePagesIndividualAllocation        = false                                  {pd product} {ergonomic}

Logging:
Log output configuration:
 #0: stdout all=warning uptime,level,tags
 #1: stderr all=off uptime,level,tags

Environment Variables:
PATH=C:\Program Files\Common Files\Oracle\Java\javapath;C:\Windows\system32;C:\Windows;C:\Windows\System32\Wbem;C:\Windows\System32\WindowsPowerShell\v1.0\;C:\Windows\System32\OpenSSH\;C:\Program Files (x86)\NVIDIA Corporation\PhysX\Common;C:\Program Files\NVIDIA Corporation\NVIDIA NvDLISR;C:\Program Files\dotnet\;C:\Program Files\Java\jdk-24\bin;C:\Program Files\Git\cmd;C:\Users\Sanjay\AppData\Local\Microsoft\WindowsApps;C:\Users\Sanjay\AppData\Local\Programs\Microsoft VS Code\bin
USERNAME=Sanjay
OS=Windows_NT
PROCESSOR_IDENTIFIER=AMD64 Family 25 Model 68 Stepping 1, AuthenticAMD
TMP=C:\Users\Sanjay\AppData\Local\Temp
TEMP=C:\Users\Sanjay\AppData\Local\Temp



Periodic native trim disabled


---------------  S Y S T E M  ---------------

OS:
 Windows 11 , 64 bit Build 26100 (10.0.26100.7309)
OS uptime: 6 days 0:31 hours
Hyper-V role detected

CPU: total 16 (initial active 16) (16 cores per cpu, 2 threads per core) family 25 model 68 stepping 1 microcode 0xa404107, cx8, cmov, fxsr, ht, mmx, 3dnowpref, sse, sse2, sse3, ssse3, sse4a, sse4.1, sse4.2, popcnt, lzcnt, tsc, tscinvbit, avx, avx2, aes, erms, clmul, bmi1, bmi2, adx, sha, fma, vzeroupper, clflush, clflushopt, hv
Processor Information for the first 16 processors :
  Max Mhz: 3100, Current Mhz: 3100, Mhz Limit: 3100

Memory: 4k page, system-wide physical 16202M (1590M free)
TotalPageFile size 35402M (AvailPageFile size 25M)
current process WorkingSet (physical memory assigned to process): 400M, peak: 416M
current process commit charge ("private bytes"): 482M, peak: 513M

vm_info: OpenJDK 64-Bit Server VM (17.0.17+10-LTS) for windows-amd64 JRE (17.0.17+10-LTS), built on Oct 13 2025 22:19:56 by "MicrosoftCorporation" with unknown MS VC++:1944

END.
